ppo: upd 5 rew/step=0.0001 pi=0.022 v=1.337 ent=0.584 t=2s
ppo: upd 10 rew/step=-0.0001 pi=0.000 v=0.553 ent=0.573 t=4s
ppo: upd 15 rew/step=-0.0001 pi=-0.006 v=0.095 ent=0.569 t=6s
ppo: upd 20 rew/step=0.0002 pi=-0.006 v=0.056 ent=0.580 t=7s
ppo: upd 25 rew/step=-0.0010 pi=-0.005 v=0.064 ent=0.569 t=9s
ppo: upd 30 rew/step=-0.0003 pi=-0.006 v=0.021 ent=0.623 t=11s
ppo: upd 35 rew/step=-0.0002 pi=-0.005 v=0.022 ent=0.552 t=13s
ppo: upd 40 rew/step=-0.0018 pi=-0.007 v=0.026 ent=0.587 t=14s
ppo: upd 45 rew/step=0.0001 pi=-0.007 v=0.014 ent=0.611 t=16s
ppo: upd 50 rew/step=-0.0010 pi=-0.005 v=0.027 ent=0.539 t=18s
ppo: upd 55 rew/step=-0.0007 pi=-0.007 v=0.017 ent=0.574 t=19s
ppo: upd 60 rew/step=-0.0009 pi=-0.008 v=0.017 ent=0.562 t=21s
ppo: upd 65 rew/step=0.0002 pi=-0.008 v=0.010 ent=0.567 t=22s
ppo: upd 70 rew/step=-0.0000 pi=-0.005 v=0.007 ent=0.580 t=24s
ppo: upd 75 rew/step=-0.0004 pi=-0.005 v=0.025 ent=0.660 t=26s
ppo: upd 80 rew/step=-0.0016 pi=-0.008 v=0.019 ent=0.564 t=27s
ppo: upd 85 rew/step=-0.0001 pi=-0.009 v=0.009 ent=0.552 t=29s
ppo: upd 90 rew/step=-0.0000 pi=-0.008 v=0.010 ent=0.589 t=31s
ppo: upd 95 rew/step=0.0003 pi=-0.007 v=0.007 ent=0.564 t=32s
ppo: upd 100 rew/step=0.0004 pi=-0.007 v=0.013 ent=0.579 t=34s
ppo: upd 105 rew/step=-0.0001 pi=-0.008 v=0.006 ent=0.538 t=36s
ppo: upd 110 rew/step=-0.0002 pi=-0.007 v=0.007 ent=0.490 t=37s
ppo: upd 115 rew/step=-0.0007 pi=-0.008 v=0.011 ent=0.491 t=39s
ppo: upd 120 rew/step=-0.0009 pi=-0.005 v=0.009 ent=0.437 t=41s
ppo: upd 125 rew/step=0.0001 pi=-0.007 v=0.009 ent=0.488 t=42s
ppo: upd 130 rew/step=-0.0008 pi=-0.006 v=0.011 ent=0.491 t=44s
ppo: upd 135 rew/step=-0.0001 pi=-0.004 v=0.007 ent=0.394 t=46s
ppo: upd 140 rew/step=-0.0001 pi=-0.006 v=0.005 ent=0.432 t=48s
ppo: upd 145 rew/step=0.0001 pi=-0.008 v=0.005 ent=0.444 t=49s
ppo: upd 150 rew/step=0.0002 pi=-0.006 v=0.008 ent=0.484 t=51s
ppo: upd 155 rew/step=-0.0003 pi=-0.004 v=0.003 ent=0.448 t=53s
ppo: upd 160 rew/step=-0.0019 pi=-0.006 v=0.010 ent=0.441 t=54s
ppo: upd 165 rew/step=0.0002 pi=-0.008 v=0.007 ent=0.511 t=56s
ppo: upd 170 rew/step=0.0002 pi=-0.004 v=0.006 ent=0.502 t=58s
ppo: upd 175 rew/step=-0.0004 pi=-0.007 v=0.012 ent=0.530 t=59s
ppo: upd 180 rew/step=0.0000 pi=-0.008 v=0.009 ent=0.489 t=61s
ppo: upd 185 rew/step=0.0010 pi=-0.006 v=0.009 ent=0.588 t=63s
ppo: upd 190 rew/step=-0.0012 pi=-0.006 v=0.014 ent=0.534 t=65s
ppo: upd 195 rew/step=0.0015 pi=-0.010 v=0.006 ent=0.624 t=66s
ppo: upd 200 rew/step=-0.0025 pi=-0.005 v=0.018 ent=0.512 t=68s
export: wrote /home/jack/Desktop/hax/haxball-clone/training/checkpoints/ppo6.pt.eval.bin (941716 bytes), parity skipped
ppo: GATE upd 200 score=0.026 win[norm/hard/imp]=0.00/0.00/0.00 poss_hard=0.26 pass_hard=1.00
ppo: SHIPPED new best (score 0.026) -> /home/jack/Desktop/hax/haxball-clone/internal/policy/weights/neural_v1.bin
ppo: upd 205 rew/step=-0.0003 pi=-0.006 v=0.010 ent=0.531 t=90s
ppo: upd 210 rew/step=-0.0006 pi=-0.006 v=0.010 ent=0.512 t=92s
ppo: upd 215 rew/step=-0.0026 pi=-0.007 v=0.019 ent=0.537 t=93s
ppo: upd 220 rew/step=0.0011 pi=-0.006 v=0.013 ent=0.588 t=95s
ppo: upd 225 rew/step=-0.0010 pi=-0.006 v=0.012 ent=0.489 t=97s
ppo: upd 230 rew/step=-0.0001 pi=-0.007 v=0.005 ent=0.459 t=98s
ppo: upd 235 rew/step=-0.0008 pi=-0.008 v=0.011 ent=0.623 t=100s
ppo: upd 240 rew/step=-0.0024 pi=-0.007 v=0.017 ent=0.480 t=102s
ppo: upd 245 rew/step=0.0009 pi=-0.008 v=0.004 ent=0.557 t=103s
ppo: upd 250 rew/step=-0.0013 pi=-0.006 v=0.014 ent=0.522 t=105s
ppo: upd 255 rew/step=-0.0008 pi=-0.008 v=0.008 ent=0.474 t=107s
ppo: upd 260 rew/step=0.0002 pi=-0.005 v=0.005 ent=0.486 t=109s
ppo: upd 265 rew/step=-0.0005 pi=-0.007 v=0.007 ent=0.560 t=110s
ppo: upd 270 rew/step=0.0007 pi=-0.007 v=0.004 ent=0.546 t=112s
ppo: upd 275 rew/step=-0.0002 pi=-0.007 v=0.009 ent=0.524 t=114s
ppo: upd 280 rew/step=0.0004 pi=-0.005 v=0.004 ent=0.488 t=115s
ppo: upd 285 rew/step=0.0004 pi=-0.007 v=0.005 ent=0.522 t=117s
ppo: upd 290 rew/step=-0.0030 pi=-0.006 v=0.019 ent=0.515 t=119s
ppo: upd 295 rew/step=-0.0007 pi=-0.004 v=0.008 ent=0.527 t=121s
ppo: upd 300 rew/step=-0.0008 pi=-0.006 v=0.008 ent=0.494 t=122s
export: wrote /home/jack/Desktop/hax/haxball-clone/training/snapshots/snap_00300.bin (941716 bytes), parity skipped
ppo: added snapshot /home/jack/Desktop/hax/haxball-clone/training/snapshots/snap_00300.bin; league: ['rule:easy 0.54@167', 'rule:normal 0.46@388', 'rule:hard 0.40@408', 'rule:impossible 0.38@189', 'frozen:snap_00300.bin -']
ppo: upd 305 rew/step=0.0009 pi=-0.008 v=0.005 ent=0.546 t=128s
ppo: upd 310 rew/step=-0.0000 pi=-0.007 v=0.007 ent=0.582 t=138s
ppo: upd 315 rew/step=0.0004 pi=-0.006 v=0.005 ent=0.536 t=148s
ppo: upd 320 rew/step=0.0006 pi=-0.008 v=0.005 ent=0.562 t=159s
ppo: upd 325 rew/step=-0.0049 pi=-0.007 v=0.023 ent=0.559 t=168s
ppo: upd 330 rew/step=-0.0012 pi=-0.005 v=0.018 ent=0.550 t=178s
ppo: upd 335 rew/step=-0.0003 pi=-0.007 v=0.007 ent=0.521 t=189s
ppo: upd 340 rew/step=-0.0002 pi=-0.006 v=0.008 ent=0.516 t=199s
ppo: upd 345 rew/step=0.0021 pi=-0.007 v=0.004 ent=0.670 t=208s
ppo: upd 350 rew/step=0.0007 pi=-0.005 v=0.009 ent=0.502 t=218s
ppo: upd 355 rew/step=-0.0006 pi=-0.006 v=0.008 ent=0.518 t=227s
ppo: upd 360 rew/step=0.0006 pi=-0.007 v=0.005 ent=0.587 t=237s
ppo: upd 365 rew/step=-0.0002 pi=-0.006 v=0.006 ent=0.578 t=247s
ppo: upd 370 rew/step=0.0023 pi=-0.006 v=0.009 ent=0.680 t=255s
ppo: upd 375 rew/step=-0.0014 pi=-0.006 v=0.012 ent=0.513 t=266s
ppo: upd 380 rew/step=-0.0011 pi=-0.006 v=0.014 ent=0.573 t=277s
ppo: upd 385 rew/step=0.0005 pi=-0.005 v=0.005 ent=0.534 t=288s
ppo: upd 390 rew/step=-0.0002 pi=-0.006 v=0.008 ent=0.543 t=298s
ppo: upd 395 rew/step=0.0021 pi=-0.007 v=0.004 ent=0.643 t=309s
ppo: upd 400 rew/step=-0.0033 pi=-0.007 v=0.016 ent=0.460 t=319s
export: wrote /home/jack/Desktop/hax/haxball-clone/training/checkpoints/ppo6.pt.eval.bin (941716 bytes), parity skipped
ppo: GATE upd 400 score=0.105 win[norm/hard/imp]=0.00/0.12/0.00 poss_hard=0.43 pass_hard=0.00
ppo: SHIPPED new best (score 0.105) -> /home/jack/Desktop/hax/haxball-clone/internal/policy/weights/neural_v1.bin
ppo: upd 405 rew/step=0.0009 pi=-0.006 v=0.004 ent=0.524 t=350s
ppo: upd 410 rew/step=-0.0004 pi=-0.006 v=0.008 ent=0.548 t=360s
ppo: upd 415 rew/step=-0.0020 pi=-0.006 v=0.013 ent=0.564 t=369s
ppo: upd 420 rew/step=0.0022 pi=-0.006 v=0.003 ent=0.685 t=379s
ppo: upd 425 rew/step=0.0010 pi=-0.007 v=0.006 ent=0.621 t=390s
ppo: upd 430 rew/step=0.0007 pi=-0.005 v=0.003 ent=0.539 t=400s
ppo: upd 435 rew/step=0.0009 pi=-0.007 v=0.004 ent=0.589 t=410s
ppo: upd 440 rew/step=-0.0000 pi=-0.006 v=0.008 ent=0.512 t=421s
ppo: upd 445 rew/step=0.0015 pi=-0.008 v=0.004 ent=0.622 t=432s
ppo: upd 450 rew/step=0.0008 pi=-0.005 v=0.004 ent=0.491 t=444s
ppo: upd 455 rew/step=0.0005 pi=-0.004 v=0.008 ent=0.473 t=456s
ppo: upd 460 rew/step=0.0013 pi=-0.006 v=0.005 ent=0.601 t=466s
ppo: upd 465 rew/step=0.0015 pi=-0.007 v=0.003 ent=0.563 t=476s
ppo: upd 470 rew/step=0.0022 pi=-0.005 v=0.003 ent=0.595 t=487s
ppo: upd 475 rew/step=0.0008 pi=-0.005 v=0.007 ent=0.562 t=499s
ppo: upd 480 rew/step=0.0012 pi=-0.006 v=0.006 ent=0.537 t=510s
ppo: upd 485 rew/step=0.0017 pi=-0.006 v=0.004 ent=0.587 t=521s
ppo: upd 490 rew/step=-0.0003 pi=-0.004 v=0.011 ent=0.526 t=532s
ppo: upd 495 rew/step=0.0011 pi=-0.005 v=0.004 ent=0.575 t=543s
ppo: upd 500 rew/step=-0.0004 pi=-0.006 v=0.009 ent=0.559 t=553s
ppo: upd 505 rew/step=0.0019 pi=-0.006 v=0.003 ent=0.539 t=564s
ppo: upd 510 rew/step=0.0015 pi=-0.004 v=0.005 ent=0.576 t=576s
ppo: upd 515 rew/step=0.0010 pi=-0.006 v=0.004 ent=0.462 t=587s
ppo: upd 520 rew/step=0.0022 pi=-0.006 v=0.004 ent=0.651 t=596s
ppo: upd 525 rew/step=0.0012 pi=-0.004 v=0.008 ent=0.567 t=607s
ppo: upd 530 rew/step=0.0011 pi=-0.006 v=0.006 ent=0.570 t=617s
ppo: upd 535 rew/step=0.0002 pi=-0.006 v=0.007 ent=0.599 t=627s
ppo: upd 540 rew/step=0.0015 pi=-0.007 v=0.004 ent=0.624 t=638s
ppo: upd 545 rew/step=0.0021 pi=-0.006 v=0.004 ent=0.683 t=650s
ppo: upd 550 rew/step=0.0020 pi=-0.006 v=0.004 ent=0.552 t=662s
ppo: upd 555 rew/step=-0.0000 pi=-0.005 v=0.009 ent=0.582 t=671s
ppo: upd 560 rew/step=0.0006 pi=-0.005 v=0.008 ent=0.623 t=681s
ppo: upd 565 rew/step=-0.0011 pi=-0.005 v=0.014 ent=0.547 t=691s
ppo: upd 570 rew/step=0.0019 pi=-0.006 v=0.004 ent=0.656 t=702s
ppo: upd 575 rew/step=0.0009 pi=-0.005 v=0.008 ent=0.579 t=712s
ppo: upd 580 rew/step=0.0022 pi=-0.006 v=0.003 ent=0.598 t=722s
ppo: upd 585 rew/step=0.0018 pi=-0.006 v=0.005 ent=0.670 t=732s
ppo: upd 590 rew/step=-0.0013 pi=-0.003 v=0.013 ent=0.499 t=742s
ppo: upd 595 rew/step=0.0019 pi=-0.007 v=0.003 ent=0.689 t=751s
ppo: upd 600 rew/step=0.0011 pi=-0.005 v=0.012 ent=0.571 t=761s
export: wrote /home/jack/Desktop/hax/haxball-clone/training/snapshots/snap_00600.bin (941716 bytes), parity skipped
ppo: added snapshot /home/jack/Desktop/hax/haxball-clone/training/snapshots/snap_00600.bin; league: ['rule:easy 0.56@262', 'rule:normal 0.45@657', 'rule:hard 0.43@661', 'rule:impossible 0.42@280', 'frozen:snap_00300.bin 0.73@444', 'frozen:snap_00600.bin -']
export: wrote /home/jack/Desktop/hax/haxball-clone/training/checkpoints/ppo6.pt.eval.bin (941716 bytes), parity skipped
ppo: GATE upd 600 score=0.057 win[norm/hard/imp]=0.00/0.00/0.00 poss_hard=0.57 pass_hard=0.00
ppo: upd 605 rew/step=0.0024 pi=-0.006 v=0.003 ent=0.649 t=793s
ppo: upd 610 rew/step=0.0011 pi=-0.003 v=0.006 ent=0.622 t=806s
ppo: upd 615 rew/step=0.0001 pi=-0.006 v=0.008 ent=0.574 t=815s
ppo: upd 620 rew/step=0.0017 pi=-0.005 v=0.004 ent=0.688 t=826s
ppo: upd 625 rew/step=-0.0005 pi=-0.006 v=0.009 ent=0.625 t=835s
ppo: upd 630 rew/step=0.0017 pi=-0.007 v=0.003 ent=0.641 t=845s
ppo: upd 635 rew/step=0.0009 pi=-0.005 v=0.004 ent=0.639 t=855s
ppo: upd 640 rew/step=0.0016 pi=-0.006 v=0.004 ent=0.661 t=865s
ppo: upd 645 rew/step=0.0018 pi=-0.005 v=0.004 ent=0.698 t=874s
ppo: upd 650 rew/step=-0.0011 pi=-0.006 v=0.011 ent=0.624 t=883s
ppo: upd 655 rew/step=0.0019 pi=-0.006 v=0.003 ent=0.676 t=893s
ppo: upd 660 rew/step=0.0003 pi=-0.005 v=0.006 ent=0.622 t=903s
ppo: upd 665 rew/step=0.0018 pi=-0.004 v=0.006 ent=0.530 t=915s
ppo: upd 670 rew/step=0.0017 pi=-0.008 v=0.003 ent=0.707 t=926s
ppo: upd 675 rew/step=0.0005 pi=-0.006 v=0.005 ent=0.651 t=936s
ppo: upd 680 rew/step=0.0019 pi=-0.007 v=0.003 ent=0.646 t=947s
ppo: upd 685 rew/step=0.0021 pi=-0.005 v=0.003 ent=0.687 t=957s
ppo: upd 690 rew/step=0.0016 pi=-0.006 v=0.004 ent=0.644 t=967s
ppo: upd 695 rew/step=0.0012 pi=-0.005 v=0.004 ent=0.647 t=978s
ppo: upd 700 rew/step=0.0002 pi=-0.006 v=0.007 ent=0.503 t=988s
ppo: upd 705 rew/step=0.0008 pi=-0.006 v=0.003 ent=0.530 t=998s
ppo: upd 710 rew/step=0.0016 pi=-0.004 v=0.004 ent=0.633 t=1007s
ppo: upd 715 rew/step=0.0011 pi=-0.006 v=0.006 ent=0.521 t=1017s
ppo: upd 720 rew/step=0.0028 pi=-0.006 v=0.007 ent=0.657 t=1027s
ppo: upd 725 rew/step=0.0014 pi=-0.006 v=0.003 ent=0.559 t=1036s
ppo: upd 730 rew/step=0.0010 pi=-0.005 v=0.003 ent=0.544 t=1046s
ppo: upd 735 rew/step=0.0013 pi=-0.005 v=0.003 ent=0.614 t=1057s
ppo: upd 740 rew/step=0.0012 pi=-0.003 v=0.006 ent=0.601 t=1068s
ppo: upd 745 rew/step=0.0024 pi=-0.006 v=0.003 ent=0.691 t=1077s
ppo: upd 750 rew/step=0.0007 pi=-0.007 v=0.006 ent=0.527 t=1087s
ppo: upd 755 rew/step=0.0032 pi=-0.004 v=0.009 ent=0.556 t=1097s
ppo: upd 760 rew/step=0.0010 pi=-0.005 v=0.004 ent=0.596 t=1107s
ppo: upd 765 rew/step=0.0000 pi=-0.004 v=0.007 ent=0.498 t=1117s
ppo: upd 770 rew/step=0.0031 pi=-0.005 v=0.006 ent=0.615 t=1128s
ppo: upd 775 rew/step=0.0021 pi=-0.006 v=0.003 ent=0.605 t=1138s
ppo: upd 780 rew/step=0.0005 pi=-0.007 v=0.006 ent=0.560 t=1147s
ppo: upd 785 rew/step=0.0006 pi=-0.005 v=0.004 ent=0.527 t=1157s
ppo: upd 790 rew/step=0.0005 pi=-0.006 v=0.002 ent=0.444 t=1167s
ppo: upd 795 rew/step=0.0016 pi=-0.008 v=0.003 ent=0.604 t=1176s
ppo: upd 800 rew/step=0.0017 pi=-0.007 v=0.003 ent=0.533 t=1187s
export: wrote /home/jack/Desktop/hax/haxball-clone/training/checkpoints/ppo6.pt.eval.bin (941716 bytes), parity skipped
ppo: GATE upd 800 score=0.076 win[norm/hard/imp]=0.00/0.00/0.00 poss_hard=0.76 pass_hard=0.00
ppo: upd 805 rew/step=0.0007 pi=-0.006 v=0.002 ent=0.485 t=1214s
ppo: upd 810 rew/step=0.0007 pi=-0.008 v=0.003 ent=0.536 t=1224s
ppo: upd 815 rew/step=0.0013 pi=-0.006 v=0.001 ent=0.518 t=1235s
ppo: upd 820 rew/step=0.0003 pi=-0.006 v=0.003 ent=0.534 t=1246s
ppo: upd 825 rew/step=-0.0015 pi=-0.005 v=0.013 ent=0.526 t=1256s
ppo: upd 830 rew/step=-0.0002 pi=-0.004 v=0.005 ent=0.515 t=1267s
ppo: upd 835 rew/step=-0.0008 pi=-0.006 v=0.003 ent=0.540 t=1278s
ppo: upd 840 rew/step=-0.0012 pi=-0.005 v=0.010 ent=0.555 t=1289s
ppo: upd 845 rew/step=0.0004 pi=-0.005 v=0.002 ent=0.504 t=1298s
ppo: upd 850 rew/step=-0.0007 pi=-0.005 v=0.007 ent=0.602 t=1307s
ppo: upd 855 rew/step=0.0010 pi=-0.006 v=0.003 ent=0.576 t=1317s
ppo: upd 860 rew/step=-0.0009 pi=-0.008 v=0.008 ent=0.557 t=1325s
ppo: upd 865 rew/step=0.0013 pi=-0.008 v=0.003 ent=0.540 t=1335s
ppo: upd 870 rew/step=0.0003 pi=-0.007 v=0.003 ent=0.533 t=1360s
ppo: upd 875 rew/step=-0.0008 pi=-0.006 v=0.008 ent=0.603 t=1389s
ppo: upd 880 rew/step=-0.0025 pi=-0.003 v=0.012 ent=0.551 t=1412s
ppo: upd 885 rew/step=0.0007 pi=-0.005 v=0.004 ent=0.571 t=1438s
ppo: upd 890 rew/step=-0.0005 pi=-0.007 v=0.003 ent=0.501 t=1465s
ppo: upd 895 rew/step=0.0011 pi=-0.006 v=0.003 ent=0.594 t=1492s
ppo: upd 900 rew/step=-0.0000 pi=-0.004 v=0.003 ent=0.494 t=1515s
export: wrote /home/jack/Desktop/hax/haxball-clone/training/snapshots/snap_00900.bin (941716 bytes), parity skipped
ppo: added snapshot /home/jack/Desktop/hax/haxball-clone/training/snapshots/snap_00900.bin; league: ['rule:easy 0.55@375', 'rule:normal 0.45@875', 'rule:hard 0.46@916', 'rule:impossible 0.48@391', 'frozen:snap_00300.bin 0.67@757', 'frozen:snap_00600.bin 0.86@142', 'frozen:snap_00900.bin -']
ppo: upd 905 rew/step=-0.0004 pi=-0.005 v=0.005 ent=0.499 t=1546s
ppo: upd 910 rew/step=0.0009 pi=-0.005 v=0.004 ent=0.585 t=1567s
ppo: upd 915 rew/step=0.0007 pi=-0.006 v=0.003 ent=0.545 t=1578s
ppo: upd 920 rew/step=0.0004 pi=-0.005 v=0.006 ent=0.572 t=1587s
ppo: upd 925 rew/step=0.0000 pi=-0.004 v=0.003 ent=0.524 t=1597s
ppo: upd 930 rew/step=0.0006 pi=-0.006 v=0.003 ent=0.563 t=1607s
ppo: upd 935 rew/step=0.0014 pi=-0.004 v=0.004 ent=0.585 t=1617s
ppo: upd 940 rew/step=-0.0008 pi=-0.006 v=0.010 ent=0.633 t=1627s
ppo: upd 945 rew/step=0.0010 pi=-0.006 v=0.003 ent=0.609 t=1637s
ppo: upd 950 rew/step=-0.0009 pi=-0.006 v=0.008 ent=0.599 t=1648s
ppo: upd 955 rew/step=0.0005 pi=0.000 v=0.010 ent=0.552 t=1659s
ppo: upd 960 rew/step=0.0009 pi=-0.004 v=0.003 ent=0.586 t=1670s
ppo: upd 965 rew/step=0.0008 pi=-0.007 v=0.004 ent=0.575 t=1680s
ppo: upd 970 rew/step=0.0007 pi=-0.005 v=0.003 ent=0.570 t=1690s
ppo: upd 975 rew/step=0.0010 pi=-0.007 v=0.004 ent=0.536 t=1701s
ppo: upd 980 rew/step=-0.0005 pi=-0.005 v=0.007 ent=0.525 t=1712s
ppo: upd 985 rew/step=0.0006 pi=-0.006 v=0.004 ent=0.577 t=1722s
ppo: upd 990 rew/step=-0.0003 pi=-0.004 v=0.004 ent=0.506 t=1733s
