ppo: upd 5 rew/step=-0.0014 pi=-0.012 v=0.107 ent=1.413 t=2s
ppo: upd 10 rew/step=-0.0008 pi=-0.023 v=0.044 ent=1.473 t=4s
ppo: upd 15 rew/step=-0.0004 pi=-0.020 v=0.030 ent=1.415 t=6s
ppo: upd 20 rew/step=-0.0010 pi=-0.024 v=0.028 ent=1.424 t=7s
ppo: upd 25 rew/step=-0.0005 pi=-0.023 v=0.023 ent=1.260 t=9s
ppo: upd 30 rew/step=0.0009 pi=-0.021 v=0.018 ent=1.256 t=11s
ppo: upd 35 rew/step=-0.0003 pi=-0.019 v=0.012 ent=1.197 t=12s
ppo: upd 40 rew/step=-0.0009 pi=-0.020 v=0.014 ent=1.298 t=14s
ppo: upd 45 rew/step=0.0001 pi=-0.018 v=0.017 ent=1.378 t=16s
ppo: upd 50 rew/step=-0.0015 pi=-0.019 v=0.016 ent=1.347 t=17s
ppo: upd 55 rew/step=-0.0004 pi=-0.018 v=0.019 ent=1.308 t=19s
ppo: upd 60 rew/step=-0.0019 pi=-0.015 v=0.019 ent=1.411 t=21s
ppo: upd 65 rew/step=-0.0032 pi=-0.018 v=0.016 ent=1.445 t=23s
ppo: upd 70 rew/step=-0.0003 pi=-0.018 v=0.016 ent=1.417 t=24s
ppo: upd 75 rew/step=-0.0038 pi=-0.019 v=0.021 ent=1.281 t=26s
ppo: upd 80 rew/step=-0.0020 pi=-0.018 v=0.016 ent=1.341 t=28s
ppo: upd 85 rew/step=-0.0014 pi=-0.017 v=0.012 ent=1.355 t=30s
ppo: upd 90 rew/step=-0.0008 pi=-0.015 v=0.008 ent=1.346 t=31s
ppo: upd 95 rew/step=0.0007 pi=-0.017 v=0.014 ent=1.432 t=33s
ppo: upd 100 rew/step=-0.0019 pi=-0.017 v=0.021 ent=1.340 t=35s
ppo: upd 105 rew/step=-0.0031 pi=-0.018 v=0.020 ent=1.304 t=37s
ppo: upd 110 rew/step=-0.0014 pi=-0.016 v=0.010 ent=1.377 t=38s
ppo: upd 115 rew/step=0.0003 pi=-0.014 v=0.008 ent=1.341 t=40s
ppo: upd 120 rew/step=-0.0015 pi=-0.015 v=0.015 ent=1.282 t=42s
ppo: upd 125 rew/step=-0.0015 pi=-0.016 v=0.020 ent=1.165 t=44s
ppo: upd 130 rew/step=-0.0014 pi=-0.019 v=0.010 ent=1.202 t=45s
ppo: upd 135 rew/step=-0.0013 pi=-0.017 v=0.014 ent=1.218 t=47s
ppo: upd 140 rew/step=0.0013 pi=-0.013 v=0.015 ent=1.205 t=49s
ppo: upd 145 rew/step=0.0001 pi=-0.012 v=0.014 ent=1.077 t=51s
ppo: upd 150 rew/step=-0.0017 pi=-0.011 v=0.022 ent=1.000 t=53s
ppo: upd 155 rew/step=-0.0020 pi=-0.013 v=0.013 ent=1.046 t=54s
ppo: upd 160 rew/step=-0.0002 pi=-0.019 v=0.005 ent=1.068 t=56s
ppo: upd 165 rew/step=0.0025 pi=-0.009 v=0.014 ent=1.008 t=58s
ppo: upd 170 rew/step=0.0023 pi=-0.014 v=0.019 ent=0.970 t=60s
ppo: upd 175 rew/step=-0.0006 pi=-0.011 v=0.027 ent=0.985 t=61s
ppo: upd 180 rew/step=-0.0026 pi=-0.015 v=0.016 ent=1.021 t=63s
ppo: upd 185 rew/step=-0.0018 pi=-0.015 v=0.010 ent=1.006 t=65s
ppo: upd 190 rew/step=0.0019 pi=-0.010 v=0.017 ent=1.048 t=67s
ppo: upd 195 rew/step=0.0022 pi=-0.010 v=0.017 ent=0.999 t=69s
ppo: upd 200 rew/step=0.0016 pi=-0.013 v=0.022 ent=0.985 t=71s
ppo: upd 205 rew/step=-0.0020 pi=-0.013 v=0.014 ent=0.915 t=72s
ppo: upd 210 rew/step=-0.0030 pi=-0.013 v=0.013 ent=0.963 t=74s
ppo: upd 215 rew/step=0.0047 pi=-0.009 v=0.023 ent=0.945 t=76s
ppo: upd 220 rew/step=0.0006 pi=-0.012 v=0.015 ent=0.907 t=78s
ppo: upd 225 rew/step=0.0000 pi=-0.013 v=0.025 ent=0.837 t=80s
ppo: upd 230 rew/step=-0.0004 pi=-0.015 v=0.015 ent=0.943 t=81s
ppo: upd 235 rew/step=0.0003 pi=-0.011 v=0.006 ent=0.981 t=83s
ppo: upd 240 rew/step=-0.0004 pi=-0.013 v=0.014 ent=0.914 t=85s
ppo: upd 245 rew/step=0.0007 pi=-0.011 v=0.009 ent=0.843 t=87s
ppo: upd 250 rew/step=-0.0023 pi=-0.012 v=0.019 ent=0.857 t=89s
export: wrote /home/jack/Desktop/hax/haxball-clone/training/snapshots/snap_00250.bin (941716 bytes), parity skipped
ppo: added snapshot /home/jack/Desktop/hax/haxball-clone/training/snapshots/snap_00250.bin; league: ['rule:easy 0.64@567', 'rule:normal 0.54@632', 'rule:hard 0.41@526', 'rule:impossible 0.39@515', 'frozen:snap_00250.bin -']
export: wrote /home/jack/Desktop/hax/haxball-clone/training/checkpoints/ppo.pt.eval.bin (941716 bytes), parity skipped
ppo: GATE upd 250 score=0.082 win[norm/hard/imp]=0.38/0.00/0.00 poss_hard=0.63 pass_hard=0.18
ppo: SHIPPED new best (score 0.082) -> /home/jack/Desktop/hax/haxball-clone/internal/policy/weights/neural_v1.bin
ppo: upd 255 rew/step=-0.0010 pi=-0.012 v=0.014 ent=0.883 t=105s
ppo: upd 260 rew/step=0.0003 pi=-0.011 v=0.008 ent=0.850 t=111s
ppo: upd 265 rew/step=0.0014 pi=-0.010 v=0.014 ent=0.871 t=117s
ppo: upd 270 rew/step=0.0007 pi=-0.012 v=0.021 ent=0.850 t=124s
ppo: upd 275 rew/step=0.0017 pi=-0.012 v=0.016 ent=0.776 t=130s
ppo: upd 280 rew/step=-0.0003 pi=-0.013 v=0.008 ent=0.907 t=136s
ppo: upd 285 rew/step=-0.0003 pi=-0.013 v=0.009 ent=0.888 t=141s
ppo: upd 290 rew/step=0.0024 pi=-0.009 v=0.015 ent=0.970 t=146s
ppo: upd 295 rew/step=-0.0011 pi=-0.012 v=0.015 ent=0.915 t=151s
ppo: upd 300 rew/step=-0.0006 pi=-0.013 v=0.017 ent=0.865 t=157s
ppo: upd 305 rew/step=-0.0003 pi=-0.016 v=0.017 ent=0.928 t=162s
ppo: upd 310 rew/step=-0.0008 pi=-0.013 v=0.005 ent=0.970 t=168s
ppo: upd 315 rew/step=-0.0003 pi=-0.012 v=0.009 ent=0.923 t=173s
ppo: upd 320 rew/step=0.0006 pi=-0.015 v=0.017 ent=0.814 t=178s
ppo: upd 325 rew/step=0.0007 pi=-0.013 v=0.016 ent=0.815 t=184s
ppo: upd 330 rew/step=-0.0020 pi=-0.018 v=0.012 ent=0.883 t=190s
ppo: upd 335 rew/step=-0.0013 pi=-0.016 v=0.008 ent=0.953 t=196s
ppo: upd 340 rew/step=-0.0008 pi=-0.013 v=0.014 ent=0.884 t=202s
ppo: upd 345 rew/step=0.0017 pi=-0.012 v=0.013 ent=0.862 t=208s
ppo: upd 350 rew/step=-0.0011 pi=-0.011 v=0.018 ent=0.855 t=215s
ppo: upd 355 rew/step=-0.0012 pi=-0.014 v=0.012 ent=0.943 t=221s
ppo: upd 360 rew/step=0.0004 pi=-0.010 v=0.006 ent=0.925 t=227s
ppo: upd 365 rew/step=-0.0004 pi=-0.012 v=0.013 ent=0.916 t=232s
ppo: upd 370 rew/step=-0.0016 pi=-0.013 v=0.013 ent=0.813 t=237s
ppo: upd 375 rew/step=-0.0000 pi=-0.010 v=0.014 ent=0.839 t=243s
ppo: upd 380 rew/step=-0.0019 pi=-0.014 v=0.011 ent=0.927 t=250s
ppo: upd 385 rew/step=-0.0014 pi=-0.014 v=0.012 ent=0.896 t=256s
ppo: upd 390 rew/step=-0.0003 pi=-0.014 v=0.005 ent=0.886 t=261s
ppo: upd 395 rew/step=0.0006 pi=-0.011 v=0.014 ent=0.883 t=267s
ppo: upd 400 rew/step=-0.0032 pi=-0.011 v=0.024 ent=0.933 t=274s
ppo: upd 405 rew/step=-0.0009 pi=-0.015 v=0.010 ent=0.984 t=278s
ppo: upd 410 rew/step=-0.0004 pi=-0.014 v=0.006 ent=1.019 t=285s
ppo: upd 415 rew/step=-0.0009 pi=-0.016 v=0.009 ent=0.948 t=290s
ppo: upd 420 rew/step=-0.0003 pi=-0.015 v=0.012 ent=1.003 t=296s
ppo: upd 425 rew/step=-0.0021 pi=-0.015 v=0.012 ent=0.922 t=302s
ppo: upd 430 rew/step=-0.0004 pi=-0.013 v=0.015 ent=0.916 t=308s
ppo: upd 435 rew/step=-0.0002 pi=-0.014 v=0.007 ent=0.981 t=314s
ppo: upd 440 rew/step=-0.0004 pi=-0.013 v=0.013 ent=0.968 t=320s
ppo: upd 445 rew/step=0.0007 pi=-0.014 v=0.016 ent=0.882 t=326s
ppo: upd 450 rew/step=0.0012 pi=-0.012 v=0.011 ent=0.777 t=332s
ppo: upd 455 rew/step=-0.0018 pi=-0.016 v=0.013 ent=0.973 t=337s
ppo: upd 460 rew/step=-0.0019 pi=-0.015 v=0.011 ent=0.909 t=343s
ppo: upd 465 rew/step=-0.0020 pi=-0.013 v=0.015 ent=0.919 t=350s
ppo: upd 470 rew/step=0.0006 pi=-0.011 v=0.018 ent=0.879 t=356s
ppo: upd 475 rew/step=-0.0005 pi=-0.010 v=0.023 ent=0.881 t=361s
ppo: upd 480 rew/step=0.0001 pi=-0.012 v=0.014 ent=0.939 t=367s
ppo: upd 485 rew/step=-0.0009 pi=-0.015 v=0.006 ent=0.997 t=373s
ppo: upd 490 rew/step=0.0014 pi=-0.007 v=0.015 ent=0.912 t=379s
ppo: upd 495 rew/step=-0.0026 pi=-0.012 v=0.020 ent=0.912 t=385s
ppo: upd 500 rew/step=-0.0009 pi=-0.014 v=0.019 ent=0.832 t=391s
export: wrote /home/jack/Desktop/hax/haxball-clone/training/snapshots/snap_00500.bin (941716 bytes), parity skipped
ppo: added snapshot /home/jack/Desktop/hax/haxball-clone/training/snapshots/snap_00500.bin; league: ['rule:easy 0.65@1000', 'rule:normal 0.55@1114', 'rule:hard 0.40@1009', 'rule:impossible 0.36@925', 'frozen:snap_00250.bin 0.47@432', 'frozen:snap_00500.bin -']
export: wrote /home/jack/Desktop/hax/haxball-clone/training/checkpoints/ppo.pt.eval.bin (941716 bytes), parity skipped
ppo: GATE upd 500 score=0.041 win[norm/hard/imp]=0.00/0.00/0.00 poss_hard=0.41 pass_hard=0.00
ppo: upd 505 rew/step=0.0002 pi=-0.013 v=0.010 ent=0.905 t=408s
ppo: upd 510 rew/step=-0.0014 pi=-0.010 v=0.011 ent=0.926 t=414s
ppo: upd 515 rew/step=0.0007 pi=-0.009 v=0.019 ent=0.819 t=421s
ppo: upd 520 rew/step=0.0001 pi=-0.011 v=0.014 ent=0.839 t=427s
ppo: upd 525 rew/step=-0.0027 pi=-0.012 v=0.021 ent=0.826 t=433s
ppo: upd 530 rew/step=-0.0021 pi=-0.016 v=0.010 ent=0.841 t=439s
ppo: upd 535 rew/step=-0.0008 pi=-0.013 v=0.012 ent=0.772 t=446s
ppo: upd 540 rew/step=0.0031 pi=-0.008 v=0.015 ent=0.826 t=452s
ppo: upd 545 rew/step=-0.0003 pi=-0.010 v=0.013 ent=0.788 t=459s
ppo: upd 550 rew/step=-0.0014 pi=-0.010 v=0.010 ent=0.751 t=465s
ppo: upd 555 rew/step=-0.0026 pi=-0.012 v=0.011 ent=0.781 t=472s
ppo: upd 560 rew/step=-0.0009 pi=-0.011 v=0.004 ent=0.789 t=478s
ppo: upd 565 rew/step=0.0002 pi=-0.010 v=0.014 ent=0.799 t=483s
ppo: upd 570 rew/step=0.0011 pi=-0.010 v=0.022 ent=0.773 t=489s
ppo: upd 575 rew/step=0.0034 pi=-0.010 v=0.016 ent=0.806 t=496s
ppo: upd 580 rew/step=-0.0002 pi=-0.013 v=0.009 ent=0.827 t=502s
ppo: upd 585 rew/step=-0.0001 pi=-0.011 v=0.011 ent=0.808 t=509s
ppo: upd 590 rew/step=0.0029 pi=-0.006 v=0.017 ent=0.795 t=515s
ppo: upd 595 rew/step=-0.0005 pi=-0.009 v=0.025 ent=0.798 t=520s
ppo: upd 600 rew/step=0.0000 pi=-0.011 v=0.023 ent=0.881 t=526s
ppo: upd 605 rew/step=-0.0020 pi=-0.014 v=0.013 ent=0.950 t=533s
ppo: upd 610 rew/step=-0.0003 pi=-0.012 v=0.016 ent=0.916 t=539s
ppo: upd 615 rew/step=0.0007 pi=-0.011 v=0.020 ent=0.888 t=546s
ppo: upd 620 rew/step=-0.0004 pi=-0.013 v=0.020 ent=0.839 t=551s
ppo: upd 625 rew/step=-0.0005 pi=-0.012 v=0.018 ent=0.902 t=558s
ppo: upd 630 rew/step=-0.0012 pi=-0.015 v=0.014 ent=0.928 t=564s
ppo: upd 635 rew/step=-0.0008 pi=-0.010 v=0.012 ent=0.881 t=570s
ppo: upd 640 rew/step=0.0013 pi=-0.009 v=0.012 ent=0.832 t=576s
ppo: upd 645 rew/step=0.0001 pi=-0.009 v=0.016 ent=0.821 t=583s
ppo: upd 650 rew/step=0.0001 pi=-0.013 v=0.013 ent=0.849 t=590s
ppo: upd 655 rew/step=-0.0003 pi=-0.014 v=0.011 ent=0.904 t=596s
ppo: upd 660 rew/step=0.0032 pi=-0.008 v=0.016 ent=0.782 t=603s
ppo: upd 665 rew/step=0.0013 pi=-0.009 v=0.021 ent=0.801 t=609s
ppo: upd 670 rew/step=0.0001 pi=-0.011 v=0.020 ent=0.812 t=615s
ppo: upd 675 rew/step=0.0023 pi=-0.010 v=0.024 ent=0.859 t=622s
ppo: upd 680 rew/step=-0.0013 pi=-0.013 v=0.007 ent=0.946 t=628s
ppo: upd 685 rew/step=0.0014 pi=-0.011 v=0.017 ent=0.858 t=634s
ppo: upd 690 rew/step=0.0002 pi=-0.013 v=0.017 ent=0.879 t=640s
ppo: upd 695 rew/step=-0.0005 pi=-0.008 v=0.022 ent=0.892 t=647s
ppo: upd 700 rew/step=-0.0009 pi=-0.009 v=0.026 ent=0.929 t=653s
ppo: upd 705 rew/step=-0.0019 pi=-0.011 v=0.009 ent=1.020 t=659s
ppo: upd 710 rew/step=0.0009 pi=-0.010 v=0.007 ent=1.032 t=666s
ppo: upd 715 rew/step=0.0030 pi=-0.007 v=0.017 ent=0.943 t=673s
ppo: upd 720 rew/step=-0.0008 pi=-0.013 v=0.025 ent=0.945 t=679s
ppo: upd 725 rew/step=0.0011 pi=-0.014 v=0.014 ent=0.947 t=686s
ppo: upd 730 rew/step=-0.0024 pi=-0.014 v=0.011 ent=0.999 t=692s
ppo: upd 735 rew/step=-0.0014 pi=-0.012 v=0.011 ent=1.038 t=699s
ppo: upd 740 rew/step=0.0019 pi=-0.011 v=0.015 ent=0.995 t=705s
ppo: upd 745 rew/step=0.0007 pi=-0.012 v=0.018 ent=1.000 t=711s
ppo: upd 750 rew/step=-0.0004 pi=-0.011 v=0.017 ent=0.952 t=717s
export: wrote /home/jack/Desktop/hax/haxball-clone/training/snapshots/snap_00750.bin (941716 bytes), parity skipped
ppo: added snapshot /home/jack/Desktop/hax/haxball-clone/training/snapshots/snap_00750.bin; league: ['rule:easy 0.66@1408', 'rule:normal 0.55@1573', 'rule:hard 0.40@1412', 'rule:impossible 0.36@1318', 'frozen:snap_00250.bin 0.50@874', 'frozen:snap_00500.bin 0.97@135', 'frozen:snap_00750.bin -']
export: wrote /home/jack/Desktop/hax/haxball-clone/training/checkpoints/ppo.pt.eval.bin (941716 bytes), parity skipped
ppo: GATE upd 750 score=0.028 win[norm/hard/imp]=0.19/0.00/0.00 poss_hard=0.18 pass_hard=0.03
ppo: upd 755 rew/step=-0.0004 pi=-0.015 v=0.009 ent=1.043 t=734s
ppo: upd 760 rew/step=0.0020 pi=-0.010 v=0.012 ent=0.993 t=741s
ppo: upd 765 rew/step=0.0013 pi=-0.010 v=0.010 ent=1.000 t=749s
ppo: upd 770 rew/step=0.0001 pi=-0.011 v=0.016 ent=0.946 t=755s
ppo: upd 775 rew/step=0.0000 pi=-0.012 v=0.023 ent=0.903 t=761s
ppo: upd 780 rew/step=0.0005 pi=-0.011 v=0.010 ent=1.025 t=768s
ppo: upd 785 rew/step=-0.0009 pi=-0.013 v=0.012 ent=1.021 t=775s
ppo: upd 790 rew/step=0.0002 pi=-0.008 v=0.013 ent=0.990 t=782s
ppo: upd 795 rew/step=-0.0016 pi=-0.013 v=0.010 ent=1.001 t=789s
ppo: upd 800 rew/step=-0.0009 pi=-0.013 v=0.019 ent=0.990 t=795s
ppo: upd 805 rew/step=-0.0014 pi=-0.016 v=0.012 ent=1.041 t=801s
ppo: upd 810 rew/step=0.0003 pi=-0.010 v=0.011 ent=1.079 t=808s
ppo: upd 815 rew/step=-0.0010 pi=-0.011 v=0.016 ent=1.071 t=815s
ppo: upd 820 rew/step=-0.0009 pi=-0.014 v=0.015 ent=1.013 t=822s
ppo: upd 825 rew/step=0.0028 pi=-0.010 v=0.014 ent=0.947 t=828s
ppo: upd 830 rew/step=0.0008 pi=-0.015 v=0.011 ent=0.989 t=835s
ppo: upd 835 rew/step=0.0004 pi=-0.011 v=0.014 ent=1.036 t=842s
ppo: upd 840 rew/step=0.0007 pi=-0.011 v=0.009 ent=1.045 t=849s
ppo: upd 845 rew/step=0.0001 pi=-0.011 v=0.018 ent=1.007 t=856s
ppo: upd 850 rew/step=-0.0009 pi=-0.010 v=0.019 ent=1.042 t=863s
ppo: upd 855 rew/step=-0.0025 pi=-0.012 v=0.011 ent=1.088 t=869s
ppo: upd 860 rew/step=0.0014 pi=-0.011 v=0.011 ent=1.037 t=877s
ppo: upd 865 rew/step=0.0002 pi=-0.012 v=0.014 ent=0.980 t=883s
ppo: upd 870 rew/step=-0.0011 pi=-0.010 v=0.023 ent=0.892 t=889s
ppo: upd 875 rew/step=0.0012 pi=-0.013 v=0.021 ent=0.919 t=896s
ppo: upd 880 rew/step=-0.0002 pi=-0.012 v=0.015 ent=1.047 t=904s
ppo: upd 885 rew/step=0.0009 pi=-0.014 v=0.015 ent=0.967 t=910s
ppo: upd 890 rew/step=0.0008 pi=-0.011 v=0.018 ent=0.940 t=917s
ppo: upd 895 rew/step=0.0002 pi=-0.010 v=0.020 ent=0.915 t=924s
ppo: upd 900 rew/step=0.0007 pi=-0.009 v=0.020 ent=0.925 t=932s
ppo: upd 905 rew/step=0.0001 pi=-0.013 v=0.015 ent=1.053 t=939s
ppo: upd 910 rew/step=0.0009 pi=-0.010 v=0.010 ent=1.017 t=946s
ppo: upd 915 rew/step=0.0030 pi=-0.009 v=0.015 ent=0.951 t=952s
ppo: upd 920 rew/step=0.0029 pi=-0.011 v=0.016 ent=0.874 t=960s
ppo: upd 925 rew/step=0.0028 pi=-0.011 v=0.018 ent=0.894 t=967s
ppo: upd 930 rew/step=0.0003 pi=-0.008 v=0.010 ent=1.002 t=974s
ppo: upd 935 rew/step=0.0004 pi=-0.011 v=0.013 ent=0.935 t=980s
ppo: upd 940 rew/step=0.0013 pi=-0.011 v=0.016 ent=0.897 t=988s
ppo: upd 945 rew/step=0.0023 pi=-0.010 v=0.016 ent=0.869 t=994s
ppo: upd 950 rew/step=0.0024 pi=-0.012 v=0.015 ent=0.950 t=1001s
ppo: upd 955 rew/step=0.0003 pi=-0.012 v=0.012 ent=1.016 t=1009s
ppo: upd 960 rew/step=0.0005 pi=-0.008 v=0.008 ent=0.935 t=1017s
ppo: upd 965 rew/step=0.0019 pi=-0.009 v=0.009 ent=0.902 t=1024s
ppo: upd 970 rew/step=0.0013 pi=-0.012 v=0.021 ent=0.878 t=1030s
ppo: upd 975 rew/step=0.0046 pi=-0.010 v=0.019 ent=0.822 t=1038s
ppo: upd 980 rew/step=-0.0019 pi=-0.010 v=0.011 ent=0.984 t=1045s
ppo: upd 985 rew/step=0.0020 pi=-0.011 v=0.016 ent=0.891 t=1052s
ppo: upd 990 rew/step=0.0024 pi=-0.011 v=0.011 ent=0.898 t=1059s
ppo: upd 995 rew/step=0.0017 pi=-0.009 v=0.019 ent=0.824 t=1066s
ppo: upd 1000 rew/step=0.0007 pi=-0.012 v=0.019 ent=0.874 t=1073s
export: wrote /home/jack/Desktop/hax/haxball-clone/training/snapshots/snap_01000.bin (941716 bytes), parity skipped
ppo: added snapshot /home/jack/Desktop/hax/haxball-clone/training/snapshots/snap_01000.bin; league: ['rule:easy 0.66@1754', 'rule:normal 0.55@1943', 'rule:hard 0.40@1785', 'rule:impossible 0.36@1671', 'frozen:snap_00250.bin 0.53@1264', 'frozen:snap_00500.bin 0.96@254', 'frozen:snap_00750.bin 0.73@289', 'frozen:snap_01000.bin -']
export: wrote /home/jack/Desktop/hax/haxball-clone/training/checkpoints/ppo.pt.eval.bin (941716 bytes), parity skipped
ppo: GATE upd 1000 score=0.065 win[norm/hard/imp]=0.19/0.00/0.00 poss_hard=0.56 pass_hard=0.37
ppo: upd 1005 rew/step=-0.0025 pi=-0.015 v=0.013 ent=1.053 t=1091s
ppo: upd 1010 rew/step=0.0003 pi=-0.008 v=0.009 ent=0.954 t=1098s
ppo: upd 1015 rew/step=0.0013 pi=-0.010 v=0.016 ent=0.906 t=1106s
ppo: upd 1020 rew/step=0.0007 pi=-0.009 v=0.023 ent=0.923 t=1114s
ppo: upd 1025 rew/step=0.0011 pi=-0.012 v=0.021 ent=0.914 t=1121s
ppo: upd 1030 rew/step=-0.0021 pi=-0.014 v=0.011 ent=1.013 t=1128s
ppo: upd 1035 rew/step=0.0020 pi=-0.008 v=0.011 ent=0.950 t=1135s
ppo: upd 1040 rew/step=0.0008 pi=-0.012 v=0.014 ent=0.947 t=1142s
ppo: upd 1045 rew/step=-0.0010 pi=-0.008 v=0.017 ent=0.853 t=1150s
ppo: upd 1050 rew/step=0.0017 pi=-0.011 v=0.013 ent=0.843 t=1158s
ppo: upd 1055 rew/step=0.0010 pi=-0.008 v=0.012 ent=0.909 t=1165s
ppo: upd 1060 rew/step=0.0004 pi=-0.010 v=0.011 ent=0.884 t=1172s
ppo: upd 1065 rew/step=0.0007 pi=-0.007 v=0.013 ent=0.833 t=1179s
ppo: upd 1070 rew/step=0.0017 pi=-0.009 v=0.017 ent=0.811 t=1186s
ppo: upd 1075 rew/step=0.0012 pi=-0.013 v=0.020 ent=0.881 t=1194s
ppo: upd 1080 rew/step=-0.0008 pi=-0.009 v=0.012 ent=0.995 t=1201s
ppo: upd 1085 rew/step=-0.0003 pi=-0.009 v=0.012 ent=0.923 t=1208s
ppo: upd 1090 rew/step=0.0047 pi=-0.006 v=0.021 ent=0.849 t=1215s
ppo: upd 1095 rew/step=0.0017 pi=-0.008 v=0.016 ent=0.815 t=1222s
ppo: upd 1100 rew/step=0.0022 pi=-0.013 v=0.023 ent=0.837 t=1229s
ppo: upd 1105 rew/step=-0.0009 pi=-0.009 v=0.017 ent=0.883 t=1236s
ppo: upd 1110 rew/step=0.0010 pi=-0.009 v=0.017 ent=0.839 t=1243s
ppo: upd 1115 rew/step=0.0024 pi=-0.007 v=0.014 ent=0.801 t=1250s
ppo: upd 1120 rew/step=0.0045 pi=-0.008 v=0.016 ent=0.741 t=1257s
ppo: upd 1125 rew/step=0.0018 pi=-0.011 v=0.020 ent=0.764 t=1264s
ppo: upd 1130 rew/step=0.0013 pi=-0.008 v=0.013 ent=0.798 t=1272s
ppo: upd 1135 rew/step=0.0010 pi=-0.010 v=0.012 ent=0.837 t=1279s
ppo: upd 1140 rew/step=0.0030 pi=-0.010 v=0.015 ent=0.767 t=1286s
ppo: upd 1145 rew/step=0.0062 pi=-0.008 v=0.018 ent=0.794 t=1294s
ppo: upd 1150 rew/step=0.0051 pi=-0.004 v=0.021 ent=0.790 t=1301s
ppo: upd 1155 rew/step=0.0003 pi=-0.009 v=0.015 ent=0.866 t=1308s
ppo: upd 1160 rew/step=0.0044 pi=-0.007 v=0.017 ent=0.872 t=1316s
ppo: upd 1165 rew/step=0.0029 pi=-0.009 v=0.015 ent=0.777 t=1323s
ppo: upd 1170 rew/step=0.0024 pi=-0.011 v=0.011 ent=0.844 t=1331s
ppo: upd 1175 rew/step=0.0012 pi=-0.008 v=0.018 ent=0.832 t=1338s
ppo: upd 1180 rew/step=-0.0003 pi=-0.010 v=0.014 ent=0.894 t=1345s
ppo: upd 1185 rew/step=0.0020 pi=-0.009 v=0.015 ent=0.834 t=1353s
ppo: upd 1190 rew/step=0.0029 pi=-0.009 v=0.013 ent=0.814 t=1360s
ppo: upd 1195 rew/step=0.0028 pi=-0.008 v=0.014 ent=0.834 t=1367s
ppo: upd 1200 rew/step=0.0028 pi=-0.009 v=0.018 ent=0.844 t=1375s
ppo: upd 1205 rew/step=-0.0031 pi=-0.009 v=0.019 ent=0.903 t=1382s
ppo: upd 1210 rew/step=0.0053 pi=-0.006 v=0.021 ent=0.817 t=1389s
ppo: upd 1215 rew/step=0.0024 pi=-0.009 v=0.014 ent=0.856 t=1396s
ppo: upd 1220 rew/step=0.0017 pi=-0.007 v=0.015 ent=0.820 t=1403s
ppo: upd 1225 rew/step=0.0029 pi=-0.013 v=0.020 ent=0.905 t=1410s
ppo: upd 1230 rew/step=0.0004 pi=-0.010 v=0.007 ent=0.879 t=1418s
ppo: upd 1235 rew/step=0.0010 pi=-0.011 v=0.010 ent=0.955 t=1424s
ppo: upd 1240 rew/step=0.0035 pi=-0.008 v=0.014 ent=0.902 t=1431s
ppo: upd 1245 rew/step=-0.0010 pi=-0.008 v=0.015 ent=0.909 t=1438s
ppo: upd 1250 rew/step=0.0005 pi=-0.009 v=0.018 ent=0.928 t=1444s
export: wrote /home/jack/Desktop/hax/haxball-clone/training/snapshots/snap_01250.bin (941716 bytes), parity skipped
ppo: added snapshot /home/jack/Desktop/hax/haxball-clone/training/snapshots/snap_01250.bin; league: ['rule:easy 0.67@2067', 'rule:normal 0.56@2280', 'rule:hard 0.41@2134', 'rule:impossible 0.38@1977', 'frozen:snap_00250.bin 0.57@1556', 'frozen:snap_00500.bin 0.97@359', 'frozen:snap_00750.bin 0.73@564', 'frozen:snap_01000.bin 0.79@263', 'frozen:snap_01250.bin -']
export: wrote /home/jack/Desktop/hax/haxball-clone/training/checkpoints/ppo.pt.eval.bin (941716 bytes), parity skipped
ppo: GATE upd 1250 score=0.164 win[norm/hard/imp]=0.38/0.12/0.06 poss_hard=0.52 pass_hard=0.25
ppo: SHIPPED new best (score 0.164) -> /home/jack/Desktop/hax/haxball-clone/internal/policy/weights/neural_v1.bin
ppo: upd 1255 rew/step=-0.0008 pi=-0.013 v=0.011 ent=1.008 t=1462s
ppo: upd 1260 rew/step=0.0002 pi=-0.011 v=0.014 ent=1.019 t=1470s
ppo: upd 1265 rew/step=0.0019 pi=-0.007 v=0.011 ent=0.984 t=1478s
ppo: upd 1270 rew/step=0.0006 pi=-0.009 v=0.019 ent=1.009 t=1486s
ppo: upd 1275 rew/step=-0.0010 pi=-0.011 v=0.022 ent=0.978 t=1493s
ppo: upd 1280 rew/step=-0.0003 pi=-0.011 v=0.013 ent=1.067 t=1500s
ppo: upd 1285 rew/step=0.0020 pi=-0.009 v=0.012 ent=1.035 t=1508s
ppo: upd 1290 rew/step=0.0018 pi=-0.008 v=0.017 ent=0.995 t=1516s
ppo: upd 1295 rew/step=0.0007 pi=-0.014 v=0.021 ent=1.056 t=1523s
ppo: upd 1300 rew/step=0.0007 pi=-0.013 v=0.016 ent=1.038 t=1530s
ppo: upd 1305 rew/step=-0.0014 pi=-0.011 v=0.012 ent=1.104 t=1538s
ppo: upd 1310 rew/step=0.0043 pi=-0.010 v=0.019 ent=1.061 t=1545s
ppo: upd 1315 rew/step=0.0029 pi=-0.010 v=0.016 ent=1.017 t=1552s
ppo: upd 1320 rew/step=0.0007 pi=-0.011 v=0.010 ent=1.090 t=1560s
ppo: upd 1325 rew/step=-0.0010 pi=-0.011 v=0.015 ent=1.042 t=1567s
ppo: upd 1330 rew/step=-0.0014 pi=-0.009 v=0.012 ent=1.148 t=1574s
ppo: upd 1335 rew/step=0.0003 pi=-0.011 v=0.015 ent=1.146 t=1582s
ppo: upd 1340 rew/step=0.0019 pi=-0.008 v=0.017 ent=1.073 t=1589s
ppo: upd 1345 rew/step=0.0034 pi=-0.011 v=0.020 ent=1.054 t=1596s
ppo: upd 1350 rew/step=0.0012 pi=-0.007 v=0.025 ent=1.082 t=1603s
ppo: upd 1355 rew/step=0.0004 pi=-0.012 v=0.012 ent=1.142 t=1611s
ppo: upd 1360 rew/step=0.0014 pi=-0.013 v=0.015 ent=1.029 t=1619s
ppo: upd 1365 rew/step=0.0024 pi=-0.013 v=0.017 ent=1.006 t=1627s
ppo: upd 1370 rew/step=-0.0016 pi=-0.010 v=0.026 ent=0.937 t=1635s
ppo: upd 1375 rew/step=-0.0021 pi=-0.010 v=0.016 ent=1.095 t=1642s
ppo: upd 1380 rew/step=0.0014 pi=-0.009 v=0.019 ent=1.023 t=1650s
ppo: upd 1385 rew/step=-0.0004 pi=-0.008 v=0.013 ent=1.041 t=1657s
ppo: upd 1390 rew/step=0.0012 pi=-0.011 v=0.017 ent=0.988 t=1665s
ppo: upd 1395 rew/step=0.0029 pi=-0.011 v=0.015 ent=1.039 t=1672s
ppo: upd 1400 rew/step=0.0007 pi=-0.012 v=0.022 ent=0.970 t=1680s
ppo: upd 1405 rew/step=0.0003 pi=-0.010 v=0.011 ent=1.071 t=1689s
ppo: upd 1410 rew/step=-0.0010 pi=-0.011 v=0.011 ent=1.030 t=1696s
ppo: upd 1415 rew/step=0.0007 pi=-0.010 v=0.019 ent=1.003 t=1703s
ppo: upd 1420 rew/step=-0.0015 pi=-0.009 v=0.014 ent=1.074 t=1711s
ppo: upd 1425 rew/step=0.0007 pi=-0.011 v=0.016 ent=1.012 t=1718s
ppo: upd 1430 rew/step=0.0007 pi=-0.013 v=0.016 ent=1.170 t=1726s
ppo: upd 1435 rew/step=0.0009 pi=-0.008 v=0.011 ent=1.063 t=1733s
ppo: upd 1440 rew/step=-0.0003 pi=-0.010 v=0.009 ent=1.062 t=1741s
ppo: upd 1445 rew/step=0.0019 pi=-0.010 v=0.019 ent=1.062 t=1749s
ppo: upd 1450 rew/step=-0.0004 pi=-0.013 v=0.017 ent=1.061 t=1757s
ppo: upd 1455 rew/step=0.0025 pi=-0.011 v=0.009 ent=1.070 t=1765s
ppo: upd 1460 rew/step=0.0009 pi=-0.013 v=0.011 ent=1.050 t=1773s
ppo: upd 1465 rew/step=0.0002 pi=-0.012 v=0.009 ent=1.151 t=1781s
ppo: upd 1470 rew/step=-0.0004 pi=-0.014 v=0.014 ent=1.110 t=1788s
ppo: upd 1475 rew/step=-0.0003 pi=-0.013 v=0.019 ent=1.028 t=1795s
ppo: upd 1480 rew/step=0.0009 pi=-0.012 v=0.008 ent=1.146 t=1803s
ppo: upd 1485 rew/step=-0.0003 pi=-0.011 v=0.012 ent=1.110 t=1811s
ppo: upd 1490 rew/step=0.0007 pi=-0.013 v=0.007 ent=1.097 t=1819s
ppo: upd 1495 rew/step=0.0030 pi=-0.010 v=0.010 ent=1.008 t=1827s
ppo: upd 1500 rew/step=0.0018 pi=-0.012 v=0.014 ent=1.077 t=1834s
export: wrote /home/jack/Desktop/hax/haxball-clone/training/snapshots/snap_01500.bin (941716 bytes), parity skipped
ppo: added snapshot /home/jack/Desktop/hax/haxball-clone/training/snapshots/snap_01500.bin; league: ['rule:easy 0.67@2312', 'rule:normal 0.56@2567', 'rule:hard 0.41@2434', 'rule:impossible 0.37@2268', 'frozen:snap_00250.bin 0.60@1870', 'frozen:snap_00500.bin 0.97@446', 'frozen:snap_00750.bin 0.76@783', 'frozen:snap_01000.bin 0.80@460', 'frozen:snap_01250.bin 0.55@300', 'frozen:snap_01500.bin -']
export: wrote /home/jack/Desktop/hax/haxball-clone/training/checkpoints/ppo.pt.eval.bin (941716 bytes), parity skipped
ppo: GATE upd 1500 score=0.126 win[norm/hard/imp]=0.25/0.12/0.00 poss_hard=0.51 pass_hard=0.00
ppo: upd 1505 rew/step=-0.0021 pi=-0.011 v=0.011 ent=1.101 t=1853s
ppo: upd 1510 rew/step=0.0013 pi=-0.011 v=0.008 ent=1.053 t=1861s
ppo: upd 1515 rew/step=-0.0004 pi=-0.010 v=0.017 ent=1.095 t=1870s
ppo: upd 1520 rew/step=0.0011 pi=-0.011 v=0.012 ent=0.990 t=1878s
ppo: upd 1525 rew/step=0.0024 pi=-0.012 v=0.020 ent=1.058 t=1886s
ppo: upd 1530 rew/step=-0.0002 pi=-0.011 v=0.009 ent=1.084 t=1895s
ppo: upd 1535 rew/step=0.0007 pi=-0.013 v=0.011 ent=1.078 t=1903s
ppo: upd 1540 rew/step=0.0008 pi=-0.011 v=0.011 ent=1.049 t=1911s
ppo: upd 1545 rew/step=0.0018 pi=-0.009 v=0.009 ent=0.913 t=1919s
ppo: upd 1550 rew/step=-0.0008 pi=-0.011 v=0.016 ent=1.072 t=1926s
ppo: upd 1555 rew/step=-0.0004 pi=-0.014 v=0.010 ent=1.087 t=1934s
ppo: upd 1560 rew/step=0.0030 pi=-0.009 v=0.012 ent=1.080 t=1943s
ppo: upd 1565 rew/step=0.0036 pi=-0.010 v=0.011 ent=1.079 t=1952s
ppo: upd 1570 rew/step=0.0030 pi=-0.011 v=0.013 ent=1.034 t=1960s
ppo: upd 1575 rew/step=-0.0008 pi=-0.011 v=0.022 ent=1.043 t=1967s
ppo: upd 1580 rew/step=0.0009 pi=-0.014 v=0.009 ent=1.124 t=1975s
ppo: upd 1585 rew/step=0.0009 pi=-0.012 v=0.015 ent=1.127 t=1984s
ppo: upd 1590 rew/step=0.0030 pi=-0.012 v=0.015 ent=1.081 t=1992s
ppo: upd 1595 rew/step=0.0013 pi=-0.012 v=0.016 ent=1.028 t=2000s
ppo: upd 1600 rew/step=0.0002 pi=-0.012 v=0.019 ent=1.042 t=2007s
ppo: upd 1605 rew/step=0.0007 pi=-0.012 v=0.011 ent=1.063 t=2016s
ppo: upd 1610 rew/step=0.0021 pi=-0.011 v=0.013 ent=1.059 t=2024s
ppo: upd 1615 rew/step=0.0013 pi=-0.011 v=0.010 ent=1.046 t=2031s
ppo: upd 1620 rew/step=0.0002 pi=-0.011 v=0.016 ent=0.996 t=2039s
ppo: upd 1625 rew/step=0.0007 pi=-0.011 v=0.019 ent=0.973 t=2048s
ppo: upd 1630 rew/step=0.0002 pi=-0.011 v=0.010 ent=1.018 t=2055s
ppo: upd 1635 rew/step=0.0025 pi=-0.009 v=0.011 ent=1.017 t=2064s
ppo: upd 1640 rew/step=0.0013 pi=-0.009 v=0.008 ent=1.084 t=2072s
ppo: upd 1645 rew/step=0.0017 pi=-0.012 v=0.014 ent=1.061 t=2079s
ppo: upd 1650 rew/step=0.0012 pi=-0.012 v=0.014 ent=1.064 t=2088s
ppo: upd 1655 rew/step=0.0030 pi=-0.009 v=0.011 ent=1.044 t=2095s
ppo: upd 1660 rew/step=0.0003 pi=-0.010 v=0.013 ent=1.075 t=2103s
ppo: upd 1665 rew/step=0.0019 pi=-0.011 v=0.012 ent=1.005 t=2111s
ppo: upd 1670 rew/step=0.0023 pi=-0.011 v=0.016 ent=1.024 t=2119s
ppo: upd 1675 rew/step=0.0036 pi=-0.009 v=0.019 ent=1.049 t=2127s
ppo: upd 1680 rew/step=0.0004 pi=-0.014 v=0.010 ent=1.017 t=2134s
ppo: upd 1685 rew/step=0.0003 pi=-0.014 v=0.013 ent=1.081 t=2141s
ppo: upd 1690 rew/step=0.0008 pi=-0.011 v=0.009 ent=1.011 t=2149s
ppo: upd 1695 rew/step=0.0007 pi=-0.010 v=0.013 ent=1.001 t=2157s
ppo: upd 1700 rew/step=0.0007 pi=-0.012 v=0.019 ent=1.082 t=2164s
ppo: upd 1705 rew/step=0.0013 pi=-0.010 v=0.009 ent=1.054 t=2173s
ppo: upd 1710 rew/step=0.0020 pi=-0.008 v=0.010 ent=0.991 t=2181s
ppo: upd 1715 rew/step=0.0041 pi=-0.008 v=0.014 ent=0.964 t=2189s
ppo: upd 1720 rew/step=0.0034 pi=-0.011 v=0.017 ent=0.877 t=2197s
ppo: upd 1725 rew/step=0.0029 pi=-0.010 v=0.017 ent=0.901 t=2204s
ppo: upd 1730 rew/step=0.0015 pi=-0.010 v=0.015 ent=0.972 t=2212s
ppo: upd 1735 rew/step=0.0026 pi=-0.010 v=0.013 ent=0.948 t=2219s
ppo: upd 1740 rew/step=0.0029 pi=-0.008 v=0.012 ent=0.936 t=2226s
ppo: upd 1745 rew/step=0.0024 pi=-0.009 v=0.013 ent=0.960 t=2235s
ppo: upd 1750 rew/step=0.0018 pi=-0.009 v=0.021 ent=0.928 t=2243s
export: wrote /home/jack/Desktop/hax/haxball-clone/training/snapshots/snap_01750.bin (941716 bytes), parity skipped
ppo: added snapshot /home/jack/Desktop/hax/haxball-clone/training/snapshots/snap_01750.bin; league: ['rule:easy 0.67@2539', 'rule:normal 0.57@2837', 'rule:hard 0.42@2689', 'rule:impossible 0.37@2515', 'frozen:snap_00250.bin 0.62@2148', 'frozen:snap_00500.bin 0.97@524', 'frozen:snap_00750.bin 0.75@984', 'frozen:snap_01000.bin 0.83@623', 'frozen:snap_01250.bin 0.58@580', 'frozen:snap_01500.bin 0.57@241', 'frozen:snap_01750.bin -']
export: wrote /home/jack/Desktop/hax/haxball-clone/training/checkpoints/ppo.pt.eval.bin (941716 bytes), parity skipped
ppo: GATE upd 1750 score=0.172 win[norm/hard/imp]=0.44/0.19/0.00 poss_hard=0.56 pass_hard=0.00
ppo: SHIPPED new best (score 0.172) -> /home/jack/Desktop/hax/haxball-clone/internal/policy/weights/neural_v1.bin
ppo: upd 1755 rew/step=0.0013 pi=-0.010 v=0.008 ent=1.004 t=2262s
ppo: upd 1760 rew/step=0.0019 pi=-0.010 v=0.010 ent=0.937 t=2270s
ppo: upd 1765 rew/step=-0.0004 pi=-0.011 v=0.017 ent=0.913 t=2278s
ppo: upd 1770 rew/step=0.0023 pi=-0.010 v=0.015 ent=0.982 t=2286s
ppo: upd 1775 rew/step=0.0001 pi=-0.011 v=0.012 ent=0.940 t=2293s
ppo: upd 1780 rew/step=0.0013 pi=-0.013 v=0.011 ent=0.989 t=2302s
ppo: upd 1785 rew/step=0.0014 pi=-0.012 v=0.009 ent=0.859 t=2310s
ppo: upd 1790 rew/step=0.0007 pi=-0.011 v=0.016 ent=0.950 t=2318s
ppo: upd 1795 rew/step=0.0018 pi=-0.010 v=0.014 ent=1.003 t=2326s
ppo: upd 1800 rew/step=-0.0004 pi=-0.012 v=0.019 ent=1.046 t=2334s
ppo: upd 1805 rew/step=0.0008 pi=-0.012 v=0.012 ent=1.008 t=2343s
ppo: upd 1810 rew/step=-0.0003 pi=-0.013 v=0.010 ent=1.050 t=2351s
ppo: upd 1815 rew/step=0.0013 pi=-0.010 v=0.008 ent=0.966 t=2358s
ppo: upd 1820 rew/step=0.0024 pi=-0.011 v=0.010 ent=0.990 t=2367s
ppo: upd 1825 rew/step=0.0024 pi=-0.013 v=0.015 ent=1.038 t=2374s
ppo: upd 1830 rew/step=-0.0014 pi=-0.013 v=0.007 ent=1.039 t=2382s
ppo: upd 1835 rew/step=0.0032 pi=-0.008 v=0.014 ent=0.939 t=2390s
ppo: upd 1840 rew/step=0.0035 pi=-0.009 v=0.016 ent=0.935 t=2398s
ppo: upd 1845 rew/step=0.0012 pi=-0.010 v=0.016 ent=0.962 t=2406s
ppo: upd 1850 rew/step=0.0008 pi=-0.009 v=0.020 ent=0.988 t=2414s
ppo: upd 1855 rew/step=0.0008 pi=-0.011 v=0.012 ent=0.954 t=2422s
ppo: upd 1860 rew/step=0.0019 pi=-0.009 v=0.012 ent=0.961 t=2430s
ppo: upd 1865 rew/step=0.0012 pi=-0.011 v=0.011 ent=0.929 t=2438s
ppo: upd 1870 rew/step=0.0023 pi=-0.010 v=0.013 ent=0.963 t=2447s
ppo: upd 1875 rew/step=0.0034 pi=-0.010 v=0.013 ent=0.968 t=2455s
ppo: upd 1880 rew/step=0.0003 pi=-0.012 v=0.016 ent=1.056 t=2463s
ppo: upd 1885 rew/step=0.0020 pi=-0.009 v=0.011 ent=1.032 t=2471s
ppo: upd 1890 rew/step=0.0036 pi=-0.008 v=0.010 ent=0.964 t=2480s
ppo: upd 1895 rew/step=0.0040 pi=-0.008 v=0.014 ent=0.991 t=2488s
ppo: upd 1900 rew/step=0.0029 pi=-0.009 v=0.013 ent=1.070 t=2496s
ppo: upd 1905 rew/step=0.0020 pi=-0.009 v=0.010 ent=1.026 t=2505s
ppo: upd 1910 rew/step=0.0053 pi=-0.007 v=0.018 ent=0.913 t=2513s
ppo: upd 1915 rew/step=0.0035 pi=-0.012 v=0.015 ent=0.915 t=2521s
ppo: upd 1920 rew/step=0.0029 pi=-0.009 v=0.014 ent=0.961 t=2529s
ppo: upd 1925 rew/step=0.0030 pi=-0.011 v=0.017 ent=1.037 t=2537s
ppo: upd 1930 rew/step=0.0009 pi=-0.011 v=0.011 ent=1.045 t=2545s
ppo: upd 1935 rew/step=0.0014 pi=-0.012 v=0.010 ent=1.055 t=2553s
ppo: upd 1940 rew/step=0.0030 pi=-0.009 v=0.010 ent=0.954 t=2562s
ppo: upd 1945 rew/step=0.0035 pi=-0.008 v=0.012 ent=0.940 t=2569s
ppo: upd 1950 rew/step=0.0022 pi=-0.012 v=0.010 ent=0.980 t=2578s
ppo: upd 1955 rew/step=0.0015 pi=-0.008 v=0.010 ent=0.991 t=2586s
ppo: upd 1960 rew/step=0.0026 pi=-0.010 v=0.009 ent=0.961 t=2594s
ppo: upd 1965 rew/step=0.0024 pi=-0.010 v=0.015 ent=0.944 t=2602s
ppo: upd 1970 rew/step=0.0029 pi=-0.013 v=0.014 ent=0.949 t=2611s
ppo: upd 1975 rew/step=0.0024 pi=-0.011 v=0.010 ent=1.027 t=2619s
ppo: upd 1980 rew/step=0.0018 pi=-0.011 v=0.009 ent=0.979 t=2627s
ppo: upd 1985 rew/step=0.0043 pi=-0.009 v=0.014 ent=0.926 t=2636s
ppo: upd 1990 rew/step=0.0052 pi=-0.012 v=0.013 ent=0.897 t=2644s
ppo: upd 1995 rew/step=0.0057 pi=-0.010 v=0.013 ent=0.862 t=2651s
ppo: upd 2000 rew/step=0.0023 pi=-0.013 v=0.018 ent=0.938 t=2659s
export: wrote /home/jack/Desktop/hax/haxball-clone/training/snapshots/snap_02000.bin (941716 bytes), parity skipped
ppo: added snapshot /home/jack/Desktop/hax/haxball-clone/training/snapshots/snap_02000.bin; league: ['rule:easy 0.68@2747', 'rule:normal 0.57@3084', 'rule:hard 0.43@2918', 'rule:impossible 0.38@2770', 'frozen:snap_00250.bin 0.64@2378', 'frozen:snap_00500.bin 0.97@595', 'frozen:snap_00750.bin 0.75@1183', 'frozen:snap_01000.bin 0.85@785', 'frozen:snap_01250.bin 0.63@811', 'frozen:snap_01500.bin 0.64@458', 'frozen:snap_01750.bin 0.78@191', 'frozen:snap_02000.bin -']
export: wrote /home/jack/Desktop/hax/haxball-clone/training/checkpoints/ppo.pt.eval.bin (941716 bytes), parity skipped
ppo: GATE upd 2000 score=0.163 win[norm/hard/imp]=0.31/0.06/0.12 poss_hard=0.53 pass_hard=0.00
ppo: upd 2005 rew/step=-0.0003 pi=-0.008 v=0.006 ent=0.984 t=2678s
ppo: upd 2010 rew/step=-0.0002 pi=-0.011 v=0.010 ent=0.921 t=2687s
ppo: upd 2015 rew/step=0.0036 pi=-0.009 v=0.010 ent=0.946 t=2695s
ppo: upd 2020 rew/step=0.0029 pi=-0.009 v=0.013 ent=0.953 t=2703s
ppo: upd 2025 rew/step=0.0034 pi=-0.009 v=0.014 ent=1.036 t=2712s
ppo: upd 2030 rew/step=-0.0014 pi=-0.013 v=0.008 ent=1.009 t=2721s
ppo: upd 2035 rew/step=0.0036 pi=-0.008 v=0.010 ent=0.914 t=2728s
ppo: upd 2040 rew/step=0.0030 pi=-0.009 v=0.012 ent=0.973 t=2736s
ppo: upd 2045 rew/step=0.0029 pi=-0.010 v=0.017 ent=0.988 t=2743s
ppo: upd 2050 rew/step=0.0016 pi=-0.011 v=0.012 ent=1.051 t=2752s
ppo: upd 2055 rew/step=0.0009 pi=-0.012 v=0.017 ent=0.968 t=2759s
ppo: upd 2060 rew/step=0.0054 pi=-0.008 v=0.016 ent=0.894 t=2768s
ppo: upd 2065 rew/step=0.0058 pi=-0.011 v=0.015 ent=0.917 t=2777s
ppo: upd 2070 rew/step=0.0062 pi=-0.010 v=0.014 ent=0.898 t=2785s
ppo: upd 2075 rew/step=0.0023 pi=-0.014 v=0.016 ent=1.008 t=2794s
ppo: upd 2080 rew/step=0.0003 pi=-0.009 v=0.014 ent=0.933 t=2802s
ppo: upd 2085 rew/step=0.0020 pi=-0.010 v=0.015 ent=0.931 t=2810s
ppo: upd 2090 rew/step=0.0028 pi=-0.007 v=0.012 ent=0.922 t=2819s
ppo: upd 2095 rew/step=0.0046 pi=-0.010 v=0.015 ent=0.986 t=2827s
ppo: upd 2100 rew/step=0.0034 pi=-0.011 v=0.019 ent=0.970 t=2835s
ppo: upd 2105 rew/step=-0.0003 pi=-0.012 v=0.016 ent=1.016 t=2842s
ppo: upd 2110 rew/step=0.0014 pi=-0.010 v=0.014 ent=0.919 t=2851s
ppo: upd 2115 rew/step=0.0035 pi=-0.010 v=0.019 ent=0.912 t=2859s
ppo: upd 2120 rew/step=0.0035 pi=-0.012 v=0.015 ent=0.924 t=2867s
ppo: upd 2125 rew/step=0.0022 pi=-0.009 v=0.022 ent=0.999 t=2874s
ppo: upd 2130 rew/step=-0.0014 pi=-0.011 v=0.013 ent=0.989 t=2883s
ppo: upd 2135 rew/step=0.0037 pi=-0.011 v=0.016 ent=0.901 t=2891s
ppo: upd 2140 rew/step=0.0030 pi=-0.009 v=0.016 ent=0.958 t=2900s
ppo: upd 2145 rew/step=0.0035 pi=-0.010 v=0.022 ent=0.981 t=2908s
ppo: upd 2150 rew/step=0.0040 pi=-0.010 v=0.024 ent=1.018 t=2916s
ppo: upd 2155 rew/step=0.0007 pi=-0.013 v=0.016 ent=1.010 t=2924s
ppo: upd 2160 rew/step=0.0036 pi=-0.011 v=0.017 ent=1.030 t=2933s
ppo: upd 2165 rew/step=0.0040 pi=-0.010 v=0.013 ent=1.022 t=2941s
ppo: upd 2170 rew/step=0.0051 pi=-0.011 v=0.019 ent=0.995 t=2949s
ppo: upd 2175 rew/step=0.0040 pi=-0.012 v=0.018 ent=0.974 t=2958s
ppo: upd 2180 rew/step=0.0003 pi=-0.010 v=0.018 ent=1.000 t=2966s
ppo: upd 2185 rew/step=0.0059 pi=-0.006 v=0.021 ent=1.033 t=2975s
ppo: upd 2190 rew/step=0.0030 pi=-0.011 v=0.014 ent=1.039 t=2982s
ppo: upd 2195 rew/step=0.0046 pi=-0.009 v=0.014 ent=1.031 t=2990s
ppo: upd 2200 rew/step=0.0028 pi=-0.011 v=0.017 ent=1.040 t=2998s
ppo: upd 2205 rew/step=-0.0009 pi=-0.012 v=0.019 ent=1.012 t=3006s
ppo: upd 2210 rew/step=0.0020 pi=-0.012 v=0.016 ent=1.037 t=3014s
ppo: upd 2215 rew/step=0.0018 pi=-0.009 v=0.015 ent=1.064 t=3023s
ppo: upd 2220 rew/step=0.0039 pi=-0.013 v=0.020 ent=1.068 t=3031s
ppo: upd 2225 rew/step=0.0012 pi=-0.012 v=0.022 ent=1.080 t=3039s
ppo: upd 2230 rew/step=0.0026 pi=-0.010 v=0.016 ent=0.998 t=3047s
ppo: upd 2235 rew/step=0.0026 pi=-0.008 v=0.021 ent=1.039 t=3054s
ppo: upd 2240 rew/step=0.0023 pi=-0.012 v=0.019 ent=1.078 t=3062s
ppo: upd 2245 rew/step=0.0028 pi=-0.011 v=0.018 ent=1.108 t=3069s
ppo: upd 2250 rew/step=0.0011 pi=-0.012 v=0.019 ent=1.007 t=3077s
export: wrote /home/jack/Desktop/hax/haxball-clone/training/snapshots/snap_02250.bin (941716 bytes), parity skipped
ppo: added snapshot /home/jack/Desktop/hax/haxball-clone/training/snapshots/snap_02250.bin; league: ['rule:easy 0.69@2986', 'rule:normal 0.58@3286', 'rule:hard 0.43@3177', 'rule:impossible 0.38@2989', 'frozen:snap_00250.bin 0.65@2589', 'frozen:snap_00500.bin 0.97@647', 'frozen:snap_00750.bin 0.77@1380', 'frozen:snap_01000.bin 0.87@915', 'frozen:snap_01250.bin 0.70@1056', 'frozen:snap_01500.bin 0.67@682', 'frozen:snap_01750.bin 0.84@349', 'frozen:snap_02000.bin 0.81@104', 'frozen:snap_02250.bin -']
export: wrote /home/jack/Desktop/hax/haxball-clone/training/checkpoints/ppo.pt.eval.bin (941716 bytes), parity skipped
ppo: GATE upd 2250 score=0.180 win[norm/hard/imp]=0.75/0.19/0.00 poss_hard=0.48 pass_hard=0.00
ppo: SHIPPED new best (score 0.180) -> /home/jack/Desktop/hax/haxball-clone/internal/policy/weights/neural_v1.bin
ppo: upd 2255 rew/step=0.0002 pi=-0.012 v=0.015 ent=1.010 t=3096s
ppo: upd 2260 rew/step=0.0041 pi=-0.009 v=0.015 ent=1.064 t=3103s
ppo: upd 2265 rew/step=0.0040 pi=-0.011 v=0.020 ent=1.070 t=3111s
ppo: upd 2270 rew/step=0.0057 pi=-0.012 v=0.014 ent=1.092 t=3120s
ppo: upd 2275 rew/step=0.0017 pi=-0.015 v=0.020 ent=1.061 t=3129s
ppo: upd 2280 rew/step=0.0009 pi=-0.011 v=0.020 ent=1.020 t=3136s
ppo: upd 2285 rew/step=0.0053 pi=-0.009 v=0.019 ent=0.973 t=3144s
ppo: upd 2290 rew/step=0.0035 pi=-0.011 v=0.018 ent=0.991 t=3153s
ppo: upd 2295 rew/step=0.0023 pi=-0.012 v=0.020 ent=1.006 t=3161s
ppo: upd 2300 rew/step=0.0001 pi=-0.013 v=0.021 ent=1.013 t=3169s
ppo: upd 2305 rew/step=-0.0019 pi=-0.012 v=0.019 ent=1.056 t=3177s
ppo: upd 2310 rew/step=0.0030 pi=-0.008 v=0.021 ent=0.961 t=3185s
ppo: upd 2315 rew/step=0.0035 pi=-0.012 v=0.019 ent=0.934 t=3194s
ppo: upd 2320 rew/step=0.0035 pi=-0.010 v=0.015 ent=0.979 t=3201s
ppo: upd 2325 rew/step=0.0039 pi=-0.010 v=0.020 ent=0.989 t=3211s
ppo: upd 2330 rew/step=-0.0004 pi=-0.012 v=0.022 ent=1.002 t=3219s
ppo: upd 2335 rew/step=-0.0003 pi=-0.013 v=0.018 ent=0.936 t=3226s
ppo: upd 2340 rew/step=0.0024 pi=-0.010 v=0.013 ent=0.903 t=3234s
ppo: upd 2345 rew/step=0.0011 pi=-0.010 v=0.020 ent=0.919 t=3243s
ppo: upd 2350 rew/step=0.0033 pi=-0.010 v=0.020 ent=0.900 t=3251s
ppo: upd 2355 rew/step=-0.0003 pi=-0.014 v=0.011 ent=0.969 t=3259s
ppo: upd 2360 rew/step=0.0013 pi=-0.008 v=0.013 ent=0.825 t=3267s
ppo: upd 2365 rew/step=0.0001 pi=-0.008 v=0.013 ent=0.949 t=3275s
ppo: upd 2370 rew/step=0.0024 pi=-0.011 v=0.016 ent=0.938 t=3283s
ppo: upd 2375 rew/step=0.0034 pi=-0.008 v=0.020 ent=0.831 t=3292s
ppo: upd 2380 rew/step=0.0007 pi=-0.012 v=0.011 ent=0.895 t=3300s
ppo: upd 2385 rew/step=0.0042 pi=-0.007 v=0.017 ent=0.834 t=3309s
ppo: upd 2390 rew/step=0.0018 pi=-0.010 v=0.015 ent=0.924 t=3317s
ppo: upd 2395 rew/step=0.0034 pi=-0.010 v=0.019 ent=0.893 t=3325s
ppo: upd 2400 rew/step=0.0028 pi=-0.010 v=0.022 ent=0.876 t=3334s
ppo: upd 2405 rew/step=0.0014 pi=-0.010 v=0.015 ent=0.862 t=3342s
ppo: upd 2410 rew/step=0.0047 pi=-0.009 v=0.018 ent=0.821 t=3350s
ppo: upd 2415 rew/step=0.0019 pi=-0.012 v=0.016 ent=0.881 t=3358s
ppo: upd 2420 rew/step=0.0018 pi=-0.008 v=0.019 ent=0.894 t=3366s
ppo: upd 2425 rew/step=0.0028 pi=-0.010 v=0.016 ent=0.907 t=3374s
ppo: upd 2430 rew/step=0.0010 pi=-0.011 v=0.017 ent=0.884 t=3382s
ppo: upd 2435 rew/step=0.0042 pi=-0.012 v=0.018 ent=0.845 t=3390s
ppo: upd 2440 rew/step=0.0046 pi=-0.010 v=0.018 ent=0.834 t=3399s
ppo: upd 2445 rew/step=0.0040 pi=-0.012 v=0.016 ent=0.932 t=3407s
ppo: upd 2450 rew/step=0.0012 pi=-0.013 v=0.019 ent=0.923 t=3415s
ppo: upd 2455 rew/step=-0.0019 pi=-0.013 v=0.015 ent=0.923 t=3423s
ppo: upd 2460 rew/step=0.0042 pi=-0.009 v=0.020 ent=0.845 t=3431s
ppo: upd 2465 rew/step=0.0012 pi=-0.011 v=0.018 ent=0.883 t=3439s
ppo: upd 2470 rew/step=0.0024 pi=-0.011 v=0.020 ent=0.866 t=3448s
ppo: upd 2475 rew/step=0.0007 pi=-0.012 v=0.021 ent=0.948 t=3456s
ppo: upd 2480 rew/step=0.0014 pi=-0.010 v=0.014 ent=0.969 t=3465s
ppo: upd 2485 rew/step=0.0053 pi=-0.009 v=0.019 ent=0.872 t=3473s
ppo: upd 2490 rew/step=0.0019 pi=-0.013 v=0.018 ent=0.958 t=3482s
ppo: upd 2495 rew/step=0.0012 pi=-0.012 v=0.014 ent=0.902 t=3490s
ppo: upd 2500 rew/step=-0.0017 pi=-0.012 v=0.016 ent=1.029 t=3498s
export: wrote /home/jack/Desktop/hax/haxball-clone/training/snapshots/snap_02500.bin (941716 bytes), parity skipped
ppo: added snapshot /home/jack/Desktop/hax/haxball-clone/training/snapshots/snap_02500.bin; league: ['rule:easy 0.69@3180', 'rule:normal 0.58@3513', 'rule:hard 0.43@3404', 'rule:impossible 0.38@3206', 'frozen:snap_00250.bin 0.66@2799', 'frozen:snap_00500.bin 0.98@700', 'frozen:snap_00750.bin 0.77@1546', 'frozen:snap_01000.bin 0.87@1026', 'frozen:snap_01250.bin 0.73@1272', 'frozen:snap_01500.bin 0.69@862', 'frozen:snap_01750.bin 0.86@473', 'frozen:snap_02000.bin 0.80@244', 'frozen:snap_02250.bin 0.63@175', 'frozen:snap_02500.bin -']
export: wrote /home/jack/Desktop/hax/haxball-clone/training/checkpoints/ppo.pt.eval.bin (941716 bytes), parity skipped
ppo: GATE upd 2500 score=0.078 win[norm/hard/imp]=0.12/0.06/0.00 poss_hard=0.41 pass_hard=0.00
ppo: upd 2505 rew/step=0.0003 pi=-0.010 v=0.014 ent=0.957 t=3517s
ppo: upd 2510 rew/step=-0.0008 pi=-0.011 v=0.015 ent=0.907 t=3525s
ppo: upd 2515 rew/step=0.0019 pi=-0.010 v=0.012 ent=0.884 t=3533s
ppo: upd 2520 rew/step=0.0029 pi=-0.012 v=0.016 ent=0.901 t=3542s
ppo: upd 2525 rew/step=0.0023 pi=-0.012 v=0.012 ent=0.998 t=3550s
ppo: upd 2530 rew/step=0.0003 pi=-0.013 v=0.017 ent=0.896 t=3559s
ppo: upd 2535 rew/step=0.0000 pi=-0.013 v=0.017 ent=0.933 t=3567s
ppo: upd 2540 rew/step=0.0041 pi=-0.012 v=0.018 ent=0.879 t=3575s
ppo: upd 2545 rew/step=0.0050 pi=-0.011 v=0.020 ent=0.844 t=3583s
ppo: upd 2550 rew/step=0.0035 pi=-0.011 v=0.017 ent=1.027 t=3592s
ppo: upd 2555 rew/step=-0.0008 pi=-0.013 v=0.014 ent=0.987 t=3600s
ppo: upd 2560 rew/step=0.0048 pi=-0.009 v=0.020 ent=0.866 t=3609s
ppo: upd 2565 rew/step=0.0035 pi=-0.011 v=0.019 ent=0.852 t=3617s
ppo: upd 2570 rew/step=0.0035 pi=-0.011 v=0.016 ent=0.842 t=3626s
ppo: upd 2575 rew/step=0.0013 pi=-0.014 v=0.017 ent=1.017 t=3634s
ppo: upd 2580 rew/step=0.0009 pi=-0.013 v=0.013 ent=0.939 t=3642s
ppo: upd 2585 rew/step=0.0031 pi=-0.010 v=0.015 ent=0.845 t=3651s
ppo: upd 2590 rew/step=0.0046 pi=-0.011 v=0.015 ent=0.863 t=3660s
ppo: upd 2595 rew/step=0.0034 pi=-0.014 v=0.019 ent=0.858 t=3669s
ppo: upd 2600 rew/step=0.0034 pi=-0.013 v=0.018 ent=0.886 t=3678s
ppo: upd 2605 rew/step=0.0002 pi=-0.014 v=0.011 ent=1.025 t=3686s
ppo: upd 2610 rew/step=-0.0002 pi=-0.013 v=0.010 ent=1.011 t=3694s
ppo: upd 2615 rew/step=0.0041 pi=-0.011 v=0.011 ent=0.953 t=3703s
ppo: upd 2620 rew/step=0.0018 pi=-0.013 v=0.020 ent=0.979 t=3711s
ppo: upd 2625 rew/step=0.0028 pi=-0.011 v=0.019 ent=1.005 t=3720s
ppo: upd 2630 rew/step=0.0020 pi=-0.012 v=0.012 ent=0.965 t=3729s
ppo: upd 2635 rew/step=0.0032 pi=-0.011 v=0.013 ent=0.967 t=3737s
ppo: upd 2640 rew/step=0.0036 pi=-0.013 v=0.018 ent=0.895 t=3745s
ppo: upd 2645 rew/step=0.0025 pi=-0.012 v=0.014 ent=1.008 t=3754s
ppo: upd 2650 rew/step=-0.0005 pi=-0.011 v=0.016 ent=0.986 t=3763s
ppo: upd 2655 rew/step=-0.0002 pi=-0.011 v=0.011 ent=1.012 t=3771s
ppo: upd 2660 rew/step=0.0025 pi=-0.010 v=0.013 ent=0.949 t=3779s
ppo: upd 2665 rew/step=0.0029 pi=-0.011 v=0.014 ent=0.840 t=3788s
ppo: upd 2670 rew/step=0.0017 pi=-0.015 v=0.016 ent=0.880 t=3796s
ppo: upd 2675 rew/step=0.0039 pi=-0.012 v=0.010 ent=0.998 t=3805s
ppo: upd 2680 rew/step=-0.0003 pi=-0.011 v=0.013 ent=0.990 t=3813s
ppo: upd 2685 rew/step=0.0009 pi=-0.010 v=0.010 ent=0.927 t=3822s
ppo: upd 2690 rew/step=0.0018 pi=-0.014 v=0.019 ent=0.864 t=3830s
ppo: upd 2695 rew/step=0.0033 pi=-0.012 v=0.014 ent=0.968 t=3838s
ppo: upd 2700 rew/step=0.0023 pi=-0.013 v=0.019 ent=1.019 t=3846s
ppo: upd 2705 rew/step=-0.0003 pi=-0.014 v=0.014 ent=0.993 t=3855s
ppo: upd 2710 rew/step=0.0025 pi=-0.011 v=0.016 ent=0.949 t=3863s
ppo: upd 2715 rew/step=0.0018 pi=-0.012 v=0.014 ent=0.904 t=3871s
ppo: upd 2720 rew/step=0.0018 pi=-0.013 v=0.017 ent=0.969 t=3880s
ppo: upd 2725 rew/step=0.0007 pi=-0.014 v=0.013 ent=1.035 t=3888s
ppo: upd 2730 rew/step=0.0014 pi=-0.011 v=0.014 ent=0.899 t=3897s
ppo: upd 2735 rew/step=0.0025 pi=-0.012 v=0.017 ent=0.886 t=3906s
ppo: upd 2740 rew/step=0.0034 pi=-0.012 v=0.014 ent=0.862 t=3914s
ppo: upd 2745 rew/step=0.0034 pi=-0.012 v=0.012 ent=1.048 t=3922s
ppo: upd 2750 rew/step=0.0023 pi=-0.011 v=0.011 ent=1.050 t=3931s
export: wrote /home/jack/Desktop/hax/haxball-clone/training/snapshots/snap_02750.bin (941716 bytes), parity skipped
ppo: added snapshot /home/jack/Desktop/hax/haxball-clone/training/snapshots/snap_02750.bin; league: ['rule:easy 0.69@3371', 'rule:normal 0.58@3710', 'rule:hard 0.43@3614', 'rule:impossible 0.37@3389', 'frozen:snap_00250.bin 0.67@2996', 'frozen:snap_00500.bin 0.98@748', 'frozen:snap_00750.bin 0.77@1700', 'frozen:snap_01000.bin 0.88@1134', 'frozen:snap_01250.bin 0.75@1441', 'frozen:snap_01500.bin 0.70@1044', 'frozen:snap_01750.bin 0.86@585', 'frozen:snap_02000.bin 0.81@393', 'frozen:snap_02250.bin 0.63@356', 'frozen:snap_02500.bin 0.77@159', 'frozen:snap_02750.bin -']
export: wrote /home/jack/Desktop/hax/haxball-clone/training/checkpoints/ppo.pt.eval.bin (941716 bytes), parity skipped
ppo: GATE upd 2750 score=0.254 win[norm/hard/imp]=0.44/0.31/0.06 poss_hard=0.45 pass_hard=0.00
ppo: SHIPPED new best (score 0.254) -> /home/jack/Desktop/hax/haxball-clone/internal/policy/weights/neural_v1.bin
ppo: upd 2755 rew/step=0.0003 pi=-0.013 v=0.014 ent=1.018 t=3950s
ppo: upd 2760 rew/step=0.0026 pi=-0.009 v=0.017 ent=0.886 t=3958s
ppo: upd 2765 rew/step=0.0035 pi=-0.009 v=0.015 ent=0.921 t=3966s
ppo: upd 2770 rew/step=0.0040 pi=-0.011 v=0.018 ent=0.992 t=3974s
ppo: upd 2775 rew/step=0.0000 pi=-0.011 v=0.014 ent=1.138 t=3983s
ppo: upd 2780 rew/step=-0.0019 pi=-0.011 v=0.011 ent=0.986 t=3992s
ppo: upd 2785 rew/step=0.0041 pi=-0.009 v=0.020 ent=0.918 t=4001s
ppo: upd 2790 rew/step=0.0023 pi=-0.012 v=0.015 ent=0.954 t=4010s
ppo: upd 2795 rew/step=0.0017 pi=-0.011 v=0.019 ent=0.939 t=4018s
ppo: upd 2800 rew/step=0.0016 pi=-0.015 v=0.020 ent=1.013 t=4027s
ppo: upd 2805 rew/step=0.0009 pi=-0.011 v=0.021 ent=0.978 t=4036s
ppo: upd 2810 rew/step=0.0014 pi=-0.013 v=0.020 ent=1.002 t=4044s
ppo: upd 2815 rew/step=0.0029 pi=-0.012 v=0.018 ent=0.945 t=4053s
ppo: upd 2820 rew/step=0.0012 pi=-0.011 v=0.019 ent=0.976 t=4062s
ppo: upd 2825 rew/step=-0.0010 pi=-0.013 v=0.022 ent=1.113 t=4070s
ppo: upd 2830 rew/step=0.0002 pi=-0.013 v=0.014 ent=0.989 t=4080s
ppo: upd 2835 rew/step=0.0032 pi=-0.012 v=0.010 ent=0.994 t=4089s
ppo: upd 2840 rew/step=0.0019 pi=-0.012 v=0.015 ent=0.997 t=4097s
ppo: upd 2845 rew/step=0.0012 pi=-0.013 v=0.014 ent=0.921 t=4105s
ppo: upd 2850 rew/step=-0.0004 pi=-0.011 v=0.027 ent=0.983 t=4113s
ppo: upd 2855 rew/step=-0.0002 pi=-0.011 v=0.018 ent=0.938 t=4122s
ppo: upd 2860 rew/step=-0.0001 pi=-0.012 v=0.020 ent=0.978 t=4132s
ppo: upd 2865 rew/step=0.0030 pi=-0.013 v=0.020 ent=0.913 t=4140s
ppo: upd 2870 rew/step=0.0018 pi=-0.012 v=0.017 ent=1.014 t=4149s
ppo: upd 2875 rew/step=0.0018 pi=-0.010 v=0.014 ent=1.012 t=4158s
ppo: upd 2880 rew/step=-0.0002 pi=-0.013 v=0.013 ent=1.042 t=4165s
ppo: upd 2885 rew/step=0.0019 pi=-0.012 v=0.019 ent=0.913 t=4174s
ppo: upd 2890 rew/step=0.0030 pi=-0.013 v=0.020 ent=0.963 t=4183s
ppo: upd 2895 rew/step=0.0024 pi=-0.011 v=0.022 ent=0.984 t=4192s
ppo: upd 2900 rew/step=0.0000 pi=-0.012 v=0.016 ent=1.030 t=4201s
ppo: upd 2905 rew/step=0.0003 pi=-0.013 v=0.014 ent=0.977 t=4209s
ppo: upd 2910 rew/step=0.0037 pi=-0.010 v=0.016 ent=0.927 t=4218s
ppo: upd 2915 rew/step=0.0019 pi=-0.012 v=0.016 ent=0.954 t=4225s
ppo: upd 2920 rew/step=0.0040 pi=-0.010 v=0.015 ent=0.965 t=4234s
ppo: upd 2925 rew/step=0.0012 pi=-0.013 v=0.011 ent=0.956 t=4242s
ppo: upd 2930 rew/step=-0.0015 pi=-0.013 v=0.017 ent=0.974 t=4251s
ppo: upd 2935 rew/step=0.0026 pi=-0.012 v=0.011 ent=1.022 t=4259s
ppo: upd 2940 rew/step=0.0024 pi=-0.011 v=0.011 ent=0.971 t=4268s
ppo: upd 2945 rew/step=0.0022 pi=-0.010 v=0.017 ent=0.873 t=4277s
ppo: upd 2950 rew/step=0.0039 pi=-0.012 v=0.018 ent=0.903 t=4285s
ppo: upd 2955 rew/step=0.0013 pi=-0.011 v=0.011 ent=1.018 t=4294s
ppo: upd 2960 rew/step=0.0032 pi=-0.010 v=0.012 ent=0.972 t=4302s
ppo: upd 2965 rew/step=0.0024 pi=-0.013 v=0.016 ent=0.933 t=4310s
ppo: upd 2970 rew/step=0.0013 pi=-0.011 v=0.015 ent=0.979 t=4319s
ppo: upd 2975 rew/step=0.0029 pi=-0.012 v=0.017 ent=0.973 t=4327s
ppo: upd 2980 rew/step=0.0003 pi=-0.011 v=0.009 ent=1.056 t=4336s
ppo: upd 2985 rew/step=0.0009 pi=-0.012 v=0.013 ent=0.995 t=4345s
ppo: upd 2990 rew/step=0.0024 pi=-0.010 v=0.018 ent=0.952 t=4353s
ppo: upd 2995 rew/step=0.0041 pi=-0.012 v=0.014 ent=1.037 t=4361s
ppo: upd 3000 rew/step=0.0029 pi=-0.012 v=0.015 ent=0.992 t=4369s
export: wrote /home/jack/Desktop/hax/haxball-clone/training/snapshots/snap_03000.bin (941716 bytes), parity skipped
ppo: added snapshot /home/jack/Desktop/hax/haxball-clone/training/snapshots/snap_03000.bin; league: ['rule:easy 0.69@3546', 'rule:normal 0.58@3918', 'rule:hard 0.43@3812', 'rule:impossible 0.37@3554', 'frozen:snap_00250.bin 0.67@3193', 'frozen:snap_00500.bin 0.98@789', 'frozen:snap_00750.bin 0.76@1842', 'frozen:snap_01000.bin 0.88@1243', 'frozen:snap_01250.bin 0.76@1585', 'frozen:snap_01500.bin 0.71@1212', 'frozen:snap_01750.bin 0.86@684', 'frozen:snap_02000.bin 0.81@518', 'frozen:snap_02250.bin 0.62@539', 'frozen:snap_02500.bin 0.75@300', 'frozen:snap_02750.bin 0.71@145', 'frozen:snap_03000.bin -']
export: wrote /home/jack/Desktop/hax/haxball-clone/training/checkpoints/ppo.pt.eval.bin (941716 bytes), parity skipped
ppo: GATE upd 3000 score=0.165 win[norm/hard/imp]=0.44/0.19/0.00 poss_hard=0.49 pass_hard=0.00
ppo: upd 3005 rew/step=0.0020 pi=-0.010 v=0.012 ent=1.038 t=4388s
ppo: upd 3010 rew/step=0.0040 pi=-0.008 v=0.013 ent=0.923 t=4397s
ppo: upd 3015 rew/step=0.0035 pi=-0.009 v=0.014 ent=0.949 t=4406s
ppo: upd 3020 rew/step=0.0018 pi=-0.010 v=0.014 ent=0.999 t=4414s
ppo: upd 3025 rew/step=0.0024 pi=-0.011 v=0.015 ent=0.986 t=4423s
ppo: upd 3030 rew/step=0.0025 pi=-0.011 v=0.014 ent=1.019 t=4431s
ppo: upd 3035 rew/step=0.0044 pi=-0.009 v=0.017 ent=0.973 t=4440s
ppo: upd 3040 rew/step=0.0029 pi=-0.008 v=0.013 ent=0.938 t=4449s
ppo: upd 3045 rew/step=0.0052 pi=-0.011 v=0.015 ent=0.980 t=4457s
ppo: upd 3050 rew/step=-0.0005 pi=-0.010 v=0.019 ent=0.985 t=4465s
ppo: upd 3055 rew/step=0.0020 pi=-0.011 v=0.013 ent=0.989 t=4474s
ppo: upd 3060 rew/step=0.0042 pi=-0.012 v=0.016 ent=0.999 t=4483s
ppo: upd 3065 rew/step=0.0041 pi=-0.011 v=0.018 ent=0.977 t=4492s
ppo: upd 3070 rew/step=0.0024 pi=-0.009 v=0.019 ent=0.966 t=4500s
ppo: upd 3075 rew/step=0.0017 pi=-0.012 v=0.015 ent=1.006 t=4509s
ppo: upd 3080 rew/step=0.0020 pi=-0.012 v=0.015 ent=1.083 t=4518s
ppo: upd 3085 rew/step=0.0020 pi=-0.013 v=0.015 ent=0.974 t=4526s
ppo: upd 3090 rew/step=0.0030 pi=-0.013 v=0.021 ent=0.977 t=4535s
ppo: upd 3095 rew/step=0.0051 pi=-0.012 v=0.018 ent=0.966 t=4544s
ppo: upd 3100 rew/step=0.0028 pi=-0.009 v=0.013 ent=1.078 t=4553s
ppo: upd 3105 rew/step=-0.0003 pi=-0.013 v=0.016 ent=1.016 t=4562s
ppo: upd 3110 rew/step=0.0031 pi=-0.009 v=0.011 ent=0.997 t=4570s
ppo: upd 3115 rew/step=0.0035 pi=-0.010 v=0.017 ent=0.895 t=4579s
ppo: upd 3120 rew/step=0.0040 pi=-0.009 v=0.012 ent=0.879 t=4587s
ppo: upd 3125 rew/step=0.0033 pi=-0.010 v=0.015 ent=0.996 t=4596s
ppo: upd 3130 rew/step=0.0003 pi=-0.012 v=0.012 ent=1.106 t=4606s
ppo: upd 3135 rew/step=0.0031 pi=-0.011 v=0.017 ent=0.999 t=4614s
ppo: upd 3140 rew/step=0.0030 pi=-0.009 v=0.022 ent=0.947 t=4623s
ppo: upd 3145 rew/step=0.0045 pi=-0.009 v=0.013 ent=0.989 t=4632s
ppo: upd 3150 rew/step=0.0039 pi=-0.013 v=0.018 ent=1.013 t=4640s
ppo: upd 3155 rew/step=0.0009 pi=-0.011 v=0.010 ent=1.106 t=4650s
ppo: upd 3160 rew/step=0.0036 pi=-0.010 v=0.011 ent=0.920 t=4659s
ppo: upd 3165 rew/step=0.0041 pi=-0.009 v=0.013 ent=0.872 t=4667s
ppo: upd 3170 rew/step=0.0028 pi=-0.010 v=0.012 ent=0.863 t=4676s
ppo: upd 3175 rew/step=0.0022 pi=-0.010 v=0.015 ent=1.001 t=4684s
ppo: upd 3180 rew/step=0.0019 pi=-0.014 v=0.015 ent=1.023 t=4693s
ppo: upd 3185 rew/step=0.0037 pi=-0.009 v=0.016 ent=0.915 t=4702s
ppo: upd 3190 rew/step=0.0018 pi=-0.009 v=0.021 ent=0.951 t=4710s
ppo: upd 3195 rew/step=0.0034 pi=-0.010 v=0.017 ent=0.922 t=4718s
ppo: upd 3200 rew/step=0.0012 pi=-0.013 v=0.018 ent=0.969 t=4727s
ppo: upd 3205 rew/step=-0.0002 pi=-0.010 v=0.010 ent=1.037 t=4736s
ppo: upd 3210 rew/step=0.0025 pi=-0.012 v=0.014 ent=0.946 t=4745s
ppo: upd 3215 rew/step=0.0036 pi=-0.011 v=0.011 ent=0.936 t=4753s
ppo: upd 3220 rew/step=0.0035 pi=-0.010 v=0.016 ent=0.993 t=4762s
ppo: upd 3225 rew/step=0.0006 pi=-0.013 v=0.017 ent=1.049 t=4771s
ppo: upd 3230 rew/step=0.0003 pi=-0.012 v=0.014 ent=1.052 t=4779s
ppo: upd 3235 rew/step=0.0036 pi=-0.010 v=0.013 ent=0.944 t=4788s
ppo: upd 3240 rew/step=0.0047 pi=-0.010 v=0.015 ent=0.882 t=4796s
ppo: upd 3245 rew/step=0.0040 pi=-0.011 v=0.017 ent=0.999 t=4804s
ppo: upd 3250 rew/step=0.0028 pi=-0.013 v=0.009 ent=1.040 t=4813s
export: wrote /home/jack/Desktop/hax/haxball-clone/training/snapshots/snap_03250.bin (941716 bytes), parity skipped
ppo: added snapshot /home/jack/Desktop/hax/haxball-clone/training/snapshots/snap_03250.bin; league: ['rule:easy 0.69@3712', 'rule:normal 0.58@4086', 'rule:hard 0.43@3995', 'rule:impossible 0.37@3734', 'frozen:snap_00250.bin 0.68@3361', 'frozen:snap_00500.bin 0.98@832', 'frozen:snap_00750.bin 0.77@1995', 'frozen:snap_01000.bin 0.89@1329', 'frozen:snap_01250.bin 0.78@1713', 'frozen:snap_01500.bin 0.72@1370', 'frozen:snap_01750.bin 0.87@783', 'frozen:snap_02000.bin 0.82@627', 'frozen:snap_02250.bin 0.65@719', 'frozen:snap_02500.bin 0.79@429', 'frozen:snap_02750.bin 0.78@289', 'frozen:snap_03000.bin 0.76@146', 'frozen:snap_03250.bin -']
export: wrote /home/jack/Desktop/hax/haxball-clone/training/checkpoints/ppo.pt.eval.bin (941716 bytes), parity skipped
ppo: GATE upd 3250 score=0.127 win[norm/hard/imp]=0.38/0.00/0.12 poss_hard=0.46 pass_hard=1.00
ppo: upd 3255 rew/step=0.0010 pi=-0.012 v=0.013 ent=1.022 t=4832s
ppo: upd 3260 rew/step=0.0064 pi=-0.009 v=0.020 ent=0.781 t=4840s
ppo: upd 3265 rew/step=0.0057 pi=-0.010 v=0.013 ent=0.773 t=4849s
ppo: upd 3270 rew/step=0.0051 pi=-0.009 v=0.015 ent=0.820 t=4857s
ppo: upd 3275 rew/step=0.0035 pi=-0.009 v=0.014 ent=0.925 t=4866s
ppo: upd 3280 rew/step=0.0025 pi=-0.011 v=0.015 ent=0.885 t=4875s
ppo: upd 3285 rew/step=0.0042 pi=-0.011 v=0.016 ent=0.816 t=4883s
ppo: upd 3290 rew/step=0.0052 pi=-0.011 v=0.016 ent=0.826 t=4892s
ppo: upd 3295 rew/step=0.0040 pi=-0.011 v=0.016 ent=0.816 t=4901s
ppo: upd 3300 rew/step=0.0000 pi=-0.010 v=0.023 ent=0.929 t=4910s
ppo: upd 3305 rew/step=0.0003 pi=-0.011 v=0.015 ent=0.873 t=4918s
ppo: upd 3310 rew/step=0.0026 pi=-0.012 v=0.016 ent=0.839 t=4926s
ppo: upd 3315 rew/step=0.0040 pi=-0.012 v=0.016 ent=0.775 t=4934s
ppo: upd 3320 rew/step=0.0028 pi=-0.009 v=0.013 ent=0.912 t=4943s
ppo: upd 3325 rew/step=-0.0000 pi=-0.013 v=0.020 ent=0.954 t=4952s
ppo: upd 3330 rew/step=0.0010 pi=-0.008 v=0.016 ent=0.857 t=4961s
ppo: upd 3335 rew/step=0.0052 pi=-0.008 v=0.022 ent=0.822 t=4970s
ppo: upd 3340 rew/step=0.0052 pi=-0.010 v=0.011 ent=0.858 t=4978s
ppo: upd 3345 rew/step=0.0012 pi=-0.008 v=0.018 ent=0.895 t=4986s
ppo: upd 3350 rew/step=0.0017 pi=-0.012 v=0.017 ent=0.978 t=4994s
ppo: upd 3355 rew/step=-0.0002 pi=-0.011 v=0.016 ent=0.968 t=5003s
ppo: upd 3360 rew/step=0.0048 pi=-0.010 v=0.014 ent=0.896 t=5011s
ppo: upd 3365 rew/step=0.0040 pi=-0.010 v=0.012 ent=0.917 t=5019s
ppo: upd 3370 rew/step=0.0045 pi=-0.011 v=0.013 ent=0.974 t=5028s
ppo: upd 3375 rew/step=-0.0038 pi=-0.008 v=0.023 ent=1.080 t=5037s
ppo: upd 3380 rew/step=0.0009 pi=-0.009 v=0.013 ent=0.976 t=5045s
ppo: upd 3385 rew/step=0.0041 pi=-0.011 v=0.014 ent=0.960 t=5053s
ppo: upd 3390 rew/step=0.0024 pi=-0.010 v=0.015 ent=0.953 t=5063s
ppo: upd 3395 rew/step=0.0045 pi=-0.011 v=0.012 ent=0.958 t=5071s
ppo: upd 3400 rew/step=0.0029 pi=-0.012 v=0.015 ent=1.023 t=5080s
ppo: upd 3405 rew/step=0.0009 pi=-0.011 v=0.010 ent=1.057 t=5088s
ppo: upd 3410 rew/step=0.0025 pi=-0.010 v=0.011 ent=0.960 t=5096s
ppo: upd 3415 rew/step=0.0047 pi=-0.011 v=0.011 ent=0.899 t=5105s
ppo: upd 3420 rew/step=0.0024 pi=-0.010 v=0.013 ent=1.085 t=5114s
ppo: upd 3425 rew/step=0.0017 pi=-0.011 v=0.017 ent=0.964 t=5123s
ppo: upd 3430 rew/step=-0.0007 pi=-0.012 v=0.013 ent=1.074 t=5132s
ppo: upd 3435 rew/step=0.0049 pi=-0.011 v=0.011 ent=0.998 t=5140s
ppo: upd 3440 rew/step=0.0019 pi=-0.010 v=0.014 ent=0.968 t=5147s
ppo: upd 3445 rew/step=0.0024 pi=-0.010 v=0.016 ent=0.943 t=5155s
ppo: upd 3450 rew/step=0.0036 pi=-0.011 v=0.015 ent=0.996 t=5164s
ppo: upd 3455 rew/step=-0.0026 pi=-0.011 v=0.015 ent=1.003 t=5173s
ppo: upd 3460 rew/step=0.0021 pi=-0.010 v=0.020 ent=0.987 t=5181s
ppo: upd 3465 rew/step=-0.0009 pi=-0.010 v=0.017 ent=1.004 t=5190s
ppo: upd 3470 rew/step=0.0009 pi=-0.013 v=0.017 ent=1.056 t=5199s
ppo: upd 3475 rew/step=0.0039 pi=-0.011 v=0.016 ent=0.923 t=5207s
ppo: upd 3480 rew/step=0.0004 pi=-0.012 v=0.017 ent=0.980 t=5216s
ppo: upd 3485 rew/step=0.0031 pi=-0.011 v=0.014 ent=1.045 t=5224s
ppo: upd 3490 rew/step=0.0035 pi=-0.013 v=0.014 ent=0.911 t=5233s
ppo: upd 3495 rew/step=0.0035 pi=-0.013 v=0.016 ent=0.954 t=5242s
ppo: upd 3500 rew/step=0.0030 pi=-0.011 v=0.012 ent=0.999 t=5251s
export: wrote /home/jack/Desktop/hax/haxball-clone/training/snapshots/snap_03500.bin (941716 bytes), parity skipped
ppo: added snapshot /home/jack/Desktop/hax/haxball-clone/training/snapshots/snap_03500.bin; league: ['rule:easy 0.69@3878', 'rule:normal 0.58@4233', 'rule:hard 0.43@4209', 'rule:impossible 0.38@3898', 'frozen:snap_00250.bin 0.69@3521', 'frozen:snap_00500.bin 0.98@875', 'frozen:snap_00750.bin 0.77@2138', 'frozen:snap_01000.bin 0.89@1421', 'frozen:snap_01250.bin 0.79@1846', 'frozen:snap_01500.bin 0.73@1504', 'frozen:snap_01750.bin 0.88@875', 'frozen:snap_02000.bin 0.82@731', 'frozen:snap_02250.bin 0.67@887', 'frozen:snap_02500.bin 0.82@537', 'frozen:snap_02750.bin 0.82@410', 'frozen:snap_03000.bin 0.75@299', 'frozen:snap_03250.bin 0.76@98', 'frozen:snap_03500.bin -']
export: wrote /home/jack/Desktop/hax/haxball-clone/training/checkpoints/ppo.pt.eval.bin (941716 bytes), parity skipped
ppo: GATE upd 3500 score=0.160 win[norm/hard/imp]=0.31/0.12/0.06 poss_hard=0.51 pass_hard=0.00
ppo: upd 3505 rew/step=0.0014 pi=-0.009 v=0.012 ent=0.984 t=5270s
ppo: upd 3510 rew/step=0.0020 pi=-0.011 v=0.020 ent=0.947 t=5279s
ppo: upd 3515 rew/step=0.0035 pi=-0.011 v=0.016 ent=0.930 t=5286s
ppo: upd 3520 rew/step=0.0051 pi=-0.012 v=0.017 ent=1.051 t=5295s
ppo: upd 3525 rew/step=0.0024 pi=-0.010 v=0.016 ent=1.124 t=5304s
ppo: upd 3530 rew/step=-0.0008 pi=-0.012 v=0.012 ent=1.181 t=5313s
ppo: upd 3535 rew/step=0.0065 pi=-0.008 v=0.021 ent=1.055 t=5322s
ppo: upd 3540 rew/step=0.0035 pi=-0.010 v=0.009 ent=1.132 t=5331s
ppo: upd 3545 rew/step=0.0034 pi=-0.009 v=0.012 ent=1.125 t=5340s
ppo: upd 3550 rew/step=0.0024 pi=-0.009 v=0.013 ent=1.205 t=5348s
ppo: upd 3555 rew/step=0.0030 pi=-0.010 v=0.018 ent=1.155 t=5357s
ppo: upd 3560 rew/step=0.0065 pi=-0.009 v=0.017 ent=1.189 t=5366s
ppo: upd 3565 rew/step=0.0046 pi=-0.010 v=0.013 ent=1.130 t=5375s
ppo: upd 3570 rew/step=0.0057 pi=-0.010 v=0.014 ent=1.094 t=5384s
ppo: upd 3575 rew/step=0.0012 pi=-0.009 v=0.015 ent=1.170 t=5393s
ppo: upd 3580 rew/step=0.0010 pi=-0.010 v=0.015 ent=1.148 t=5402s
ppo: upd 3585 rew/step=0.0031 pi=-0.009 v=0.015 ent=1.100 t=5411s
ppo: upd 3590 rew/step=0.0040 pi=-0.012 v=0.021 ent=1.080 t=5420s
ppo: upd 3595 rew/step=0.0040 pi=-0.011 v=0.016 ent=1.093 t=5428s
ppo: upd 3600 rew/step=0.0039 pi=-0.011 v=0.021 ent=1.143 t=5438s
ppo: upd 3605 rew/step=0.0014 pi=-0.010 v=0.019 ent=1.127 t=5447s
ppo: upd 3610 rew/step=0.0037 pi=-0.008 v=0.025 ent=1.090 t=5455s
ppo: upd 3615 rew/step=0.0029 pi=-0.011 v=0.012 ent=1.119 t=5465s
ppo: upd 3620 rew/step=0.0018 pi=-0.010 v=0.017 ent=1.137 t=5474s
ppo: upd 3625 rew/step=0.0019 pi=-0.011 v=0.012 ent=1.149 t=5483s
ppo: upd 3630 rew/step=0.0025 pi=-0.008 v=0.014 ent=1.123 t=5491s
ppo: upd 3635 rew/step=0.0043 pi=-0.009 v=0.015 ent=1.090 t=5500s
ppo: upd 3640 rew/step=0.0014 pi=-0.008 v=0.012 ent=1.150 t=5509s
ppo: upd 3645 rew/step=0.0036 pi=-0.010 v=0.019 ent=0.957 t=5518s
ppo: upd 3650 rew/step=0.0041 pi=-0.012 v=0.012 ent=1.115 t=5526s
ppo: upd 3655 rew/step=-0.0001 pi=-0.009 v=0.008 ent=1.223 t=5535s
ppo: upd 3660 rew/step=0.0025 pi=-0.012 v=0.014 ent=1.103 t=5544s
ppo: upd 3665 rew/step=0.0042 pi=-0.010 v=0.008 ent=1.130 t=5552s
ppo: upd 3670 rew/step=0.0018 pi=-0.009 v=0.015 ent=1.004 t=5561s
ppo: upd 3675 rew/step=0.0039 pi=-0.008 v=0.009 ent=1.113 t=5570s
ppo: upd 3680 rew/step=0.0014 pi=-0.012 v=0.012 ent=1.109 t=5578s
ppo: upd 3685 rew/step=0.0047 pi=-0.008 v=0.012 ent=1.037 t=5587s
ppo: upd 3690 rew/step=0.0019 pi=-0.009 v=0.015 ent=1.061 t=5596s
ppo: upd 3695 rew/step=0.0030 pi=-0.012 v=0.011 ent=1.119 t=5605s
ppo: upd 3700 rew/step=0.0028 pi=-0.010 v=0.012 ent=1.078 t=5614s
ppo: upd 3705 rew/step=-0.0004 pi=-0.012 v=0.013 ent=1.179 t=5623s
ppo: upd 3710 rew/step=0.0048 pi=-0.009 v=0.015 ent=1.092 t=5632s
ppo: upd 3715 rew/step=0.0013 pi=-0.012 v=0.020 ent=1.166 t=5641s
ppo: upd 3720 rew/step=0.0024 pi=-0.012 v=0.010 ent=1.029 t=5650s
ppo: upd 3725 rew/step=0.0007 pi=-0.009 v=0.016 ent=1.090 t=5659s
ppo: upd 3730 rew/step=-0.0002 pi=-0.011 v=0.012 ent=1.186 t=5668s
ppo: upd 3735 rew/step=0.0043 pi=-0.008 v=0.015 ent=1.111 t=5677s
ppo: upd 3740 rew/step=0.0025 pi=-0.010 v=0.011 ent=1.217 t=5685s
ppo: upd 3745 rew/step=0.0057 pi=-0.009 v=0.010 ent=1.107 t=5694s
ppo: upd 3750 rew/step=-0.0005 pi=-0.008 v=0.011 ent=1.134 t=5702s
export: wrote /home/jack/Desktop/hax/haxball-clone/training/snapshots/snap_03750.bin (941716 bytes), parity skipped
ppo: added snapshot /home/jack/Desktop/hax/haxball-clone/training/snapshots/snap_03750.bin; league: ['rule:easy 0.69@4025', 'rule:normal 0.58@4376', 'rule:hard 0.43@4394', 'rule:impossible 0.37@4054', 'frozen:snap_00250.bin 0.69@3643', 'frozen:snap_00500.bin 0.98@910', 'frozen:snap_00750.bin 0.77@2251', 'frozen:snap_01000.bin 0.89@1516', 'frozen:snap_01250.bin 0.80@1967', 'frozen:snap_01500.bin 0.73@1654', 'frozen:snap_01750.bin 0.89@959', 'frozen:snap_02000.bin 0.83@855', 'frozen:snap_02250.bin 0.68@1027', 'frozen:snap_02500.bin 0.83@633', 'frozen:snap_02750.bin 0.85@522', 'frozen:snap_03000.bin 0.75@417', 'frozen:snap_03250.bin 0.76@241', 'frozen:snap_03500.bin 0.68@156', 'frozen:snap_03750.bin -']
export: wrote /home/jack/Desktop/hax/haxball-clone/training/checkpoints/ppo.pt.eval.bin (941716 bytes), parity skipped
ppo: GATE upd 3750 score=0.105 win[norm/hard/imp]=0.38/0.00/0.06 poss_hard=0.55 pass_hard=0.00
ppo: upd 3755 rew/step=0.0003 pi=-0.012 v=0.011 ent=1.209 t=5722s
ppo: upd 3760 rew/step=0.0032 pi=-0.009 v=0.010 ent=1.258 t=5731s
ppo: upd 3765 rew/step=0.0042 pi=-0.011 v=0.010 ent=1.162 t=5739s
ppo: upd 3770 rew/step=0.0069 pi=-0.009 v=0.009 ent=1.152 t=5748s
ppo: upd 3775 rew/step=0.0030 pi=-0.011 v=0.015 ent=1.232 t=5756s
ppo: upd 3780 rew/step=0.0014 pi=-0.010 v=0.013 ent=1.308 t=5765s
ppo: upd 3785 rew/step=0.0049 pi=-0.010 v=0.022 ent=1.212 t=5774s
ppo: upd 3790 rew/step=0.0064 pi=-0.011 v=0.015 ent=1.132 t=5783s
ppo: upd 3795 rew/step=0.0035 pi=-0.009 v=0.016 ent=1.224 t=5792s
ppo: upd 3800 rew/step=0.0034 pi=-0.011 v=0.013 ent=1.320 t=5801s
ppo: upd 3805 rew/step=0.0009 pi=-0.011 v=0.015 ent=1.332 t=5810s
ppo: upd 3810 rew/step=0.0025 pi=-0.013 v=0.025 ent=1.283 t=5820s
ppo: upd 3815 rew/step=0.0029 pi=-0.012 v=0.012 ent=1.330 t=5833s
ppo: upd 3820 rew/step=0.0058 pi=-0.009 v=0.017 ent=1.252 t=5849s
ppo: upd 3825 rew/step=0.0018 pi=-0.010 v=0.018 ent=1.392 t=5863s
ppo: upd 3830 rew/step=-0.0003 pi=-0.008 v=0.010 ent=1.292 t=5872s
ppo: upd 3835 rew/step=0.0037 pi=-0.011 v=0.022 ent=1.350 t=5882s
ppo: upd 3840 rew/step=0.0031 pi=-0.009 v=0.014 ent=1.354 t=5890s
ppo: upd 3845 rew/step=0.0046 pi=-0.011 v=0.014 ent=1.238 t=5900s
ppo: upd 3850 rew/step=0.0007 pi=-0.012 v=0.023 ent=1.334 t=5909s
