ppo: upd 5 rew/step=-0.0011 pi=0.021 v=1.682 ent=0.672 t=2s
ppo: upd 10 rew/step=-0.0003 pi=0.000 v=0.621 ent=0.622 t=4s
ppo: upd 15 rew/step=-0.0003 pi=-0.007 v=0.104 ent=0.632 t=6s
ppo: upd 20 rew/step=-0.0003 pi=-0.007 v=0.052 ent=0.646 t=7s
ppo: upd 25 rew/step=-0.0011 pi=-0.004 v=0.079 ent=0.673 t=9s
ppo: upd 30 rew/step=-0.0003 pi=-0.012 v=0.023 ent=0.702 t=11s
ppo: upd 35 rew/step=-0.0002 pi=-0.009 v=0.025 ent=0.586 t=12s
ppo: upd 40 rew/step=-0.0003 pi=-0.005 v=0.014 ent=0.630 t=14s
ppo: upd 45 rew/step=-0.0003 pi=-0.005 v=0.010 ent=0.593 t=16s
ppo: upd 50 rew/step=-0.0003 pi=-0.003 v=0.021 ent=0.534 t=17s
ppo: upd 55 rew/step=-0.0003 pi=-0.008 v=0.010 ent=0.596 t=19s
ppo: upd 60 rew/step=-0.0012 pi=-0.006 v=0.016 ent=0.558 t=21s
ppo: upd 65 rew/step=-0.0003 pi=-0.005 v=0.011 ent=0.539 t=22s
ppo: upd 70 rew/step=-0.0003 pi=-0.005 v=0.006 ent=0.519 t=24s
ppo: upd 75 rew/step=-0.0003 pi=-0.004 v=0.012 ent=0.463 t=26s
ppo: upd 80 rew/step=-0.0003 pi=-0.006 v=0.006 ent=0.459 t=27s
ppo: upd 85 rew/step=-0.0010 pi=-0.007 v=0.010 ent=0.525 t=29s
ppo: upd 90 rew/step=-0.0020 pi=-0.006 v=0.012 ent=0.385 t=31s
ppo: upd 95 rew/step=-0.0003 pi=-0.006 v=0.005 ent=0.512 t=33s
ppo: upd 100 rew/step=-0.0028 pi=-0.007 v=0.021 ent=0.481 t=34s
ppo: upd 105 rew/step=-0.0003 pi=-0.004 v=0.004 ent=0.441 t=36s
ppo: upd 110 rew/step=-0.0003 pi=-0.005 v=0.005 ent=0.481 t=38s
ppo: upd 115 rew/step=-0.0019 pi=-0.006 v=0.011 ent=0.385 t=40s
ppo: upd 120 rew/step=-0.0002 pi=-0.004 v=0.004 ent=0.501 t=41s
ppo: upd 125 rew/step=-0.0002 pi=-0.004 v=0.006 ent=0.396 t=43s
ppo: upd 130 rew/step=-0.0003 pi=-0.001 v=0.002 ent=0.345 t=45s
ppo: upd 135 rew/step=0.0006 pi=-0.005 v=0.008 ent=0.476 t=46s
ppo: upd 140 rew/step=-0.0003 pi=-0.007 v=0.003 ent=0.399 t=48s
ppo: upd 145 rew/step=-0.0003 pi=-0.005 v=0.002 ent=0.490 t=50s
ppo: upd 150 rew/step=-0.0011 pi=-0.004 v=0.010 ent=0.392 t=51s
ppo: upd 155 rew/step=-0.0003 pi=-0.003 v=0.002 ent=0.384 t=53s
ppo: upd 160 rew/step=-0.0003 pi=-0.003 v=0.003 ent=0.405 t=55s
ppo: upd 165 rew/step=-0.0003 pi=-0.002 v=0.002 ent=0.357 t=56s
ppo: upd 170 rew/step=-0.0003 pi=-0.002 v=0.002 ent=0.430 t=58s
ppo: upd 175 rew/step=-0.0003 pi=-0.002 v=0.003 ent=0.325 t=59s
ppo: upd 180 rew/step=-0.0003 pi=-0.002 v=0.002 ent=0.336 t=61s
ppo: upd 185 rew/step=-0.0003 pi=-0.004 v=0.003 ent=0.403 t=63s
ppo: upd 190 rew/step=-0.0003 pi=-0.001 v=0.001 ent=0.332 t=64s
ppo: upd 195 rew/step=-0.0002 pi=-0.005 v=0.003 ent=0.411 t=66s
ppo: upd 200 rew/step=-0.0002 pi=-0.004 v=0.004 ent=0.354 t=68s
export: wrote /home/jack/Desktop/hax/haxball-clone/training/checkpoints/ppo6.pt.eval.bin (941716 bytes), parity skipped
ppo: GATE upd 200 score=0.042 win[norm/hard/imp]=0.12/0.00/0.00 poss_hard=0.36 pass_hard=0.50
ppo: SHIPPED new best (score 0.042) -> /home/jack/Desktop/hax/haxball-clone/internal/policy/weights/neural_v1.bin
ppo: upd 205 rew/step=-0.0003 pi=-0.003 v=0.001 ent=0.295 t=89s
ppo: upd 210 rew/step=-0.0011 pi=-0.005 v=0.007 ent=0.376 t=91s
