ppo: upd 5 rew/step=0.0007 pi=-0.006 v=0.013 ent=2.793 t=7s
ppo: upd 10 rew/step=0.0034 pi=-0.005 v=0.013 ent=2.805 t=14s
ppo: upd 15 rew/step=0.0024 pi=-0.004 v=0.014 ent=2.710 t=21s
ppo: upd 20 rew/step=-0.0008 pi=-0.005 v=0.016 ent=2.913 t=28s
ppo: upd 25 rew/step=0.0030 pi=-0.005 v=0.018 ent=2.846 t=34s
ppo: upd 30 rew/step=0.0025 pi=-0.004 v=0.016 ent=2.711 t=41s
ppo: upd 35 rew/step=0.0018 pi=-0.003 v=0.021 ent=2.568 t=47s
ppo: upd 40 rew/step=0.0026 pi=-0.005 v=0.012 ent=2.666 t=53s
ppo: upd 45 rew/step=0.0036 pi=-0.004 v=0.018 ent=2.588 t=59s
ppo: upd 50 rew/step=0.0053 pi=-0.004 v=0.019 ent=2.655 t=64s
ppo: upd 55 rew/step=0.0012 pi=-0.005 v=0.015 ent=2.743 t=70s
ppo: upd 60 rew/step=0.0034 pi=-0.004 v=0.014 ent=2.617 t=76s
ppo: upd 65 rew/step=0.0003 pi=-0.004 v=0.015 ent=2.682 t=82s
ppo: upd 70 rew/step=0.0029 pi=-0.004 v=0.013 ent=2.671 t=90s
ppo: upd 75 rew/step=0.0018 pi=-0.004 v=0.019 ent=2.635 t=97s
ppo: upd 80 rew/step=0.0057 pi=-0.003 v=0.015 ent=2.577 t=103s
ppo: upd 85 rew/step=0.0025 pi=-0.004 v=0.018 ent=2.674 t=110s
ppo: upd 90 rew/step=0.0013 pi=-0.004 v=0.023 ent=2.710 t=115s
ppo: upd 95 rew/step=0.0041 pi=-0.004 v=0.020 ent=2.687 t=122s
ppo: upd 100 rew/step=0.0012 pi=-0.004 v=0.014 ent=2.584 t=129s
ppo: upd 105 rew/step=0.0069 pi=-0.004 v=0.014 ent=2.506 t=136s
ppo: upd 110 rew/step=0.0025 pi=-0.004 v=0.018 ent=2.576 t=143s
ppo: upd 115 rew/step=0.0007 pi=-0.005 v=0.017 ent=2.528 t=149s
ppo: upd 120 rew/step=0.0036 pi=-0.005 v=0.014 ent=2.462 t=155s
ppo: upd 125 rew/step=0.0029 pi=-0.005 v=0.019 ent=2.349 t=162s
ppo: upd 130 rew/step=0.0031 pi=-0.005 v=0.014 ent=2.523 t=168s
ppo: upd 135 rew/step=0.0008 pi=-0.004 v=0.024 ent=2.548 t=174s
ppo: upd 140 rew/step=0.0029 pi=-0.005 v=0.020 ent=2.313 t=181s
ppo: upd 145 rew/step=0.0006 pi=-0.005 v=0.018 ent=2.426 t=188s
ppo: upd 150 rew/step=0.0041 pi=-0.005 v=0.012 ent=2.283 t=194s
ppo: upd 155 rew/step=0.0007 pi=-0.004 v=0.013 ent=2.404 t=201s
ppo: upd 160 rew/step=0.0046 pi=-0.003 v=0.018 ent=2.150 t=207s
ppo: upd 165 rew/step=0.0008 pi=-0.005 v=0.014 ent=2.251 t=214s
ppo: upd 170 rew/step=0.0046 pi=-0.004 v=0.020 ent=1.964 t=221s
ppo: upd 175 rew/step=0.0030 pi=-0.005 v=0.018 ent=2.141 t=227s
ppo: upd 180 rew/step=0.0045 pi=-0.004 v=0.018 ent=2.090 t=236s
ppo: upd 185 rew/step=0.0041 pi=-0.004 v=0.018 ent=2.111 t=243s
ppo: upd 190 rew/step=0.0039 pi=-0.004 v=0.016 ent=2.116 t=250s
ppo: upd 195 rew/step=0.0035 pi=-0.005 v=0.019 ent=1.974 t=257s
ppo: upd 200 rew/step=0.0021 pi=-0.004 v=0.014 ent=2.155 t=265s
export: wrote /home/jack/Desktop/hax/haxball-clone/training/checkpoints/ppo.pt.eval.bin (941716 bytes), parity skipped
ppo: GATE upd 200 score=0.573 win[norm/hard/imp]=0.78/0.57/0.40 poss_hard=0.47 pass_hard=0.00
ppo: SHIPPED new best (score 0.573) -> /home/jack/Desktop/hax/haxball-clone/internal/policy/weights/neural_v1.bin
ppo: upd 205 rew/step=0.0030 pi=-0.004 v=0.017 ent=2.076 t=314s
ppo: upd 210 rew/step=0.0019 pi=-0.004 v=0.018 ent=2.188 t=320s
ppo: upd 215 rew/step=0.0045 pi=-0.004 v=0.014 ent=2.030 t=326s
ppo: upd 220 rew/step=0.0047 pi=-0.004 v=0.018 ent=2.075 t=333s
ppo: upd 225 rew/step=0.0013 pi=-0.004 v=0.022 ent=2.104 t=340s
ppo: upd 230 rew/step=0.0053 pi=-0.004 v=0.016 ent=2.227 t=346s
ppo: upd 235 rew/step=0.0029 pi=-0.005 v=0.015 ent=2.059 t=353s
ppo: upd 240 rew/step=0.0063 pi=-0.004 v=0.016 ent=1.946 t=360s
ppo: upd 245 rew/step=0.0053 pi=-0.004 v=0.023 ent=2.029 t=367s
ppo: upd 250 rew/step=0.0019 pi=-0.005 v=0.019 ent=2.180 t=373s
ppo: upd 255 rew/step=0.0003 pi=-0.005 v=0.019 ent=2.163 t=379s
ppo: upd 260 rew/step=0.0029 pi=-0.004 v=0.025 ent=1.975 t=385s
ppo: upd 265 rew/step=0.0025 pi=-0.004 v=0.017 ent=1.959 t=391s
ppo: upd 270 rew/step=0.0007 pi=-0.005 v=0.016 ent=2.018 t=396s
ppo: upd 275 rew/step=0.0058 pi=-0.004 v=0.018 ent=2.014 t=403s
ppo: upd 280 rew/step=0.0045 pi=-0.004 v=0.016 ent=1.852 t=411s
ppo: upd 285 rew/step=0.0069 pi=-0.004 v=0.014 ent=1.833 t=418s
ppo: upd 290 rew/step=0.0008 pi=-0.004 v=0.011 ent=2.008 t=424s
ppo: upd 295 rew/step=0.0047 pi=-0.004 v=0.019 ent=1.918 t=430s
ppo: upd 300 rew/step=0.0024 pi=-0.004 v=0.015 ent=1.986 t=437s
export: wrote /home/jack/Desktop/hax/haxball-clone/training/snapshots/snap_00300.bin (941716 bytes), parity skipped
ppo: added snapshot /home/jack/Desktop/hax/haxball-clone/training/snapshots/snap_00300.bin; league: ['rule:easy 0.88@96', 'rule:normal 0.83@276', 'rule:hard 0.71@331', 'rule:impossible 0.66@346', 'frozen:snap_00300.bin 1.00@23', 'frozen:snap_00600.bin 1.00@33', 'frozen:snap_00900.bin 0.98@55', 'frozen:snap_01200.bin 0.98@48', 'frozen:snap_01500.bin 0.93@92', 'frozen:snap_01800.bin 1.00@28', 'frozen:snap_02100.bin 0.97@61', 'frozen:snap_02400.bin 0.94@95', 'frozen:snap_00300.bin -']
ppo: upd 305 rew/step=0.0057 pi=-0.004 v=0.014 ent=1.904 t=444s
ppo: upd 310 rew/step=0.0053 pi=-0.004 v=0.019 ent=1.966 t=451s
ppo: upd 315 rew/step=0.0030 pi=-0.005 v=0.017 ent=2.043 t=457s
ppo: upd 320 rew/step=0.0052 pi=-0.003 v=0.018 ent=2.057 t=463s
ppo: upd 325 rew/step=0.0017 pi=-0.004 v=0.010 ent=2.006 t=470s
ppo: upd 330 rew/step=0.0046 pi=-0.004 v=0.022 ent=1.958 t=477s
ppo: upd 335 rew/step=0.0035 pi=-0.004 v=0.017 ent=1.959 t=484s
ppo: upd 340 rew/step=0.0029 pi=-0.004 v=0.019 ent=1.941 t=490s
ppo: upd 345 rew/step=0.0030 pi=-0.004 v=0.013 ent=1.947 t=498s
ppo: upd 350 rew/step=0.0035 pi=-0.004 v=0.018 ent=1.833 t=505s
ppo: upd 355 rew/step=0.0059 pi=-0.005 v=0.021 ent=1.842 t=511s
ppo: upd 360 rew/step=0.0041 pi=-0.004 v=0.017 ent=1.941 t=517s
ppo: upd 365 rew/step=0.0041 pi=-0.005 v=0.019 ent=1.913 t=524s
ppo: upd 370 rew/step=0.0033 pi=-0.004 v=0.014 ent=1.899 t=530s
ppo: upd 375 rew/step=0.0046 pi=-0.004 v=0.013 ent=1.861 t=536s
ppo: upd 380 rew/step=0.0031 pi=-0.004 v=0.017 ent=1.881 t=542s
ppo: upd 385 rew/step=0.0024 pi=-0.004 v=0.017 ent=1.909 t=548s
ppo: upd 390 rew/step=0.0002 pi=-0.004 v=0.018 ent=1.853 t=555s
ppo: upd 395 rew/step=0.0073 pi=-0.004 v=0.018 ent=1.766 t=562s
ppo: upd 400 rew/step=0.0053 pi=-0.004 v=0.024 ent=1.747 t=567s
export: wrote /home/jack/Desktop/hax/haxball-clone/training/checkpoints/ppo.pt.eval.bin (941716 bytes), parity skipped
ppo: GATE upd 400 score=0.622 win[norm/hard/imp]=0.70/0.60/0.47 poss_hard=0.49 pass_hard=0.00
ppo: SHIPPED new best (score 0.622) -> /home/jack/Desktop/hax/haxball-clone/internal/policy/weights/neural_v1.bin
ppo: upd 405 rew/step=0.0035 pi=-0.003 v=0.015 ent=1.902 t=615s
ppo: upd 410 rew/step=0.0029 pi=-0.005 v=0.020 ent=1.817 t=622s
ppo: upd 415 rew/step=0.0023 pi=-0.004 v=0.012 ent=1.849 t=628s
ppo: upd 420 rew/step=0.0057 pi=-0.004 v=0.015 ent=1.762 t=633s
ppo: upd 425 rew/step=0.0042 pi=-0.004 v=0.016 ent=1.775 t=640s
ppo: upd 430 rew/step=0.0057 pi=-0.004 v=0.014 ent=1.777 t=646s
ppo: upd 435 rew/step=0.0035 pi=-0.004 v=0.019 ent=1.674 t=652s
ppo: upd 440 rew/step=0.0057 pi=-0.005 v=0.014 ent=1.700 t=659s
ppo: upd 445 rew/step=0.0074 pi=-0.003 v=0.018 ent=1.667 t=665s
ppo: upd 450 rew/step=0.0057 pi=-0.004 v=0.024 ent=1.673 t=673s
ppo: upd 455 rew/step=0.0074 pi=-0.003 v=0.022 ent=1.549 t=681s
ppo: upd 460 rew/step=0.0045 pi=-0.003 v=0.015 ent=1.598 t=688s
ppo: upd 465 rew/step=0.0035 pi=-0.004 v=0.020 ent=1.620 t=695s
ppo: upd 470 rew/step=0.0042 pi=-0.003 v=0.014 ent=1.681 t=701s
ppo: upd 475 rew/step=0.0051 pi=-0.004 v=0.018 ent=1.718 t=708s
ppo: upd 480 rew/step=0.0018 pi=-0.004 v=0.013 ent=1.699 t=715s
ppo: upd 485 rew/step=0.0067 pi=-0.004 v=0.017 ent=1.590 t=721s
ppo: upd 490 rew/step=0.0075 pi=-0.003 v=0.018 ent=1.582 t=728s
ppo: upd 495 rew/step=0.0052 pi=-0.005 v=0.019 ent=1.635 t=735s
ppo: upd 500 rew/step=0.0030 pi=-0.004 v=0.017 ent=1.763 t=741s
ppo: upd 505 rew/step=0.0006 pi=-0.004 v=0.015 ent=1.650 t=748s
ppo: upd 510 rew/step=0.0063 pi=-0.004 v=0.016 ent=1.593 t=755s
ppo: upd 515 rew/step=0.0043 pi=-0.003 v=0.015 ent=1.634 t=764s
ppo: upd 520 rew/step=0.0073 pi=-0.004 v=0.019 ent=1.587 t=770s
ppo: upd 525 rew/step=0.0040 pi=-0.004 v=0.015 ent=1.641 t=776s
ppo: upd 530 rew/step=0.0024 pi=-0.004 v=0.024 ent=1.625 t=783s
ppo: upd 535 rew/step=0.0059 pi=-0.004 v=0.019 ent=1.569 t=790s
ppo: upd 540 rew/step=0.0024 pi=-0.005 v=0.022 ent=1.668 t=796s
ppo: upd 545 rew/step=0.0024 pi=-0.004 v=0.015 ent=1.664 t=803s
ppo: upd 550 rew/step=0.0063 pi=-0.004 v=0.022 ent=1.578 t=810s
ppo: upd 555 rew/step=0.0041 pi=-0.004 v=0.015 ent=1.582 t=817s
ppo: upd 560 rew/step=0.0036 pi=-0.003 v=0.016 ent=1.627 t=823s
ppo: upd 565 rew/step=0.0013 pi=-0.004 v=0.015 ent=1.737 t=830s
ppo: upd 570 rew/step=0.0053 pi=-0.004 v=0.021 ent=1.540 t=837s
ppo: upd 575 rew/step=0.0035 pi=-0.004 v=0.020 ent=1.594 t=844s
ppo: upd 580 rew/step=0.0052 pi=-0.004 v=0.016 ent=1.625 t=850s
ppo: upd 585 rew/step=0.0009 pi=-0.004 v=0.016 ent=1.743 t=856s
ppo: upd 590 rew/step=0.0040 pi=-0.004 v=0.018 ent=1.616 t=863s
ppo: upd 595 rew/step=0.0035 pi=-0.005 v=0.016 ent=1.654 t=870s
ppo: upd 600 rew/step=0.0041 pi=-0.004 v=0.016 ent=1.626 t=876s
export: wrote /home/jack/Desktop/hax/haxball-clone/training/snapshots/snap_00600.bin (941716 bytes), parity skipped
ppo: added snapshot /home/jack/Desktop/hax/haxball-clone/training/snapshots/snap_00600.bin; league: ['rule:easy 0.89@205', 'rule:normal 0.85@541', 'rule:hard 0.77@669', 'rule:impossible 0.72@674', 'frozen:snap_00300.bin 0.98@64', 'frozen:snap_00600.bin 1.00@67', 'frozen:snap_00900.bin 0.97@107', 'frozen:snap_01200.bin 0.99@92', 'frozen:snap_01500.bin 0.96@156', 'frozen:snap_01800.bin 0.97@66', 'frozen:snap_02100.bin 0.98@116', 'frozen:snap_02400.bin 0.95@166', 'frozen:snap_00300.bin 0.99@59', 'frozen:snap_00600.bin -']
export: wrote /home/jack/Desktop/hax/haxball-clone/training/checkpoints/ppo.pt.eval.bin (941716 bytes), parity skipped
ppo: GATE upd 600 score=0.715 win[norm/hard/imp]=0.90/0.75/0.50 poss_hard=0.45 pass_hard=0.00
ppo: SHIPPED new best (score 0.715) -> /home/jack/Desktop/hax/haxball-clone/internal/policy/weights/neural_v1.bin
ppo: upd 605 rew/step=0.0020 pi=-0.004 v=0.016 ent=1.623 t=925s
ppo: upd 610 rew/step=0.0029 pi=-0.004 v=0.021 ent=1.609 t=931s
ppo: upd 615 rew/step=0.0036 pi=-0.004 v=0.020 ent=1.601 t=938s
ppo: upd 620 rew/step=0.0041 pi=-0.004 v=0.018 ent=1.550 t=944s
ppo: upd 625 rew/step=0.0060 pi=-0.004 v=0.022 ent=1.608 t=950s
ppo: upd 630 rew/step=0.0023 pi=-0.004 v=0.022 ent=1.560 t=958s
ppo: upd 635 rew/step=0.0046 pi=-0.004 v=0.026 ent=1.573 t=964s
ppo: upd 640 rew/step=0.0029 pi=-0.004 v=0.017 ent=1.530 t=970s
ppo: upd 645 rew/step=0.0042 pi=-0.004 v=0.016 ent=1.516 t=977s
ppo: upd 650 rew/step=0.0037 pi=-0.003 v=0.014 ent=1.608 t=984s
ppo: upd 655 rew/step=0.0050 pi=-0.004 v=0.021 ent=1.514 t=991s
ppo: upd 660 rew/step=0.0047 pi=-0.004 v=0.024 ent=1.548 t=997s
ppo: upd 665 rew/step=0.0062 pi=-0.004 v=0.017 ent=1.478 t=1004s
ppo: upd 670 rew/step=0.0060 pi=-0.004 v=0.016 ent=1.553 t=1011s
ppo: upd 675 rew/step=0.0041 pi=-0.004 v=0.021 ent=1.596 t=1016s
ppo: upd 680 rew/step=0.0041 pi=-0.005 v=0.021 ent=1.515 t=1023s
ppo: upd 685 rew/step=0.0040 pi=-0.004 v=0.017 ent=1.525 t=1029s
ppo: upd 690 rew/step=0.0052 pi=-0.005 v=0.021 ent=1.463 t=1035s
ppo: upd 695 rew/step=0.0019 pi=-0.004 v=0.021 ent=1.484 t=1041s
ppo: upd 700 rew/step=0.0024 pi=-0.004 v=0.021 ent=1.544 t=1047s
ppo: upd 705 rew/step=0.0035 pi=-0.004 v=0.013 ent=1.444 t=1054s
ppo: upd 710 rew/step=0.0030 pi=-0.004 v=0.021 ent=1.390 t=1061s
ppo: upd 715 rew/step=0.0043 pi=-0.004 v=0.016 ent=1.500 t=1068s
ppo: upd 720 rew/step=0.0018 pi=-0.004 v=0.021 ent=1.452 t=1074s
ppo: upd 725 rew/step=0.0041 pi=-0.004 v=0.012 ent=1.435 t=1080s
ppo: upd 730 rew/step=0.0018 pi=-0.004 v=0.017 ent=1.419 t=1087s
ppo: upd 735 rew/step=0.0052 pi=-0.004 v=0.015 ent=1.321 t=1094s
ppo: upd 740 rew/step=0.0015 pi=-0.004 v=0.012 ent=1.456 t=1102s
ppo: upd 745 rew/step=0.0047 pi=-0.004 v=0.018 ent=1.331 t=1109s
ppo: upd 750 rew/step=0.0024 pi=-0.003 v=0.013 ent=1.209 t=1116s
ppo: upd 755 rew/step=0.0080 pi=-0.005 v=0.017 ent=1.328 t=1124s
ppo: upd 760 rew/step=0.0070 pi=-0.004 v=0.023 ent=1.356 t=1130s
ppo: upd 765 rew/step=0.0041 pi=-0.003 v=0.024 ent=1.275 t=1137s
ppo: upd 770 rew/step=-0.0009 pi=-0.003 v=0.020 ent=1.389 t=1144s
ppo: upd 775 rew/step=0.0012 pi=-0.003 v=0.013 ent=1.284 t=1150s
ppo: upd 780 rew/step=0.0046 pi=-0.003 v=0.011 ent=1.345 t=1157s
ppo: upd 785 rew/step=0.0036 pi=-0.004 v=0.018 ent=1.389 t=1164s
ppo: upd 790 rew/step=0.0040 pi=-0.004 v=0.016 ent=1.351 t=1170s
ppo: upd 795 rew/step=0.0034 pi=-0.003 v=0.016 ent=1.288 t=1178s
ppo: upd 800 rew/step=0.0068 pi=-0.005 v=0.018 ent=1.288 t=1185s
export: wrote /home/jack/Desktop/hax/haxball-clone/training/checkpoints/ppo.pt.eval.bin (941716 bytes), parity skipped
ppo: GATE upd 800 score=0.690 win[norm/hard/imp]=0.88/0.57/0.62 poss_hard=0.46 pass_hard=0.00
ppo: upd 805 rew/step=0.0053 pi=-0.004 v=0.018 ent=1.353 t=1233s
ppo: upd 810 rew/step=-0.0003 pi=-0.005 v=0.015 ent=1.385 t=1239s
ppo: upd 815 rew/step=0.0035 pi=-0.003 v=0.016 ent=1.332 t=1246s
ppo: upd 820 rew/step=0.0039 pi=-0.004 v=0.017 ent=1.302 t=1253s
ppo: upd 825 rew/step=0.0046 pi=-0.004 v=0.015 ent=1.321 t=1259s
ppo: upd 830 rew/step=0.0048 pi=-0.003 v=0.016 ent=1.367 t=1267s
ppo: upd 835 rew/step=0.0007 pi=-0.003 v=0.018 ent=1.323 t=1273s
ppo: upd 840 rew/step=0.0013 pi=-0.004 v=0.014 ent=1.293 t=1280s
ppo: upd 845 rew/step=0.0063 pi=-0.004 v=0.016 ent=1.254 t=1287s
ppo: upd 850 rew/step=0.0052 pi=-0.004 v=0.019 ent=1.382 t=1294s
ppo: upd 855 rew/step=0.0019 pi=-0.004 v=0.013 ent=1.449 t=1300s
ppo: upd 860 rew/step=0.0062 pi=-0.004 v=0.017 ent=1.413 t=1307s
ppo: upd 865 rew/step=0.0039 pi=-0.004 v=0.016 ent=1.311 t=1313s
ppo: upd 870 rew/step=0.0051 pi=-0.004 v=0.016 ent=1.341 t=1319s
ppo: upd 875 rew/step=0.0019 pi=-0.004 v=0.014 ent=1.401 t=1326s
ppo: upd 880 rew/step=0.0030 pi=-0.005 v=0.019 ent=1.413 t=1333s
ppo: upd 885 rew/step=0.0046 pi=-0.004 v=0.016 ent=1.447 t=1339s
ppo: upd 890 rew/step=0.0046 pi=-0.003 v=0.016 ent=1.378 t=1345s
ppo: upd 895 rew/step=0.0053 pi=-0.004 v=0.015 ent=1.403 t=1351s
ppo: upd 900 rew/step=0.0023 pi=-0.003 v=0.012 ent=1.238 t=1357s
export: wrote /home/jack/Desktop/hax/haxball-clone/training/snapshots/snap_00900.bin (941716 bytes), parity skipped
ppo: added snapshot /home/jack/Desktop/hax/haxball-clone/training/snapshots/snap_00900.bin; league: ['rule:easy 0.91@289', 'rule:normal 0.87@820', 'rule:hard 0.80@1017', 'rule:impossible 0.75@1043', 'frozen:snap_00300.bin 0.98@98', 'frozen:snap_00600.bin 0.99@94', 'frozen:snap_00900.bin 0.97@152', 'frozen:snap_01200.bin 0.98@123', 'frozen:snap_01500.bin 0.96@199', 'frozen:snap_01800.bin 0.98@99', 'frozen:snap_02100.bin 0.98@146', 'frozen:snap_02400.bin 0.95@217', 'frozen:snap_00300.bin 0.99@82', 'frozen:snap_00600.bin 0.92@101', 'frozen:snap_00900.bin -']
ppo: upd 905 rew/step=0.0068 pi=-0.003 v=0.021 ent=1.347 t=1365s
ppo: upd 910 rew/step=0.0034 pi=-0.004 v=0.017 ent=1.334 t=1372s
ppo: upd 915 rew/step=0.0069 pi=-0.003 v=0.013 ent=1.341 t=1379s
ppo: upd 920 rew/step=0.0042 pi=-0.003 v=0.016 ent=1.415 t=1386s
ppo: upd 925 rew/step=0.0040 pi=-0.004 v=0.020 ent=1.363 t=1393s
ppo: upd 930 rew/step=0.0030 pi=-0.003 v=0.018 ent=1.325 t=1399s
ppo: upd 935 rew/step=0.0052 pi=-0.004 v=0.014 ent=1.349 t=1405s
ppo: upd 940 rew/step=0.0059 pi=-0.004 v=0.021 ent=1.348 t=1412s
ppo: upd 945 rew/step=0.0046 pi=-0.003 v=0.020 ent=1.305 t=1419s
ppo: upd 950 rew/step=0.0023 pi=-0.003 v=0.012 ent=1.348 t=1425s
ppo: upd 955 rew/step=0.0029 pi=-0.004 v=0.012 ent=1.323 t=1431s
ppo: upd 960 rew/step=0.0052 pi=-0.004 v=0.019 ent=1.332 t=1438s
ppo: upd 965 rew/step=0.0031 pi=-0.004 v=0.014 ent=1.371 t=1444s
ppo: upd 970 rew/step=0.0023 pi=-0.004 v=0.016 ent=1.356 t=1449s
ppo: upd 975 rew/step=0.0035 pi=-0.005 v=0.016 ent=1.379 t=1457s
ppo: upd 980 rew/step=0.0051 pi=-0.004 v=0.019 ent=1.273 t=1463s
ppo: upd 985 rew/step=0.0071 pi=-0.003 v=0.017 ent=1.344 t=1471s
ppo: upd 990 rew/step=0.0057 pi=-0.004 v=0.022 ent=1.289 t=1478s
ppo: upd 995 rew/step=0.0041 pi=-0.003 v=0.023 ent=1.312 t=1485s
ppo: upd 1000 rew/step=0.0011 pi=-0.004 v=0.021 ent=1.335 t=1491s
export: wrote /home/jack/Desktop/hax/haxball-clone/training/checkpoints/ppo.pt.eval.bin (941716 bytes), parity skipped
ppo: GATE upd 1000 score=0.846 win[norm/hard/imp]=0.95/0.68/0.82 poss_hard=0.48 pass_hard=0.00
ppo: SHIPPED new best (score 0.846) -> /home/jack/Desktop/hax/haxball-clone/internal/policy/weights/neural_v1.bin
ppo: upd 1005 rew/step=0.0069 pi=-0.004 v=0.013 ent=1.292 t=1539s
ppo: upd 1010 rew/step=0.0010 pi=-0.004 v=0.012 ent=1.395 t=1546s
ppo: upd 1015 rew/step=0.0013 pi=-0.004 v=0.020 ent=1.375 t=1554s
ppo: upd 1020 rew/step=0.0036 pi=-0.004 v=0.015 ent=1.399 t=1561s
ppo: upd 1025 rew/step=0.0063 pi=-0.004 v=0.012 ent=1.252 t=1568s
ppo: upd 1030 rew/step=0.0083 pi=-0.002 v=0.014 ent=1.327 t=1575s
ppo: upd 1035 rew/step=0.0030 pi=-0.004 v=0.015 ent=1.316 t=1581s
ppo: upd 1040 rew/step=0.0046 pi=-0.004 v=0.016 ent=1.391 t=1588s
ppo: upd 1045 rew/step=0.0034 pi=-0.005 v=0.015 ent=1.335 t=1594s
ppo: upd 1050 rew/step=0.0063 pi=-0.003 v=0.012 ent=1.349 t=1601s
ppo: upd 1055 rew/step=0.0014 pi=-0.003 v=0.014 ent=1.373 t=1608s
ppo: upd 1060 rew/step=0.0019 pi=-0.004 v=0.020 ent=1.342 t=1615s
ppo: upd 1065 rew/step=0.0046 pi=-0.004 v=0.021 ent=1.381 t=1622s
ppo: upd 1070 rew/step=0.0062 pi=-0.004 v=0.018 ent=1.310 t=1628s
ppo: upd 1075 rew/step=0.0075 pi=-0.003 v=0.021 ent=1.288 t=1635s
ppo: upd 1080 rew/step=0.0024 pi=-0.004 v=0.022 ent=1.382 t=1642s
ppo: upd 1085 rew/step=0.0035 pi=-0.003 v=0.022 ent=1.372 t=1650s
ppo: upd 1090 rew/step=0.0012 pi=-0.004 v=0.016 ent=1.322 t=1657s
ppo: upd 1095 rew/step=0.0063 pi=-0.003 v=0.018 ent=1.338 t=1665s
ppo: upd 1100 rew/step=0.0047 pi=-0.003 v=0.017 ent=1.366 t=1672s
ppo: upd 1105 rew/step=0.0068 pi=-0.004 v=0.019 ent=1.327 t=1680s
ppo: upd 1110 rew/step=0.0040 pi=-0.004 v=0.027 ent=1.318 t=1686s
ppo: upd 1115 rew/step=0.0039 pi=-0.004 v=0.020 ent=1.344 t=1693s
ppo: upd 1120 rew/step=0.0058 pi=-0.004 v=0.020 ent=1.370 t=1700s
ppo: upd 1125 rew/step=0.0046 pi=-0.004 v=0.018 ent=1.374 t=1706s
ppo: upd 1130 rew/step=0.0068 pi=-0.004 v=0.020 ent=1.397 t=1713s
ppo: upd 1135 rew/step=0.0028 pi=-0.004 v=0.014 ent=1.337 t=1720s
ppo: upd 1140 rew/step=0.0058 pi=-0.004 v=0.013 ent=1.364 t=1727s
ppo: upd 1145 rew/step=0.0042 pi=-0.004 v=0.020 ent=1.379 t=1734s
ppo: upd 1150 rew/step=0.0041 pi=-0.004 v=0.023 ent=1.313 t=1741s
ppo: upd 1155 rew/step=0.0036 pi=-0.005 v=0.017 ent=1.336 t=1748s
ppo: upd 1160 rew/step=0.0063 pi=-0.004 v=0.020 ent=1.264 t=1754s
ppo: upd 1165 rew/step=0.0076 pi=-0.004 v=0.013 ent=1.330 t=1761s
ppo: upd 1170 rew/step=0.0052 pi=-0.004 v=0.017 ent=1.335 t=1767s
ppo: upd 1175 rew/step=0.0046 pi=-0.005 v=0.020 ent=1.327 t=1773s
ppo: upd 1180 rew/step=0.0035 pi=-0.005 v=0.016 ent=1.335 t=1780s
ppo: upd 1185 rew/step=0.0046 pi=-0.004 v=0.016 ent=1.370 t=1786s
ppo: upd 1190 rew/step=0.0008 pi=-0.004 v=0.010 ent=1.396 t=1793s
ppo: upd 1195 rew/step=0.0029 pi=-0.004 v=0.020 ent=1.372 t=1800s
ppo: upd 1200 rew/step=0.0024 pi=-0.003 v=0.016 ent=1.389 t=1806s
export: wrote /home/jack/Desktop/hax/haxball-clone/training/snapshots/snap_01200.bin (941716 bytes), parity skipped
ppo: added snapshot /home/jack/Desktop/hax/haxball-clone/training/snapshots/snap_01200.bin; league: ['rule:easy 0.92@394', 'rule:normal 0.88@1079', 'rule:hard 0.82@1340', 'rule:impossible 0.77@1373', 'frozen:snap_00300.bin 0.98@124', 'frozen:snap_00600.bin 0.99@123', 'frozen:snap_00900.bin 0.92@198', 'frozen:snap_01200.bin 0.98@161', 'frozen:snap_01500.bin 0.96@244', 'frozen:snap_01800.bin 0.98@127', 'frozen:snap_02100.bin 0.99@176', 'frozen:snap_02400.bin 0.95@259', 'frozen:snap_00300.bin 0.99@115', 'frozen:snap_00600.bin 0.92@165', 'frozen:snap_00900.bin 0.73@86', 'frozen:snap_01200.bin -']
export: wrote /home/jack/Desktop/hax/haxball-clone/training/checkpoints/ppo.pt.eval.bin (941716 bytes), parity skipped
ppo: GATE upd 1200 score=0.870 win[norm/hard/imp]=0.88/0.82/0.72 poss_hard=0.51 pass_hard=0.00
ppo: SHIPPED new best (score 0.870) -> /home/jack/Desktop/hax/haxball-clone/internal/policy/weights/neural_v1.bin
ppo: upd 1205 rew/step=0.0057 pi=-0.004 v=0.017 ent=1.315 t=1856s
ppo: upd 1210 rew/step=0.0031 pi=-0.004 v=0.018 ent=1.399 t=1863s
ppo: upd 1215 rew/step=0.0024 pi=-0.004 v=0.017 ent=1.396 t=1869s
ppo: upd 1220 rew/step=-0.0014 pi=-0.004 v=0.021 ent=1.369 t=1876s
ppo: upd 1225 rew/step=0.0045 pi=-0.004 v=0.018 ent=1.345 t=1883s
ppo: upd 1230 rew/step=0.0052 pi=-0.004 v=0.015 ent=1.344 t=1890s
ppo: upd 1235 rew/step=0.0014 pi=-0.005 v=0.012 ent=1.374 t=1897s
ppo: upd 1240 rew/step=0.0062 pi=-0.004 v=0.019 ent=1.296 t=1903s
ppo: upd 1245 rew/step=0.0029 pi=-0.003 v=0.013 ent=1.273 t=1910s
ppo: upd 1250 rew/step=0.0057 pi=-0.004 v=0.016 ent=1.288 t=1916s
ppo: upd 1255 rew/step=0.0048 pi=-0.003 v=0.016 ent=1.320 t=1923s
ppo: upd 1260 rew/step=0.0036 pi=-0.004 v=0.019 ent=1.277 t=1929s
ppo: upd 1265 rew/step=0.0040 pi=-0.003 v=0.017 ent=1.293 t=1935s
ppo: upd 1270 rew/step=0.0061 pi=-0.004 v=0.014 ent=1.271 t=1942s
ppo: upd 1275 rew/step=0.0041 pi=-0.004 v=0.017 ent=1.298 t=1949s
ppo: upd 1280 rew/step=0.0030 pi=-0.003 v=0.018 ent=1.373 t=1955s
ppo: upd 1285 rew/step=0.0041 pi=-0.003 v=0.019 ent=1.340 t=1959s
ppo: upd 1290 rew/step=0.0035 pi=-0.004 v=0.018 ent=1.334 t=1965s
ppo: upd 1295 rew/step=0.0034 pi=-0.004 v=0.019 ent=1.265 t=1972s
ppo: upd 1300 rew/step=0.0065 pi=-0.004 v=0.018 ent=1.261 t=1979s
ppo: upd 1305 rew/step=0.0069 pi=-0.002 v=0.023 ent=1.204 t=1986s
ppo: upd 1310 rew/step=0.0029 pi=-0.004 v=0.019 ent=1.254 t=1992s
ppo: upd 1315 rew/step=0.0028 pi=-0.003 v=0.015 ent=1.262 t=1999s
ppo: upd 1320 rew/step=0.0030 pi=-0.004 v=0.016 ent=1.346 t=2005s
ppo: upd 1325 rew/step=0.0014 pi=-0.004 v=0.013 ent=1.305 t=2011s
ppo: upd 1330 rew/step=0.0019 pi=-0.004 v=0.015 ent=1.198 t=2018s
ppo: upd 1335 rew/step=0.0057 pi=-0.003 v=0.019 ent=1.228 t=2025s
ppo: upd 1340 rew/step=0.0024 pi=-0.003 v=0.018 ent=1.247 t=2031s
ppo: upd 1345 rew/step=0.0064 pi=-0.004 v=0.013 ent=1.279 t=2038s
ppo: upd 1350 rew/step=0.0018 pi=-0.003 v=0.018 ent=1.279 t=2044s
ppo: upd 1355 rew/step=0.0075 pi=-0.004 v=0.021 ent=1.251 t=2051s
ppo: upd 1360 rew/step=0.0040 pi=-0.004 v=0.017 ent=1.198 t=2059s
ppo: upd 1365 rew/step=0.0052 pi=-0.004 v=0.018 ent=1.228 t=2065s
ppo: upd 1370 rew/step=0.0025 pi=-0.004 v=0.016 ent=1.319 t=2072s
ppo: upd 1375 rew/step=0.0029 pi=-0.004 v=0.021 ent=1.197 t=2079s
ppo: upd 1380 rew/step=0.0047 pi=-0.003 v=0.019 ent=1.257 t=2084s
ppo: upd 1385 rew/step=0.0074 pi=-0.004 v=0.021 ent=1.219 t=2091s
ppo: upd 1390 rew/step=0.0041 pi=-0.004 v=0.025 ent=1.200 t=2098s
ppo: upd 1395 rew/step=0.0069 pi=-0.002 v=0.023 ent=1.172 t=2105s
ppo: upd 1400 rew/step=0.0007 pi=-0.003 v=0.020 ent=1.196 t=2112s
export: wrote /home/jack/Desktop/hax/haxball-clone/training/checkpoints/ppo.pt.eval.bin (941716 bytes), parity skipped
ppo: GATE upd 1400 score=0.877 win[norm/hard/imp]=0.85/0.88/0.70 poss_hard=0.47 pass_hard=0.00
ppo: SHIPPED new best (score 0.877) -> /home/jack/Desktop/hax/haxball-clone/internal/policy/weights/neural_v1.bin
ppo: upd 1405 rew/step=0.0017 pi=-0.004 v=0.019 ent=1.184 t=2160s
ppo: upd 1410 rew/step=0.0052 pi=-0.003 v=0.013 ent=1.239 t=2167s
ppo: upd 1415 rew/step=0.0059 pi=-0.003 v=0.015 ent=1.223 t=2174s
ppo: upd 1420 rew/step=0.0052 pi=-0.003 v=0.020 ent=1.217 t=2180s
ppo: upd 1425 rew/step=0.0012 pi=-0.003 v=0.018 ent=1.186 t=2187s
ppo: upd 1430 rew/step=0.0057 pi=-0.005 v=0.017 ent=1.216 t=2194s
ppo: upd 1435 rew/step=0.0059 pi=-0.003 v=0.019 ent=1.217 t=2201s
ppo: upd 1440 rew/step=0.0018 pi=-0.005 v=0.024 ent=1.189 t=2209s
ppo: upd 1445 rew/step=0.0052 pi=-0.003 v=0.016 ent=1.214 t=2215s
ppo: upd 1450 rew/step=0.0050 pi=-0.004 v=0.015 ent=1.197 t=2222s
ppo: upd 1455 rew/step=0.0040 pi=-0.004 v=0.019 ent=1.238 t=2229s
ppo: upd 1460 rew/step=0.0031 pi=-0.004 v=0.012 ent=1.238 t=2237s
ppo: upd 1465 rew/step=0.0013 pi=-0.004 v=0.012 ent=1.232 t=2244s
ppo: upd 1470 rew/step=0.0002 pi=-0.003 v=0.020 ent=1.196 t=2250s
ppo: upd 1475 rew/step=0.0056 pi=-0.004 v=0.023 ent=1.247 t=2256s
ppo: upd 1480 rew/step=0.0081 pi=-0.002 v=0.018 ent=1.225 t=2262s
ppo: upd 1485 rew/step=0.0069 pi=-0.004 v=0.019 ent=1.196 t=2269s
ppo: upd 1490 rew/step=0.0029 pi=-0.004 v=0.021 ent=1.160 t=2275s
ppo: upd 1495 rew/step=0.0022 pi=-0.003 v=0.012 ent=1.247 t=2281s
ppo: upd 1500 rew/step=0.0041 pi=-0.005 v=0.015 ent=1.225 t=2287s
export: wrote /home/jack/Desktop/hax/haxball-clone/training/snapshots/snap_01500.bin (941716 bytes), parity skipped
ppo: added snapshot /home/jack/Desktop/hax/haxball-clone/training/snapshots/snap_01500.bin; league: ['rule:easy 0.94@513', 'rule:normal 0.89@1324', 'rule:hard 0.83@1674', 'rule:impossible 0.77@1745', 'frozen:snap_00300.bin 0.98@147', 'frozen:snap_00600.bin 0.99@138', 'frozen:snap_00900.bin 0.91@247', 'frozen:snap_01200.bin 0.96@197', 'frozen:snap_01500.bin 0.96@271', 'frozen:snap_01800.bin 0.99@151', 'frozen:snap_02100.bin 0.98@206', 'frozen:snap_02400.bin 0.95@299', 'frozen:snap_00300.bin 0.99@136', 'frozen:snap_00600.bin 0.93@213', 'frozen:snap_00900.bin 0.80@159', 'frozen:snap_01200.bin 0.88@42', 'frozen:snap_01500.bin -']
ppo: upd 1505 rew/step=-0.0003 pi=-0.004 v=0.013 ent=1.260 t=2295s
ppo: upd 1510 rew/step=0.0025 pi=-0.004 v=0.016 ent=1.230 t=2302s
ppo: upd 1515 rew/step=0.0046 pi=-0.003 v=0.014 ent=1.179 t=2309s
ppo: upd 1520 rew/step=0.0085 pi=-0.004 v=0.017 ent=1.159 t=2316s
ppo: upd 1525 rew/step=0.0070 pi=-0.004 v=0.020 ent=1.151 t=2323s
ppo: upd 1530 rew/step=0.0029 pi=-0.004 v=0.016 ent=1.238 t=2329s
ppo: upd 1535 rew/step=0.0025 pi=-0.004 v=0.018 ent=1.249 t=2335s
ppo: upd 1540 rew/step=0.0028 pi=-0.004 v=0.015 ent=1.268 t=2341s
ppo: upd 1545 rew/step=0.0041 pi=-0.004 v=0.019 ent=1.266 t=2347s
ppo: upd 1550 rew/step=0.0037 pi=-0.003 v=0.014 ent=1.239 t=2354s
ppo: upd 1555 rew/step=0.0042 pi=-0.004 v=0.021 ent=1.250 t=2361s
ppo: upd 1560 rew/step=0.0025 pi=-0.005 v=0.018 ent=1.181 t=2368s
ppo: upd 1565 rew/step=0.0068 pi=-0.004 v=0.014 ent=1.156 t=2374s
ppo: upd 1570 rew/step=0.0070 pi=-0.004 v=0.021 ent=1.169 t=2381s
ppo: upd 1575 rew/step=0.0035 pi=-0.004 v=0.017 ent=1.210 t=2387s
ppo: upd 1580 rew/step=0.0074 pi=-0.003 v=0.017 ent=1.123 t=2394s
ppo: upd 1585 rew/step=0.0011 pi=-0.004 v=0.014 ent=1.155 t=2401s
ppo: upd 1590 rew/step=0.0052 pi=-0.004 v=0.013 ent=1.123 t=2408s
ppo: upd 1595 rew/step=0.0038 pi=-0.003 v=0.017 ent=1.254 t=2415s
ppo: upd 1600 rew/step=0.0030 pi=-0.003 v=0.019 ent=1.150 t=2421s
export: wrote /home/jack/Desktop/hax/haxball-clone/training/checkpoints/ppo.pt.eval.bin (941716 bytes), parity skipped
ppo: GATE upd 1600 score=0.871 win[norm/hard/imp]=0.93/0.82/0.72 poss_hard=0.49 pass_hard=0.00
ppo: upd 1605 rew/step=0.0053 pi=-0.004 v=0.019 ent=1.164 t=2470s
ppo: upd 1610 rew/step=0.0051 pi=-0.003 v=0.019 ent=1.157 t=2477s
ppo: upd 1615 rew/step=0.0036 pi=-0.004 v=0.021 ent=1.183 t=2484s
ppo: upd 1620 rew/step=0.0018 pi=-0.004 v=0.020 ent=1.122 t=2492s
ppo: upd 1625 rew/step=0.0046 pi=-0.004 v=0.016 ent=1.151 t=2498s
ppo: upd 1630 rew/step=0.0028 pi=-0.003 v=0.016 ent=1.198 t=2505s
ppo: upd 1635 rew/step=0.0057 pi=-0.004 v=0.016 ent=1.148 t=2512s
ppo: upd 1640 rew/step=0.0031 pi=-0.004 v=0.013 ent=1.216 t=2519s
ppo: upd 1645 rew/step=0.0024 pi=-0.004 v=0.015 ent=1.186 t=2526s
ppo: upd 1650 rew/step=0.0041 pi=-0.004 v=0.018 ent=1.127 t=2533s
ppo: upd 1655 rew/step=0.0068 pi=-0.004 v=0.019 ent=1.174 t=2540s
ppo: upd 1660 rew/step=0.0042 pi=-0.004 v=0.020 ent=1.220 t=2547s
ppo: upd 1665 rew/step=0.0046 pi=-0.004 v=0.020 ent=1.173 t=2554s
ppo: upd 1670 rew/step=0.0020 pi=-0.004 v=0.022 ent=1.206 t=2561s
ppo: upd 1675 rew/step=0.0028 pi=-0.004 v=0.012 ent=1.257 t=2567s
ppo: upd 1680 rew/step=0.0053 pi=-0.004 v=0.012 ent=1.276 t=2574s
ppo: upd 1685 rew/step=0.0009 pi=-0.004 v=0.011 ent=1.295 t=2580s
ppo: upd 1690 rew/step=0.0023 pi=-0.004 v=0.020 ent=1.179 t=2587s
ppo: upd 1695 rew/step=0.0053 pi=-0.003 v=0.020 ent=1.238 t=2594s
ppo: upd 1700 rew/step=0.0051 pi=-0.003 v=0.013 ent=1.188 t=2601s
ppo: upd 1705 rew/step=0.0064 pi=-0.004 v=0.022 ent=1.220 t=2607s
ppo: upd 1710 rew/step=0.0041 pi=-0.004 v=0.017 ent=1.215 t=2614s
ppo: upd 1715 rew/step=0.0012 pi=-0.003 v=0.016 ent=1.160 t=2620s
ppo: upd 1720 rew/step=0.0045 pi=-0.004 v=0.015 ent=1.198 t=2627s
ppo: upd 1725 rew/step=0.0074 pi=-0.004 v=0.014 ent=1.240 t=2634s
ppo: upd 1730 rew/step=0.0030 pi=-0.004 v=0.021 ent=1.190 t=2641s
ppo: upd 1735 rew/step=0.0013 pi=-0.004 v=0.022 ent=1.223 t=2648s
ppo: upd 1740 rew/step=0.0018 pi=-0.003 v=0.021 ent=1.218 t=2655s
ppo: upd 1745 rew/step=0.0051 pi=-0.004 v=0.014 ent=1.199 t=2663s
ppo: upd 1750 rew/step=0.0060 pi=-0.004 v=0.015 ent=1.275 t=2669s
ppo: upd 1755 rew/step=0.0036 pi=-0.004 v=0.016 ent=1.168 t=2676s
ppo: upd 1760 rew/step=0.0058 pi=-0.003 v=0.025 ent=1.210 t=2683s
ppo: upd 1765 rew/step=0.0045 pi=-0.004 v=0.013 ent=1.231 t=2689s
ppo: upd 1770 rew/step=0.0030 pi=-0.004 v=0.018 ent=1.218 t=2696s
ppo: upd 1775 rew/step=0.0036 pi=-0.004 v=0.012 ent=1.213 t=2703s
ppo: upd 1780 rew/step=0.0046 pi=-0.005 v=0.020 ent=1.125 t=2710s
ppo: upd 1785 rew/step=0.0035 pi=-0.003 v=0.021 ent=1.139 t=2718s
ppo: upd 1790 rew/step=0.0063 pi=-0.004 v=0.019 ent=1.226 t=2725s
ppo: upd 1795 rew/step=0.0064 pi=-0.003 v=0.015 ent=1.254 t=2731s
ppo: upd 1800 rew/step=0.0041 pi=-0.005 v=0.020 ent=1.158 t=2738s
export: wrote /home/jack/Desktop/hax/haxball-clone/training/snapshots/snap_01800.bin (941716 bytes), parity skipped
ppo: added snapshot /home/jack/Desktop/hax/haxball-clone/training/snapshots/snap_01800.bin; league: ['rule:easy 0.94@638', 'rule:normal 0.89@1550', 'rule:hard 0.84@2008', 'rule:impossible 0.79@2106', 'frozen:snap_00300.bin 0.98@173', 'frozen:snap_00600.bin 0.99@160', 'frozen:snap_00900.bin 0.90@295', 'frozen:snap_01200.bin 0.96@222', 'frozen:snap_01500.bin 0.94@304', 'frozen:snap_01800.bin 0.99@169', 'frozen:snap_02100.bin 0.98@221', 'frozen:snap_02400.bin 0.95@332', 'frozen:snap_00300.bin 0.99@158', 'frozen:snap_00600.bin 0.94@255', 'frozen:snap_00900.bin 0.82@230', 'frozen:snap_01200.bin 0.87@95', 'frozen:snap_01500.bin 0.72@44', 'frozen:snap_01800.bin -']
export: wrote /home/jack/Desktop/hax/haxball-clone/training/checkpoints/ppo.pt.eval.bin (941716 bytes), parity skipped
ppo: GATE upd 1800 score=0.816 win[norm/hard/imp]=0.93/0.70/0.75 poss_hard=0.45 pass_hard=0.00
ppo: upd 1805 rew/step=0.0029 pi=-0.004 v=0.026 ent=1.223 t=2787s
ppo: upd 1810 rew/step=0.0044 pi=-0.005 v=0.014 ent=1.204 t=2793s
ppo: upd 1815 rew/step=0.0046 pi=-0.004 v=0.013 ent=1.206 t=2800s
ppo: upd 1820 rew/step=0.0020 pi=-0.004 v=0.019 ent=1.211 t=2807s
ppo: upd 1825 rew/step=0.0019 pi=-0.003 v=0.015 ent=1.175 t=2814s
ppo: upd 1830 rew/step=0.0035 pi=-0.003 v=0.021 ent=1.203 t=2820s
ppo: upd 1835 rew/step=0.0058 pi=-0.004 v=0.018 ent=1.170 t=2827s
ppo: upd 1840 rew/step=0.0031 pi=-0.005 v=0.019 ent=1.253 t=2833s
ppo: upd 1845 rew/step=0.0047 pi=-0.004 v=0.019 ent=1.160 t=2840s
ppo: upd 1850 rew/step=0.0041 pi=-0.003 v=0.022 ent=1.148 t=2847s
ppo: upd 1855 rew/step=0.0027 pi=-0.004 v=0.018 ent=1.204 t=2854s
ppo: upd 1860 rew/step=0.0047 pi=-0.004 v=0.013 ent=1.190 t=2861s
ppo: upd 1865 rew/step=0.0024 pi=-0.003 v=0.015 ent=1.253 t=2867s
ppo: upd 1870 rew/step=0.0053 pi=-0.004 v=0.020 ent=1.193 t=2875s
ppo: upd 1875 rew/step=0.0013 pi=-0.005 v=0.017 ent=1.240 t=2881s
ppo: upd 1880 rew/step=0.0074 pi=-0.004 v=0.015 ent=1.164 t=2888s
ppo: upd 1885 rew/step=0.0048 pi=-0.004 v=0.016 ent=1.192 t=2895s
ppo: upd 1890 rew/step=0.0057 pi=-0.002 v=0.021 ent=1.134 t=2901s
ppo: upd 1895 rew/step=0.0030 pi=-0.004 v=0.019 ent=1.158 t=2908s
ppo: upd 1900 rew/step=0.0034 pi=-0.004 v=0.017 ent=1.077 t=2915s
ppo: upd 1905 rew/step=0.0046 pi=-0.003 v=0.016 ent=1.196 t=2922s
ppo: upd 1910 rew/step=-0.0009 pi=-0.005 v=0.018 ent=1.185 t=2928s
ppo: upd 1915 rew/step=0.0019 pi=-0.003 v=0.013 ent=1.057 t=2935s
ppo: upd 1920 rew/step=0.0018 pi=-0.004 v=0.017 ent=1.169 t=2942s
ppo: upd 1925 rew/step=0.0023 pi=-0.003 v=0.022 ent=1.124 t=2949s
ppo: upd 1930 rew/step=0.0025 pi=-0.004 v=0.017 ent=1.155 t=2955s
ppo: upd 1935 rew/step=0.0002 pi=-0.004 v=0.023 ent=1.108 t=2961s
ppo: upd 1940 rew/step=0.0058 pi=-0.004 v=0.028 ent=1.122 t=2968s
ppo: upd 1945 rew/step=0.0023 pi=-0.004 v=0.022 ent=1.144 t=2974s
ppo: upd 1950 rew/step=0.0063 pi=-0.004 v=0.015 ent=1.111 t=2982s
ppo: upd 1955 rew/step=0.0030 pi=-0.003 v=0.015 ent=1.183 t=2988s
ppo: upd 1960 rew/step=0.0024 pi=-0.004 v=0.018 ent=1.128 t=2995s
ppo: upd 1965 rew/step=0.0063 pi=-0.004 v=0.019 ent=1.157 t=3001s
ppo: upd 1970 rew/step=0.0058 pi=-0.004 v=0.022 ent=1.044 t=3008s
ppo: upd 1975 rew/step=0.0064 pi=-0.003 v=0.017 ent=1.095 t=3015s
ppo: upd 1980 rew/step=0.0024 pi=-0.004 v=0.020 ent=1.091 t=3022s
ppo: upd 1985 rew/step=0.0035 pi=-0.004 v=0.021 ent=1.079 t=3028s
ppo: upd 1990 rew/step=0.0035 pi=-0.003 v=0.012 ent=1.091 t=3036s
ppo: upd 1995 rew/step=0.0035 pi=-0.004 v=0.017 ent=1.142 t=3044s
ppo: upd 2000 rew/step=0.0048 pi=-0.003 v=0.017 ent=1.115 t=3052s
export: wrote /home/jack/Desktop/hax/haxball-clone/training/checkpoints/ppo.pt.eval.bin (941716 bytes), parity skipped
ppo: GATE upd 2000 score=0.836 win[norm/hard/imp]=1.00/0.72/0.75 poss_hard=0.48 pass_hard=0.00
ppo: upd 2005 rew/step=0.0030 pi=-0.004 v=0.016 ent=1.126 t=3100s
ppo: upd 2010 rew/step=0.0035 pi=-0.004 v=0.014 ent=1.133 t=3106s
ppo: upd 2015 rew/step=0.0057 pi=-0.005 v=0.011 ent=1.129 t=3113s
ppo: upd 2020 rew/step=0.0048 pi=-0.004 v=0.017 ent=1.173 t=3119s
ppo: upd 2025 rew/step=0.0025 pi=-0.005 v=0.014 ent=1.112 t=3126s
ppo: upd 2030 rew/step=0.0014 pi=-0.004 v=0.021 ent=1.164 t=3133s
ppo: upd 2035 rew/step=0.0034 pi=-0.004 v=0.017 ent=1.064 t=3139s
ppo: upd 2040 rew/step=0.0053 pi=-0.004 v=0.013 ent=1.118 t=3145s
ppo: upd 2045 rew/step=0.0009 pi=-0.004 v=0.019 ent=1.170 t=3152s
ppo: upd 2050 rew/step=0.0013 pi=-0.003 v=0.023 ent=1.158 t=3159s
ppo: upd 2055 rew/step=0.0035 pi=-0.004 v=0.015 ent=1.114 t=3165s
ppo: upd 2060 rew/step=0.0080 pi=-0.003 v=0.015 ent=1.057 t=3172s
ppo: upd 2065 rew/step=0.0070 pi=-0.004 v=0.012 ent=1.163 t=3179s
ppo: upd 2070 rew/step=0.0034 pi=-0.004 v=0.026 ent=1.097 t=3185s
ppo: upd 2075 rew/step=0.0045 pi=-0.004 v=0.019 ent=1.132 t=3192s
ppo: upd 2080 rew/step=0.0012 pi=-0.002 v=0.015 ent=1.105 t=3198s
ppo: upd 2085 rew/step=0.0063 pi=-0.004 v=0.012 ent=1.192 t=3205s
ppo: upd 2090 rew/step=0.0003 pi=-0.004 v=0.010 ent=1.141 t=3212s
ppo: upd 2095 rew/step=0.0036 pi=-0.004 v=0.018 ent=1.154 t=3218s
ppo: upd 2100 rew/step=0.0036 pi=-0.003 v=0.016 ent=1.092 t=3225s
export: wrote /home/jack/Desktop/hax/haxball-clone/training/snapshots/snap_02100.bin (941716 bytes), parity skipped
ppo: added snapshot /home/jack/Desktop/hax/haxball-clone/training/snapshots/snap_02100.bin; league: ['rule:easy 0.95@730', 'rule:normal 0.90@1833', 'rule:hard 0.84@2331', 'rule:impossible 0.81@2474', 'frozen:snap_00300.bin 0.98@185', 'frozen:snap_00600.bin 0.99@169', 'frozen:snap_00900.bin 0.91@332', 'frozen:snap_01200.bin 0.95@244', 'frozen:snap_01500.bin 0.93@338', 'frozen:snap_01800.bin 0.95@196', 'frozen:snap_02100.bin 0.98@243', 'frozen:snap_02400.bin 0.96@352', 'frozen:snap_00300.bin 0.99@175', 'frozen:snap_00600.bin 0.94@284', 'frozen:snap_00900.bin 0.83@272', 'frozen:snap_01200.bin 0.88@136', 'frozen:snap_01500.bin 0.76@93', 'frozen:snap_01800.bin 0.82@57', 'frozen:snap_02100.bin -']
ppo: upd 2105 rew/step=0.0047 pi=-0.003 v=0.019 ent=1.106 t=3233s
ppo: upd 2110 rew/step=0.0059 pi=-0.004 v=0.015 ent=1.095 t=3240s
ppo: upd 2115 rew/step=0.0035 pi=-0.003 v=0.019 ent=1.045 t=3247s
ppo: upd 2120 rew/step=0.0058 pi=-0.003 v=0.016 ent=1.072 t=3254s
ppo: upd 2125 rew/step=0.0016 pi=-0.003 v=0.017 ent=1.004 t=3261s
ppo: upd 2130 rew/step=0.0052 pi=-0.004 v=0.020 ent=1.106 t=3269s
ppo: upd 2135 rew/step=0.0008 pi=-0.003 v=0.013 ent=1.086 t=3275s
ppo: upd 2140 rew/step=0.0008 pi=-0.002 v=0.017 ent=1.036 t=3282s
ppo: upd 2145 rew/step=0.0019 pi=-0.003 v=0.019 ent=1.039 t=3289s
ppo: upd 2150 rew/step=0.0079 pi=-0.002 v=0.015 ent=0.949 t=3296s
ppo: upd 2155 rew/step=0.0053 pi=-0.004 v=0.019 ent=1.078 t=3304s
ppo: upd 2160 rew/step=0.0035 pi=-0.003 v=0.021 ent=1.011 t=3310s
ppo: upd 2165 rew/step=0.0019 pi=-0.003 v=0.021 ent=1.014 t=3317s
ppo: upd 2170 rew/step=0.0023 pi=-0.004 v=0.015 ent=1.030 t=3323s
ppo: upd 2175 rew/step=0.0057 pi=-0.004 v=0.013 ent=1.056 t=3330s
ppo: upd 2180 rew/step=0.0035 pi=-0.002 v=0.025 ent=1.020 t=3336s
ppo: upd 2185 rew/step=0.0018 pi=-0.004 v=0.016 ent=1.024 t=3344s
ppo: upd 2190 rew/step=0.0025 pi=-0.004 v=0.020 ent=0.988 t=3351s
ppo: upd 2195 rew/step=0.0057 pi=-0.003 v=0.017 ent=1.009 t=3358s
ppo: upd 2200 rew/step=0.0059 pi=-0.003 v=0.020 ent=1.025 t=3365s
export: wrote /home/jack/Desktop/hax/haxball-clone/training/checkpoints/ppo.pt.eval.bin (941716 bytes), parity skipped
