ppo: upd 5 rew/step=-0.0003 pi=0.005 v=1.248 ent=0.699 t=2s
ppo: upd 10 rew/step=-0.0002 pi=-0.005 v=0.298 ent=0.662 t=4s
ppo: upd 15 rew/step=-0.0012 pi=-0.010 v=0.096 ent=0.673 t=6s
ppo: upd 20 rew/step=-0.0003 pi=-0.010 v=0.036 ent=0.711 t=7s
ppo: upd 25 rew/step=-0.0002 pi=-0.004 v=0.048 ent=0.727 t=9s
ppo: upd 30 rew/step=-0.0011 pi=-0.008 v=0.023 ent=0.746 t=11s
ppo: upd 35 rew/step=-0.0011 pi=-0.012 v=0.023 ent=0.688 t=13s
ppo: upd 40 rew/step=-0.0012 pi=-0.010 v=0.019 ent=0.717 t=14s
ppo: upd 45 rew/step=-0.0003 pi=-0.009 v=0.008 ent=0.720 t=16s
ppo: upd 50 rew/step=-0.0020 pi=-0.007 v=0.035 ent=0.681 t=18s
ppo: upd 55 rew/step=-0.0003 pi=-0.007 v=0.008 ent=0.638 t=20s
ppo: upd 60 rew/step=-0.0003 pi=-0.007 v=0.010 ent=0.625 t=21s
ppo: upd 65 rew/step=-0.0003 pi=-0.006 v=0.006 ent=0.671 t=23s
ppo: upd 70 rew/step=-0.0002 pi=-0.002 v=0.005 ent=0.641 t=25s
ppo: upd 75 rew/step=-0.0003 pi=-0.005 v=0.012 ent=0.626 t=26s
ppo: upd 80 rew/step=-0.0003 pi=-0.008 v=0.003 ent=0.632 t=28s
ppo: upd 85 rew/step=-0.0003 pi=-0.009 v=0.007 ent=0.608 t=30s
ppo: upd 90 rew/step=-0.0003 pi=-0.009 v=0.005 ent=0.606 t=32s
ppo: upd 95 rew/step=-0.0003 pi=-0.005 v=0.003 ent=0.633 t=33s
ppo: upd 100 rew/step=-0.0012 pi=-0.010 v=0.012 ent=0.645 t=35s
ppo: upd 105 rew/step=-0.0003 pi=-0.007 v=0.006 ent=0.721 t=37s
ppo: upd 110 rew/step=-0.0011 pi=-0.010 v=0.009 ent=0.646 t=39s
ppo: upd 115 rew/step=-0.0011 pi=-0.007 v=0.009 ent=0.683 t=40s
ppo: upd 120 rew/step=-0.0003 pi=-0.005 v=0.003 ent=0.651 t=42s
ppo: upd 125 rew/step=-0.0020 pi=-0.011 v=0.012 ent=0.671 t=44s
ppo: upd 130 rew/step=-0.0003 pi=-0.008 v=0.004 ent=0.621 t=46s
ppo: upd 135 rew/step=-0.0002 pi=-0.007 v=0.005 ent=0.663 t=47s
ppo: upd 140 rew/step=-0.0003 pi=-0.006 v=0.003 ent=0.624 t=49s
ppo: upd 145 rew/step=-0.0002 pi=-0.009 v=0.002 ent=0.677 t=51s
ppo: upd 150 rew/step=-0.0003 pi=-0.009 v=0.006 ent=0.722 t=53s
ppo: upd 155 rew/step=-0.0003 pi=-0.006 v=0.002 ent=0.694 t=54s
ppo: upd 160 rew/step=-0.0003 pi=-0.007 v=0.004 ent=0.687 t=56s
ppo: upd 165 rew/step=-0.0011 pi=-0.010 v=0.010 ent=0.779 t=58s
ppo: upd 170 rew/step=-0.0003 pi=-0.004 v=0.002 ent=0.670 t=60s
ppo: upd 175 rew/step=-0.0011 pi=-0.009 v=0.009 ent=0.792 t=61s
ppo: upd 180 rew/step=-0.0003 pi=-0.006 v=0.002 ent=0.749 t=63s
ppo: upd 185 rew/step=-0.0002 pi=-0.007 v=0.003 ent=0.721 t=65s
ppo: upd 190 rew/step=-0.0002 pi=-0.007 v=0.002 ent=0.748 t=67s
ppo: upd 195 rew/step=-0.0003 pi=-0.004 v=0.002 ent=0.717 t=68s
ppo: upd 200 rew/step=-0.0003 pi=-0.004 v=0.004 ent=0.634 t=70s
export: wrote /home/jack/Desktop/hax/haxball-clone/training/checkpoints/ppo6.pt.eval.bin (941716 bytes), parity skipped
ppo: GATE upd 200 score=0.045 win[norm/hard/imp]=0.00/0.00/0.00 poss_hard=0.45 pass_hard=0.00
ppo: SHIPPED new best (score 0.045) -> /home/jack/Desktop/hax/haxball-clone/internal/policy/weights/neural_v1.bin
ppo: upd 205 rew/step=-0.0003 pi=-0.006 v=0.001 ent=0.689 t=92s
ppo: upd 210 rew/step=-0.0003 pi=-0.008 v=0.002 ent=0.703 t=94s
ppo: upd 215 rew/step=-0.0002 pi=-0.004 v=0.001 ent=0.695 t=96s
ppo: upd 220 rew/step=-0.0003 pi=-0.004 v=0.001 ent=0.707 t=97s
ppo: upd 225 rew/step=-0.0003 pi=-0.008 v=0.003 ent=0.690 t=99s
ppo: upd 230 rew/step=-0.0003 pi=-0.004 v=0.001 ent=0.715 t=101s
ppo: upd 235 rew/step=-0.0003 pi=-0.005 v=0.001 ent=0.753 t=102s
ppo: upd 240 rew/step=-0.0003 pi=-0.005 v=0.001 ent=0.753 t=104s
ppo: upd 245 rew/step=-0.0003 pi=-0.005 v=0.001 ent=0.847 t=106s
ppo: upd 250 rew/step=-0.0002 pi=-0.001 v=0.002 ent=0.821 t=107s
ppo: upd 255 rew/step=-0.0003 pi=-0.003 v=0.001 ent=0.796 t=109s
ppo: upd 260 rew/step=-0.0003 pi=-0.005 v=0.001 ent=0.765 t=111s
ppo: upd 265 rew/step=-0.0003 pi=-0.002 v=0.001 ent=0.825 t=112s
ppo: upd 270 rew/step=-0.0003 pi=-0.004 v=0.001 ent=0.789 t=114s
ppo: upd 275 rew/step=-0.0003 pi=0.000 v=0.001 ent=0.751 t=116s
ppo: upd 280 rew/step=-0.0003 pi=-0.001 v=0.000 ent=0.750 t=118s
ppo: upd 285 rew/step=-0.0003 pi=-0.004 v=0.001 ent=0.776 t=120s
ppo: upd 290 rew/step=-0.0003 pi=-0.002 v=0.000 ent=0.622 t=121s
ppo: upd 295 rew/step=-0.0003 pi=-0.002 v=0.001 ent=0.766 t=123s
ppo: upd 300 rew/step=-0.0003 pi=-0.003 v=0.002 ent=0.910 t=125s
export: wrote /home/jack/Desktop/hax/haxball-clone/training/snapshots/snap_00300.bin (941716 bytes), parity skipped
ppo: added snapshot /home/jack/Desktop/hax/haxball-clone/training/snapshots/snap_00300.bin; league: ['rule:easy 0.48@116', 'rule:normal 0.49@310', 'rule:hard 0.48@346', 'rule:impossible 0.45@380', 'frozen:snap_00300.bin -']
ppo: upd 305 rew/step=-0.0003 pi=-0.005 v=0.003 ent=0.770 t=130s
ppo: upd 310 rew/step=-0.0003 pi=-0.006 v=0.002 ent=0.808 t=137s
ppo: upd 315 rew/step=-0.0003 pi=-0.006 v=0.002 ent=0.836 t=145s
ppo: upd 320 rew/step=-0.0003 pi=-0.006 v=0.002 ent=0.687 t=154s
ppo: upd 325 rew/step=-0.0003 pi=-0.005 v=0.003 ent=0.796 t=164s
ppo: upd 330 rew/step=-0.0003 pi=-0.004 v=0.001 ent=0.756 t=172s
ppo: upd 335 rew/step=-0.0003 pi=-0.004 v=0.002 ent=0.868 t=180s
ppo: upd 340 rew/step=-0.0003 pi=-0.006 v=0.002 ent=0.803 t=189s
ppo: upd 345 rew/step=-0.0003 pi=-0.004 v=0.001 ent=0.880 t=197s
ppo: upd 350 rew/step=-0.0003 pi=-0.004 v=0.003 ent=0.726 t=206s
ppo: upd 355 rew/step=-0.0002 pi=-0.004 v=0.002 ent=0.717 t=214s
ppo: upd 360 rew/step=-0.0003 pi=-0.007 v=0.002 ent=0.974 t=222s
ppo: upd 365 rew/step=-0.0003 pi=-0.006 v=0.002 ent=0.840 t=231s
ppo: upd 370 rew/step=-0.0003 pi=-0.006 v=0.001 ent=0.880 t=239s
ppo: upd 375 rew/step=-0.0002 pi=-0.006 v=0.003 ent=0.919 t=247s
ppo: upd 380 rew/step=-0.0003 pi=-0.003 v=0.001 ent=0.811 t=255s
ppo: upd 385 rew/step=-0.0003 pi=-0.004 v=0.002 ent=1.073 t=264s
ppo: upd 390 rew/step=-0.0003 pi=-0.005 v=0.001 ent=0.899 t=273s
ppo: upd 395 rew/step=-0.0003 pi=-0.007 v=0.001 ent=1.053 t=281s
ppo: upd 400 rew/step=-0.0003 pi=-0.006 v=0.004 ent=0.889 t=290s
export: wrote /home/jack/Desktop/hax/haxball-clone/training/checkpoints/ppo6.pt.eval.bin (941716 bytes), parity skipped
ppo: GATE upd 400 score=0.050 win[norm/hard/imp]=0.00/0.00/0.00 poss_hard=0.50 pass_hard=0.00
ppo: SHIPPED new best (score 0.050) -> /home/jack/Desktop/hax/haxball-clone/internal/policy/weights/neural_v1.bin
ppo: upd 405 rew/step=-0.0003 pi=-0.010 v=0.002 ent=0.857 t=318s
ppo: upd 410 rew/step=-0.0002 pi=-0.008 v=0.001 ent=1.131 t=326s
ppo: upd 415 rew/step=-0.0003 pi=-0.006 v=0.002 ent=0.799 t=335s
ppo: upd 420 rew/step=-0.0003 pi=-0.007 v=0.001 ent=1.062 t=344s
ppo: upd 425 rew/step=-0.0002 pi=-0.006 v=0.004 ent=1.014 t=354s
ppo: upd 430 rew/step=-0.0003 pi=-0.001 v=0.001 ent=0.887 t=363s
ppo: upd 435 rew/step=-0.0003 pi=-0.005 v=0.001 ent=1.095 t=371s
ppo: upd 440 rew/step=-0.0003 pi=0.002 v=0.001 ent=1.077 t=379s
ppo: upd 445 rew/step=-0.0003 pi=-0.005 v=0.001 ent=0.975 t=388s
ppo: upd 450 rew/step=-0.0003 pi=-0.007 v=0.002 ent=1.082 t=397s
ppo: upd 455 rew/step=-0.0003 pi=-0.006 v=0.001 ent=0.887 t=406s
ppo: upd 460 rew/step=-0.0003 pi=-0.007 v=0.002 ent=1.140 t=414s
ppo: upd 465 rew/step=-0.0003 pi=-0.007 v=0.001 ent=0.996 t=422s
ppo: upd 470 rew/step=-0.0003 pi=-0.005 v=0.001 ent=1.045 t=432s
ppo: upd 475 rew/step=-0.0002 pi=-0.007 v=0.002 ent=1.056 t=442s
ppo: upd 480 rew/step=-0.0003 pi=-0.004 v=0.001 ent=1.099 t=450s
ppo: upd 485 rew/step=0.0007 pi=-0.007 v=0.006 ent=1.153 t=460s
ppo: upd 490 rew/step=-0.0003 pi=-0.006 v=0.001 ent=0.928 t=469s
ppo: upd 495 rew/step=-0.0003 pi=-0.007 v=0.001 ent=1.252 t=478s
ppo: upd 500 rew/step=-0.0002 pi=-0.006 v=0.002 ent=1.147 t=487s
ppo: upd 505 rew/step=-0.0003 pi=0.009 v=0.002 ent=1.179 t=497s
ppo: upd 510 rew/step=-0.0003 pi=-0.001 v=0.002 ent=1.119 t=505s
ppo: upd 515 rew/step=-0.0003 pi=-0.008 v=0.001 ent=1.001 t=514s
ppo: upd 520 rew/step=-0.0002 pi=-0.007 v=0.002 ent=1.197 t=523s
ppo: upd 525 rew/step=-0.0003 pi=-0.008 v=0.002 ent=1.243 t=531s
ppo: upd 530 rew/step=-0.0002 pi=-0.006 v=0.001 ent=1.111 t=538s
ppo: upd 535 rew/step=-0.0002 pi=-0.007 v=0.001 ent=1.309 t=547s
ppo: upd 540 rew/step=-0.0003 pi=-0.005 v=0.001 ent=1.122 t=556s
ppo: upd 545 rew/step=0.0007 pi=-0.008 v=0.005 ent=1.292 t=565s
ppo: upd 550 rew/step=-0.0002 pi=-0.004 v=0.001 ent=1.407 t=569s
ppo: upd 555 rew/step=0.0006 pi=-0.006 v=0.004 ent=1.141 t=578s
ppo: upd 560 rew/step=-0.0002 pi=-0.009 v=0.001 ent=1.283 t=586s
ppo: upd 565 rew/step=-0.0003 pi=-0.006 v=0.001 ent=1.110 t=596s
ppo: upd 570 rew/step=0.0007 pi=-0.006 v=0.005 ent=1.339 t=604s
ppo: upd 575 rew/step=-0.0003 pi=-0.006 v=0.001 ent=1.314 t=612s
ppo: upd 580 rew/step=-0.0003 pi=0.002 v=0.001 ent=1.192 t=622s
ppo: upd 585 rew/step=-0.0003 pi=-0.006 v=0.001 ent=1.181 t=630s
ppo: upd 590 rew/step=-0.0003 pi=-0.005 v=0.001 ent=1.383 t=639s
ppo: upd 595 rew/step=-0.0003 pi=-0.005 v=0.001 ent=1.277 t=647s
ppo: upd 600 rew/step=-0.0003 pi=-0.005 v=0.002 ent=1.278 t=655s
export: wrote /home/jack/Desktop/hax/haxball-clone/training/snapshots/snap_00600.bin (941716 bytes), parity skipped
ppo: added snapshot /home/jack/Desktop/hax/haxball-clone/training/snapshots/snap_00600.bin; league: ['rule:easy 0.49@191', 'rule:normal 0.49@534', 'rule:hard 0.49@592', 'rule:impossible 0.47@633', 'frozen:snap_00300.bin 0.52@354', 'frozen:snap_00600.bin -']
export: wrote /home/jack/Desktop/hax/haxball-clone/training/checkpoints/ppo6.pt.eval.bin (941716 bytes), parity skipped
ppo: GATE upd 600 score=0.034 win[norm/hard/imp]=0.00/0.00/0.00 poss_hard=0.34 pass_hard=1.00
ppo: upd 605 rew/step=-0.0002 pi=-0.010 v=0.001 ent=1.176 t=684s
ppo: upd 610 rew/step=-0.0003 pi=-0.007 v=0.001 ent=1.141 t=693s
ppo: upd 615 rew/step=-0.0003 pi=-0.004 v=0.002 ent=0.978 t=702s
ppo: upd 620 rew/step=0.0007 pi=-0.008 v=0.005 ent=1.173 t=711s
ppo: upd 625 rew/step=-0.0002 pi=-0.008 v=0.002 ent=1.415 t=719s
ppo: upd 630 rew/step=-0.0002 pi=-0.008 v=0.001 ent=1.356 t=728s
ppo: upd 635 rew/step=-0.0002 pi=-0.008 v=0.002 ent=1.196 t=736s
ppo: upd 640 rew/step=0.0016 pi=-0.006 v=0.008 ent=1.238 t=745s
ppo: upd 645 rew/step=-0.0002 pi=-0.007 v=0.002 ent=1.246 t=752s
ppo: upd 650 rew/step=-0.0003 pi=-0.006 v=0.002 ent=1.218 t=761s
ppo: upd 655 rew/step=-0.0003 pi=-0.006 v=0.001 ent=1.264 t=769s
ppo: upd 660 rew/step=-0.0002 pi=-0.008 v=0.001 ent=1.281 t=776s
ppo: upd 665 rew/step=-0.0002 pi=-0.006 v=0.001 ent=1.395 t=785s
ppo: upd 670 rew/step=-0.0003 pi=-0.008 v=0.001 ent=1.193 t=794s
ppo: upd 675 rew/step=-0.0003 pi=-0.011 v=0.002 ent=1.260 t=802s
ppo: upd 680 rew/step=-0.0002 pi=-0.009 v=0.002 ent=0.982 t=811s
ppo: upd 685 rew/step=-0.0003 pi=-0.004 v=0.001 ent=1.188 t=819s
ppo: upd 690 rew/step=-0.0011 pi=-0.010 v=0.004 ent=1.325 t=827s
ppo: upd 695 rew/step=-0.0002 pi=-0.009 v=0.001 ent=1.238 t=836s
ppo: upd 700 rew/step=-0.0003 pi=-0.006 v=0.001 ent=1.358 t=845s
ppo: upd 705 rew/step=-0.0011 pi=-0.006 v=0.004 ent=1.287 t=855s
ppo: upd 710 rew/step=-0.0002 pi=-0.010 v=0.001 ent=1.213 t=863s
ppo: upd 715 rew/step=-0.0003 pi=-0.008 v=0.001 ent=1.280 t=872s
ppo: upd 720 rew/step=-0.0002 pi=-0.005 v=0.001 ent=1.363 t=881s
ppo: upd 725 rew/step=-0.0011 pi=-0.008 v=0.005 ent=1.280 t=889s
ppo: upd 730 rew/step=-0.0003 pi=-0.004 v=0.001 ent=1.413 t=896s
ppo: upd 735 rew/step=-0.0003 pi=-0.004 v=0.001 ent=1.222 t=904s
ppo: upd 740 rew/step=-0.0011 pi=-0.007 v=0.004 ent=1.294 t=913s
ppo: upd 745 rew/step=-0.0003 pi=-0.007 v=0.001 ent=1.158 t=923s
ppo: upd 750 rew/step=-0.0002 pi=-0.007 v=0.002 ent=1.255 t=932s
ppo: upd 755 rew/step=-0.0003 pi=-0.007 v=0.001 ent=1.441 t=940s
ppo: upd 760 rew/step=-0.0011 pi=-0.006 v=0.003 ent=1.231 t=948s
ppo: upd 765 rew/step=-0.0003 pi=-0.004 v=0.001 ent=1.586 t=953s
ppo: upd 770 rew/step=-0.0003 pi=-0.007 v=0.001 ent=1.348 t=961s
ppo: upd 775 rew/step=-0.0011 pi=-0.008 v=0.004 ent=1.516 t=971s
ppo: upd 780 rew/step=-0.0003 pi=-0.006 v=0.000 ent=1.545 t=979s
ppo: upd 785 rew/step=-0.0003 pi=-0.007 v=0.001 ent=1.291 t=987s
ppo: upd 790 rew/step=-0.0003 pi=-0.007 v=0.001 ent=1.541 t=996s
ppo: upd 795 rew/step=-0.0003 pi=0.000 v=0.001 ent=1.331 t=1004s
ppo: upd 800 rew/step=-0.0011 pi=-0.006 v=0.003 ent=1.390 t=1013s
export: wrote /home/jack/Desktop/hax/haxball-clone/training/checkpoints/ppo6.pt.eval.bin (941716 bytes), parity skipped
ppo: GATE upd 800 score=0.098 win[norm/hard/imp]=0.00/0.12/0.00 poss_hard=0.36 pass_hard=0.00
ppo: SHIPPED new best (score 0.098) -> /home/jack/Desktop/hax/haxball-clone/internal/policy/weights/neural_v1.bin
ppo: upd 805 rew/step=-0.0003 pi=-0.005 v=0.001 ent=1.632 t=1044s
ppo: upd 810 rew/step=-0.0003 pi=-0.007 v=0.001 ent=1.152 t=1052s
ppo: upd 815 rew/step=-0.0003 pi=0.000 v=0.001 ent=1.580 t=1061s
ppo: upd 820 rew/step=-0.0003 pi=-0.007 v=0.001 ent=1.441 t=1069s
ppo: upd 825 rew/step=-0.0002 pi=-0.006 v=0.003 ent=1.287 t=1078s
ppo: upd 830 rew/step=-0.0003 pi=-0.002 v=0.001 ent=1.479 t=1086s
ppo: upd 835 rew/step=-0.0002 pi=-0.008 v=0.001 ent=1.114 t=1095s
ppo: upd 840 rew/step=-0.0002 pi=-0.005 v=0.001 ent=1.256 t=1103s
ppo: upd 845 rew/step=-0.0003 pi=-0.005 v=0.001 ent=1.136 t=1112s
ppo: upd 850 rew/step=-0.0003 pi=-0.003 v=0.002 ent=1.495 t=1120s
ppo: upd 855 rew/step=-0.0003 pi=-0.007 v=0.001 ent=1.468 t=1130s
ppo: upd 860 rew/step=-0.0002 pi=-0.006 v=0.001 ent=1.172 t=1139s
ppo: upd 865 rew/step=-0.0003 pi=-0.003 v=0.001 ent=1.716 t=1148s
ppo: upd 870 rew/step=-0.0003 pi=-0.004 v=0.001 ent=1.583 t=1156s
ppo: upd 875 rew/step=-0.0003 pi=-0.007 v=0.002 ent=1.602 t=1164s
ppo: upd 880 rew/step=-0.0003 pi=-0.007 v=0.002 ent=1.486 t=1172s
ppo: upd 885 rew/step=-0.0002 pi=-0.006 v=0.001 ent=1.380 t=1181s
ppo: upd 890 rew/step=-0.0011 pi=-0.007 v=0.004 ent=1.599 t=1189s
ppo: upd 895 rew/step=-0.0003 pi=-0.006 v=0.001 ent=1.607 t=1197s
ppo: upd 900 rew/step=-0.0003 pi=-0.005 v=0.001 ent=1.743 t=1206s
export: wrote /home/jack/Desktop/hax/haxball-clone/training/snapshots/snap_00900.bin (941716 bytes), parity skipped
ppo: added snapshot /home/jack/Desktop/hax/haxball-clone/training/snapshots/snap_00900.bin; league: ['rule:easy 0.49@273', 'rule:normal 0.49@786', 'rule:hard 0.49@843', 'rule:impossible 0.48@853', 'frozen:snap_00300.bin 0.52@534', 'frozen:snap_00600.bin 0.45@167', 'frozen:snap_00900.bin -']
ppo: upd 905 rew/step=-0.0003 pi=-0.005 v=0.001 ent=1.770 t=1216s
ppo: upd 910 rew/step=-0.0003 pi=-0.007 v=0.001 ent=1.273 t=1224s
ppo: upd 915 rew/step=-0.0011 pi=-0.009 v=0.003 ent=1.947 t=1232s
ppo: upd 920 rew/step=-0.0003 pi=-0.006 v=0.000 ent=1.855 t=1241s
ppo: upd 925 rew/step=-0.0002 pi=-0.007 v=0.001 ent=1.667 t=1251s
ppo: upd 930 rew/step=-0.0003 pi=-0.006 v=0.000 ent=1.880 t=1259s
ppo: upd 935 rew/step=-0.0002 pi=-0.007 v=0.001 ent=1.491 t=1267s
ppo: upd 940 rew/step=-0.0003 pi=-0.004 v=0.000 ent=1.945 t=1272s
ppo: upd 945 rew/step=-0.0003 pi=-0.007 v=0.000 ent=1.581 t=1281s
ppo: upd 950 rew/step=-0.0003 pi=-0.002 v=0.001 ent=1.994 t=1290s
ppo: upd 955 rew/step=-0.0002 pi=-0.004 v=0.001 ent=1.907 t=1298s
ppo: upd 960 rew/step=-0.0002 pi=-0.002 v=0.001 ent=1.465 t=1308s
ppo: upd 965 rew/step=-0.0003 pi=-0.005 v=0.000 ent=1.946 t=1316s
ppo: upd 970 rew/step=-0.0003 pi=-0.002 v=0.000 ent=1.737 t=1324s
ppo: upd 975 rew/step=-0.0003 pi=-0.003 v=0.001 ent=1.681 t=1333s
ppo: upd 980 rew/step=-0.0002 pi=-0.005 v=0.001 ent=2.037 t=1342s
ppo: upd 985 rew/step=-0.0003 pi=-0.001 v=0.001 ent=1.476 t=1351s
ppo: upd 990 rew/step=-0.0002 pi=-0.007 v=0.001 ent=1.826 t=1361s
ppo: upd 995 rew/step=-0.0002 pi=-0.005 v=0.001 ent=1.589 t=1370s
ppo: upd 1000 rew/step=-0.0003 pi=-0.006 v=0.001 ent=1.829 t=1379s
export: wrote /home/jack/Desktop/hax/haxball-clone/training/checkpoints/ppo6.pt.eval.bin (941716 bytes), parity skipped
ppo: GATE upd 1000 score=0.034 win[norm/hard/imp]=0.00/0.00/0.00 poss_hard=0.34 pass_hard=0.00
ppo: upd 1005 rew/step=-0.0003 pi=-0.003 v=0.001 ent=2.088 t=1405s
ppo: upd 1010 rew/step=-0.0003 pi=-0.004 v=0.001 ent=1.498 t=1414s
ppo: upd 1015 rew/step=-0.0002 pi=-0.005 v=0.001 ent=1.786 t=1424s
ppo: upd 1020 rew/step=-0.0003 pi=-0.003 v=0.000 ent=1.710 t=1432s
ppo: upd 1025 rew/step=-0.0002 pi=0.008 v=0.001 ent=1.874 t=1440s
ppo: upd 1030 rew/step=-0.0003 pi=-0.003 v=0.000 ent=1.801 t=1449s
ppo: upd 1035 rew/step=-0.0003 pi=-0.005 v=0.001 ent=1.531 t=1459s
ppo: upd 1040 rew/step=-0.0003 pi=-0.003 v=0.001 ent=2.161 t=1467s
ppo: upd 1045 rew/step=-0.0003 pi=-0.005 v=0.001 ent=1.732 t=1476s
ppo: upd 1050 rew/step=-0.0003 pi=-0.006 v=0.000 ent=2.057 t=1483s
ppo: upd 1055 rew/step=-0.0003 pi=-0.001 v=0.000 ent=1.877 t=1491s
ppo: upd 1060 rew/step=-0.0002 pi=-0.006 v=0.001 ent=1.475 t=1499s
ppo: upd 1065 rew/step=-0.0003 pi=-0.008 v=0.001 ent=1.884 t=1507s
ppo: upd 1070 rew/step=-0.0003 pi=0.001 v=0.000 ent=1.650 t=1515s
ppo: upd 1075 rew/step=-0.0003 pi=-0.003 v=0.000 ent=1.800 t=1523s
ppo: upd 1080 rew/step=-0.0003 pi=-0.002 v=0.000 ent=1.969 t=1531s
ppo: upd 1085 rew/step=-0.0003 pi=-0.005 v=0.002 ent=1.654 t=1539s
ppo: upd 1090 rew/step=-0.0002 pi=-0.007 v=0.002 ent=1.830 t=1546s
ppo: upd 1095 rew/step=-0.0002 pi=-0.005 v=0.000 ent=1.490 t=1555s
ppo: upd 1100 rew/step=-0.0003 pi=-0.004 v=0.001 ent=1.656 t=1563s
ppo: upd 1105 rew/step=-0.0002 pi=-0.004 v=0.000 ent=1.782 t=1571s
ppo: upd 1110 rew/step=-0.0003 pi=-0.004 v=0.001 ent=1.401 t=1580s
ppo: upd 1115 rew/step=-0.0003 pi=0.009 v=0.007 ent=2.005 t=1588s
ppo: upd 1120 rew/step=-0.0003 pi=-0.002 v=0.001 ent=1.540 t=1596s
ppo: upd 1125 rew/step=-0.0003 pi=-0.002 v=0.001 ent=2.087 t=1604s
ppo: upd 1130 rew/step=-0.0003 pi=-0.006 v=0.001 ent=1.872 t=1612s
ppo: upd 1135 rew/step=-0.0003 pi=-0.003 v=0.001 ent=1.380 t=1621s
ppo: upd 1140 rew/step=-0.0003 pi=-0.005 v=0.001 ent=1.888 t=1629s
ppo: upd 1145 rew/step=-0.0003 pi=-0.003 v=0.001 ent=1.544 t=1637s
ppo: upd 1150 rew/step=-0.0003 pi=-0.001 v=0.000 ent=1.880 t=1645s
ppo: upd 1155 rew/step=-0.0002 pi=-0.007 v=0.001 ent=1.871 t=1653s
ppo: upd 1160 rew/step=-0.0003 pi=-0.005 v=0.000 ent=1.436 t=1662s
ppo: upd 1165 rew/step=-0.0003 pi=-0.002 v=0.000 ent=1.813 t=1672s
