ppo: upd 5 rew/step=0.0057 pi=-0.005 v=0.020 ent=1.195 t=21s
ppo: upd 10 rew/step=0.0017 pi=-0.004 v=0.015 ent=1.224 t=42s
ppo: upd 15 rew/step=0.0063 pi=-0.003 v=0.017 ent=1.294 t=63s
ppo: upd 20 rew/step=0.0036 pi=-0.003 v=0.018 ent=1.295 t=84s
ppo: upd 25 rew/step=0.0003 pi=-0.004 v=0.020 ent=1.223 t=105s
ppo: upd 30 rew/step=0.0002 pi=-0.004 v=0.019 ent=1.208 t=124s
ppo: upd 35 rew/step=0.0051 pi=-0.003 v=0.014 ent=1.277 t=143s
ppo: upd 40 rew/step=0.0065 pi=-0.003 v=0.023 ent=1.278 t=162s
ppo: upd 45 rew/step=0.0047 pi=-0.004 v=0.022 ent=1.249 t=182s
ppo: upd 50 rew/step=0.0051 pi=-0.004 v=0.018 ent=1.263 t=201s
ppo: upd 55 rew/step=0.0028 pi=-0.003 v=0.015 ent=1.259 t=221s
ppo: upd 60 rew/step=0.0052 pi=-0.004 v=0.019 ent=1.291 t=241s
ppo: upd 65 rew/step=0.0008 pi=-0.004 v=0.017 ent=1.270 t=261s
ppo: upd 70 rew/step=0.0007 pi=-0.003 v=0.029 ent=1.238 t=281s
ppo: upd 75 rew/step=0.0024 pi=-0.003 v=0.017 ent=1.281 t=298s
ppo: upd 80 rew/step=0.0046 pi=-0.003 v=0.018 ent=1.240 t=316s
ppo: upd 85 rew/step=0.0047 pi=-0.004 v=0.017 ent=1.256 t=336s
ppo: upd 90 rew/step=0.0048 pi=-0.003 v=0.021 ent=1.211 t=358s
ppo: upd 95 rew/step=0.0035 pi=-0.003 v=0.018 ent=1.304 t=374s
ppo: upd 100 rew/step=0.0038 pi=-0.004 v=0.015 ent=1.244 t=396s
ppo: upd 105 rew/step=0.0041 pi=-0.004 v=0.015 ent=1.228 t=417s
ppo: upd 110 rew/step=0.0008 pi=-0.005 v=0.023 ent=1.270 t=437s
ppo: upd 115 rew/step=0.0029 pi=-0.005 v=0.019 ent=1.293 t=456s
ppo: upd 120 rew/step=0.0002 pi=-0.003 v=0.016 ent=1.231 t=476s
ppo: upd 125 rew/step=0.0033 pi=-0.003 v=0.022 ent=1.247 t=497s
ppo: upd 130 rew/step=0.0070 pi=-0.003 v=0.016 ent=1.269 t=518s
ppo: upd 135 rew/step=0.0035 pi=-0.003 v=0.018 ent=1.175 t=539s
ppo: upd 140 rew/step=0.0036 pi=-0.003 v=0.018 ent=1.273 t=558s
ppo: upd 145 rew/step=0.0045 pi=-0.004 v=0.012 ent=1.247 t=573s
ppo: upd 150 rew/step=0.0030 pi=-0.003 v=0.017 ent=1.240 t=592s
ppo: upd 155 rew/step=0.0015 pi=-0.004 v=0.015 ent=1.343 t=612s
ppo: upd 160 rew/step=0.0024 pi=-0.004 v=0.020 ent=1.262 t=631s
ppo: upd 165 rew/step=0.0008 pi=-0.004 v=0.014 ent=1.343 t=649s
ppo: upd 170 rew/step=0.0074 pi=-0.003 v=0.016 ent=1.373 t=668s
ppo: upd 175 rew/step=0.0042 pi=-0.003 v=0.021 ent=1.279 t=688s
ppo: upd 180 rew/step=0.0018 pi=-0.004 v=0.018 ent=1.289 t=708s
ppo: upd 185 rew/step=0.0040 pi=-0.004 v=0.018 ent=1.273 t=728s
ppo: upd 190 rew/step=0.0023 pi=-0.003 v=0.011 ent=1.283 t=748s
ppo: upd 195 rew/step=0.0041 pi=-0.003 v=0.020 ent=1.310 t=768s
ppo: upd 200 rew/step=0.0030 pi=-0.004 v=0.020 ent=1.373 t=789s
ppo: upd 205 rew/step=0.0042 pi=-0.004 v=0.016 ent=1.310 t=809s
ppo: upd 210 rew/step=0.0041 pi=-0.004 v=0.015 ent=1.305 t=830s
ppo: upd 215 rew/step=0.0068 pi=-0.003 v=0.015 ent=1.327 t=847s
ppo: upd 220 rew/step=0.0048 pi=-0.005 v=0.016 ent=1.291 t=868s
ppo: upd 225 rew/step=0.0019 pi=-0.004 v=0.018 ent=1.210 t=889s
ppo: upd 230 rew/step=0.0036 pi=-0.004 v=0.015 ent=1.275 t=910s
ppo: upd 235 rew/step=0.0045 pi=-0.004 v=0.018 ent=1.272 t=931s
ppo: upd 240 rew/step=0.0063 pi=-0.003 v=0.012 ent=1.280 t=951s
ppo: upd 245 rew/step=0.0036 pi=-0.003 v=0.017 ent=1.231 t=972s
ppo: upd 250 rew/step=0.0035 pi=-0.004 v=0.019 ent=1.236 t=991s
export: wrote /home/jack/Desktop/hax/haxball-clone/training/checkpoints/ppo.pt.eval.bin (941716 bytes), parity skipped
ppo: GATE upd 250 score=0.563 win[norm/hard/imp]=0.90/0.55/0.40 poss_hard=0.43 pass_hard=0.00
ppo: SHIPPED new best (score 0.563) -> /home/jack/Desktop/hax/haxball-clone/internal/policy/weights/neural_v1.bin
ppo: upd 255 rew/step=0.0019 pi=-0.003 v=0.011 ent=1.251 t=1087s
ppo: upd 260 rew/step=0.0052 pi=-0.004 v=0.015 ent=1.224 t=1103s
ppo: upd 265 rew/step=0.0042 pi=-0.003 v=0.017 ent=1.237 t=1123s
ppo: upd 270 rew/step=0.0048 pi=-0.003 v=0.025 ent=1.261 t=1145s
ppo: upd 275 rew/step=0.0024 pi=-0.004 v=0.017 ent=1.195 t=1164s
ppo: upd 280 rew/step=0.0023 pi=-0.003 v=0.015 ent=1.199 t=1183s
ppo: upd 285 rew/step=0.0051 pi=-0.004 v=0.014 ent=1.260 t=1203s
ppo: upd 290 rew/step=0.0015 pi=-0.004 v=0.017 ent=1.286 t=1223s
ppo: upd 295 rew/step=0.0018 pi=-0.003 v=0.017 ent=1.165 t=1243s
ppo: upd 300 rew/step=0.0014 pi=-0.003 v=0.020 ent=1.179 t=1264s
ppo: upd 305 rew/step=0.0046 pi=-0.003 v=0.011 ent=1.199 t=1284s
ppo: upd 310 rew/step=0.0098 pi=-0.003 v=0.020 ent=1.249 t=1305s
ppo: upd 315 rew/step=0.0019 pi=-0.003 v=0.021 ent=1.236 t=1325s
ppo: upd 320 rew/step=-0.0008 pi=-0.002 v=0.025 ent=1.202 t=1347s
ppo: upd 325 rew/step=0.0024 pi=-0.004 v=0.016 ent=1.244 t=1366s
ppo: upd 330 rew/step=0.0069 pi=-0.003 v=0.011 ent=1.296 t=1387s
ppo: upd 335 rew/step=0.0020 pi=-0.004 v=0.013 ent=1.250 t=1408s
ppo: upd 340 rew/step=0.0035 pi=-0.004 v=0.018 ent=1.244 t=1426s
ppo: upd 345 rew/step=0.0041 pi=-0.004 v=0.017 ent=1.160 t=1444s
ppo: upd 350 rew/step=0.0051 pi=-0.003 v=0.018 ent=1.168 t=1465s
ppo: upd 355 rew/step=0.0070 pi=-0.004 v=0.023 ent=1.234 t=1485s
ppo: upd 360 rew/step=0.0008 pi=-0.004 v=0.020 ent=1.259 t=1505s
ppo: upd 365 rew/step=0.0030 pi=-0.005 v=0.030 ent=1.269 t=1524s
ppo: upd 370 rew/step=0.0023 pi=-0.003 v=0.018 ent=1.240 t=1543s
ppo: upd 375 rew/step=0.0047 pi=-0.004 v=0.013 ent=1.247 t=1564s
ppo: upd 380 rew/step=-0.0001 pi=-0.003 v=0.018 ent=1.243 t=1585s
ppo: upd 385 rew/step=0.0046 pi=-0.003 v=0.017 ent=1.267 t=1606s
ppo: upd 390 rew/step=0.0030 pi=-0.003 v=0.017 ent=1.230 t=1625s
ppo: upd 395 rew/step=0.0057 pi=-0.004 v=0.019 ent=1.259 t=1645s
ppo: upd 400 rew/step=0.0037 pi=-0.004 v=0.016 ent=1.275 t=1666s
export: wrote /home/jack/Desktop/hax/haxball-clone/training/snapshots/snap_00400.bin (941716 bytes), parity skipped
ppo: added snapshot /home/jack/Desktop/hax/haxball-clone/training/snapshots/snap_00400.bin; league: ['rule:easy 0.95@128', 'rule:normal 0.94@334', 'rule:hard 0.90@479', 'rule:impossible 0.89@462', 'frozen:snap_00300.bin 0.98@28', 'frozen:snap_00600.bin 0.94@56', 'frozen:snap_00900.bin 0.82@64', 'frozen:snap_01200.bin 0.93@37', 'frozen:snap_01500.bin 0.72@97', 'frozen:snap_01800.bin 0.65@136', 'frozen:snap_02100.bin 0.77@121', 'frozen:snap_02400.bin 0.98@46', 'frozen:snap_00400.bin -']
ppo: upd 405 rew/step=0.0024 pi=-0.004 v=0.021 ent=1.187 t=1690s
ppo: upd 410 rew/step=0.0030 pi=-0.004 v=0.013 ent=1.196 t=1708s
ppo: upd 415 rew/step=0.0028 pi=-0.004 v=0.013 ent=1.250 t=1728s
ppo: upd 420 rew/step=0.0053 pi=-0.004 v=0.014 ent=1.261 t=1749s
ppo: upd 425 rew/step=0.0025 pi=-0.003 v=0.012 ent=1.272 t=1769s
ppo: upd 430 rew/step=0.0018 pi=-0.003 v=0.022 ent=1.188 t=1790s
ppo: upd 435 rew/step=0.0031 pi=-0.004 v=0.012 ent=1.290 t=1810s
ppo: upd 440 rew/step=0.0058 pi=-0.005 v=0.011 ent=1.225 t=1828s
ppo: upd 445 rew/step=0.0031 pi=-0.004 v=0.014 ent=1.227 t=1849s
ppo: upd 450 rew/step=0.0052 pi=-0.004 v=0.020 ent=1.267 t=1867s
ppo: upd 455 rew/step=0.0025 pi=-0.005 v=0.021 ent=1.253 t=1888s
ppo: upd 460 rew/step=0.0011 pi=-0.003 v=0.017 ent=1.226 t=1909s
ppo: upd 465 rew/step=0.0052 pi=-0.004 v=0.012 ent=1.307 t=1930s
ppo: upd 470 rew/step=0.0026 pi=-0.003 v=0.014 ent=1.304 t=1952s
ppo: upd 475 rew/step=0.0024 pi=-0.005 v=0.018 ent=1.311 t=1970s
ppo: upd 480 rew/step=0.0024 pi=-0.004 v=0.016 ent=1.261 t=1991s
ppo: upd 485 rew/step=0.0040 pi=-0.003 v=0.017 ent=1.287 t=2009s
ppo: upd 490 rew/step=0.0054 pi=-0.004 v=0.012 ent=1.329 t=2027s
ppo: upd 495 rew/step=0.0003 pi=-0.003 v=0.017 ent=1.280 t=2048s
ppo: upd 500 rew/step=0.0063 pi=-0.003 v=0.015 ent=1.257 t=2069s
export: wrote /home/jack/Desktop/hax/haxball-clone/training/checkpoints/ppo.pt.eval.bin (941716 bytes), parity skipped
ppo: GATE upd 500 score=0.831 win[norm/hard/imp]=0.90/0.68/0.80 poss_hard=0.48 pass_hard=0.00
ppo: SHIPPED new best (score 0.831) -> /home/jack/Desktop/hax/haxball-clone/internal/policy/weights/neural_v1.bin
ppo: upd 505 rew/step=0.0023 pi=-0.005 v=0.018 ent=1.275 t=2166s
ppo: upd 510 rew/step=0.0052 pi=-0.003 v=0.011 ent=1.317 t=2185s
ppo: upd 515 rew/step=0.0030 pi=-0.004 v=0.013 ent=1.342 t=2205s
ppo: upd 520 rew/step=0.0047 pi=-0.005 v=0.018 ent=1.279 t=2225s
ppo: upd 525 rew/step=0.0036 pi=-0.004 v=0.016 ent=1.295 t=2245s
ppo: upd 530 rew/step=0.0046 pi=-0.003 v=0.020 ent=1.245 t=2264s
ppo: upd 535 rew/step=0.0054 pi=-0.003 v=0.018 ent=1.264 t=2286s
ppo: upd 540 rew/step=0.0030 pi=-0.004 v=0.019 ent=1.313 t=2305s
ppo: upd 545 rew/step=0.0041 pi=-0.004 v=0.018 ent=1.286 t=2325s
ppo: upd 550 rew/step=0.0017 pi=-0.004 v=0.020 ent=1.247 t=2346s
ppo: upd 555 rew/step=0.0024 pi=-0.004 v=0.015 ent=1.275 t=2365s
ppo: upd 560 rew/step=0.0014 pi=-0.005 v=0.014 ent=1.263 t=2386s
ppo: upd 565 rew/step=-0.0015 pi=-0.004 v=0.019 ent=1.220 t=2407s
ppo: upd 570 rew/step=0.0029 pi=-0.004 v=0.015 ent=1.273 t=2428s
ppo: upd 575 rew/step=0.0036 pi=-0.005 v=0.012 ent=1.272 t=2448s
ppo: upd 580 rew/step=0.0082 pi=-0.003 v=0.014 ent=1.271 t=2468s
ppo: upd 585 rew/step=0.0031 pi=-0.004 v=0.020 ent=1.237 t=2488s
ppo: upd 590 rew/step=0.0025 pi=-0.004 v=0.019 ent=1.237 t=2508s
ppo: upd 595 rew/step=0.0005 pi=-0.004 v=0.013 ent=1.252 t=2528s
ppo: upd 600 rew/step=0.0057 pi=-0.005 v=0.017 ent=1.240 t=2549s
ppo: upd 605 rew/step=0.0009 pi=-0.004 v=0.014 ent=1.347 t=2569s
ppo: upd 610 rew/step=0.0024 pi=-0.004 v=0.012 ent=1.269 t=2588s
ppo: upd 615 rew/step=0.0019 pi=-0.004 v=0.016 ent=1.288 t=2608s
ppo: upd 620 rew/step=0.0056 pi=-0.004 v=0.015 ent=1.313 t=2626s
ppo: upd 625 rew/step=0.0042 pi=-0.005 v=0.023 ent=1.325 t=2642s
ppo: upd 630 rew/step=0.0020 pi=-0.004 v=0.017 ent=1.364 t=2658s
ppo: upd 635 rew/step=0.0020 pi=-0.004 v=0.018 ent=1.298 t=2678s
ppo: upd 640 rew/step=0.0039 pi=-0.004 v=0.012 ent=1.309 t=2697s
ppo: upd 645 rew/step=0.0063 pi=-0.004 v=0.016 ent=1.325 t=2714s
ppo: upd 650 rew/step=0.0014 pi=-0.004 v=0.018 ent=1.371 t=2731s
ppo: upd 655 rew/step=0.0024 pi=-0.005 v=0.020 ent=1.310 t=2750s
ppo: upd 660 rew/step=0.0047 pi=-0.005 v=0.012 ent=1.337 t=2771s
ppo: upd 665 rew/step=0.0039 pi=-0.004 v=0.015 ent=1.314 t=2791s
ppo: upd 670 rew/step=0.0037 pi=-0.004 v=0.019 ent=1.320 t=2810s
ppo: upd 675 rew/step=0.0024 pi=-0.005 v=0.018 ent=1.343 t=2830s
ppo: upd 680 rew/step=0.0063 pi=-0.003 v=0.022 ent=1.373 t=2847s
ppo: upd 685 rew/step=0.0021 pi=-0.004 v=0.017 ent=1.295 t=2865s
ppo: upd 690 rew/step=0.0046 pi=-0.004 v=0.016 ent=1.353 t=2884s
ppo: upd 695 rew/step=-0.0009 pi=-0.005 v=0.011 ent=1.385 t=2903s
ppo: upd 700 rew/step=0.0018 pi=-0.004 v=0.015 ent=1.333 t=2921s
ppo: upd 705 rew/step=0.0020 pi=-0.004 v=0.018 ent=1.360 t=2939s
ppo: upd 710 rew/step=0.0056 pi=-0.004 v=0.016 ent=1.303 t=2959s
ppo: upd 715 rew/step=0.0053 pi=-0.004 v=0.014 ent=1.336 t=2978s
ppo: upd 720 rew/step=0.0013 pi=-0.005 v=0.019 ent=1.327 t=2999s
ppo: upd 725 rew/step=0.0042 pi=-0.005 v=0.020 ent=1.372 t=3017s
ppo: upd 730 rew/step=0.0012 pi=-0.003 v=0.016 ent=1.319 t=3035s
ppo: upd 735 rew/step=0.0046 pi=-0.004 v=0.011 ent=1.302 t=3055s
ppo: upd 740 rew/step=0.0030 pi=-0.004 v=0.011 ent=1.363 t=3071s
ppo: upd 745 rew/step=0.0041 pi=-0.004 v=0.013 ent=1.340 t=3088s
ppo: upd 750 rew/step=0.0042 pi=-0.004 v=0.013 ent=1.330 t=3106s
export: wrote /home/jack/Desktop/hax/haxball-clone/training/checkpoints/ppo.pt.eval.bin (941716 bytes), parity skipped
ppo: GATE upd 750 score=0.736 win[norm/hard/imp]=0.80/0.70/0.60 poss_hard=0.46 pass_hard=0.00
ppo: upd 755 rew/step=0.0051 pi=-0.004 v=0.017 ent=1.261 t=3200s
ppo: upd 760 rew/step=0.0064 pi=-0.003 v=0.017 ent=1.309 t=3219s
ppo: upd 765 rew/step=0.0036 pi=-0.004 v=0.017 ent=1.313 t=3239s
ppo: upd 770 rew/step=0.0030 pi=-0.003 v=0.012 ent=1.356 t=3258s
ppo: upd 775 rew/step=0.0000 pi=-0.004 v=0.015 ent=1.298 t=3277s
ppo: upd 780 rew/step=0.0035 pi=-0.005 v=0.013 ent=1.259 t=3296s
ppo: upd 785 rew/step=0.0009 pi=-0.004 v=0.016 ent=1.353 t=3316s
ppo: upd 790 rew/step=0.0045 pi=-0.004 v=0.024 ent=1.279 t=3335s
ppo: upd 795 rew/step=0.0035 pi=-0.003 v=0.016 ent=1.355 t=3355s
ppo: upd 800 rew/step=0.0080 pi=-0.003 v=0.014 ent=1.278 t=3367s
export: wrote /home/jack/Desktop/hax/haxball-clone/training/snapshots/snap_00800.bin (941716 bytes), parity skipped
ppo: added snapshot /home/jack/Desktop/hax/haxball-clone/training/snapshots/snap_00800.bin; league: ['rule:easy 0.95@265', 'rule:normal 0.92@677', 'rule:hard 0.90@950', 'rule:impossible 0.88@921', 'frozen:snap_00300.bin 0.97@55', 'frozen:snap_00600.bin 0.93@111', 'frozen:snap_00900.bin 0.85@145', 'frozen:snap_01200.bin 0.92@86', 'frozen:snap_01500.bin 0.81@188', 'frozen:snap_01800.bin 0.69@257', 'frozen:snap_02100.bin 0.79@213', 'frozen:snap_02400.bin 0.98@70', 'frozen:snap_00400.bin 0.92@38', 'frozen:snap_00800.bin -']
ppo: upd 805 rew/step=0.0024 pi=-0.003 v=0.020 ent=1.298 t=3386s
ppo: upd 810 rew/step=0.0036 pi=-0.003 v=0.016 ent=1.273 t=3400s
ppo: upd 815 rew/step=0.0035 pi=-0.004 v=0.018 ent=1.227 t=3418s
ppo: upd 820 rew/step=-0.0005 pi=-0.004 v=0.017 ent=1.278 t=3437s
ppo: upd 825 rew/step=0.0070 pi=-0.004 v=0.013 ent=1.254 t=3453s
ppo: upd 830 rew/step=0.0036 pi=-0.005 v=0.014 ent=1.257 t=3472s
ppo: upd 835 rew/step=0.0018 pi=-0.005 v=0.013 ent=1.348 t=3492s
ppo: upd 840 rew/step=0.0047 pi=-0.005 v=0.015 ent=1.308 t=3511s
ppo: upd 845 rew/step=0.0056 pi=-0.004 v=0.015 ent=1.249 t=3531s
ppo: upd 850 rew/step=0.0048 pi=-0.004 v=0.017 ent=1.264 t=3551s
ppo: upd 855 rew/step=0.0041 pi=-0.005 v=0.019 ent=1.282 t=3571s
ppo: upd 860 rew/step=0.0041 pi=-0.004 v=0.018 ent=1.296 t=3590s
ppo: upd 865 rew/step=0.0033 pi=-0.004 v=0.011 ent=1.269 t=3608s
ppo: upd 870 rew/step=0.0047 pi=-0.004 v=0.015 ent=1.230 t=3627s
ppo: upd 875 rew/step=0.0014 pi=-0.004 v=0.015 ent=1.290 t=3645s
ppo: upd 880 rew/step=0.0013 pi=-0.004 v=0.017 ent=1.289 t=3665s
ppo: upd 885 rew/step=0.0008 pi=-0.004 v=0.015 ent=1.246 t=3682s
ppo: upd 890 rew/step=0.0040 pi=-0.003 v=0.014 ent=1.204 t=3703s
ppo: upd 895 rew/step=0.0081 pi=-0.004 v=0.018 ent=1.207 t=3722s
ppo: upd 900 rew/step=0.0040 pi=-0.004 v=0.017 ent=1.267 t=3739s
ppo: upd 905 rew/step=0.0003 pi=-0.005 v=0.017 ent=1.317 t=3759s
ppo: upd 910 rew/step=0.0018 pi=-0.005 v=0.018 ent=1.225 t=3774s
ppo: upd 915 rew/step=0.0041 pi=-0.005 v=0.012 ent=1.202 t=3789s
ppo: upd 920 rew/step=-0.0003 pi=-0.004 v=0.013 ent=1.285 t=3807s
ppo: upd 925 rew/step=0.0046 pi=-0.004 v=0.019 ent=1.311 t=3826s
ppo: upd 930 rew/step=0.0057 pi=-0.004 v=0.014 ent=1.302 t=3843s
ppo: upd 935 rew/step=0.0063 pi=-0.004 v=0.018 ent=1.207 t=3860s
ppo: upd 940 rew/step=0.0026 pi=-0.004 v=0.021 ent=1.170 t=3879s
ppo: upd 945 rew/step=0.0035 pi=-0.004 v=0.018 ent=1.199 t=3900s
ppo: upd 950 rew/step=0.0046 pi=-0.003 v=0.013 ent=1.207 t=3919s
ppo: upd 955 rew/step=0.0029 pi=-0.005 v=0.013 ent=1.203 t=3938s
ppo: upd 960 rew/step=0.0069 pi=-0.003 v=0.013 ent=1.121 t=3957s
ppo: upd 965 rew/step=0.0042 pi=-0.003 v=0.013 ent=1.153 t=3977s
ppo: upd 970 rew/step=0.0035 pi=-0.004 v=0.017 ent=1.217 t=3995s
ppo: upd 975 rew/step=0.0024 pi=-0.005 v=0.016 ent=1.259 t=4013s
ppo: upd 980 rew/step=0.0074 pi=-0.004 v=0.014 ent=1.114 t=4033s
ppo: upd 985 rew/step=0.0087 pi=-0.004 v=0.014 ent=1.187 t=4053s
ppo: upd 990 rew/step=0.0046 pi=-0.004 v=0.013 ent=1.171 t=4074s
ppo: upd 995 rew/step=0.0058 pi=-0.004 v=0.017 ent=1.193 t=4093s
ppo: upd 1000 rew/step=0.0056 pi=-0.003 v=0.015 ent=1.158 t=4114s
export: wrote /home/jack/Desktop/hax/haxball-clone/training/checkpoints/ppo.pt.eval.bin (941716 bytes), parity skipped
ppo: GATE upd 1000 score=0.589 win[norm/hard/imp]=0.88/0.65/0.35 poss_hard=0.46 pass_hard=0.00
ppo: upd 1005 rew/step=0.0052 pi=-0.005 v=0.011 ent=1.150 t=4207s
ppo: upd 1010 rew/step=0.0015 pi=-0.005 v=0.011 ent=1.178 t=4227s
ppo: upd 1015 rew/step=0.0047 pi=-0.004 v=0.018 ent=1.205 t=4247s
ppo: upd 1020 rew/step=0.0024 pi=-0.003 v=0.019 ent=1.244 t=4259s
ppo: upd 1025 rew/step=0.0068 pi=-0.004 v=0.015 ent=1.127 t=4279s
ppo: upd 1030 rew/step=0.0053 pi=-0.003 v=0.016 ent=1.109 t=4296s
ppo: upd 1035 rew/step=0.0019 pi=-0.003 v=0.018 ent=1.167 t=4315s
ppo: upd 1040 rew/step=0.0018 pi=-0.004 v=0.019 ent=1.154 t=4334s
ppo: upd 1045 rew/step=0.0022 pi=-0.004 v=0.016 ent=1.132 t=4354s
ppo: upd 1050 rew/step=0.0046 pi=-0.004 v=0.013 ent=1.103 t=4373s
ppo: upd 1055 rew/step=0.0030 pi=-0.004 v=0.017 ent=1.154 t=4393s
ppo: upd 1060 rew/step=0.0052 pi=-0.003 v=0.016 ent=1.139 t=4413s
ppo: upd 1065 rew/step=0.0052 pi=-0.004 v=0.013 ent=1.091 t=4433s
ppo: upd 1070 rew/step=0.0040 pi=-0.004 v=0.024 ent=1.108 t=4454s
ppo: upd 1075 rew/step=0.0031 pi=-0.003 v=0.015 ent=1.096 t=4474s
ppo: upd 1080 rew/step=0.0035 pi=-0.004 v=0.019 ent=1.147 t=4494s
ppo: upd 1085 rew/step=0.0035 pi=-0.004 v=0.012 ent=1.220 t=4513s
ppo: upd 1090 rew/step=0.0018 pi=-0.005 v=0.011 ent=1.159 t=4529s
ppo: upd 1095 rew/step=0.0040 pi=-0.004 v=0.016 ent=1.104 t=4549s
ppo: upd 1100 rew/step=0.0008 pi=-0.004 v=0.012 ent=1.187 t=4570s
ppo: upd 1105 rew/step=0.0034 pi=-0.005 v=0.019 ent=1.093 t=4589s
ppo: upd 1110 rew/step=0.0030 pi=-0.005 v=0.014 ent=1.171 t=4607s
ppo: upd 1115 rew/step=0.0085 pi=-0.003 v=0.015 ent=1.068 t=4627s
ppo: upd 1120 rew/step=0.0063 pi=-0.004 v=0.023 ent=1.082 t=4647s
ppo: upd 1125 rew/step=0.0007 pi=-0.005 v=0.019 ent=1.201 t=4664s
ppo: upd 1130 rew/step=0.0046 pi=-0.004 v=0.012 ent=1.143 t=4684s
ppo: upd 1135 rew/step=0.0028 pi=-0.003 v=0.014 ent=1.156 t=4702s
ppo: upd 1140 rew/step=0.0058 pi=-0.004 v=0.013 ent=1.153 t=4722s
ppo: upd 1145 rew/step=0.0025 pi=-0.005 v=0.013 ent=1.217 t=4742s
ppo: upd 1150 rew/step=0.0035 pi=-0.005 v=0.015 ent=1.151 t=4761s
ppo: upd 1155 rew/step=0.0031 pi=-0.005 v=0.017 ent=1.139 t=4781s
ppo: upd 1160 rew/step=0.0046 pi=-0.004 v=0.014 ent=1.094 t=4802s
ppo: upd 1165 rew/step=0.0037 pi=-0.004 v=0.013 ent=1.118 t=4822s
ppo: upd 1170 rew/step=0.0046 pi=-0.004 v=0.015 ent=1.161 t=4843s
ppo: upd 1175 rew/step=0.0024 pi=-0.005 v=0.017 ent=1.146 t=4862s
ppo: upd 1180 rew/step=0.0033 pi=-0.003 v=0.013 ent=1.128 t=4882s
ppo: upd 1185 rew/step=0.0063 pi=-0.004 v=0.011 ent=1.058 t=4901s
ppo: upd 1190 rew/step=0.0030 pi=-0.003 v=0.015 ent=1.150 t=4920s
ppo: upd 1195 rew/step=0.0009 pi=-0.005 v=0.012 ent=1.102 t=4940s
ppo: upd 1200 rew/step=0.0007 pi=-0.004 v=0.015 ent=1.178 t=4960s
export: wrote /home/jack/Desktop/hax/haxball-clone/training/snapshots/snap_01200.bin (941716 bytes), parity skipped
ppo: added snapshot /home/jack/Desktop/hax/haxball-clone/training/snapshots/snap_01200.bin; league: ['rule:easy 0.95@420', 'rule:normal 0.92@1060', 'rule:hard 0.89@1381', 'rule:impossible 0.89@1377', 'frozen:snap_00300.bin 0.98@79', 'frozen:snap_00600.bin 0.95@154', 'frozen:snap_00900.bin 0.87@210', 'frozen:snap_01200.bin 0.94@139', 'frozen:snap_01500.bin 0.85@255', 'frozen:snap_01800.bin 0.75@383', 'frozen:snap_02100.bin 0.82@278', 'frozen:snap_02400.bin 0.98@97', 'frozen:snap_00400.bin 0.96@78', 'frozen:snap_00800.bin 0.92@53', 'frozen:snap_01200.bin -']
ppo: upd 1205 rew/step=0.0041 pi=-0.005 v=0.012 ent=1.084 t=4983s
ppo: upd 1210 rew/step=0.0076 pi=-0.002 v=0.012 ent=1.030 t=5003s
ppo: upd 1215 rew/step=0.0029 pi=-0.004 v=0.027 ent=1.057 t=5021s
ppo: upd 1220 rew/step=0.0028 pi=-0.004 v=0.012 ent=1.139 t=5039s
