ppo: upd 5 rew/step=0.0002 pi=-0.016 v=0.022 ent=1.020 t=8s
ppo: upd 10 rew/step=0.0005 pi=-0.010 v=0.018 ent=1.034 t=15s
ppo: upd 15 rew/step=0.0007 pi=-0.012 v=0.016 ent=0.922 t=23s
ppo: upd 20 rew/step=0.0019 pi=-0.013 v=0.021 ent=1.013 t=30s
ppo: upd 25 rew/step=0.0025 pi=-0.010 v=0.018 ent=1.063 t=39s
ppo: upd 30 rew/step=0.0002 pi=-0.011 v=0.024 ent=1.067 t=48s
ppo: upd 35 rew/step=0.0045 pi=-0.012 v=0.017 ent=1.051 t=55s
ppo: upd 40 rew/step=0.0030 pi=-0.010 v=0.016 ent=0.987 t=62s
ppo: upd 45 rew/step=0.0036 pi=-0.012 v=0.023 ent=1.095 t=70s
ppo: upd 50 rew/step=0.0015 pi=-0.013 v=0.032 ent=1.040 t=77s
ppo: upd 55 rew/step=0.0017 pi=-0.012 v=0.016 ent=1.060 t=85s
ppo: upd 60 rew/step=0.0013 pi=-0.011 v=0.019 ent=1.008 t=92s
ppo: upd 65 rew/step=0.0026 pi=-0.010 v=0.013 ent=1.045 t=100s
ppo: upd 70 rew/step=0.0009 pi=-0.012 v=0.018 ent=1.089 t=107s
ppo: upd 75 rew/step=0.0003 pi=-0.013 v=0.017 ent=1.082 t=115s
ppo: upd 80 rew/step=0.0023 pi=-0.012 v=0.019 ent=1.026 t=122s
ppo: upd 85 rew/step=0.0037 pi=-0.010 v=0.014 ent=1.031 t=130s
ppo: upd 90 rew/step=0.0017 pi=-0.013 v=0.018 ent=1.060 t=137s
ppo: upd 95 rew/step=0.0020 pi=-0.012 v=0.008 ent=1.193 t=144s
ppo: upd 100 rew/step=0.0023 pi=-0.013 v=0.008 ent=1.078 t=152s
ppo: upd 105 rew/step=-0.0004 pi=-0.011 v=0.014 ent=1.034 t=159s
ppo: upd 110 rew/step=-0.0003 pi=-0.011 v=0.019 ent=0.992 t=165s
ppo: upd 115 rew/step=0.0006 pi=-0.012 v=0.018 ent=1.083 t=173s
ppo: upd 120 rew/step=0.0018 pi=-0.014 v=0.015 ent=1.116 t=180s
ppo: upd 125 rew/step=-0.0020 pi=-0.011 v=0.018 ent=1.066 t=188s
ppo: upd 130 rew/step=0.0004 pi=-0.010 v=0.019 ent=1.002 t=196s
ppo: upd 135 rew/step=0.0029 pi=-0.011 v=0.019 ent=0.975 t=203s
ppo: upd 140 rew/step=0.0018 pi=-0.012 v=0.023 ent=1.087 t=211s
ppo: upd 145 rew/step=0.0023 pi=-0.012 v=0.024 ent=1.011 t=219s
ppo: upd 150 rew/step=0.0007 pi=-0.010 v=0.019 ent=0.908 t=226s
ppo: upd 155 rew/step=0.0004 pi=-0.011 v=0.017 ent=0.955 t=233s
ppo: upd 160 rew/step=0.0024 pi=-0.014 v=0.018 ent=1.000 t=240s
ppo: upd 165 rew/step=0.0046 pi=-0.013 v=0.016 ent=0.990 t=247s
ppo: upd 170 rew/step=0.0019 pi=-0.012 v=0.015 ent=1.015 t=255s
ppo: upd 175 rew/step=0.0014 pi=-0.011 v=0.017 ent=0.966 t=263s
ppo: upd 180 rew/step=0.0024 pi=-0.012 v=0.018 ent=0.974 t=270s
ppo: upd 185 rew/step=0.0008 pi=-0.013 v=0.019 ent=1.032 t=279s
ppo: upd 190 rew/step=0.0007 pi=-0.013 v=0.017 ent=1.007 t=286s
ppo: upd 195 rew/step=0.0034 pi=-0.011 v=0.016 ent=0.878 t=293s
ppo: upd 200 rew/step=-0.0007 pi=-0.010 v=0.013 ent=0.967 t=300s
ppo: upd 205 rew/step=0.0008 pi=-0.014 v=0.019 ent=0.955 t=308s
ppo: upd 210 rew/step=0.0013 pi=-0.011 v=0.011 ent=0.944 t=316s
ppo: upd 215 rew/step=0.0011 pi=-0.013 v=0.011 ent=0.975 t=324s
ppo: upd 220 rew/step=0.0013 pi=-0.011 v=0.016 ent=1.018 t=331s
ppo: upd 225 rew/step=0.0003 pi=-0.012 v=0.014 ent=1.001 t=339s
ppo: upd 230 rew/step=0.0025 pi=-0.010 v=0.015 ent=1.056 t=347s
ppo: upd 235 rew/step=0.0019 pi=-0.013 v=0.015 ent=1.024 t=354s
ppo: upd 240 rew/step=0.0008 pi=-0.009 v=0.021 ent=1.035 t=362s
ppo: upd 245 rew/step=0.0003 pi=-0.015 v=0.017 ent=1.064 t=370s
ppo: upd 250 rew/step=-0.0003 pi=-0.010 v=0.016 ent=1.134 t=377s
export: wrote /home/jack/Desktop/hax/haxball-clone/training/checkpoints/ppo.pt.eval.bin (941716 bytes), parity skipped
ppo: GATE upd 250 score=0.228 win[norm/hard/imp]=0.44/0.25/0.06 poss_hard=0.50 pass_hard=0.00
ppo: SHIPPED new best (score 0.228) -> /home/jack/Desktop/hax/haxball-clone/internal/policy/weights/neural_v1.bin
ppo: upd 255 rew/step=0.0008 pi=-0.012 v=0.019 ent=1.137 t=399s
ppo: upd 260 rew/step=0.0051 pi=-0.011 v=0.021 ent=0.990 t=406s
ppo: upd 265 rew/step=0.0053 pi=-0.010 v=0.022 ent=1.058 t=413s
ppo: upd 270 rew/step=0.0036 pi=-0.011 v=0.018 ent=1.092 t=420s
ppo: upd 275 rew/step=0.0014 pi=-0.013 v=0.022 ent=1.042 t=428s
ppo: upd 280 rew/step=0.0028 pi=-0.014 v=0.022 ent=1.038 t=435s
ppo: upd 285 rew/step=0.0046 pi=-0.010 v=0.016 ent=1.048 t=443s
ppo: upd 290 rew/step=0.0025 pi=-0.011 v=0.014 ent=1.048 t=451s
ppo: upd 295 rew/step=0.0013 pi=-0.012 v=0.017 ent=1.088 t=458s
ppo: upd 300 rew/step=0.0030 pi=-0.009 v=0.021 ent=1.045 t=466s
export: wrote /home/jack/Desktop/hax/haxball-clone/training/snapshots/snap_00300.bin (941716 bytes), parity skipped
ppo: added snapshot /home/jack/Desktop/hax/haxball-clone/training/snapshots/snap_00300.bin; league: ['rule:easy 0.82@79', 'rule:normal 0.65@188', 'rule:hard 0.44@249', 'rule:impossible 0.41@258', 'frozen:snap_00250.bin 0.90@68', 'frozen:snap_00500.bin 1.00@31', 'frozen:snap_00750.bin 0.89@59', 'frozen:snap_01000.bin 1.00@25', 'frozen:snap_01250.bin 0.99@35', 'frozen:snap_01500.bin 0.96@24', 'frozen:snap_01750.bin 0.97@33', 'frozen:snap_02000.bin 0.95@54', 'frozen:snap_02250.bin 0.88@65', 'frozen:snap_02500.bin 1.00@18', 'frozen:snap_02750.bin 0.93@34', 'frozen:snap_03000.bin 0.76@76', 'frozen:snap_03250.bin 0.84@71', 'frozen:snap_03500.bin 0.77@71', 'frozen:snap_03750.bin 0.91@46', 'frozen:snap_00300.bin -']
ppo: upd 305 rew/step=0.0052 pi=-0.010 v=0.017 ent=1.085 t=475s
ppo: upd 310 rew/step=0.0035 pi=-0.010 v=0.021 ent=1.003 t=483s
ppo: upd 315 rew/step=0.0014 pi=-0.011 v=0.022 ent=1.063 t=489s
ppo: upd 320 rew/step=0.0013 pi=-0.011 v=0.019 ent=1.085 t=497s
ppo: upd 325 rew/step=0.0046 pi=-0.011 v=0.017 ent=1.131 t=504s
ppo: upd 330 rew/step=0.0013 pi=-0.011 v=0.020 ent=1.023 t=513s
ppo: upd 335 rew/step=0.0009 pi=-0.012 v=0.016 ent=1.047 t=521s
ppo: upd 340 rew/step=0.0024 pi=-0.012 v=0.016 ent=1.091 t=528s
ppo: upd 345 rew/step=0.0007 pi=-0.011 v=0.016 ent=1.107 t=536s
ppo: upd 350 rew/step=0.0052 pi=-0.012 v=0.015 ent=0.986 t=544s
ppo: upd 355 rew/step=0.0031 pi=-0.010 v=0.022 ent=1.049 t=552s
ppo: upd 360 rew/step=0.0029 pi=-0.010 v=0.022 ent=1.041 t=560s
ppo: upd 365 rew/step=0.0008 pi=-0.012 v=0.014 ent=1.044 t=568s
ppo: upd 370 rew/step=-0.0004 pi=-0.011 v=0.015 ent=1.049 t=576s
ppo: upd 375 rew/step=0.0040 pi=-0.010 v=0.021 ent=0.970 t=583s
ppo: upd 380 rew/step=0.0003 pi=-0.011 v=0.016 ent=1.015 t=591s
ppo: upd 385 rew/step=0.0035 pi=-0.010 v=0.017 ent=1.145 t=600s
ppo: upd 390 rew/step=0.0036 pi=-0.012 v=0.023 ent=0.990 t=608s
ppo: upd 395 rew/step=0.0029 pi=-0.012 v=0.024 ent=0.977 t=615s
ppo: upd 400 rew/step=0.0030 pi=-0.007 v=0.021 ent=0.904 t=623s
ppo: upd 405 rew/step=0.0002 pi=-0.010 v=0.019 ent=1.022 t=631s
ppo: upd 410 rew/step=-0.0003 pi=-0.012 v=0.020 ent=1.047 t=637s
ppo: upd 415 rew/step=0.0017 pi=-0.011 v=0.013 ent=0.978 t=645s
ppo: upd 420 rew/step=0.0019 pi=-0.011 v=0.011 ent=0.979 t=653s
ppo: upd 425 rew/step=0.0032 pi=-0.012 v=0.017 ent=0.977 t=661s
ppo: upd 430 rew/step=0.0012 pi=-0.010 v=0.014 ent=0.945 t=668s
ppo: upd 435 rew/step=0.0018 pi=-0.012 v=0.018 ent=1.039 t=675s
ppo: upd 440 rew/step=0.0056 pi=-0.012 v=0.017 ent=1.058 t=683s
ppo: upd 445 rew/step=0.0002 pi=-0.011 v=0.019 ent=1.081 t=692s
ppo: upd 450 rew/step=0.0013 pi=-0.014 v=0.016 ent=1.129 t=699s
ppo: upd 455 rew/step=0.0030 pi=-0.009 v=0.018 ent=1.113 t=706s
ppo: upd 460 rew/step=0.0023 pi=-0.012 v=0.021 ent=1.026 t=713s
ppo: upd 465 rew/step=0.0018 pi=-0.009 v=0.010 ent=1.043 t=720s
ppo: upd 470 rew/step=0.0019 pi=-0.010 v=0.014 ent=1.136 t=729s
ppo: upd 475 rew/step=0.0007 pi=-0.012 v=0.020 ent=1.096 t=736s
ppo: upd 480 rew/step=0.0018 pi=-0.012 v=0.018 ent=1.093 t=743s
ppo: upd 485 rew/step=0.0040 pi=-0.012 v=0.018 ent=1.049 t=752s
ppo: upd 490 rew/step=0.0031 pi=-0.010 v=0.015 ent=1.085 t=759s
ppo: upd 495 rew/step=0.0020 pi=-0.008 v=0.016 ent=1.110 t=767s
ppo: upd 500 rew/step=0.0014 pi=-0.011 v=0.016 ent=1.138 t=775s
export: wrote /home/jack/Desktop/hax/haxball-clone/training/checkpoints/ppo.pt.eval.bin (941716 bytes), parity skipped
ppo: GATE upd 500 score=0.325 win[norm/hard/imp]=0.38/0.31/0.19 poss_hard=0.57 pass_hard=0.00
ppo: SHIPPED new best (score 0.325) -> /home/jack/Desktop/hax/haxball-clone/internal/policy/weights/neural_v1.bin
ppo: upd 505 rew/step=0.0023 pi=-0.010 v=0.015 ent=1.148 t=796s
ppo: upd 510 rew/step=0.0023 pi=-0.012 v=0.018 ent=1.096 t=803s
ppo: upd 515 rew/step=0.0024 pi=-0.011 v=0.011 ent=1.185 t=812s
ppo: upd 520 rew/step=0.0030 pi=-0.010 v=0.018 ent=1.141 t=821s
ppo: upd 525 rew/step=-0.0003 pi=-0.008 v=0.021 ent=1.139 t=829s
ppo: upd 530 rew/step=0.0028 pi=-0.012 v=0.015 ent=1.087 t=837s
ppo: upd 535 rew/step=0.0054 pi=-0.009 v=0.017 ent=1.104 t=845s
ppo: upd 540 rew/step=0.0047 pi=-0.010 v=0.016 ent=1.102 t=853s
ppo: upd 545 rew/step=0.0030 pi=-0.012 v=0.016 ent=1.096 t=860s
ppo: upd 550 rew/step=0.0039 pi=-0.009 v=0.019 ent=1.084 t=868s
ppo: upd 555 rew/step=0.0025 pi=-0.009 v=0.012 ent=1.120 t=875s
ppo: upd 560 rew/step=0.0003 pi=-0.013 v=0.011 ent=1.144 t=883s
ppo: upd 565 rew/step=0.0024 pi=-0.012 v=0.018 ent=1.116 t=891s
ppo: upd 570 rew/step=0.0041 pi=-0.010 v=0.016 ent=1.115 t=898s
ppo: upd 575 rew/step=0.0035 pi=-0.008 v=0.021 ent=1.041 t=905s
ppo: upd 580 rew/step=0.0026 pi=-0.008 v=0.017 ent=1.042 t=913s
ppo: upd 585 rew/step=0.0019 pi=-0.012 v=0.017 ent=1.162 t=922s
ppo: upd 590 rew/step=0.0013 pi=-0.011 v=0.018 ent=1.111 t=930s
ppo: upd 595 rew/step=0.0013 pi=-0.010 v=0.019 ent=1.137 t=938s
ppo: upd 600 rew/step=0.0036 pi=-0.011 v=0.017 ent=1.010 t=946s
export: wrote /home/jack/Desktop/hax/haxball-clone/training/snapshots/snap_00600.bin (941716 bytes), parity skipped
ppo: added snapshot /home/jack/Desktop/hax/haxball-clone/training/snapshots/snap_00600.bin; league: ['rule:easy 0.83@150', 'rule:normal 0.66@346', 'rule:hard 0.52@479', 'rule:impossible 0.44@531', 'frozen:snap_00250.bin 0.91@125', 'frozen:snap_00500.bin 1.00@46', 'frozen:snap_00750.bin 0.92@109', 'frozen:snap_01000.bin 1.00@43', 'frozen:snap_01250.bin 0.97@61', 'frozen:snap_01500.bin 0.94@70', 'frozen:snap_01750.bin 0.98@61', 'frozen:snap_02000.bin 0.95@91', 'frozen:snap_02250.bin 0.90@131', 'frozen:snap_02500.bin 1.00@36', 'frozen:snap_02750.bin 0.92@93', 'frozen:snap_03000.bin 0.84@160', 'frozen:snap_03250.bin 0.82@140', 'frozen:snap_03500.bin 0.84@145', 'frozen:snap_03750.bin 0.95@94', 'frozen:snap_00300.bin 0.84@71', 'frozen:snap_00600.bin -']
ppo: upd 605 rew/step=0.0014 pi=-0.011 v=0.009 ent=1.151 t=954s
ppo: upd 610 rew/step=-0.0009 pi=-0.011 v=0.019 ent=1.115 t=961s
ppo: upd 615 rew/step=0.0014 pi=-0.012 v=0.017 ent=1.223 t=970s
ppo: upd 620 rew/step=0.0034 pi=-0.012 v=0.020 ent=1.045 t=979s
ppo: upd 625 rew/step=0.0026 pi=-0.011 v=0.011 ent=1.105 t=986s
ppo: upd 630 rew/step=0.0012 pi=-0.009 v=0.019 ent=1.195 t=994s
ppo: upd 635 rew/step=0.0029 pi=-0.009 v=0.019 ent=1.166 t=1000s
ppo: upd 640 rew/step=0.0023 pi=-0.010 v=0.015 ent=1.221 t=1009s
ppo: upd 645 rew/step=0.0018 pi=-0.013 v=0.014 ent=1.094 t=1017s
ppo: upd 650 rew/step=0.0036 pi=-0.009 v=0.015 ent=1.180 t=1025s
ppo: upd 655 rew/step=0.0007 pi=-0.011 v=0.016 ent=1.222 t=1032s
ppo: upd 660 rew/step=0.0031 pi=-0.011 v=0.016 ent=1.204 t=1040s
ppo: upd 665 rew/step=0.0029 pi=-0.011 v=0.016 ent=1.084 t=1047s
ppo: upd 670 rew/step=0.0042 pi=-0.010 v=0.013 ent=1.090 t=1054s
ppo: upd 675 rew/step=0.0041 pi=-0.009 v=0.020 ent=1.139 t=1061s
ppo: upd 680 rew/step=0.0013 pi=-0.012 v=0.021 ent=1.126 t=1068s
ppo: upd 685 rew/step=0.0018 pi=-0.008 v=0.013 ent=1.159 t=1077s
ppo: upd 690 rew/step=0.0003 pi=-0.011 v=0.009 ent=1.131 t=1086s
ppo: upd 695 rew/step=0.0025 pi=-0.012 v=0.018 ent=1.113 t=1093s
ppo: upd 700 rew/step=0.0040 pi=-0.009 v=0.020 ent=1.117 t=1101s
ppo: upd 705 rew/step=0.0019 pi=-0.014 v=0.017 ent=1.127 t=1109s
ppo: upd 710 rew/step=0.0040 pi=-0.010 v=0.017 ent=1.027 t=1117s
ppo: upd 715 rew/step=0.0031 pi=-0.009 v=0.016 ent=1.047 t=1124s
ppo: upd 720 rew/step=0.0012 pi=-0.009 v=0.019 ent=1.075 t=1132s
ppo: upd 725 rew/step=0.0013 pi=-0.011 v=0.020 ent=1.085 t=1139s
ppo: upd 730 rew/step=0.0013 pi=-0.010 v=0.020 ent=1.245 t=1147s
ppo: upd 735 rew/step=-0.0004 pi=-0.008 v=0.024 ent=1.102 t=1155s
ppo: upd 740 rew/step=0.0019 pi=-0.008 v=0.013 ent=1.151 t=1164s
ppo: upd 745 rew/step=0.0025 pi=-0.011 v=0.017 ent=1.174 t=1171s
ppo: upd 750 rew/step=0.0030 pi=-0.011 v=0.017 ent=1.162 t=1178s
export: wrote /home/jack/Desktop/hax/haxball-clone/training/checkpoints/ppo.pt.eval.bin (941716 bytes), parity skipped
ppo: GATE upd 750 score=0.143 win[norm/hard/imp]=0.56/0.06/0.06 poss_hard=0.52 pass_hard=0.00
ppo: upd 755 rew/step=0.0039 pi=-0.007 v=0.020 ent=1.039 t=1201s
ppo: upd 760 rew/step=0.0008 pi=-0.009 v=0.021 ent=1.107 t=1209s
ppo: upd 765 rew/step=-0.0009 pi=-0.013 v=0.018 ent=1.174 t=1217s
ppo: upd 770 rew/step=0.0047 pi=-0.010 v=0.019 ent=1.126 t=1223s
ppo: upd 775 rew/step=0.0034 pi=-0.011 v=0.015 ent=1.124 t=1230s
ppo: upd 780 rew/step=0.0029 pi=-0.008 v=0.022 ent=1.134 t=1238s
ppo: upd 785 rew/step=0.0014 pi=-0.010 v=0.017 ent=1.145 t=1245s
ppo: upd 790 rew/step=0.0002 pi=-0.012 v=0.024 ent=1.195 t=1253s
ppo: upd 795 rew/step=-0.0031 pi=-0.010 v=0.017 ent=1.218 t=1260s
ppo: upd 800 rew/step=0.0018 pi=-0.011 v=0.015 ent=1.158 t=1267s
ppo: upd 805 rew/step=0.0020 pi=-0.013 v=0.019 ent=1.043 t=1275s
ppo: upd 810 rew/step=0.0014 pi=-0.012 v=0.023 ent=1.185 t=1283s
ppo: upd 815 rew/step=0.0014 pi=-0.011 v=0.020 ent=1.141 t=1291s
ppo: upd 820 rew/step=0.0018 pi=-0.013 v=0.015 ent=1.148 t=1299s
ppo: upd 825 rew/step=0.0030 pi=-0.011 v=0.015 ent=1.151 t=1307s
ppo: upd 830 rew/step=0.0019 pi=-0.009 v=0.018 ent=1.199 t=1315s
ppo: upd 835 rew/step=0.0031 pi=-0.012 v=0.016 ent=1.272 t=1322s
ppo: upd 840 rew/step=0.0035 pi=-0.011 v=0.021 ent=1.202 t=1330s
ppo: upd 845 rew/step=0.0019 pi=-0.012 v=0.016 ent=1.173 t=1338s
ppo: upd 850 rew/step=0.0041 pi=-0.008 v=0.014 ent=1.175 t=1346s
ppo: upd 855 rew/step=-0.0004 pi=-0.011 v=0.019 ent=1.058 t=1353s
ppo: upd 860 rew/step=0.0031 pi=-0.011 v=0.015 ent=1.247 t=1360s
ppo: upd 865 rew/step=-0.0000 pi=-0.010 v=0.019 ent=1.158 t=1368s
ppo: upd 870 rew/step=0.0030 pi=-0.012 v=0.016 ent=1.234 t=1375s
ppo: upd 875 rew/step=0.0020 pi=-0.010 v=0.017 ent=1.172 t=1383s
ppo: upd 880 rew/step=0.0024 pi=-0.010 v=0.012 ent=1.209 t=1391s
ppo: upd 885 rew/step=0.0013 pi=-0.012 v=0.018 ent=1.266 t=1398s
ppo: upd 890 rew/step=0.0034 pi=-0.012 v=0.019 ent=1.163 t=1406s
ppo: upd 895 rew/step=0.0021 pi=-0.012 v=0.023 ent=1.137 t=1414s
ppo: upd 900 rew/step=0.0041 pi=-0.010 v=0.018 ent=1.194 t=1421s
export: wrote /home/jack/Desktop/hax/haxball-clone/training/snapshots/snap_00900.bin (941716 bytes), parity skipped
ppo: added snapshot /home/jack/Desktop/hax/haxball-clone/training/snapshots/snap_00900.bin; league: ['rule:easy 0.85@216', 'rule:normal 0.68@534', 'rule:hard 0.54@723', 'rule:impossible 0.45@776', 'frozen:snap_00250.bin 0.91@189', 'frozen:snap_00500.bin 1.00@62', 'frozen:snap_00750.bin 0.94@157', 'frozen:snap_01000.bin 1.00@61', 'frozen:snap_01250.bin 0.96@88', 'frozen:snap_01500.bin 0.94@100', 'frozen:snap_01750.bin 0.98@97', 'frozen:snap_02000.bin 0.95@113', 'frozen:snap_02250.bin 0.90@187', 'frozen:snap_02500.bin 0.98@56', 'frozen:snap_02750.bin 0.93@136', 'frozen:snap_03000.bin 0.84@231', 'frozen:snap_03250.bin 0.84@224', 'frozen:snap_03500.bin 0.87@217', 'frozen:snap_03750.bin 0.96@125', 'frozen:snap_00300.bin 0.86@147', 'frozen:snap_00600.bin 0.90@41', 'frozen:snap_00900.bin -']
ppo: upd 905 rew/step=0.0019 pi=-0.012 v=0.011 ent=1.169 t=1430s
ppo: upd 910 rew/step=0.0041 pi=-0.009 v=0.016 ent=1.182 t=1438s
ppo: upd 915 rew/step=0.0029 pi=-0.011 v=0.012 ent=1.149 t=1446s
ppo: upd 920 rew/step=0.0014 pi=-0.011 v=0.013 ent=1.205 t=1454s
ppo: upd 925 rew/step=0.0010 pi=-0.010 v=0.020 ent=1.192 t=1463s
ppo: upd 930 rew/step=0.0019 pi=-0.012 v=0.019 ent=1.208 t=1470s
ppo: upd 935 rew/step=0.0019 pi=-0.013 v=0.022 ent=1.173 t=1478s
ppo: upd 940 rew/step=0.0002 pi=-0.011 v=0.022 ent=1.104 t=1485s
ppo: upd 945 rew/step=0.0002 pi=-0.011 v=0.018 ent=1.281 t=1493s
ppo: upd 950 rew/step=0.0013 pi=-0.012 v=0.020 ent=1.204 t=1501s
ppo: upd 955 rew/step=0.0008 pi=-0.011 v=0.016 ent=1.131 t=1509s
ppo: upd 960 rew/step=0.0035 pi=-0.011 v=0.016 ent=1.064 t=1516s
ppo: upd 965 rew/step=0.0003 pi=-0.012 v=0.019 ent=1.126 t=1523s
ppo: upd 970 rew/step=0.0029 pi=-0.010 v=0.020 ent=1.120 t=1531s
ppo: upd 975 rew/step=0.0041 pi=-0.013 v=0.019 ent=1.131 t=1538s
ppo: upd 980 rew/step=0.0029 pi=-0.009 v=0.025 ent=1.026 t=1546s
ppo: upd 985 rew/step=0.0042 pi=-0.009 v=0.016 ent=1.200 t=1554s
ppo: upd 990 rew/step=0.0030 pi=-0.011 v=0.014 ent=1.311 t=1561s
ppo: upd 995 rew/step=0.0007 pi=-0.013 v=0.025 ent=1.265 t=1569s
ppo: upd 1000 rew/step=-0.0005 pi=-0.009 v=0.013 ent=1.239 t=1577s
export: wrote /home/jack/Desktop/hax/haxball-clone/training/checkpoints/ppo.pt.eval.bin (941716 bytes), parity skipped
ppo: GATE upd 1000 score=0.175 win[norm/hard/imp]=0.56/0.19/0.00 poss_hard=0.53 pass_hard=0.00
ppo: upd 1005 rew/step=0.0007 pi=-0.012 v=0.014 ent=1.132 t=1598s
ppo: upd 1010 rew/step=0.0003 pi=-0.013 v=0.016 ent=1.224 t=1607s
ppo: upd 1015 rew/step=0.0008 pi=-0.009 v=0.021 ent=1.097 t=1614s
ppo: upd 1020 rew/step=0.0029 pi=-0.013 v=0.013 ent=1.139 t=1622s
ppo: upd 1025 rew/step=0.0029 pi=-0.009 v=0.021 ent=1.101 t=1630s
ppo: upd 1030 rew/step=0.0037 pi=-0.011 v=0.021 ent=1.009 t=1638s
ppo: upd 1035 rew/step=0.0036 pi=-0.010 v=0.017 ent=1.076 t=1646s
ppo: upd 1040 rew/step=-0.0003 pi=-0.013 v=0.018 ent=1.178 t=1653s
ppo: upd 1045 rew/step=0.0041 pi=-0.011 v=0.016 ent=1.209 t=1661s
ppo: upd 1050 rew/step=0.0003 pi=-0.010 v=0.019 ent=1.055 t=1669s
ppo: upd 1055 rew/step=0.0026 pi=-0.011 v=0.013 ent=1.189 t=1676s
ppo: upd 1060 rew/step=0.0013 pi=-0.013 v=0.021 ent=1.163 t=1684s
ppo: upd 1065 rew/step=0.0011 pi=-0.014 v=0.018 ent=1.228 t=1692s
ppo: upd 1070 rew/step=0.0017 pi=-0.010 v=0.013 ent=1.251 t=1699s
ppo: upd 1075 rew/step=0.0013 pi=-0.010 v=0.018 ent=1.241 t=1706s
ppo: upd 1080 rew/step=0.0019 pi=-0.011 v=0.020 ent=1.265 t=1714s
ppo: upd 1085 rew/step=0.0019 pi=-0.015 v=0.019 ent=1.289 t=1721s
ppo: upd 1090 rew/step=0.0012 pi=-0.012 v=0.017 ent=1.324 t=1728s
ppo: upd 1095 rew/step=0.0012 pi=-0.012 v=0.012 ent=1.240 t=1735s
ppo: upd 1100 rew/step=0.0004 pi=-0.010 v=0.013 ent=1.278 t=1744s
ppo: upd 1105 rew/step=0.0003 pi=-0.012 v=0.017 ent=1.336 t=1751s
ppo: upd 1110 rew/step=0.0041 pi=-0.011 v=0.014 ent=1.379 t=1759s
ppo: upd 1115 rew/step=0.0008 pi=-0.013 v=0.021 ent=1.317 t=1767s
ppo: upd 1120 rew/step=0.0042 pi=-0.010 v=0.016 ent=1.199 t=1774s
ppo: upd 1125 rew/step=0.0019 pi=-0.012 v=0.018 ent=1.350 t=1783s
ppo: upd 1130 rew/step=-0.0003 pi=-0.011 v=0.013 ent=1.406 t=1790s
ppo: upd 1135 rew/step=0.0008 pi=-0.013 v=0.015 ent=1.312 t=1798s
ppo: upd 1140 rew/step=0.0041 pi=-0.011 v=0.015 ent=1.326 t=1806s
ppo: upd 1145 rew/step=0.0007 pi=-0.013 v=0.012 ent=1.257 t=1813s
ppo: upd 1150 rew/step=0.0019 pi=-0.013 v=0.020 ent=1.432 t=1820s
ppo: upd 1155 rew/step=0.0002 pi=-0.012 v=0.020 ent=1.367 t=1828s
ppo: upd 1160 rew/step=0.0040 pi=-0.012 v=0.020 ent=1.467 t=1836s
ppo: upd 1165 rew/step=0.0042 pi=-0.009 v=0.018 ent=1.374 t=1844s
ppo: upd 1170 rew/step=0.0009 pi=-0.013 v=0.026 ent=1.417 t=1852s
ppo: upd 1175 rew/step=0.0002 pi=-0.013 v=0.016 ent=1.566 t=1860s
ppo: upd 1180 rew/step=0.0023 pi=-0.013 v=0.015 ent=1.511 t=1868s
ppo: upd 1185 rew/step=0.0024 pi=-0.009 v=0.017 ent=1.421 t=1875s
ppo: upd 1190 rew/step=0.0002 pi=-0.016 v=0.013 ent=1.549 t=1884s
ppo: upd 1195 rew/step=-0.0026 pi=-0.013 v=0.019 ent=1.585 t=1891s
ppo: upd 1200 rew/step=0.0003 pi=-0.011 v=0.016 ent=1.595 t=1900s
export: wrote /home/jack/Desktop/hax/haxball-clone/training/snapshots/snap_01200.bin (941716 bytes), parity skipped
ppo: added snapshot /home/jack/Desktop/hax/haxball-clone/training/snapshots/snap_01200.bin; league: ['rule:easy 0.84@282', 'rule:normal 0.70@719', 'rule:hard 0.54@960', 'rule:impossible 0.43@1020', 'frozen:snap_00250.bin 0.90@236', 'frozen:snap_00500.bin 1.00@74', 'frozen:snap_00750.bin 0.94@193', 'frozen:snap_01000.bin 1.00@78', 'frozen:snap_01250.bin 0.96@123', 'frozen:snap_01500.bin 0.94@133', 'frozen:snap_01750.bin 0.98@122', 'frozen:snap_02000.bin 0.96@148', 'frozen:snap_02250.bin 0.90@225', 'frozen:snap_02500.bin 0.95@86', 'frozen:snap_02750.bin 0.93@169', 'frozen:snap_03000.bin 0.86@298', 'frozen:snap_03250.bin 0.84@300', 'frozen:snap_03500.bin 0.88@273', 'frozen:snap_03750.bin 0.97@154', 'frozen:snap_00300.bin 0.88@192', 'frozen:snap_00600.bin 0.89@94', 'frozen:snap_00900.bin 0.65@85', 'frozen:snap_01200.bin -']
ppo: upd 1205 rew/step=0.0034 pi=-0.013 v=0.018 ent=1.385 t=1909s
ppo: upd 1210 rew/step=0.0006 pi=-0.011 v=0.012 ent=1.475 t=1916s
ppo: upd 1215 rew/step=0.0019 pi=-0.012 v=0.016 ent=1.690 t=1925s
ppo: upd 1220 rew/step=-0.0003 pi=-0.013 v=0.013 ent=1.418 t=1933s
ppo: upd 1225 rew/step=-0.0026 pi=-0.011 v=0.021 ent=1.525 t=1939s
ppo: upd 1230 rew/step=0.0029 pi=-0.013 v=0.016 ent=1.416 t=1946s
ppo: upd 1235 rew/step=0.0009 pi=-0.010 v=0.014 ent=1.501 t=1954s
ppo: upd 1240 rew/step=0.0007 pi=-0.013 v=0.020 ent=1.318 t=1962s
ppo: upd 1245 rew/step=0.0024 pi=-0.013 v=0.014 ent=1.444 t=1969s
ppo: upd 1250 rew/step=0.0023 pi=-0.011 v=0.019 ent=1.500 t=1976s
export: wrote /home/jack/Desktop/hax/haxball-clone/training/checkpoints/ppo.pt.eval.bin (941716 bytes), parity skipped
ppo: GATE upd 1250 score=0.207 win[norm/hard/imp]=0.56/0.19/0.06 poss_hard=0.54 pass_hard=0.00
ppo: upd 1255 rew/step=0.0026 pi=-0.011 v=0.014 ent=1.389 t=1998s
ppo: upd 1260 rew/step=0.0002 pi=-0.012 v=0.018 ent=1.344 t=2005s
ppo: upd 1265 rew/step=-0.0002 pi=-0.013 v=0.018 ent=1.423 t=2011s
ppo: upd 1270 rew/step=0.0001 pi=-0.013 v=0.019 ent=1.375 t=2018s
ppo: upd 1275 rew/step=0.0018 pi=-0.010 v=0.019 ent=1.378 t=2026s
ppo: upd 1280 rew/step=0.0025 pi=-0.012 v=0.018 ent=1.340 t=2034s
ppo: upd 1285 rew/step=0.0012 pi=-0.011 v=0.014 ent=1.420 t=2042s
ppo: upd 1290 rew/step=0.0007 pi=-0.013 v=0.011 ent=1.478 t=2049s
ppo: upd 1295 rew/step=0.0028 pi=-0.011 v=0.015 ent=1.412 t=2056s
ppo: upd 1300 rew/step=0.0036 pi=-0.010 v=0.018 ent=1.454 t=2063s
ppo: upd 1305 rew/step=0.0041 pi=-0.009 v=0.022 ent=1.517 t=2072s
ppo: upd 1310 rew/step=0.0003 pi=-0.013 v=0.018 ent=1.592 t=2080s
ppo: upd 1315 rew/step=-0.0005 pi=-0.013 v=0.018 ent=1.585 t=2088s
ppo: upd 1320 rew/step=0.0030 pi=-0.013 v=0.021 ent=1.466 t=2095s
ppo: upd 1325 rew/step=-0.0007 pi=-0.012 v=0.012 ent=1.538 t=2104s
ppo: upd 1330 rew/step=0.0003 pi=-0.011 v=0.019 ent=1.378 t=2112s
ppo: upd 1335 rew/step=0.0036 pi=-0.011 v=0.023 ent=1.542 t=2120s
ppo: upd 1340 rew/step=0.0040 pi=-0.010 v=0.021 ent=1.474 t=2127s
ppo: upd 1345 rew/step=0.0041 pi=-0.010 v=0.017 ent=1.448 t=2134s
ppo: upd 1350 rew/step=0.0029 pi=-0.009 v=0.012 ent=1.606 t=2142s
ppo: upd 1355 rew/step=0.0036 pi=-0.011 v=0.019 ent=1.570 t=2149s
ppo: upd 1360 rew/step=0.0018 pi=-0.011 v=0.019 ent=1.637 t=2156s
ppo: upd 1365 rew/step=0.0046 pi=-0.010 v=0.016 ent=1.412 t=2163s
ppo: upd 1370 rew/step=0.0031 pi=-0.010 v=0.015 ent=1.532 t=2171s
ppo: upd 1375 rew/step=0.0035 pi=-0.011 v=0.018 ent=1.676 t=2178s
ppo: upd 1380 rew/step=0.0035 pi=-0.010 v=0.020 ent=1.492 t=2186s
ppo: upd 1385 rew/step=0.0040 pi=-0.010 v=0.021 ent=1.457 t=2194s
ppo: upd 1390 rew/step=0.0048 pi=-0.009 v=0.022 ent=1.469 t=2201s
ppo: upd 1395 rew/step=-0.0002 pi=-0.010 v=0.018 ent=1.319 t=2208s
ppo: upd 1400 rew/step=0.0018 pi=-0.011 v=0.013 ent=1.449 t=2216s
ppo: upd 1405 rew/step=0.0030 pi=-0.011 v=0.017 ent=1.646 t=2224s
ppo: upd 1410 rew/step=0.0047 pi=-0.012 v=0.018 ent=1.570 t=2232s
ppo: upd 1415 rew/step=0.0020 pi=-0.012 v=0.013 ent=1.644 t=2240s
ppo: upd 1420 rew/step=0.0025 pi=-0.011 v=0.021 ent=1.437 t=2247s
ppo: upd 1425 rew/step=0.0030 pi=-0.012 v=0.013 ent=1.569 t=2255s
ppo: upd 1430 rew/step=0.0040 pi=-0.011 v=0.014 ent=1.650 t=2263s
ppo: upd 1435 rew/step=0.0054 pi=-0.008 v=0.017 ent=1.482 t=2272s
ppo: upd 1440 rew/step=0.0030 pi=-0.011 v=0.022 ent=1.441 t=2280s
ppo: upd 1445 rew/step=0.0013 pi=-0.011 v=0.016 ent=1.631 t=2287s
ppo: upd 1450 rew/step=0.0023 pi=-0.010 v=0.013 ent=1.642 t=2296s
ppo: upd 1455 rew/step=0.0007 pi=-0.010 v=0.022 ent=1.488 t=2304s
ppo: upd 1460 rew/step=0.0020 pi=-0.012 v=0.020 ent=1.606 t=2312s
ppo: upd 1465 rew/step=0.0052 pi=-0.010 v=0.019 ent=1.608 t=2319s
ppo: upd 1470 rew/step=0.0030 pi=-0.012 v=0.020 ent=1.643 t=2326s
ppo: upd 1475 rew/step=0.0018 pi=-0.010 v=0.020 ent=1.562 t=2334s
ppo: upd 1480 rew/step=0.0009 pi=-0.012 v=0.015 ent=1.570 t=2341s
ppo: upd 1485 rew/step=0.0013 pi=-0.012 v=0.022 ent=1.584 t=2348s
ppo: upd 1490 rew/step=0.0008 pi=-0.010 v=0.014 ent=1.687 t=2357s
ppo: upd 1495 rew/step=0.0035 pi=-0.012 v=0.023 ent=1.805 t=2364s
ppo: upd 1500 rew/step=0.0019 pi=-0.013 v=0.023 ent=1.613 t=2372s
export: wrote /home/jack/Desktop/hax/haxball-clone/training/snapshots/snap_01500.bin (941716 bytes), parity skipped
ppo: added snapshot /home/jack/Desktop/hax/haxball-clone/training/snapshots/snap_01500.bin; league: ['rule:easy 0.84@369', 'rule:normal 0.71@900', 'rule:hard 0.54@1212', 'rule:impossible 0.44@1274', 'frozen:snap_00250.bin 0.90@280', 'frozen:snap_00500.bin 1.00@87', 'frozen:snap_00750.bin 0.94@218', 'frozen:snap_01000.bin 1.00@93', 'frozen:snap_01250.bin 0.95@142', 'frozen:snap_01500.bin 0.93@165', 'frozen:snap_01750.bin 0.98@150', 'frozen:snap_02000.bin 0.95@178', 'frozen:snap_02250.bin 0.91@266', 'frozen:snap_02500.bin 0.94@125', 'frozen:snap_02750.bin 0.92@211', 'frozen:snap_03000.bin 0.86@341', 'frozen:snap_03250.bin 0.84@365', 'frozen:snap_03500.bin 0.87@326', 'frozen:snap_03750.bin 0.97@177', 'frozen:snap_00300.bin 0.88@235', 'frozen:snap_00600.bin 0.92@148', 'frozen:snap_00900.bin 0.68@162', 'frozen:snap_01200.bin 0.91@38', 'frozen:snap_01500.bin -']
export: wrote /home/jack/Desktop/hax/haxball-clone/training/checkpoints/ppo.pt.eval.bin (941716 bytes), parity skipped
ppo: GATE upd 1500 score=0.689 win[norm/hard/imp]=0.81/0.69/0.50 poss_hard=0.55 pass_hard=0.00
ppo: SHIPPED new best (score 0.689) -> /home/jack/Desktop/hax/haxball-clone/internal/policy/weights/neural_v1.bin
ppo: upd 1505 rew/step=0.0008 pi=-0.013 v=0.010 ent=1.666 t=2394s
ppo: upd 1510 rew/step=0.0036 pi=-0.013 v=0.020 ent=1.671 t=2402s
ppo: upd 1515 rew/step=-0.0003 pi=-0.012 v=0.019 ent=1.513 t=2410s
ppo: upd 1520 rew/step=0.0007 pi=-0.010 v=0.016 ent=1.621 t=2417s
ppo: upd 1525 rew/step=0.0025 pi=-0.010 v=0.016 ent=1.537 t=2424s
ppo: upd 1530 rew/step=0.0035 pi=-0.008 v=0.019 ent=1.681 t=2431s
ppo: upd 1535 rew/step=0.0013 pi=-0.010 v=0.017 ent=1.682 t=2439s
ppo: upd 1540 rew/step=0.0024 pi=-0.011 v=0.018 ent=1.665 t=2447s
ppo: upd 1545 rew/step=0.0024 pi=-0.010 v=0.014 ent=1.653 t=2454s
ppo: upd 1550 rew/step=0.0008 pi=-0.010 v=0.014 ent=1.690 t=2461s
ppo: upd 1555 rew/step=0.0018 pi=-0.012 v=0.018 ent=1.722 t=2468s
ppo: upd 1560 rew/step=0.0036 pi=-0.010 v=0.018 ent=1.627 t=2476s
ppo: upd 1565 rew/step=0.0006 pi=-0.010 v=0.016 ent=1.743 t=2484s
ppo: upd 1570 rew/step=0.0038 pi=-0.009 v=0.016 ent=1.705 t=2492s
ppo: upd 1575 rew/step=0.0013 pi=-0.011 v=0.016 ent=1.599 t=2499s
ppo: upd 1580 rew/step=0.0013 pi=-0.010 v=0.018 ent=1.644 t=2506s
ppo: upd 1585 rew/step=0.0017 pi=-0.011 v=0.015 ent=1.685 t=2513s
ppo: upd 1590 rew/step=0.0012 pi=-0.012 v=0.023 ent=1.545 t=2521s
ppo: upd 1595 rew/step=0.0025 pi=-0.010 v=0.012 ent=1.561 t=2529s
ppo: upd 1600 rew/step=-0.0008 pi=-0.014 v=0.013 ent=1.696 t=2535s
ppo: upd 1605 rew/step=0.0008 pi=-0.012 v=0.018 ent=1.978 t=2543s
ppo: upd 1610 rew/step=0.0007 pi=-0.009 v=0.016 ent=1.642 t=2551s
ppo: upd 1615 rew/step=0.0036 pi=-0.009 v=0.014 ent=1.646 t=2559s
ppo: upd 1620 rew/step=0.0013 pi=-0.012 v=0.021 ent=1.663 t=2567s
ppo: upd 1625 rew/step=0.0006 pi=-0.013 v=0.021 ent=1.718 t=2574s
ppo: upd 1630 rew/step=-0.0010 pi=-0.012 v=0.013 ent=1.741 t=2582s
ppo: upd 1635 rew/step=-0.0015 pi=-0.012 v=0.026 ent=1.728 t=2588s
ppo: upd 1640 rew/step=0.0003 pi=-0.011 v=0.012 ent=1.878 t=2596s
ppo: upd 1645 rew/step=0.0003 pi=-0.012 v=0.016 ent=1.829 t=2603s
ppo: upd 1650 rew/step=0.0040 pi=-0.010 v=0.020 ent=1.756 t=2611s
ppo: upd 1655 rew/step=0.0023 pi=-0.012 v=0.021 ent=1.815 t=2620s
ppo: upd 1660 rew/step=0.0003 pi=-0.013 v=0.011 ent=1.907 t=2627s
ppo: upd 1665 rew/step=-0.0009 pi=-0.012 v=0.024 ent=1.669 t=2634s
ppo: upd 1670 rew/step=0.0020 pi=-0.013 v=0.023 ent=1.890 t=2641s
ppo: upd 1675 rew/step=-0.0005 pi=-0.012 v=0.019 ent=1.804 t=2650s
ppo: upd 1680 rew/step=0.0020 pi=-0.012 v=0.015 ent=1.827 t=2657s
ppo: upd 1685 rew/step=0.0015 pi=-0.013 v=0.020 ent=1.836 t=2664s
ppo: upd 1690 rew/step=0.0024 pi=-0.012 v=0.015 ent=1.681 t=2672s
ppo: upd 1695 rew/step=0.0008 pi=-0.010 v=0.014 ent=1.862 t=2680s
ppo: upd 1700 rew/step=0.0041 pi=-0.010 v=0.016 ent=1.746 t=2687s
ppo: upd 1705 rew/step=0.0007 pi=-0.011 v=0.016 ent=1.835 t=2695s
ppo: upd 1710 rew/step=0.0023 pi=-0.011 v=0.013 ent=1.787 t=2702s
ppo: upd 1715 rew/step=0.0035 pi=-0.013 v=0.014 ent=1.710 t=2709s
ppo: upd 1720 rew/step=0.0012 pi=-0.012 v=0.016 ent=1.657 t=2717s
ppo: upd 1725 rew/step=0.0041 pi=-0.011 v=0.018 ent=1.699 t=2724s
ppo: upd 1730 rew/step=0.0008 pi=-0.013 v=0.010 ent=1.859 t=2731s
ppo: upd 1735 rew/step=0.0025 pi=-0.012 v=0.016 ent=1.787 t=2739s
ppo: upd 1740 rew/step=-0.0009 pi=-0.012 v=0.018 ent=1.678 t=2747s
ppo: upd 1745 rew/step=0.0029 pi=-0.012 v=0.017 ent=1.663 t=2755s
ppo: upd 1750 rew/step=0.0047 pi=-0.012 v=0.017 ent=1.673 t=2763s
export: wrote /home/jack/Desktop/hax/haxball-clone/training/checkpoints/ppo.pt.eval.bin (941716 bytes), parity skipped
ppo: GATE upd 1750 score=0.155 win[norm/hard/imp]=0.31/0.19/0.00 poss_hard=0.46 pass_hard=0.00
ppo: upd 1755 rew/step=0.0018 pi=-0.015 v=0.021 ent=1.775 t=2784s
ppo: upd 1760 rew/step=0.0019 pi=-0.014 v=0.024 ent=1.789 t=2791s
ppo: upd 1765 rew/step=0.0007 pi=-0.012 v=0.021 ent=1.605 t=2799s
ppo: upd 1770 rew/step=0.0024 pi=-0.012 v=0.026 ent=1.734 t=2806s
ppo: upd 1775 rew/step=0.0031 pi=-0.011 v=0.016 ent=1.791 t=2815s
ppo: upd 1780 rew/step=0.0014 pi=-0.015 v=0.015 ent=1.636 t=2823s
ppo: upd 1785 rew/step=0.0046 pi=-0.013 v=0.016 ent=1.763 t=2830s
ppo: upd 1790 rew/step=0.0035 pi=-0.011 v=0.019 ent=1.809 t=2839s
ppo: upd 1795 rew/step=0.0036 pi=-0.013 v=0.017 ent=1.843 t=2847s
ppo: upd 1800 rew/step=0.0014 pi=-0.012 v=0.012 ent=1.939 t=2855s
export: wrote /home/jack/Desktop/hax/haxball-clone/training/snapshots/snap_01800.bin (941716 bytes), parity skipped
ppo: added snapshot /home/jack/Desktop/hax/haxball-clone/training/snapshots/snap_01800.bin; league: ['rule:easy 0.85@453', 'rule:normal 0.70@1071', 'rule:hard 0.53@1456', 'rule:impossible 0.43@1537', 'frozen:snap_00250.bin 0.91@319', 'frozen:snap_00500.bin 1.00@98', 'frozen:snap_00750.bin 0.94@240', 'frozen:snap_01000.bin 1.00@104', 'frozen:snap_01250.bin 0.95@177', 'frozen:snap_01500.bin 0.93@189', 'frozen:snap_01750.bin 0.98@171', 'frozen:snap_02000.bin 0.95@210', 'frozen:snap_02250.bin 0.91@301', 'frozen:snap_02500.bin 0.95@162', 'frozen:snap_02750.bin 0.91@247', 'frozen:snap_03000.bin 0.87@392', 'frozen:snap_03250.bin 0.85@411', 'frozen:snap_03500.bin 0.87@372', 'frozen:snap_03750.bin 0.96@201', 'frozen:snap_00300.bin 0.89@288', 'frozen:snap_00600.bin 0.91@190', 'frozen:snap_00900.bin 0.69@262', 'frozen:snap_01200.bin 0.93@78', 'frozen:snap_01500.bin 0.95@31', 'frozen:snap_01800.bin -']
ppo: upd 1805 rew/step=0.0019 pi=-0.012 v=0.022 ent=1.742 t=2863s
ppo: upd 1810 rew/step=0.0013 pi=-0.011 v=0.017 ent=1.873 t=2871s
ppo: upd 1815 rew/step=0.0030 pi=-0.010 v=0.017 ent=1.918 t=2879s
ppo: upd 1820 rew/step=0.0020 pi=-0.012 v=0.014 ent=1.939 t=2887s
ppo: upd 1825 rew/step=-0.0013 pi=-0.011 v=0.016 ent=2.004 t=2894s
ppo: upd 1830 rew/step=0.0025 pi=-0.012 v=0.016 ent=1.921 t=2902s
ppo: upd 1835 rew/step=0.0035 pi=-0.011 v=0.015 ent=2.005 t=2910s
ppo: upd 1840 rew/step=0.0020 pi=-0.013 v=0.020 ent=1.936 t=2918s
ppo: upd 1845 rew/step=0.0023 pi=-0.014 v=0.019 ent=2.019 t=2926s
ppo: upd 1850 rew/step=0.0019 pi=-0.012 v=0.017 ent=1.872 t=2934s
ppo: upd 1855 rew/step=0.0007 pi=-0.012 v=0.015 ent=1.918 t=2942s
ppo: upd 1860 rew/step=0.0024 pi=-0.012 v=0.019 ent=2.045 t=2949s
ppo: upd 1865 rew/step=0.0014 pi=-0.013 v=0.014 ent=1.797 t=2956s
ppo: upd 1870 rew/step=0.0018 pi=-0.011 v=0.018 ent=1.746 t=2964s
ppo: upd 1875 rew/step=-0.0010 pi=-0.011 v=0.028 ent=1.948 t=2972s
ppo: upd 1880 rew/step=0.0007 pi=-0.013 v=0.017 ent=1.994 t=2980s
ppo: upd 1885 rew/step=0.0008 pi=-0.014 v=0.024 ent=1.834 t=2988s
ppo: upd 1890 rew/step=0.0017 pi=-0.011 v=0.018 ent=1.859 t=2996s
ppo: upd 1895 rew/step=-0.0014 pi=-0.014 v=0.026 ent=1.742 t=3003s
ppo: upd 1900 rew/step=0.0013 pi=-0.014 v=0.019 ent=2.009 t=3011s
ppo: upd 1905 rew/step=0.0025 pi=-0.011 v=0.018 ent=1.907 t=3019s
ppo: upd 1910 rew/step=0.0013 pi=-0.012 v=0.016 ent=2.047 t=3026s
ppo: upd 1915 rew/step=0.0007 pi=-0.012 v=0.018 ent=1.953 t=3034s
ppo: upd 1920 rew/step=0.0007 pi=-0.011 v=0.018 ent=1.718 t=3042s
ppo: upd 1925 rew/step=0.0040 pi=-0.013 v=0.016 ent=1.951 t=3050s
ppo: upd 1930 rew/step=0.0003 pi=-0.012 v=0.014 ent=2.017 t=3058s
ppo: upd 1935 rew/step=0.0057 pi=-0.012 v=0.017 ent=1.900 t=3065s
ppo: upd 1940 rew/step=0.0006 pi=-0.012 v=0.024 ent=1.912 t=3072s
ppo: upd 1945 rew/step=-0.0004 pi=-0.012 v=0.020 ent=1.794 t=3080s
ppo: upd 1950 rew/step=0.0024 pi=-0.012 v=0.020 ent=1.770 t=3088s
ppo: upd 1955 rew/step=0.0037 pi=-0.010 v=0.016 ent=1.841 t=3096s
ppo: upd 1960 rew/step=0.0024 pi=-0.013 v=0.022 ent=1.842 t=3104s
ppo: upd 1965 rew/step=0.0013 pi=-0.013 v=0.015 ent=1.984 t=3112s
ppo: upd 1970 rew/step=0.0007 pi=-0.012 v=0.021 ent=1.810 t=3120s
ppo: upd 1975 rew/step=0.0042 pi=-0.013 v=0.024 ent=1.816 t=3128s
ppo: upd 1980 rew/step=0.0025 pi=-0.013 v=0.025 ent=1.843 t=3136s
ppo: upd 1985 rew/step=0.0046 pi=-0.015 v=0.023 ent=1.813 t=3143s
ppo: upd 1990 rew/step=0.0017 pi=-0.011 v=0.016 ent=1.937 t=3152s
ppo: upd 1995 rew/step=0.0025 pi=-0.012 v=0.022 ent=1.912 t=3160s
ppo: upd 2000 rew/step=0.0008 pi=-0.011 v=0.024 ent=1.980 t=3168s
export: wrote /home/jack/Desktop/hax/haxball-clone/training/checkpoints/ppo.pt.eval.bin (941716 bytes), parity skipped
ppo: GATE upd 2000 score=0.017 win[norm/hard/imp]=0.06/0.00/0.00 poss_hard=0.14 pass_hard=0.00
ppo: upd 2005 rew/step=0.0007 pi=-0.012 v=0.027 ent=1.934 t=3192s
ppo: upd 2010 rew/step=0.0003 pi=-0.012 v=0.022 ent=1.680 t=3200s
ppo: upd 2015 rew/step=0.0034 pi=-0.013 v=0.024 ent=1.855 t=3207s
ppo: upd 2020 rew/step=0.0053 pi=-0.013 v=0.023 ent=1.870 t=3216s
ppo: upd 2025 rew/step=-0.0009 pi=-0.012 v=0.025 ent=1.841 t=3223s
ppo: upd 2030 rew/step=-0.0003 pi=-0.013 v=0.028 ent=1.809 t=3231s
ppo: upd 2035 rew/step=-0.0032 pi=-0.010 v=0.020 ent=1.789 t=3238s
ppo: upd 2040 rew/step=0.0008 pi=-0.011 v=0.015 ent=1.994 t=3245s
ppo: upd 2045 rew/step=-0.0002 pi=-0.013 v=0.018 ent=1.967 t=3252s
ppo: upd 2050 rew/step=-0.0010 pi=-0.014 v=0.026 ent=1.886 t=3260s
ppo: upd 2055 rew/step=0.0013 pi=-0.011 v=0.021 ent=1.968 t=3267s
ppo: upd 2060 rew/step=0.0017 pi=-0.008 v=0.022 ent=1.784 t=3276s
ppo: upd 2065 rew/step=0.0032 pi=-0.012 v=0.019 ent=1.955 t=3284s
ppo: upd 2070 rew/step=0.0046 pi=-0.013 v=0.021 ent=2.061 t=3293s
ppo: upd 2075 rew/step=0.0019 pi=-0.013 v=0.016 ent=1.892 t=3301s
ppo: upd 2080 rew/step=-0.0003 pi=-0.013 v=0.019 ent=2.055 t=3309s
ppo: upd 2085 rew/step=0.0030 pi=-0.012 v=0.016 ent=2.031 t=3317s
ppo: upd 2090 rew/step=0.0009 pi=-0.012 v=0.018 ent=2.023 t=3324s
ppo: upd 2095 rew/step=0.0023 pi=-0.011 v=0.017 ent=2.154 t=3333s
ppo: upd 2100 rew/step=0.0024 pi=-0.013 v=0.021 ent=2.003 t=3341s
export: wrote /home/jack/Desktop/hax/haxball-clone/training/snapshots/snap_02100.bin (941716 bytes), parity skipped
ppo: added snapshot /home/jack/Desktop/hax/haxball-clone/training/snapshots/snap_02100.bin; league: ['rule:easy 0.85@528', 'rule:normal 0.70@1237', 'rule:hard 0.51@1662', 'rule:impossible 0.42@1797', 'frozen:snap_00250.bin 0.91@359', 'frozen:snap_00500.bin 1.00@110', 'frozen:snap_00750.bin 0.94@273', 'frozen:snap_01000.bin 1.00@116', 'frozen:snap_01250.bin 0.96@210', 'frozen:snap_01500.bin 0.94@228', 'frozen:snap_01750.bin 0.98@197', 'frozen:snap_02000.bin 0.94@240', 'frozen:snap_02250.bin 0.91@327', 'frozen:snap_02500.bin 0.95@194', 'frozen:snap_02750.bin 0.91@288', 'frozen:snap_03000.bin 0.84@457', 'frozen:snap_03250.bin 0.84@463', 'frozen:snap_03500.bin 0.87@421', 'frozen:snap_03750.bin 0.96@235', 'frozen:snap_00300.bin 0.88@332', 'frozen:snap_00600.bin 0.90@225', 'frozen:snap_00900.bin 0.68@335', 'frozen:snap_01200.bin 0.87@131', 'frozen:snap_01500.bin 0.93@61', 'frozen:snap_01800.bin 0.97@18', 'frozen:snap_02100.bin -']
ppo: upd 2105 rew/step=0.0052 pi=-0.012 v=0.019 ent=2.129 t=3349s
ppo: upd 2110 rew/step=0.0031 pi=-0.010 v=0.018 ent=2.028 t=3356s
ppo: upd 2115 rew/step=0.0035 pi=-0.012 v=0.015 ent=2.069 t=3363s
ppo: upd 2120 rew/step=0.0018 pi=-0.015 v=0.019 ent=2.060 t=3370s
ppo: upd 2125 rew/step=-0.0006 pi=-0.011 v=0.020 ent=2.009 t=3378s
ppo: upd 2130 rew/step=0.0024 pi=-0.010 v=0.015 ent=2.074 t=3385s
ppo: upd 2135 rew/step=0.0009 pi=-0.012 v=0.012 ent=2.149 t=3391s
ppo: upd 2140 rew/step=0.0041 pi=-0.013 v=0.022 ent=2.124 t=3400s
ppo: upd 2145 rew/step=0.0007 pi=-0.011 v=0.024 ent=2.025 t=3408s
ppo: upd 2150 rew/step=0.0034 pi=-0.012 v=0.019 ent=2.018 t=3416s
ppo: upd 2155 rew/step=0.0043 pi=-0.012 v=0.018 ent=1.979 t=3424s
ppo: upd 2160 rew/step=0.0040 pi=-0.012 v=0.022 ent=2.160 t=3432s
ppo: upd 2165 rew/step=0.0024 pi=-0.012 v=0.015 ent=2.059 t=3439s
ppo: upd 2170 rew/step=0.0018 pi=-0.012 v=0.017 ent=2.020 t=3446s
ppo: upd 2175 rew/step=0.0024 pi=-0.012 v=0.020 ent=1.872 t=3454s
ppo: upd 2180 rew/step=-0.0008 pi=-0.011 v=0.019 ent=1.853 t=3462s
ppo: upd 2185 rew/step=0.0024 pi=-0.012 v=0.017 ent=2.021 t=3471s
ppo: upd 2190 rew/step=0.0000 pi=-0.012 v=0.019 ent=1.975 t=3479s
ppo: upd 2195 rew/step=0.0030 pi=-0.011 v=0.021 ent=1.857 t=3488s
ppo: upd 2200 rew/step=0.0020 pi=-0.012 v=0.026 ent=1.744 t=3496s
ppo: upd 2205 rew/step=-0.0010 pi=-0.012 v=0.025 ent=1.827 t=3503s
ppo: upd 2210 rew/step=0.0003 pi=-0.012 v=0.028 ent=1.909 t=3510s
ppo: upd 2215 rew/step=0.0023 pi=-0.010 v=0.021 ent=2.032 t=3520s
ppo: upd 2220 rew/step=0.0025 pi=-0.012 v=0.017 ent=2.020 t=3529s
ppo: upd 2225 rew/step=0.0008 pi=-0.011 v=0.023 ent=1.942 t=3535s
ppo: upd 2230 rew/step=0.0002 pi=-0.010 v=0.021 ent=1.909 t=3543s
ppo: upd 2235 rew/step=0.0007 pi=-0.012 v=0.020 ent=2.225 t=3551s
ppo: upd 2240 rew/step=0.0018 pi=-0.015 v=0.019 ent=2.003 t=3559s
ppo: upd 2245 rew/step=0.0037 pi=-0.010 v=0.015 ent=2.129 t=3567s
ppo: upd 2250 rew/step=0.0019 pi=-0.014 v=0.017 ent=2.029 t=3573s
export: wrote /home/jack/Desktop/hax/haxball-clone/training/checkpoints/ppo.pt.eval.bin (941716 bytes), parity skipped
ppo: GATE upd 2250 score=0.253 win[norm/hard/imp]=0.38/0.25/0.12 poss_hard=0.46 pass_hard=0.00
ppo: upd 2255 rew/step=0.0024 pi=-0.012 v=0.019 ent=2.014 t=3595s
ppo: upd 2260 rew/step=0.0006 pi=-0.012 v=0.017 ent=2.244 t=3603s
ppo: upd 2265 rew/step=0.0024 pi=-0.013 v=0.021 ent=2.225 t=3611s
