ppo: upd 5 rew/step=-0.0026 pi=-0.006 v=0.020 ent=1.413 t=2s
ppo: upd 10 rew/step=0.0023 pi=-0.008 v=0.018 ent=1.516 t=4s
ppo: upd 15 rew/step=0.0035 pi=-0.007 v=0.015 ent=1.529 t=6s
ppo: upd 20 rew/step=-0.0009 pi=-0.008 v=0.016 ent=1.562 t=7s
ppo: upd 25 rew/step=0.0007 pi=-0.007 v=0.020 ent=1.592 t=9s
ppo: upd 30 rew/step=-0.0014 pi=-0.008 v=0.014 ent=1.725 t=11s
ppo: upd 35 rew/step=0.0018 pi=-0.006 v=0.025 ent=1.448 t=12s
ppo: upd 40 rew/step=0.0031 pi=-0.006 v=0.017 ent=1.590 t=14s
ppo: upd 45 rew/step=0.0025 pi=-0.007 v=0.023 ent=1.611 t=16s
ppo: upd 50 rew/step=0.0014 pi=-0.007 v=0.010 ent=1.708 t=17s
ppo: upd 55 rew/step=0.0034 pi=-0.008 v=0.014 ent=1.677 t=19s
ppo: upd 60 rew/step=0.0029 pi=-0.007 v=0.016 ent=1.622 t=21s
ppo: upd 65 rew/step=0.0008 pi=-0.008 v=0.016 ent=1.657 t=23s
ppo: upd 70 rew/step=0.0007 pi=-0.007 v=0.020 ent=1.638 t=24s
ppo: upd 75 rew/step=0.0003 pi=-0.007 v=0.023 ent=1.614 t=26s
ppo: upd 80 rew/step=0.0034 pi=-0.008 v=0.016 ent=1.563 t=28s
ppo: upd 85 rew/step=0.0037 pi=-0.006 v=0.018 ent=1.658 t=29s
ppo: upd 90 rew/step=0.0012 pi=-0.007 v=0.019 ent=1.569 t=31s
ppo: upd 95 rew/step=0.0019 pi=-0.007 v=0.021 ent=1.654 t=33s
ppo: upd 100 rew/step=0.0034 pi=-0.007 v=0.014 ent=1.638 t=35s
ppo: upd 105 rew/step=0.0023 pi=-0.006 v=0.018 ent=1.624 t=36s
ppo: upd 110 rew/step=0.0014 pi=-0.006 v=0.021 ent=1.599 t=38s
ppo: upd 115 rew/step=0.0024 pi=-0.008 v=0.019 ent=1.622 t=40s
ppo: upd 120 rew/step=-0.0004 pi=-0.007 v=0.018 ent=1.782 t=42s
ppo: upd 125 rew/step=0.0040 pi=-0.008 v=0.018 ent=1.662 t=43s
ppo: upd 130 rew/step=0.0059 pi=-0.007 v=0.021 ent=1.565 t=45s
ppo: upd 135 rew/step=0.0019 pi=-0.008 v=0.021 ent=1.774 t=47s
ppo: upd 140 rew/step=0.0025 pi=-0.008 v=0.015 ent=1.690 t=49s
ppo: upd 145 rew/step=0.0017 pi=-0.006 v=0.017 ent=1.630 t=51s
ppo: upd 150 rew/step=0.0029 pi=-0.007 v=0.014 ent=1.654 t=52s
ppo: upd 155 rew/step=-0.0013 pi=-0.009 v=0.018 ent=1.655 t=54s
ppo: upd 160 rew/step=0.0019 pi=-0.008 v=0.021 ent=1.756 t=56s
ppo: upd 165 rew/step=0.0002 pi=-0.008 v=0.018 ent=1.642 t=58s
ppo: upd 170 rew/step=0.0035 pi=-0.006 v=0.016 ent=1.637 t=59s
ppo: upd 175 rew/step=0.0025 pi=-0.007 v=0.017 ent=1.519 t=61s
ppo: upd 180 rew/step=0.0036 pi=-0.006 v=0.016 ent=1.690 t=63s
ppo: upd 185 rew/step=0.0007 pi=-0.007 v=0.020 ent=1.513 t=65s
ppo: upd 190 rew/step=0.0011 pi=-0.008 v=0.016 ent=1.691 t=67s
ppo: upd 195 rew/step=0.0007 pi=-0.007 v=0.020 ent=1.672 t=69s
ppo: upd 200 rew/step=-0.0001 pi=-0.007 v=0.017 ent=1.818 t=70s
ppo: upd 205 rew/step=0.0008 pi=-0.008 v=0.016 ent=1.664 t=72s
ppo: upd 210 rew/step=0.0002 pi=-0.007 v=0.016 ent=1.815 t=74s
ppo: upd 215 rew/step=0.0068 pi=-0.006 v=0.020 ent=1.645 t=76s
ppo: upd 220 rew/step=0.0025 pi=-0.006 v=0.017 ent=1.692 t=78s
ppo: upd 225 rew/step=0.0034 pi=-0.006 v=0.020 ent=1.742 t=80s
ppo: upd 230 rew/step=0.0002 pi=-0.007 v=0.020 ent=1.727 t=82s
ppo: upd 235 rew/step=-0.0004 pi=-0.007 v=0.016 ent=1.802 t=83s
ppo: upd 240 rew/step=0.0045 pi=-0.006 v=0.014 ent=1.788 t=85s
ppo: upd 245 rew/step=0.0013 pi=-0.007 v=0.014 ent=1.761 t=87s
ppo: upd 250 rew/step=0.0013 pi=-0.008 v=0.020 ent=1.736 t=89s
export: wrote /home/jack/Desktop/hax/haxball-clone/training/checkpoints/ppo.pt.eval.bin (941716 bytes), parity skipped
ppo: GATE upd 250 score=0.170 win[norm/hard/imp]=0.16/0.16/0.06 poss_hard=0.53 pass_hard=0.00
ppo: SHIPPED new best (score 0.170) -> /home/jack/Desktop/hax/haxball-clone/internal/policy/weights/neural_v1.bin
ppo: upd 255 rew/step=-0.0004 pi=-0.007 v=0.021 ent=1.810 t=124s
ppo: upd 260 rew/step=-0.0004 pi=-0.007 v=0.021 ent=1.812 t=126s
ppo: upd 265 rew/step=0.0053 pi=-0.007 v=0.020 ent=1.733 t=128s
ppo: upd 270 rew/step=0.0018 pi=-0.006 v=0.014 ent=1.816 t=130s
ppo: upd 275 rew/step=-0.0010 pi=-0.006 v=0.024 ent=1.808 t=132s
ppo: upd 280 rew/step=0.0029 pi=-0.007 v=0.015 ent=1.921 t=133s
ppo: upd 285 rew/step=0.0036 pi=-0.008 v=0.016 ent=1.689 t=135s
ppo: upd 290 rew/step=-0.0007 pi=-0.008 v=0.013 ent=1.759 t=137s
ppo: upd 295 rew/step=-0.0008 pi=-0.007 v=0.020 ent=1.790 t=139s
ppo: upd 300 rew/step=0.0002 pi=-0.007 v=0.015 ent=1.818 t=141s
export: wrote /home/jack/Desktop/hax/haxball-clone/training/snapshots/snap_00300.bin (941716 bytes), parity skipped
ppo: added snapshot /home/jack/Desktop/hax/haxball-clone/training/snapshots/snap_00300.bin; league: ['rule:easy 0.85@141', 'rule:normal 0.80@398', 'rule:hard 0.69@483', 'rule:impossible 0.63@462', 'frozen:snap_00300.bin -']
ppo: upd 305 rew/step=0.0034 pi=-0.008 v=0.017 ent=1.798 t=148s
ppo: upd 310 rew/step=0.0026 pi=-0.008 v=0.020 ent=1.766 t=154s
ppo: upd 315 rew/step=0.0004 pi=-0.009 v=0.032 ent=2.027 t=161s
ppo: upd 320 rew/step=0.0002 pi=-0.008 v=0.021 ent=1.938 t=168s
ppo: upd 325 rew/step=0.0017 pi=-0.006 v=0.014 ent=1.895 t=175s
ppo: upd 330 rew/step=0.0036 pi=-0.006 v=0.016 ent=1.863 t=183s
ppo: upd 335 rew/step=0.0020 pi=-0.007 v=0.015 ent=1.913 t=190s
ppo: upd 340 rew/step=0.0019 pi=-0.008 v=0.019 ent=1.897 t=197s
ppo: upd 345 rew/step=0.0001 pi=-0.007 v=0.019 ent=1.872 t=203s
ppo: upd 350 rew/step=0.0040 pi=-0.007 v=0.021 ent=1.802 t=209s
ppo: upd 355 rew/step=0.0059 pi=-0.007 v=0.018 ent=1.834 t=216s
ppo: upd 360 rew/step=0.0008 pi=-0.008 v=0.017 ent=1.959 t=222s
ppo: upd 365 rew/step=0.0036 pi=-0.007 v=0.013 ent=1.884 t=230s
ppo: upd 370 rew/step=0.0006 pi=-0.006 v=0.016 ent=1.874 t=238s
ppo: upd 375 rew/step=0.0018 pi=-0.007 v=0.016 ent=1.851 t=244s
ppo: upd 380 rew/step=-0.0002 pi=-0.008 v=0.018 ent=1.898 t=251s
ppo: upd 385 rew/step=0.0040 pi=-0.007 v=0.011 ent=1.883 t=258s
ppo: upd 390 rew/step=-0.0003 pi=-0.008 v=0.021 ent=1.997 t=266s
ppo: upd 395 rew/step=0.0029 pi=-0.006 v=0.021 ent=1.846 t=272s
ppo: upd 400 rew/step=0.0042 pi=-0.007 v=0.019 ent=1.913 t=279s
ppo: upd 405 rew/step=0.0006 pi=-0.007 v=0.018 ent=1.838 t=284s
ppo: upd 410 rew/step=0.0035 pi=-0.007 v=0.020 ent=1.903 t=291s
ppo: upd 415 rew/step=0.0061 pi=-0.007 v=0.019 ent=1.797 t=297s
ppo: upd 420 rew/step=0.0057 pi=-0.007 v=0.015 ent=1.711 t=304s
ppo: upd 425 rew/step=0.0018 pi=-0.008 v=0.015 ent=1.778 t=310s
ppo: upd 430 rew/step=0.0014 pi=-0.007 v=0.015 ent=1.829 t=317s
ppo: upd 435 rew/step=0.0029 pi=-0.007 v=0.016 ent=1.868 t=324s
ppo: upd 440 rew/step=0.0045 pi=-0.007 v=0.015 ent=1.714 t=330s
ppo: upd 445 rew/step=0.0030 pi=-0.008 v=0.013 ent=1.773 t=336s
ppo: upd 450 rew/step=0.0029 pi=-0.008 v=0.012 ent=1.845 t=343s
ppo: upd 455 rew/step=0.0019 pi=-0.008 v=0.022 ent=1.836 t=350s
ppo: upd 460 rew/step=0.0017 pi=-0.008 v=0.021 ent=1.918 t=357s
ppo: upd 465 rew/step=0.0025 pi=-0.007 v=0.013 ent=1.805 t=363s
ppo: upd 470 rew/step=0.0009 pi=-0.007 v=0.016 ent=1.851 t=369s
ppo: upd 475 rew/step=0.0036 pi=-0.008 v=0.020 ent=1.858 t=376s
ppo: upd 480 rew/step=0.0024 pi=-0.008 v=0.019 ent=1.881 t=382s
ppo: upd 485 rew/step=0.0040 pi=-0.008 v=0.012 ent=1.791 t=388s
ppo: upd 490 rew/step=0.0046 pi=-0.007 v=0.018 ent=1.770 t=394s
ppo: upd 495 rew/step=0.0015 pi=-0.008 v=0.019 ent=1.991 t=400s
ppo: upd 500 rew/step=0.0014 pi=-0.008 v=0.019 ent=1.955 t=407s
export: wrote /home/jack/Desktop/hax/haxball-clone/training/checkpoints/ppo.pt.eval.bin (941716 bytes), parity skipped
ppo: GATE upd 500 score=0.472 win[norm/hard/imp]=0.53/0.47/0.31 poss_hard=0.55 pass_hard=0.00
ppo: SHIPPED new best (score 0.472) -> /home/jack/Desktop/hax/haxball-clone/internal/policy/weights/neural_v1.bin
ppo: upd 505 rew/step=-0.0005 pi=-0.007 v=0.022 ent=1.777 t=447s
ppo: upd 510 rew/step=0.0035 pi=-0.008 v=0.016 ent=1.843 t=453s
ppo: upd 515 rew/step=0.0003 pi=-0.008 v=0.016 ent=2.001 t=459s
ppo: upd 520 rew/step=0.0029 pi=-0.007 v=0.020 ent=1.965 t=464s
ppo: upd 525 rew/step=-0.0004 pi=-0.008 v=0.018 ent=2.168 t=470s
ppo: upd 530 rew/step=0.0040 pi=-0.007 v=0.016 ent=1.807 t=475s
ppo: upd 535 rew/step=0.0058 pi=-0.007 v=0.016 ent=1.854 t=482s
ppo: upd 540 rew/step=0.0035 pi=-0.008 v=0.022 ent=2.058 t=488s
ppo: upd 545 rew/step=0.0014 pi=-0.008 v=0.021 ent=2.019 t=494s
ppo: upd 550 rew/step=-0.0011 pi=-0.009 v=0.018 ent=1.997 t=500s
ppo: upd 555 rew/step=0.0017 pi=-0.007 v=0.022 ent=1.805 t=508s
ppo: upd 560 rew/step=0.0032 pi=-0.006 v=0.017 ent=1.865 t=515s
ppo: upd 565 rew/step=0.0031 pi=-0.007 v=0.015 ent=1.890 t=522s
ppo: upd 570 rew/step=0.0007 pi=-0.007 v=0.021 ent=1.856 t=529s
ppo: upd 575 rew/step=0.0018 pi=-0.008 v=0.020 ent=1.803 t=535s
ppo: upd 580 rew/step=0.0041 pi=-0.007 v=0.014 ent=1.738 t=541s
ppo: upd 585 rew/step=0.0008 pi=-0.008 v=0.023 ent=1.872 t=548s
ppo: upd 590 rew/step=-0.0021 pi=-0.006 v=0.024 ent=1.901 t=555s
ppo: upd 595 rew/step=0.0029 pi=-0.007 v=0.011 ent=1.802 t=561s
ppo: upd 600 rew/step=0.0046 pi=-0.007 v=0.015 ent=1.617 t=568s
export: wrote /home/jack/Desktop/hax/haxball-clone/training/snapshots/snap_00600.bin (941716 bytes), parity skipped
ppo: added snapshot /home/jack/Desktop/hax/haxball-clone/training/snapshots/snap_00600.bin; league: ['rule:easy 0.88@245', 'rule:normal 0.80@646', 'rule:hard 0.68@811', 'rule:impossible 0.62@819', 'frozen:snap_00300.bin 0.95@461', 'frozen:snap_00600.bin -']
ppo: upd 605 rew/step=0.0025 pi=-0.008 v=0.016 ent=1.876 t=576s
ppo: upd 610 rew/step=0.0020 pi=-0.007 v=0.020 ent=1.805 t=581s
ppo: upd 615 rew/step=0.0019 pi=-0.009 v=0.019 ent=1.876 t=587s
ppo: upd 620 rew/step=0.0023 pi=-0.007 v=0.013 ent=1.792 t=594s
ppo: upd 625 rew/step=0.0036 pi=-0.007 v=0.012 ent=1.777 t=600s
ppo: upd 630 rew/step=0.0030 pi=-0.007 v=0.011 ent=1.867 t=606s
ppo: upd 635 rew/step=0.0019 pi=-0.007 v=0.018 ent=1.801 t=613s
ppo: upd 640 rew/step=0.0017 pi=-0.007 v=0.014 ent=1.823 t=619s
ppo: upd 645 rew/step=0.0030 pi=-0.007 v=0.023 ent=1.733 t=625s
ppo: upd 650 rew/step=0.0004 pi=-0.007 v=0.019 ent=1.849 t=632s
ppo: upd 655 rew/step=0.0020 pi=-0.008 v=0.018 ent=1.889 t=638s
ppo: upd 660 rew/step=-0.0004 pi=-0.008 v=0.020 ent=1.953 t=645s
ppo: upd 665 rew/step=0.0041 pi=-0.007 v=0.016 ent=1.695 t=650s
ppo: upd 670 rew/step=0.0043 pi=-0.006 v=0.016 ent=1.657 t=657s
ppo: upd 675 rew/step=0.0003 pi=-0.007 v=0.022 ent=1.841 t=662s
ppo: upd 680 rew/step=0.0040 pi=-0.007 v=0.020 ent=1.763 t=669s
ppo: upd 685 rew/step=0.0029 pi=-0.007 v=0.016 ent=1.837 t=675s
ppo: upd 690 rew/step=0.0040 pi=-0.007 v=0.015 ent=1.654 t=682s
ppo: upd 695 rew/step=0.0048 pi=-0.005 v=0.018 ent=1.833 t=689s
ppo: upd 700 rew/step=0.0052 pi=-0.006 v=0.014 ent=1.770 t=696s
ppo: upd 705 rew/step=0.0036 pi=-0.008 v=0.019 ent=1.781 t=703s
ppo: upd 710 rew/step=0.0035 pi=-0.006 v=0.017 ent=1.600 t=709s
ppo: upd 715 rew/step=0.0036 pi=-0.008 v=0.025 ent=1.721 t=715s
ppo: upd 720 rew/step=0.0029 pi=-0.007 v=0.026 ent=1.853 t=722s
ppo: upd 725 rew/step=0.0042 pi=-0.008 v=0.015 ent=1.702 t=729s
ppo: upd 730 rew/step=0.0011 pi=-0.007 v=0.021 ent=1.683 t=735s
ppo: upd 735 rew/step=0.0051 pi=-0.008 v=0.018 ent=1.603 t=741s
ppo: upd 740 rew/step=0.0020 pi=-0.007 v=0.022 ent=1.877 t=748s
ppo: upd 745 rew/step=0.0009 pi=-0.007 v=0.021 ent=1.776 t=755s
ppo: upd 750 rew/step=0.0004 pi=-0.008 v=0.022 ent=1.964 t=761s
export: wrote /home/jack/Desktop/hax/haxball-clone/training/checkpoints/ppo.pt.eval.bin (941716 bytes), parity skipped
ppo: GATE upd 750 score=0.282 win[norm/hard/imp]=0.38/0.25/0.16 poss_hard=0.60 pass_hard=0.00
ppo: upd 755 rew/step=0.0047 pi=-0.006 v=0.019 ent=1.688 t=801s
ppo: upd 760 rew/step=0.0082 pi=-0.005 v=0.020 ent=1.628 t=808s
ppo: upd 765 rew/step=0.0046 pi=-0.006 v=0.018 ent=1.860 t=814s
ppo: upd 770 rew/step=0.0030 pi=-0.007 v=0.021 ent=1.755 t=821s
ppo: upd 775 rew/step=0.0045 pi=-0.006 v=0.022 ent=1.758 t=828s
ppo: upd 780 rew/step=0.0062 pi=-0.006 v=0.018 ent=1.639 t=835s
ppo: upd 785 rew/step=0.0020 pi=-0.008 v=0.018 ent=1.884 t=841s
ppo: upd 790 rew/step=0.0030 pi=-0.008 v=0.019 ent=1.947 t=847s
ppo: upd 795 rew/step=-0.0002 pi=-0.008 v=0.025 ent=1.978 t=853s
ppo: upd 800 rew/step=0.0018 pi=-0.007 v=0.021 ent=1.660 t=859s
ppo: upd 805 rew/step=0.0049 pi=-0.007 v=0.022 ent=1.723 t=865s
ppo: upd 810 rew/step=0.0053 pi=-0.007 v=0.021 ent=1.867 t=872s
ppo: upd 815 rew/step=0.0013 pi=-0.008 v=0.021 ent=1.882 t=878s
ppo: upd 820 rew/step=0.0007 pi=-0.007 v=0.018 ent=1.878 t=884s
ppo: upd 825 rew/step=0.0030 pi=-0.007 v=0.017 ent=1.777 t=891s
ppo: upd 830 rew/step=0.0025 pi=-0.007 v=0.011 ent=1.897 t=896s
ppo: upd 835 rew/step=0.0035 pi=-0.007 v=0.015 ent=1.978 t=902s
ppo: upd 840 rew/step=0.0029 pi=-0.008 v=0.014 ent=1.919 t=909s
ppo: upd 845 rew/step=0.0035 pi=-0.007 v=0.019 ent=1.800 t=916s
ppo: upd 850 rew/step=0.0031 pi=-0.009 v=0.023 ent=1.861 t=923s
ppo: upd 855 rew/step=0.0052 pi=-0.007 v=0.022 ent=1.858 t=930s
ppo: upd 860 rew/step=0.0040 pi=-0.008 v=0.020 ent=1.902 t=936s
ppo: upd 865 rew/step=0.0041 pi=-0.007 v=0.014 ent=1.863 t=943s
ppo: upd 870 rew/step=0.0052 pi=-0.006 v=0.014 ent=1.864 t=951s
ppo: upd 875 rew/step=0.0020 pi=-0.006 v=0.015 ent=2.093 t=958s
ppo: upd 880 rew/step=0.0052 pi=-0.005 v=0.013 ent=2.037 t=965s
ppo: upd 885 rew/step=0.0058 pi=-0.006 v=0.014 ent=1.865 t=971s
ppo: upd 890 rew/step=0.0040 pi=-0.007 v=0.017 ent=1.763 t=978s
ppo: upd 895 rew/step=0.0070 pi=-0.007 v=0.018 ent=1.869 t=984s
ppo: upd 900 rew/step=0.0020 pi=-0.008 v=0.017 ent=1.969 t=990s
export: wrote /home/jack/Desktop/hax/haxball-clone/training/snapshots/snap_00900.bin (941716 bytes), parity skipped
ppo: added snapshot /home/jack/Desktop/hax/haxball-clone/training/snapshots/snap_00900.bin; league: ['rule:easy 0.88@339', 'rule:normal 0.80@887', 'rule:hard 0.69@1182', 'rule:impossible 0.63@1160', 'frozen:snap_00300.bin 0.96@697', 'frozen:snap_00600.bin 0.98@215', 'frozen:snap_00900.bin -']
ppo: upd 905 rew/step=0.0001 pi=-0.007 v=0.012 ent=1.965 t=996s
ppo: upd 910 rew/step=0.0018 pi=-0.007 v=0.016 ent=1.880 t=1003s
ppo: upd 915 rew/step=0.0013 pi=-0.008 v=0.019 ent=1.899 t=1009s
ppo: upd 920 rew/step=0.0020 pi=-0.007 v=0.017 ent=2.030 t=1016s
ppo: upd 925 rew/step=0.0014 pi=-0.007 v=0.015 ent=2.121 t=1023s
ppo: upd 930 rew/step=0.0003 pi=-0.008 v=0.021 ent=2.063 t=1030s
ppo: upd 935 rew/step=0.0024 pi=-0.007 v=0.018 ent=1.895 t=1037s
ppo: upd 940 rew/step=0.0014 pi=-0.006 v=0.018 ent=1.893 t=1044s
ppo: upd 945 rew/step=-0.0003 pi=-0.007 v=0.029 ent=2.033 t=1051s
ppo: upd 950 rew/step=0.0030 pi=-0.008 v=0.018 ent=2.044 t=1057s
ppo: upd 955 rew/step=0.0045 pi=-0.006 v=0.014 ent=1.956 t=1064s
ppo: upd 960 rew/step=0.0023 pi=-0.007 v=0.016 ent=1.961 t=1070s
ppo: upd 965 rew/step=-0.0013 pi=-0.008 v=0.014 ent=2.221 t=1076s
ppo: upd 970 rew/step=0.0018 pi=-0.008 v=0.018 ent=2.161 t=1082s
ppo: upd 975 rew/step=0.0018 pi=-0.007 v=0.022 ent=2.087 t=1090s
ppo: upd 980 rew/step=0.0040 pi=-0.007 v=0.017 ent=1.928 t=1097s
ppo: upd 985 rew/step=0.0037 pi=-0.006 v=0.020 ent=2.099 t=1103s
ppo: upd 990 rew/step=0.0035 pi=-0.008 v=0.021 ent=2.160 t=1109s
ppo: upd 995 rew/step=0.0019 pi=-0.007 v=0.015 ent=2.008 t=1116s
ppo: upd 1000 rew/step=0.0017 pi=-0.008 v=0.022 ent=1.975 t=1123s
export: wrote /home/jack/Desktop/hax/haxball-clone/training/checkpoints/ppo.pt.eval.bin (941716 bytes), parity skipped
ppo: GATE upd 1000 score=0.441 win[norm/hard/imp]=0.72/0.53/0.19 poss_hard=0.46 pass_hard=0.00
ppo: upd 1005 rew/step=0.0045 pi=-0.007 v=0.020 ent=1.979 t=1162s
ppo: upd 1010 rew/step=0.0009 pi=-0.007 v=0.014 ent=2.157 t=1168s
ppo: upd 1015 rew/step=0.0029 pi=-0.007 v=0.019 ent=2.129 t=1174s
ppo: upd 1020 rew/step=0.0035 pi=-0.008 v=0.016 ent=2.141 t=1181s
ppo: upd 1025 rew/step=0.0040 pi=-0.006 v=0.019 ent=1.988 t=1188s
ppo: upd 1030 rew/step=0.0037 pi=-0.006 v=0.021 ent=2.088 t=1194s
ppo: upd 1035 rew/step=0.0030 pi=-0.007 v=0.018 ent=2.204 t=1200s
ppo: upd 1040 rew/step=0.0031 pi=-0.007 v=0.027 ent=2.121 t=1207s
ppo: upd 1045 rew/step=0.0034 pi=-0.007 v=0.017 ent=2.026 t=1213s
ppo: upd 1050 rew/step=0.0036 pi=-0.007 v=0.015 ent=2.047 t=1219s
ppo: upd 1055 rew/step=0.0008 pi=-0.007 v=0.017 ent=2.259 t=1224s
ppo: upd 1060 rew/step=0.0007 pi=-0.008 v=0.018 ent=2.283 t=1230s
ppo: upd 1065 rew/step=0.0008 pi=-0.007 v=0.020 ent=2.303 t=1237s
ppo: upd 1070 rew/step=0.0028 pi=-0.007 v=0.017 ent=2.164 t=1244s
ppo: upd 1075 rew/step=0.0059 pi=-0.006 v=0.017 ent=2.111 t=1250s
ppo: upd 1080 rew/step=0.0036 pi=-0.006 v=0.018 ent=2.048 t=1257s
ppo: upd 1085 rew/step=0.0030 pi=-0.007 v=0.018 ent=2.167 t=1265s
ppo: upd 1090 rew/step=0.0050 pi=-0.007 v=0.018 ent=2.127 t=1271s
ppo: upd 1095 rew/step=0.0058 pi=-0.008 v=0.019 ent=1.966 t=1277s
ppo: upd 1100 rew/step=0.0035 pi=-0.006 v=0.019 ent=2.177 t=1284s
ppo: upd 1105 rew/step=0.0002 pi=-0.008 v=0.012 ent=2.202 t=1290s
ppo: upd 1110 rew/step=0.0040 pi=-0.007 v=0.013 ent=2.113 t=1297s
ppo: upd 1115 rew/step=0.0035 pi=-0.007 v=0.016 ent=2.055 t=1305s
ppo: upd 1120 rew/step=0.0043 pi=-0.007 v=0.013 ent=2.156 t=1311s
ppo: upd 1125 rew/step=0.0006 pi=-0.006 v=0.020 ent=2.246 t=1318s
ppo: upd 1130 rew/step=0.0019 pi=-0.008 v=0.018 ent=2.241 t=1325s
ppo: upd 1135 rew/step=0.0017 pi=-0.008 v=0.019 ent=2.131 t=1331s
ppo: upd 1140 rew/step=0.0030 pi=-0.007 v=0.018 ent=2.114 t=1338s
ppo: upd 1145 rew/step=0.0020 pi=-0.007 v=0.018 ent=2.250 t=1344s
ppo: upd 1150 rew/step=0.0014 pi=-0.008 v=0.016 ent=2.286 t=1351s
ppo: upd 1155 rew/step=0.0030 pi=-0.007 v=0.018 ent=2.190 t=1357s
ppo: upd 1160 rew/step=0.0046 pi=-0.007 v=0.014 ent=2.092 t=1363s
ppo: upd 1165 rew/step=0.0031 pi=-0.006 v=0.016 ent=2.133 t=1370s
ppo: upd 1170 rew/step=0.0035 pi=-0.007 v=0.021 ent=2.176 t=1375s
ppo: upd 1175 rew/step=0.0030 pi=-0.007 v=0.020 ent=2.274 t=1382s
ppo: upd 1180 rew/step=0.0012 pi=-0.007 v=0.008 ent=2.186 t=1389s
ppo: upd 1185 rew/step=0.0029 pi=-0.007 v=0.013 ent=2.053 t=1395s
ppo: upd 1190 rew/step=0.0003 pi=-0.007 v=0.015 ent=2.183 t=1401s
ppo: upd 1195 rew/step=0.0019 pi=-0.007 v=0.017 ent=2.265 t=1408s
ppo: upd 1200 rew/step=0.0019 pi=-0.008 v=0.017 ent=2.146 t=1415s
export: wrote /home/jack/Desktop/hax/haxball-clone/training/snapshots/snap_01200.bin (941716 bytes), parity skipped
ppo: added snapshot /home/jack/Desktop/hax/haxball-clone/training/snapshots/snap_01200.bin; league: ['rule:easy 0.89@432', 'rule:normal 0.81@1158', 'rule:hard 0.68@1506', 'rule:impossible 0.63@1502', 'frozen:snap_00300.bin 0.97@789', 'frozen:snap_00600.bin 0.99@306', 'frozen:snap_00900.bin 0.84@271', 'frozen:snap_01200.bin -']
ppo: upd 1205 rew/step=0.0030 pi=-0.007 v=0.011 ent=2.068 t=1422s
ppo: upd 1210 rew/step=0.0015 pi=-0.007 v=0.017 ent=2.107 t=1429s
ppo: upd 1215 rew/step=0.0014 pi=-0.007 v=0.016 ent=2.242 t=1437s
ppo: upd 1220 rew/step=0.0003 pi=-0.007 v=0.021 ent=2.240 t=1443s
ppo: upd 1225 rew/step=0.0011 pi=-0.008 v=0.016 ent=2.118 t=1449s
ppo: upd 1230 rew/step=0.0024 pi=-0.007 v=0.013 ent=2.028 t=1455s
ppo: upd 1235 rew/step=0.0013 pi=-0.007 v=0.015 ent=2.196 t=1462s
ppo: upd 1240 rew/step=0.0003 pi=-0.008 v=0.016 ent=2.240 t=1468s
ppo: upd 1245 rew/step=-0.0009 pi=-0.007 v=0.018 ent=2.161 t=1474s
ppo: upd 1250 rew/step=0.0029 pi=-0.008 v=0.017 ent=2.084 t=1480s
export: wrote /home/jack/Desktop/hax/haxball-clone/training/checkpoints/ppo.pt.eval.bin (941716 bytes), parity skipped
ppo: GATE upd 1250 score=0.326 win[norm/hard/imp]=0.59/0.28/0.22 poss_hard=0.47 pass_hard=0.00
ppo: upd 1255 rew/step=0.0014 pi=-0.006 v=0.017 ent=2.019 t=1519s
ppo: upd 1260 rew/step=0.0024 pi=-0.006 v=0.021 ent=2.229 t=1525s
ppo: upd 1265 rew/step=0.0014 pi=-0.008 v=0.019 ent=2.326 t=1531s
ppo: upd 1270 rew/step=0.0006 pi=-0.008 v=0.016 ent=2.157 t=1537s
ppo: upd 1275 rew/step=0.0041 pi=-0.006 v=0.015 ent=2.004 t=1545s
ppo: upd 1280 rew/step=-0.0002 pi=-0.007 v=0.015 ent=2.435 t=1552s
ppo: upd 1285 rew/step=-0.0009 pi=-0.007 v=0.018 ent=2.237 t=1558s
ppo: upd 1290 rew/step=0.0040 pi=-0.007 v=0.022 ent=2.231 t=1564s
ppo: upd 1295 rew/step=0.0024 pi=-0.008 v=0.023 ent=2.204 t=1570s
ppo: upd 1300 rew/step=0.0069 pi=-0.006 v=0.019 ent=2.094 t=1577s
ppo: upd 1305 rew/step=0.0024 pi=-0.006 v=0.023 ent=2.109 t=1584s
ppo: upd 1310 rew/step=0.0020 pi=-0.007 v=0.021 ent=2.189 t=1590s
ppo: upd 1315 rew/step=0.0006 pi=-0.007 v=0.024 ent=2.104 t=1596s
ppo: upd 1320 rew/step=0.0013 pi=-0.007 v=0.019 ent=2.100 t=1602s
ppo: upd 1325 rew/step=-0.0003 pi=-0.006 v=0.027 ent=2.267 t=1608s
ppo: upd 1330 rew/step=0.0035 pi=-0.007 v=0.019 ent=2.096 t=1614s
ppo: upd 1335 rew/step=0.0003 pi=-0.008 v=0.014 ent=2.321 t=1620s
ppo: upd 1340 rew/step=0.0024 pi=-0.006 v=0.019 ent=2.032 t=1626s
ppo: upd 1345 rew/step=0.0019 pi=-0.006 v=0.019 ent=2.047 t=1633s
ppo: upd 1350 rew/step=0.0023 pi=-0.008 v=0.022 ent=2.210 t=1640s
ppo: upd 1355 rew/step=0.0019 pi=-0.007 v=0.018 ent=2.162 t=1646s
ppo: upd 1360 rew/step=0.0033 pi=-0.008 v=0.011 ent=2.170 t=1651s
ppo: upd 1365 rew/step=0.0035 pi=-0.007 v=0.016 ent=2.113 t=1659s
ppo: upd 1370 rew/step=0.0035 pi=-0.006 v=0.015 ent=2.216 t=1666s
ppo: upd 1375 rew/step=0.0012 pi=-0.005 v=0.015 ent=2.222 t=1673s
ppo: upd 1380 rew/step=0.0036 pi=-0.006 v=0.020 ent=2.250 t=1678s
ppo: upd 1385 rew/step=0.0030 pi=-0.006 v=0.020 ent=2.093 t=1684s
ppo: upd 1390 rew/step=0.0025 pi=-0.008 v=0.018 ent=2.245 t=1690s
ppo: upd 1395 rew/step=0.0024 pi=-0.006 v=0.021 ent=2.227 t=1697s
ppo: upd 1400 rew/step=0.0008 pi=-0.008 v=0.020 ent=2.234 t=1703s
ppo: upd 1405 rew/step=0.0055 pi=-0.006 v=0.016 ent=2.105 t=1710s
ppo: upd 1410 rew/step=0.0063 pi=-0.006 v=0.018 ent=2.187 t=1716s
ppo: upd 1415 rew/step=-0.0008 pi=-0.008 v=0.022 ent=2.342 t=1722s
ppo: upd 1420 rew/step=0.0013 pi=-0.008 v=0.012 ent=2.210 t=1728s
ppo: upd 1425 rew/step=0.0024 pi=-0.007 v=0.018 ent=2.362 t=1735s
ppo: upd 1430 rew/step=0.0040 pi=-0.007 v=0.017 ent=2.245 t=1743s
ppo: upd 1435 rew/step=0.0013 pi=-0.006 v=0.017 ent=2.347 t=1749s
ppo: upd 1440 rew/step=0.0019 pi=-0.007 v=0.019 ent=2.318 t=1756s
ppo: upd 1445 rew/step=0.0052 pi=-0.007 v=0.020 ent=2.317 t=1763s
ppo: upd 1450 rew/step=0.0034 pi=-0.007 v=0.012 ent=2.301 t=1769s
ppo: upd 1455 rew/step=0.0013 pi=-0.006 v=0.019 ent=2.346 t=1776s
ppo: upd 1460 rew/step=0.0030 pi=-0.006 v=0.020 ent=2.405 t=1783s
ppo: upd 1465 rew/step=0.0029 pi=-0.007 v=0.023 ent=2.456 t=1790s
ppo: upd 1470 rew/step=0.0041 pi=-0.007 v=0.020 ent=2.374 t=1797s
ppo: upd 1475 rew/step=0.0046 pi=-0.007 v=0.019 ent=2.236 t=1804s
ppo: upd 1480 rew/step=0.0031 pi=-0.007 v=0.017 ent=2.254 t=1810s
ppo: upd 1485 rew/step=0.0024 pi=-0.007 v=0.025 ent=2.399 t=1817s
ppo: upd 1490 rew/step=0.0025 pi=-0.007 v=0.022 ent=2.243 t=1824s
ppo: upd 1495 rew/step=0.0023 pi=-0.008 v=0.017 ent=2.343 t=1831s
ppo: upd 1500 rew/step=0.0035 pi=-0.006 v=0.015 ent=2.229 t=1837s
export: wrote /home/jack/Desktop/hax/haxball-clone/training/snapshots/snap_01500.bin (941716 bytes), parity skipped
ppo: added snapshot /home/jack/Desktop/hax/haxball-clone/training/snapshots/snap_01500.bin; league: ['rule:easy 0.89@534', 'rule:normal 0.80@1456', 'rule:hard 0.68@1834', 'rule:impossible 0.62@1824', 'frozen:snap_00300.bin 0.97@866', 'frozen:snap_00600.bin 0.99@365', 'frozen:snap_00900.bin 0.85@420', 'frozen:snap_01200.bin 0.83@163', 'frozen:snap_01500.bin -']
export: wrote /home/jack/Desktop/hax/haxball-clone/training/checkpoints/ppo.pt.eval.bin (941716 bytes), parity skipped
ppo: GATE upd 1500 score=0.502 win[norm/hard/imp]=0.72/0.53/0.31 poss_hard=0.44 pass_hard=0.00
ppo: SHIPPED new best (score 0.502) -> /home/jack/Desktop/hax/haxball-clone/internal/policy/weights/neural_v1.bin
ppo: upd 1505 rew/step=0.0031 pi=-0.007 v=0.015 ent=2.407 t=1877s
ppo: upd 1510 rew/step=0.0008 pi=-0.007 v=0.022 ent=2.477 t=1882s
ppo: upd 1515 rew/step=0.0002 pi=-0.007 v=0.018 ent=2.431 t=1889s
ppo: upd 1520 rew/step=0.0034 pi=-0.007 v=0.017 ent=2.161 t=1895s
ppo: upd 1525 rew/step=0.0043 pi=-0.005 v=0.016 ent=2.288 t=1902s
ppo: upd 1530 rew/step=0.0013 pi=-0.008 v=0.018 ent=2.368 t=1909s
ppo: upd 1535 rew/step=0.0004 pi=-0.007 v=0.022 ent=2.485 t=1915s
ppo: upd 1540 rew/step=0.0021 pi=-0.006 v=0.016 ent=2.375 t=1921s
ppo: upd 1545 rew/step=0.0035 pi=-0.008 v=0.019 ent=2.260 t=1927s
ppo: upd 1550 rew/step=0.0009 pi=-0.007 v=0.014 ent=2.467 t=1934s
ppo: upd 1555 rew/step=-0.0004 pi=-0.006 v=0.018 ent=2.295 t=1941s
ppo: upd 1560 rew/step=0.0008 pi=-0.009 v=0.015 ent=2.450 t=1947s
ppo: upd 1565 rew/step=0.0046 pi=-0.007 v=0.017 ent=2.257 t=1954s
ppo: upd 1570 rew/step=0.0035 pi=-0.005 v=0.016 ent=2.357 t=1961s
ppo: upd 1575 rew/step=0.0013 pi=-0.006 v=0.012 ent=2.536 t=1966s
ppo: upd 1580 rew/step=0.0003 pi=-0.007 v=0.021 ent=2.581 t=1973s
ppo: upd 1585 rew/step=0.0035 pi=-0.006 v=0.015 ent=2.460 t=1980s
ppo: upd 1590 rew/step=0.0035 pi=-0.007 v=0.017 ent=2.468 t=1986s
ppo: upd 1595 rew/step=0.0037 pi=-0.007 v=0.015 ent=2.577 t=1993s
ppo: upd 1600 rew/step=0.0015 pi=-0.007 v=0.012 ent=2.501 t=1998s
ppo: upd 1605 rew/step=-0.0003 pi=-0.008 v=0.021 ent=2.489 t=2006s
ppo: upd 1610 rew/step=-0.0015 pi=-0.006 v=0.023 ent=2.492 t=2013s
ppo: upd 1615 rew/step=0.0014 pi=-0.007 v=0.015 ent=2.467 t=2019s
ppo: upd 1620 rew/step=0.0047 pi=-0.006 v=0.020 ent=2.271 t=2027s
ppo: upd 1625 rew/step=0.0019 pi=-0.007 v=0.017 ent=2.555 t=2034s
ppo: upd 1630 rew/step=0.0012 pi=-0.007 v=0.022 ent=2.645 t=2040s
ppo: upd 1635 rew/step=0.0018 pi=-0.006 v=0.013 ent=2.488 t=2046s
ppo: upd 1640 rew/step=0.0036 pi=-0.006 v=0.016 ent=2.629 t=2053s
ppo: upd 1645 rew/step=0.0034 pi=-0.008 v=0.016 ent=2.547 t=2059s
ppo: upd 1650 rew/step=0.0001 pi=-0.006 v=0.019 ent=2.697 t=2066s
ppo: upd 1655 rew/step=0.0028 pi=-0.006 v=0.022 ent=2.416 t=2072s
ppo: upd 1660 rew/step=0.0003 pi=-0.007 v=0.021 ent=2.583 t=2078s
ppo: upd 1665 rew/step=0.0007 pi=-0.007 v=0.021 ent=2.549 t=2083s
ppo: upd 1670 rew/step=0.0025 pi=-0.007 v=0.015 ent=2.592 t=2091s
ppo: upd 1675 rew/step=0.0006 pi=-0.007 v=0.014 ent=2.624 t=2096s
ppo: upd 1680 rew/step=0.0029 pi=-0.007 v=0.016 ent=2.466 t=2103s
ppo: upd 1685 rew/step=0.0020 pi=-0.005 v=0.013 ent=2.653 t=2109s
ppo: upd 1690 rew/step=0.0024 pi=-0.006 v=0.019 ent=2.548 t=2115s
ppo: upd 1695 rew/step=-0.0019 pi=-0.008 v=0.024 ent=2.642 t=2120s
ppo: upd 1700 rew/step=0.0034 pi=-0.008 v=0.021 ent=2.397 t=2126s
ppo: upd 1705 rew/step=0.0036 pi=-0.007 v=0.016 ent=2.453 t=2132s
ppo: upd 1710 rew/step=0.0036 pi=-0.006 v=0.017 ent=2.583 t=2137s
ppo: upd 1715 rew/step=0.0017 pi=-0.007 v=0.020 ent=2.584 t=2143s
ppo: upd 1720 rew/step=-0.0011 pi=-0.006 v=0.026 ent=2.642 t=2147s
ppo: upd 1725 rew/step=0.0041 pi=-0.006 v=0.014 ent=2.569 t=2153s
ppo: upd 1730 rew/step=-0.0003 pi=-0.007 v=0.013 ent=2.679 t=2159s
ppo: upd 1735 rew/step=0.0035 pi=-0.007 v=0.019 ent=2.721 t=2166s
ppo: upd 1740 rew/step=0.0014 pi=-0.008 v=0.019 ent=2.791 t=2172s
ppo: upd 1745 rew/step=0.0029 pi=-0.007 v=0.016 ent=2.552 t=2178s
ppo: upd 1750 rew/step=0.0025 pi=-0.007 v=0.018 ent=2.664 t=2185s
export: wrote /home/jack/Desktop/hax/haxball-clone/training/checkpoints/ppo.pt.eval.bin (941716 bytes), parity skipped
ppo: GATE upd 1750 score=0.311 win[norm/hard/imp]=0.44/0.34/0.12 poss_hard=0.54 pass_hard=0.00
ppo: upd 1755 rew/step=-0.0020 pi=-0.006 v=0.028 ent=2.835 t=2224s
ppo: upd 1760 rew/step=-0.0007 pi=-0.006 v=0.028 ent=2.843 t=2230s
ppo: upd 1765 rew/step=0.0022 pi=-0.007 v=0.018 ent=2.732 t=2237s
ppo: upd 1770 rew/step=0.0024 pi=-0.008 v=0.019 ent=2.691 t=2242s
ppo: upd 1775 rew/step=0.0002 pi=-0.007 v=0.022 ent=2.869 t=2249s
ppo: upd 1780 rew/step=0.0013 pi=-0.007 v=0.017 ent=2.827 t=2256s
ppo: upd 1785 rew/step=0.0019 pi=-0.007 v=0.012 ent=2.689 t=2263s
ppo: upd 1790 rew/step=0.0029 pi=-0.006 v=0.014 ent=2.595 t=2270s
ppo: upd 1795 rew/step=0.0013 pi=-0.006 v=0.009 ent=2.722 t=2276s
ppo: upd 1800 rew/step=0.0013 pi=-0.007 v=0.016 ent=2.637 t=2283s
export: wrote /home/jack/Desktop/hax/haxball-clone/training/snapshots/snap_01800.bin (941716 bytes), parity skipped
ppo: added snapshot /home/jack/Desktop/hax/haxball-clone/training/snapshots/snap_01800.bin; league: ['rule:easy 0.89@635', 'rule:normal 0.80@1735', 'rule:hard 0.67@2177', 'rule:impossible 0.59@2175', 'frozen:snap_00300.bin 0.97@928', 'frozen:snap_00600.bin 0.99@409', 'frozen:snap_00900.bin 0.85@530', 'frozen:snap_01200.bin 0.85@300', 'frozen:snap_01500.bin 0.87@71', 'frozen:snap_01800.bin -']
ppo: upd 1805 rew/step=0.0023 pi=-0.008 v=0.017 ent=2.631 t=2290s
ppo: upd 1810 rew/step=0.0040 pi=-0.007 v=0.017 ent=2.587 t=2297s
ppo: upd 1815 rew/step=0.0007 pi=-0.007 v=0.013 ent=2.693 t=2303s
ppo: upd 1820 rew/step=-0.0008 pi=-0.007 v=0.014 ent=3.113 t=2309s
ppo: upd 1825 rew/step=0.0018 pi=-0.006 v=0.012 ent=2.692 t=2314s
ppo: upd 1830 rew/step=0.0002 pi=-0.007 v=0.015 ent=2.748 t=2321s
ppo: upd 1835 rew/step=0.0001 pi=-0.007 v=0.020 ent=2.780 t=2327s
ppo: upd 1840 rew/step=0.0025 pi=-0.006 v=0.020 ent=2.689 t=2333s
ppo: upd 1845 rew/step=0.0042 pi=-0.007 v=0.023 ent=2.712 t=2340s
ppo: upd 1850 rew/step=0.0036 pi=-0.007 v=0.014 ent=2.630 t=2346s
ppo: upd 1855 rew/step=0.0039 pi=-0.006 v=0.017 ent=2.627 t=2353s
ppo: upd 1860 rew/step=0.0023 pi=-0.006 v=0.017 ent=2.692 t=2359s
ppo: upd 1865 rew/step=0.0025 pi=-0.008 v=0.015 ent=2.823 t=2366s
ppo: upd 1870 rew/step=0.0023 pi=-0.007 v=0.021 ent=2.859 t=2372s
ppo: upd 1875 rew/step=0.0012 pi=-0.007 v=0.020 ent=2.832 t=2379s
ppo: upd 1880 rew/step=0.0056 pi=-0.006 v=0.019 ent=2.667 t=2384s
ppo: upd 1885 rew/step=0.0031 pi=-0.007 v=0.026 ent=2.700 t=2390s
ppo: upd 1890 rew/step=0.0013 pi=-0.007 v=0.021 ent=2.683 t=2397s
ppo: upd 1895 rew/step=0.0003 pi=-0.006 v=0.020 ent=2.777 t=2403s
ppo: upd 1900 rew/step=0.0007 pi=-0.006 v=0.023 ent=2.656 t=2410s
ppo: upd 1905 rew/step=0.0029 pi=-0.006 v=0.016 ent=2.627 t=2417s
ppo: upd 1910 rew/step=-0.0002 pi=-0.007 v=0.018 ent=2.962 t=2423s
ppo: upd 1915 rew/step=0.0019 pi=-0.006 v=0.021 ent=2.857 t=2430s
ppo: upd 1920 rew/step=0.0025 pi=-0.007 v=0.018 ent=2.724 t=2437s
ppo: upd 1925 rew/step=0.0052 pi=-0.006 v=0.017 ent=2.604 t=2443s
ppo: upd 1930 rew/step=0.0042 pi=-0.005 v=0.018 ent=2.516 t=2450s
ppo: upd 1935 rew/step=0.0040 pi=-0.006 v=0.018 ent=2.388 t=2457s
ppo: upd 1940 rew/step=0.0002 pi=-0.007 v=0.019 ent=2.623 t=2463s
ppo: upd 1945 rew/step=0.0040 pi=-0.008 v=0.012 ent=2.544 t=2469s
ppo: upd 1950 rew/step=0.0013 pi=-0.007 v=0.018 ent=2.620 t=2476s
ppo: upd 1955 rew/step=0.0004 pi=-0.007 v=0.014 ent=2.729 t=2482s
ppo: upd 1960 rew/step=0.0030 pi=-0.005 v=0.020 ent=2.518 t=2490s
ppo: upd 1965 rew/step=0.0014 pi=-0.006 v=0.019 ent=2.688 t=2496s
ppo: upd 1970 rew/step=0.0029 pi=-0.006 v=0.018 ent=2.537 t=2502s
ppo: upd 1975 rew/step=0.0037 pi=-0.007 v=0.019 ent=2.574 t=2508s
ppo: upd 1980 rew/step=-0.0004 pi=-0.006 v=0.020 ent=2.834 t=2515s
ppo: upd 1985 rew/step=0.0058 pi=-0.006 v=0.018 ent=2.609 t=2522s
ppo: upd 1990 rew/step=0.0006 pi=-0.006 v=0.016 ent=2.776 t=2529s
ppo: upd 1995 rew/step=0.0034 pi=-0.007 v=0.015 ent=2.710 t=2535s
ppo: upd 2000 rew/step=0.0007 pi=-0.007 v=0.015 ent=2.964 t=2541s
export: wrote /home/jack/Desktop/hax/haxball-clone/training/checkpoints/ppo.pt.eval.bin (941716 bytes), parity skipped
ppo: GATE upd 2000 score=0.536 win[norm/hard/imp]=0.72/0.47/0.44 poss_hard=0.47 pass_hard=0.00
ppo: SHIPPED new best (score 0.536) -> /home/jack/Desktop/hax/haxball-clone/internal/policy/weights/neural_v1.bin
ppo: upd 2005 rew/step=0.0039 pi=-0.006 v=0.016 ent=2.816 t=2581s
ppo: upd 2010 rew/step=0.0029 pi=-0.007 v=0.011 ent=2.853 t=2587s
ppo: upd 2015 rew/step=0.0018 pi=-0.007 v=0.014 ent=2.799 t=2594s
ppo: upd 2020 rew/step=0.0025 pi=-0.007 v=0.018 ent=2.854 t=2601s
ppo: upd 2025 rew/step=0.0023 pi=-0.008 v=0.015 ent=2.755 t=2607s
ppo: upd 2030 rew/step=0.0029 pi=-0.007 v=0.020 ent=2.821 t=2614s
ppo: upd 2035 rew/step=0.0017 pi=-0.007 v=0.018 ent=2.774 t=2620s
ppo: upd 2040 rew/step=0.0046 pi=-0.007 v=0.015 ent=2.662 t=2626s
ppo: upd 2045 rew/step=0.0025 pi=-0.007 v=0.017 ent=2.649 t=2633s
ppo: upd 2050 rew/step=0.0013 pi=-0.008 v=0.015 ent=2.653 t=2640s
ppo: upd 2055 rew/step=0.0012 pi=-0.007 v=0.012 ent=2.666 t=2646s
ppo: upd 2060 rew/step=0.0019 pi=-0.007 v=0.020 ent=2.412 t=2652s
ppo: upd 2065 rew/step=0.0047 pi=-0.007 v=0.013 ent=2.627 t=2659s
ppo: upd 2070 rew/step=0.0013 pi=-0.007 v=0.017 ent=2.757 t=2666s
ppo: upd 2075 rew/step=0.0018 pi=-0.008 v=0.016 ent=2.643 t=2673s
ppo: upd 2080 rew/step=0.0034 pi=-0.007 v=0.019 ent=2.607 t=2679s
ppo: upd 2085 rew/step=0.0018 pi=-0.006 v=0.019 ent=2.640 t=2685s
ppo: upd 2090 rew/step=0.0019 pi=-0.007 v=0.020 ent=2.682 t=2691s
ppo: upd 2095 rew/step=0.0002 pi=-0.008 v=0.017 ent=2.754 t=2698s
ppo: upd 2100 rew/step=0.0019 pi=-0.007 v=0.023 ent=2.669 t=2705s
export: wrote /home/jack/Desktop/hax/haxball-clone/training/snapshots/snap_02100.bin (941716 bytes), parity skipped
ppo: added snapshot /home/jack/Desktop/hax/haxball-clone/training/snapshots/snap_02100.bin; league: ['rule:easy 0.89@757', 'rule:normal 0.79@1985', 'rule:hard 0.67@2493', 'rule:impossible 0.59@2535', 'frozen:snap_00300.bin 0.97@970', 'frozen:snap_00600.bin 0.99@448', 'frozen:snap_00900.bin 0.86@635', 'frozen:snap_01200.bin 0.85@395', 'frozen:snap_01500.bin 0.84@195', 'frozen:snap_01800.bin 1.00@31', 'frozen:snap_02100.bin -']
ppo: upd 2105 rew/step=0.0007 pi=-0.006 v=0.022 ent=2.634 t=2713s
ppo: upd 2110 rew/step=0.0049 pi=-0.006 v=0.021 ent=2.626 t=2720s
ppo: upd 2115 rew/step=0.0020 pi=-0.006 v=0.030 ent=2.700 t=2727s
ppo: upd 2120 rew/step=0.0013 pi=-0.006 v=0.027 ent=2.704 t=2733s
ppo: upd 2125 rew/step=0.0023 pi=-0.007 v=0.017 ent=2.671 t=2741s
ppo: upd 2130 rew/step=0.0024 pi=-0.007 v=0.017 ent=2.682 t=2747s
ppo: upd 2135 rew/step=0.0042 pi=-0.006 v=0.016 ent=2.579 t=2753s
ppo: upd 2140 rew/step=-0.0002 pi=-0.007 v=0.025 ent=2.648 t=2759s
ppo: upd 2145 rew/step=0.0023 pi=-0.007 v=0.016 ent=2.503 t=2766s
ppo: upd 2150 rew/step=0.0018 pi=-0.007 v=0.021 ent=2.414 t=2772s
ppo: upd 2155 rew/step=0.0031 pi=-0.006 v=0.018 ent=2.552 t=2779s
ppo: upd 2160 rew/step=0.0008 pi=-0.007 v=0.017 ent=2.635 t=2785s
ppo: upd 2165 rew/step=0.0018 pi=-0.009 v=0.017 ent=2.523 t=2792s
ppo: upd 2170 rew/step=-0.0027 pi=-0.007 v=0.019 ent=2.833 t=2799s
ppo: upd 2175 rew/step=0.0029 pi=-0.008 v=0.012 ent=2.527 t=2805s
ppo: upd 2180 rew/step=0.0024 pi=-0.006 v=0.013 ent=2.700 t=2812s
ppo: upd 2185 rew/step=0.0008 pi=-0.006 v=0.018 ent=2.753 t=2819s
ppo: upd 2190 rew/step=0.0035 pi=-0.006 v=0.015 ent=2.562 t=2825s
ppo: upd 2195 rew/step=0.0012 pi=-0.007 v=0.016 ent=2.491 t=2832s
ppo: upd 2200 rew/step=0.0042 pi=-0.006 v=0.015 ent=2.435 t=2839s
ppo: upd 2205 rew/step=0.0014 pi=-0.007 v=0.015 ent=2.455 t=2845s
ppo: upd 2210 rew/step=0.0025 pi=-0.007 v=0.026 ent=2.449 t=2851s
ppo: upd 2215 rew/step=0.0028 pi=-0.007 v=0.020 ent=2.299 t=2857s
ppo: upd 2220 rew/step=0.0024 pi=-0.007 v=0.012 ent=2.394 t=2862s
ppo: upd 2225 rew/step=-0.0002 pi=-0.008 v=0.021 ent=2.328 t=2868s
ppo: upd 2230 rew/step=0.0030 pi=-0.007 v=0.021 ent=2.273 t=2874s
ppo: upd 2235 rew/step=0.0013 pi=-0.008 v=0.019 ent=2.341 t=2881s
ppo: upd 2240 rew/step=0.0029 pi=-0.007 v=0.021 ent=2.303 t=2888s
ppo: upd 2245 rew/step=0.0036 pi=-0.006 v=0.014 ent=2.389 t=2895s
ppo: upd 2250 rew/step=0.0024 pi=-0.007 v=0.023 ent=2.302 t=2900s
export: wrote /home/jack/Desktop/hax/haxball-clone/training/checkpoints/ppo.pt.eval.bin (941716 bytes), parity skipped
ppo: GATE upd 2250 score=0.253 win[norm/hard/imp]=0.47/0.25/0.12 poss_hard=0.42 pass_hard=0.00
ppo: upd 2255 rew/step=-0.0002 pi=-0.006 v=0.024 ent=2.417 t=2939s
ppo: upd 2260 rew/step=0.0013 pi=-0.007 v=0.020 ent=2.491 t=2946s
ppo: upd 2265 rew/step=0.0023 pi=-0.007 v=0.014 ent=2.418 t=2952s
ppo: upd 2270 rew/step=-0.0003 pi=-0.007 v=0.019 ent=2.652 t=2958s
ppo: upd 2275 rew/step=0.0018 pi=-0.006 v=0.015 ent=2.636 t=2963s
ppo: upd 2280 rew/step=-0.0036 pi=-0.006 v=0.020 ent=2.620 t=2969s
ppo: upd 2285 rew/step=0.0046 pi=-0.007 v=0.013 ent=2.599 t=2976s
ppo: upd 2290 rew/step=-0.0003 pi=-0.007 v=0.017 ent=2.653 t=2983s
ppo: upd 2295 rew/step=0.0013 pi=-0.008 v=0.025 ent=2.554 t=2989s
ppo: upd 2300 rew/step=0.0002 pi=-0.007 v=0.019 ent=2.783 t=2995s
ppo: upd 2305 rew/step=-0.0005 pi=-0.007 v=0.017 ent=2.717 t=3001s
ppo: upd 2310 rew/step=0.0024 pi=-0.008 v=0.017 ent=2.550 t=3008s
ppo: upd 2315 rew/step=0.0046 pi=-0.007 v=0.018 ent=2.689 t=3014s
ppo: upd 2320 rew/step=0.0025 pi=-0.007 v=0.018 ent=2.710 t=3021s
ppo: upd 2325 rew/step=0.0008 pi=-0.007 v=0.018 ent=2.755 t=3026s
ppo: upd 2330 rew/step=0.0035 pi=-0.007 v=0.016 ent=2.679 t=3033s
ppo: upd 2335 rew/step=0.0043 pi=-0.006 v=0.017 ent=2.747 t=3040s
ppo: upd 2340 rew/step=0.0002 pi=-0.007 v=0.029 ent=2.726 t=3047s
ppo: upd 2345 rew/step=0.0002 pi=-0.007 v=0.023 ent=2.729 t=3053s
ppo: upd 2350 rew/step=0.0023 pi=-0.006 v=0.022 ent=2.748 t=3059s
ppo: upd 2355 rew/step=-0.0003 pi=-0.006 v=0.016 ent=3.067 t=3065s
ppo: upd 2360 rew/step=0.0008 pi=-0.007 v=0.020 ent=2.924 t=3072s
ppo: upd 2365 rew/step=0.0025 pi=-0.006 v=0.020 ent=2.732 t=3079s
ppo: upd 2370 rew/step=0.0018 pi=-0.008 v=0.025 ent=2.723 t=3085s
ppo: upd 2375 rew/step=0.0034 pi=-0.007 v=0.020 ent=2.645 t=3092s
ppo: upd 2380 rew/step=0.0019 pi=-0.007 v=0.022 ent=2.926 t=3098s
ppo: upd 2385 rew/step=0.0014 pi=-0.007 v=0.023 ent=3.027 t=3105s
ppo: upd 2390 rew/step=0.0030 pi=-0.007 v=0.023 ent=2.862 t=3112s
ppo: upd 2395 rew/step=0.0017 pi=-0.008 v=0.025 ent=2.713 t=3120s
ppo: upd 2400 rew/step=0.0025 pi=-0.008 v=0.015 ent=3.076 t=3127s
export: wrote /home/jack/Desktop/hax/haxball-clone/training/snapshots/snap_02400.bin (941716 bytes), parity skipped
ppo: added snapshot /home/jack/Desktop/hax/haxball-clone/training/snapshots/snap_02400.bin; league: ['rule:easy 0.89@857', 'rule:normal 0.79@2247', 'rule:hard 0.66@2852', 'rule:impossible 0.58@2879', 'frozen:snap_00300.bin 0.97@1025', 'frozen:snap_00600.bin 0.99@485', 'frozen:snap_00900.bin 0.87@715', 'frozen:snap_01200.bin 0.86@489', 'frozen:snap_01500.bin 0.84@291', 'frozen:snap_01800.bin 0.99@65', 'frozen:snap_02100.bin 0.92@37', 'frozen:snap_02400.bin -']
ppo: upd 2405 rew/step=0.0008 pi=-0.009 v=0.018 ent=3.074 t=3134s
ppo: upd 2410 rew/step=0.0024 pi=-0.008 v=0.018 ent=2.921 t=3141s
ppo: upd 2415 rew/step=-0.0014 pi=-0.008 v=0.021 ent=2.927 t=3147s
ppo: upd 2420 rew/step=0.0012 pi=-0.007 v=0.020 ent=2.861 t=3153s
ppo: upd 2425 rew/step=0.0003 pi=-0.006 v=0.016 ent=3.061 t=3159s
ppo: upd 2430 rew/step=0.0014 pi=-0.007 v=0.021 ent=3.207 t=3166s
ppo: upd 2435 rew/step=0.0014 pi=-0.007 v=0.022 ent=2.968 t=3172s
ppo: upd 2440 rew/step=0.0005 pi=-0.008 v=0.016 ent=2.904 t=3178s
ppo: upd 2445 rew/step=0.0035 pi=-0.006 v=0.018 ent=3.046 t=3184s
ppo: upd 2450 rew/step=0.0024 pi=-0.008 v=0.012 ent=3.108 t=3192s
ppo: upd 2455 rew/step=0.0008 pi=-0.006 v=0.012 ent=2.877 t=3198s
ppo: upd 2460 rew/step=0.0029 pi=-0.007 v=0.017 ent=2.865 t=3204s
ppo: upd 2465 rew/step=0.0023 pi=-0.006 v=0.024 ent=2.959 t=3210s
ppo: upd 2470 rew/step=0.0025 pi=-0.008 v=0.024 ent=2.937 t=3217s
ppo: upd 2475 rew/step=0.0029 pi=-0.006 v=0.025 ent=2.918 t=3224s
ppo: upd 2480 rew/step=0.0013 pi=-0.007 v=0.014 ent=2.929 t=3229s
ppo: upd 2485 rew/step=0.0007 pi=-0.007 v=0.017 ent=2.980 t=3235s
ppo: upd 2490 rew/step=0.0013 pi=-0.008 v=0.014 ent=3.068 t=3242s
ppo: upd 2495 rew/step=0.0019 pi=-0.007 v=0.018 ent=3.162 t=3248s
ppo: upd 2500 rew/step=0.0013 pi=-0.008 v=0.022 ent=2.901 t=3254s
export: wrote /home/jack/Desktop/hax/haxball-clone/training/checkpoints/ppo.pt.eval.bin (941716 bytes), parity skipped
ppo: GATE upd 2500 score=0.215 win[norm/hard/imp]=0.47/0.22/0.06 poss_hard=0.51 pass_hard=0.00
ppo: upd 2505 rew/step=0.0013 pi=-0.007 v=0.018 ent=3.054 t=3295s
ppo: upd 2510 rew/step=0.0019 pi=-0.007 v=0.016 ent=3.183 t=3302s
ppo: upd 2515 rew/step=0.0013 pi=-0.007 v=0.023 ent=3.194 t=3309s
ppo: upd 2520 rew/step=0.0030 pi=-0.006 v=0.020 ent=2.952 t=3317s
ppo: upd 2525 rew/step=0.0029 pi=-0.007 v=0.016 ent=3.077 t=3323s
ppo: upd 2530 rew/step=0.0035 pi=-0.007 v=0.016 ent=2.939 t=3329s
ppo: upd 2535 rew/step=0.0041 pi=-0.006 v=0.016 ent=3.039 t=3335s
ppo: upd 2540 rew/step=0.0019 pi=-0.006 v=0.016 ent=3.207 t=3342s
ppo: upd 2545 rew/step=0.0014 pi=-0.007 v=0.023 ent=2.838 t=3349s
ppo: upd 2550 rew/step=0.0001 pi=-0.006 v=0.017 ent=2.805 t=3356s
ppo: upd 2555 rew/step=0.0024 pi=-0.006 v=0.019 ent=2.905 t=3362s
ppo: upd 2560 rew/step=-0.0008 pi=-0.008 v=0.010 ent=3.299 t=3369s
ppo: upd 2565 rew/step=0.0013 pi=-0.008 v=0.022 ent=2.792 t=3375s
ppo: upd 2570 rew/step=0.0047 pi=-0.007 v=0.019 ent=2.661 t=3381s
ppo: upd 2575 rew/step=0.0056 pi=-0.006 v=0.017 ent=2.630 t=3388s
ppo: upd 2580 rew/step=0.0040 pi=-0.006 v=0.018 ent=2.833 t=3394s
ppo: upd 2585 rew/step=0.0002 pi=-0.007 v=0.024 ent=3.049 t=3401s
ppo: upd 2590 rew/step=0.0002 pi=-0.007 v=0.025 ent=2.806 t=3408s
ppo: upd 2595 rew/step=0.0008 pi=-0.007 v=0.019 ent=2.905 t=3414s
ppo: upd 2600 rew/step=0.0023 pi=-0.007 v=0.015 ent=2.778 t=3418s
ppo: upd 2605 rew/step=0.0020 pi=-0.007 v=0.013 ent=3.059 t=3424s
ppo: upd 2610 rew/step=0.0023 pi=-0.008 v=0.025 ent=2.890 t=3431s
ppo: upd 2615 rew/step=-0.0004 pi=-0.007 v=0.022 ent=2.944 t=3437s
ppo: upd 2620 rew/step=-0.0006 pi=-0.008 v=0.015 ent=2.887 t=3444s
ppo: upd 2625 rew/step=0.0024 pi=-0.007 v=0.013 ent=3.001 t=3450s
ppo: upd 2630 rew/step=-0.0002 pi=-0.008 v=0.022 ent=3.270 t=3457s
ppo: upd 2635 rew/step=0.0030 pi=-0.008 v=0.018 ent=2.995 t=3464s
ppo: upd 2640 rew/step=0.0019 pi=-0.008 v=0.020 ent=3.118 t=3471s
ppo: upd 2645 rew/step=0.0046 pi=-0.008 v=0.016 ent=2.901 t=3479s
ppo: upd 2650 rew/step=0.0042 pi=-0.008 v=0.018 ent=3.340 t=3486s
ppo: upd 2655 rew/step=0.0020 pi=-0.007 v=0.021 ent=3.065 t=3492s
ppo: upd 2660 rew/step=0.0019 pi=-0.006 v=0.021 ent=3.008 t=3498s
ppo: upd 2665 rew/step=0.0001 pi=-0.008 v=0.016 ent=3.162 t=3505s
