tikitaka: device=cuda params=334595 flat=355 heads=[9, 3, 16, 4, 2]
tikitaka: STAGE 0 'motor' ent=0.012 B=14 apx=[1, 1, 1, 1, 1, 1, 1, 1, 1, 1, 1, 1, 1, 1] selfplay=False snaps=0
tikitaka: s0 upd 10 rew/step=-0.0006 pi=-0.003 v=0.000 ent=6.699 t=3s
tikitaka: s0 upd 20 rew/step=-0.0002 pi=-0.002 v=0.001 ent=6.710 t=5s
tikitaka: s0 upd 30 rew/step=0.0013 pi=-0.004 v=0.001 ent=6.757 t=8s
tikitaka: s0 upd 40 rew/step=0.0102 pi=-0.012 v=0.012 ent=6.578 t=10s
tikitaka: s0 upd 50 rew/step=0.0117 pi=-0.004 v=0.011 ent=6.447 t=13s
tikitaka: s0 upd 60 rew/step=0.0116 pi=-0.006 v=0.002 ent=6.441 t=15s
tikitaka: s0 upd 70 rew/step=0.0082 pi=-0.007 v=0.003 ent=6.410 t=18s
tikitaka: s0 upd 80 rew/step=0.0089 pi=-0.008 v=0.001 ent=6.300 t=20s
tikitaka: s0 upd 90 rew/step=0.0116 pi=-0.007 v=0.001 ent=5.829 t=23s
tikitaka: s0 upd 100 rew/step=0.0119 pi=-0.007 v=0.005 ent=5.825 t=25s
tikitaka: s0 upd 110 rew/step=0.0110 pi=-0.006 v=0.003 ent=5.635 t=28s
tikitaka: s0 upd 120 rew/step=0.0124 pi=-0.005 v=0.002 ent=6.034 t=30s
tikitaka: [s0:motor:u120] score=0.547 poss=0.99 pass/min=0.0 realpass=0.00 ownT/O=0.00 crowd=0.99 gkbox=0.00 push/min=0.0 shots/min=0.0 gd/ep=0.00
export: wrote training/checkpoints/latest_best.bin (1336980 bytes), parity skipped
tikitaka: NEW BEST score=0.547 -> training/checkpoints/latest_best.bin
tikitaka: s0 upd 130 rew/step=0.0087 pi=-0.003 v=0.001 ent=6.261 t=34s
tikitaka: s0 upd 140 rew/step=0.0118 pi=-0.007 v=0.006 ent=5.735 t=37s
tikitaka: s0 upd 150 rew/step=0.0119 pi=-0.006 v=0.002 ent=4.884 t=39s
tikitaka: s0 upd 160 rew/step=0.0104 pi=-0.002 v=0.004 ent=5.890 t=42s
tikitaka: s0 upd 170 rew/step=0.0118 pi=-0.014 v=0.009 ent=5.967 t=45s
tikitaka: s0 upd 180 rew/step=0.0115 pi=-0.011 v=0.001 ent=5.683 t=47s
tikitaka: s0 upd 190 rew/step=0.0078 pi=-0.005 v=0.004 ent=5.925 t=50s
tikitaka: s0 upd 200 rew/step=0.0088 pi=-0.003 v=0.001 ent=6.527 t=53s
export: wrote training/snapshots/snap_s0_00200.bin (1336980 bytes), parity skipped
tikitaka: + snapshot training/snapshots/snap_s0_00200.bin (total 1)
tikitaka: s0 upd 210 rew/step=0.0114 pi=-0.003 v=0.003 ent=6.604 t=56s
tikitaka: s0 upd 220 rew/step=0.0116 pi=-0.008 v=0.002 ent=6.362 t=59s
tikitaka: s0 upd 230 rew/step=0.0098 pi=-0.010 v=0.004 ent=5.885 t=61s
tikitaka: s0 upd 240 rew/step=0.0115 pi=-0.004 v=0.003 ent=6.317 t=64s
tikitaka: [s0:motor:u240] score=0.487 poss=0.78 pass/min=0.0 realpass=0.00 ownT/O=0.00 crowd=0.56 gkbox=0.00 push/min=0.0 shots/min=0.0 gd/ep=0.00
tikitaka: s0 upd 250 rew/step=0.0081 pi=-0.006 v=0.003 ent=6.684 t=67s
tikitaka: s0 upd 260 rew/step=0.0118 pi=-0.005 v=0.003 ent=6.641 t=70s
tikitaka: s0 upd 270 rew/step=0.0123 pi=-0.005 v=0.002 ent=6.517 t=72s
tikitaka: s0 upd 280 rew/step=0.0118 pi=-0.007 v=0.003 ent=6.513 t=75s
tikitaka: s0 upd 290 rew/step=0.0112 pi=-0.008 v=0.006 ent=6.187 t=78s
tikitaka: s0 upd 300 rew/step=0.0110 pi=-0.007 v=0.007 ent=6.693 t=80s
tikitaka: s0 upd 310 rew/step=0.0084 pi=-0.002 v=0.002 ent=6.630 t=83s
tikitaka: s0 upd 320 rew/step=0.0086 pi=-0.003 v=0.001 ent=6.578 t=86s
tikitaka: s0 upd 330 rew/step=0.0118 pi=-0.005 v=0.001 ent=6.535 t=88s
tikitaka: s0 upd 340 rew/step=0.0124 pi=-0.002 v=0.003 ent=6.680 t=91s
tikitaka: s0 upd 350 rew/step=0.0121 pi=-0.002 v=0.003 ent=6.588 t=94s
tikitaka: s0 upd 360 rew/step=0.0124 pi=-0.007 v=0.003 ent=6.797 t=96s
tikitaka: [s0:motor:u360] score=0.492 poss=0.78 pass/min=0.0 realpass=0.00 ownT/O=0.00 crowd=0.66 gkbox=0.00 push/min=0.0 shots/min=0.0 gd/ep=0.18
tikitaka: s0 upd 370 rew/step=0.0087 pi=-0.005 v=0.001 ent=6.498 t=99s
tikitaka: s0 upd 380 rew/step=0.0117 pi=-0.003 v=0.001 ent=6.739 t=102s
tikitaka: s0 upd 390 rew/step=0.0124 pi=-0.002 v=0.002 ent=6.862 t=105s
tikitaka: s0 upd 400 rew/step=0.0122 pi=-0.002 v=0.003 ent=6.797 t=107s
export: wrote training/snapshots/snap_s0_00400.bin (1336980 bytes), parity skipped
tikitaka: + snapshot training/snapshots/snap_s0_00400.bin (total 2)
tikitaka: s0 upd 410 rew/step=0.0124 pi=-0.003 v=0.002 ent=6.708 t=111s
tikitaka: s0 upd 420 rew/step=0.0116 pi=-0.002 v=0.002 ent=6.641 t=114s
tikitaka: s0 upd 430 rew/step=0.0084 pi=-0.005 v=0.001 ent=6.546 t=116s
tikitaka: s0 upd 440 rew/step=0.0079 pi=-0.005 v=0.004 ent=6.418 t=119s
tikitaka: s0 upd 450 rew/step=0.0118 pi=-0.005 v=0.002 ent=6.196 t=122s
tikitaka: s0 upd 460 rew/step=0.0123 pi=-0.003 v=0.002 ent=6.713 t=124s
tikitaka: s0 upd 470 rew/step=0.0124 pi=-0.007 v=0.002 ent=6.673 t=127s
tikitaka: s0 upd 480 rew/step=0.0124 pi=-0.002 v=0.002 ent=6.744 t=130s
tikitaka: [s0:motor:u480] score=0.549 poss=1.00 pass/min=0.0 realpass=0.00 ownT/O=0.00 crowd=1.00 gkbox=0.00 push/min=0.0 shots/min=0.0 gd/ep=0.00
export: wrote training/checkpoints/latest_best.bin (1336980 bytes), parity skipped
tikitaka: NEW BEST score=0.549 -> training/checkpoints/latest_best.bin
tikitaka: s0 upd 490 rew/step=0.0087 pi=-0.003 v=0.002 ent=6.781 t=133s
tikitaka: s0 upd 500 rew/step=0.0118 pi=-0.004 v=0.001 ent=6.570 t=136s
tikitaka: s0 upd 510 rew/step=0.0124 pi=-0.008 v=0.006 ent=6.593 t=139s
tikitaka: s0 upd 520 rew/step=0.0116 pi=-0.003 v=0.004 ent=6.871 t=142s
tikitaka: s0 upd 530 rew/step=0.0124 pi=-0.008 v=0.001 ent=6.644 t=144s
tikitaka: s0 upd 540 rew/step=0.0121 pi=-0.006 v=0.007 ent=6.506 t=147s
tikitaka: s0 upd 550 rew/step=0.0085 pi=-0.003 v=0.001 ent=6.774 t=150s
tikitaka: s0 upd 560 rew/step=0.0081 pi=-0.008 v=0.002 ent=6.721 t=152s
tikitaka: s0 upd 570 rew/step=0.0118 pi=-0.004 v=0.001 ent=6.632 t=155s
tikitaka: s0 upd 580 rew/step=0.0124 pi=-0.003 v=0.002 ent=6.725 t=158s
tikitaka: s0 upd 590 rew/step=0.0122 pi=-0.004 v=0.002 ent=6.633 t=160s
tikitaka: s0 upd 600 rew/step=0.0124 pi=-0.002 v=0.001 ent=6.443 t=163s
export: wrote training/snapshots/snap_s0_00600.bin (1336980 bytes), parity skipped
tikitaka: + snapshot training/snapshots/snap_s0_00600.bin (total 3)
tikitaka: [s0:motor:u600] score=0.549 poss=1.00 pass/min=0.0 realpass=0.00 ownT/O=0.00 crowd=0.91 gkbox=0.00 push/min=0.0 shots/min=0.0 gd/ep=0.00
tikitaka: s0 upd 610 rew/step=0.0081 pi=-0.003 v=0.003 ent=6.320 t=167s
tikitaka: s0 upd 620 rew/step=0.0118 pi=-0.001 v=0.001 ent=6.530 t=170s
tikitaka: s0 upd 630 rew/step=0.0120 pi=-0.001 v=0.003 ent=6.846 t=172s
tikitaka: s0 upd 640 rew/step=0.0124 pi=-0.005 v=0.001 ent=6.841 t=175s
tikitaka: s0 upd 650 rew/step=0.0124 pi=-0.002 v=0.001 ent=6.617 t=178s
