tikitaka: device=cuda params=334595 flat=355 heads=[9, 3, 16, 4, 2]
tikitaka: STAGE 0 'motor' ent=0.02 B=14 apx=[1, 1, 1, 1, 1, 1, 1, 1, 1, 1, 1, 1, 1, 1] selfplay=False snaps=0
tikitaka: s0 upd 10 rew/step=-0.0007 pi=-0.003 v=0.000 ent=6.727 t=3s
tikitaka: s0 upd 20 rew/step=0.0010 pi=-0.003 v=0.004 ent=6.754 t=5s
tikitaka: s0 upd 30 rew/step=0.0010 pi=-0.002 v=0.004 ent=6.745 t=7s
tikitaka: s0 upd 40 rew/step=0.0033 pi=-0.003 v=0.014 ent=6.675 t=10s
tikitaka: s0 upd 50 rew/step=0.0016 pi=-0.006 v=0.004 ent=6.530 t=12s
tikitaka: s0 upd 60 rew/step=0.0003 pi=-0.003 v=0.000 ent=6.723 t=14s
tikitaka: s0 upd 70 rew/step=-0.0006 pi=-0.003 v=0.000 ent=6.707 t=17s
tikitaka: s0 upd 80 rew/step=0.0001 pi=-0.004 v=0.004 ent=6.701 t=19s
tikitaka: s0 upd 90 rew/step=0.0010 pi=-0.003 v=0.007 ent=6.740 t=21s
tikitaka: s0 upd 100 rew/step=-0.0000 pi=-0.006 v=0.000 ent=6.485 t=24s
tikitaka: s0 upd 110 rew/step=0.0008 pi=-0.003 v=0.001 ent=6.628 t=26s
tikitaka: s0 upd 120 rew/step=0.0019 pi=-0.005 v=0.007 ent=6.612 t=28s
tikitaka: [s0:motor:u120] score=0.393 poss=0.00 pass/min=0.0 realpass=0.00 ownT/O=0.00 crowd=0.06 gkbox=0.00 push/min=4.7 shots/min=4.4 gd/ep=0.07
export: wrote training/checkpoints/latest_best.bin (1336980 bytes), parity skipped
tikitaka: NEW BEST score=0.393 -> training/checkpoints/latest_best.bin
tikitaka: s0 upd 130 rew/step=-0.0007 pi=-0.001 v=0.000 ent=6.742 t=32s
tikitaka: s0 upd 140 rew/step=0.0002 pi=-0.003 v=0.004 ent=6.732 t=35s
tikitaka: s0 upd 150 rew/step=0.0027 pi=-0.001 v=0.016 ent=6.746 t=37s
tikitaka: s0 upd 160 rew/step=0.0019 pi=-0.003 v=0.008 ent=6.735 t=39s
tikitaka: s0 upd 170 rew/step=0.0001 pi=-0.003 v=0.000 ent=6.651 t=42s
tikitaka: s0 upd 180 rew/step=0.0020 pi=-0.002 v=0.007 ent=6.708 t=44s
tikitaka: s0 upd 190 rew/step=-0.0013 pi=-0.001 v=0.004 ent=6.712 t=47s
tikitaka: s0 upd 200 rew/step=0.0009 pi=-0.003 v=0.005 ent=6.653 t=49s
export: wrote training/snapshots/snap_s0_00200.bin (1336980 bytes), parity skipped
tikitaka: + snapshot training/snapshots/snap_s0_00200.bin (total 1)
tikitaka: s0 upd 210 rew/step=-0.0006 pi=-0.003 v=0.000 ent=6.659 t=52s
tikitaka: s0 upd 220 rew/step=0.0001 pi=-0.004 v=0.003 ent=6.495 t=55s
tikitaka: s0 upd 230 rew/step=-0.0005 pi=-0.006 v=0.003 ent=6.531 t=57s
tikitaka: s0 upd 240 rew/step=0.0004 pi=-0.004 v=0.001 ent=6.605 t=60s
tikitaka: [s0:motor:u240] score=0.394 poss=0.00 pass/min=0.0 realpass=0.00 ownT/O=0.00 crowd=0.12 gkbox=0.00 push/min=6.0 shots/min=6.0 gd/ep=0.11
export: wrote training/checkpoints/latest_best.bin (1336980 bytes), parity skipped
tikitaka: NEW BEST score=0.394 -> training/checkpoints/latest_best.bin
tikitaka: s0 upd 250 rew/step=0.0002 pi=-0.004 v=0.004 ent=6.704 t=64s
tikitaka: s0 upd 260 rew/step=0.0000 pi=-0.005 v=0.002 ent=6.683 t=66s
tikitaka: s0 upd 270 rew/step=0.0001 pi=-0.003 v=0.000 ent=6.670 t=69s
tikitaka: s0 upd 280 rew/step=0.0012 pi=-0.011 v=0.004 ent=6.400 t=71s
tikitaka: s0 upd 290 rew/step=0.0005 pi=-0.006 v=0.001 ent=6.218 t=73s
tikitaka: s0 upd 300 rew/step=0.0010 pi=-0.006 v=0.001 ent=6.616 t=76s
tikitaka: s0 upd 310 rew/step=-0.0014 pi=-0.002 v=0.010 ent=6.643 t=78s
tikitaka: s0 upd 320 rew/step=-0.0006 pi=-0.006 v=0.000 ent=6.642 t=81s
tikitaka: s0 upd 330 rew/step=0.0009 pi=-0.007 v=0.005 ent=6.555 t=83s
tikitaka: s0 upd 340 rew/step=0.0011 pi=-0.005 v=0.004 ent=6.521 t=86s
tikitaka: s0 upd 350 rew/step=0.0018 pi=-0.004 v=0.008 ent=6.453 t=88s
tikitaka: s0 upd 360 rew/step=0.0023 pi=-0.004 v=0.008 ent=6.659 t=91s
tikitaka: [s0:motor:u360] score=0.393 poss=0.00 pass/min=0.0 realpass=0.00 ownT/O=0.00 crowd=0.09 gkbox=0.00 push/min=4.3 shots/min=6.1 gd/ep=0.07
tikitaka: s0 upd 370 rew/step=-0.0007 pi=-0.003 v=0.000 ent=6.671 t=94s
tikitaka: s0 upd 380 rew/step=0.0009 pi=-0.008 v=0.004 ent=6.483 t=96s
tikitaka: s0 upd 390 rew/step=0.0002 pi=-0.006 v=0.000 ent=6.595 t=99s
tikitaka: s0 upd 400 rew/step=0.0005 pi=-0.004 v=0.001 ent=6.700 t=101s
export: wrote training/snapshots/snap_s0_00400.bin (1336980 bytes), parity skipped
tikitaka: + snapshot training/snapshots/snap_s0_00400.bin (total 2)
tikitaka: s0 upd 410 rew/step=0.0004 pi=-0.004 v=0.000 ent=6.709 t=105s
tikitaka: s0 upd 420 rew/step=0.0006 pi=-0.004 v=0.001 ent=6.728 t=107s
tikitaka: s0 upd 430 rew/step=-0.0004 pi=-0.002 v=0.001 ent=6.690 t=109s
tikitaka: s0 upd 440 rew/step=-0.0013 pi=-0.001 v=0.004 ent=6.755 t=112s
tikitaka: s0 upd 450 rew/step=-0.0006 pi=-0.004 v=0.000 ent=6.704 t=114s
tikitaka: s0 upd 460 rew/step=0.0003 pi=-0.006 v=0.000 ent=6.653 t=117s
tikitaka: s0 upd 470 rew/step=0.0021 pi=-0.003 v=0.008 ent=6.680 t=119s
tikitaka: s0 upd 480 rew/step=0.0013 pi=-0.006 v=0.004 ent=6.599 t=122s
tikitaka: [s0:motor:u480] score=0.393 poss=0.00 pass/min=0.0 realpass=0.00 ownT/O=0.00 crowd=0.05 gkbox=0.00 push/min=4.3 shots/min=6.0 gd/ep=0.07
tikitaka: s0 upd 490 rew/step=-0.0028 pi=-0.004 v=0.010 ent=6.619 t=125s
tikitaka: s0 upd 500 rew/step=0.0015 pi=-0.002 v=0.006 ent=6.668 t=127s
tikitaka: s0 upd 510 rew/step=0.0014 pi=-0.003 v=0.004 ent=6.676 t=130s
tikitaka: s0 upd 520 rew/step=0.0011 pi=-0.006 v=0.004 ent=6.666 t=132s
tikitaka: s0 upd 530 rew/step=0.0006 pi=-0.001 v=0.000 ent=6.711 t=134s
tikitaka: s0 upd 540 rew/step=0.0017 pi=-0.006 v=0.003 ent=6.668 t=137s
tikitaka: s0 upd 550 rew/step=-0.0004 pi=-0.002 v=0.000 ent=6.704 t=139s
tikitaka: s0 upd 560 rew/step=-0.0013 pi=-0.001 v=0.003 ent=6.711 t=142s
tikitaka: s0 upd 570 rew/step=0.0001 pi=-0.001 v=0.002 ent=6.708 t=144s
tikitaka: s0 upd 580 rew/step=0.0004 pi=-0.002 v=0.000 ent=6.684 t=147s
tikitaka: s0 upd 590 rew/step=0.0013 pi=-0.002 v=0.004 ent=6.620 t=149s
tikitaka: s0 upd 600 rew/step=0.0012 pi=-0.004 v=0.004 ent=6.626 t=151s
export: wrote training/snapshots/snap_s0_00600.bin (1336980 bytes), parity skipped
tikitaka: + snapshot training/snapshots/snap_s0_00600.bin (total 3)
tikitaka: [s0:motor:u600] score=0.389 poss=0.00 pass/min=0.0 realpass=0.00 ownT/O=0.00 crowd=0.10 gkbox=0.00 push/min=5.8 shots/min=6.6 gd/ep=-0.07
tikitaka: s0 upd 610 rew/step=-0.0006 pi=-0.001 v=0.000 ent=6.727 t=155s
tikitaka: s0 upd 620 rew/step=-0.0008 pi=-0.003 v=0.000 ent=6.724 t=158s
tikitaka: s0 upd 630 rew/step=0.0004 pi=-0.004 v=0.000 ent=6.660 t=160s
tikitaka: s0 upd 640 rew/step=0.0035 pi=-0.002 v=0.014 ent=6.590 t=163s
tikitaka: s0 upd 650 rew/step=0.0016 pi=-0.006 v=0.004 ent=6.657 t=165s
tikitaka: s0 upd 660 rew/step=0.0007 pi=-0.002 v=0.005 ent=6.660 t=168s
tikitaka: s0 upd 670 rew/step=-0.0005 pi=-0.002 v=0.000 ent=6.672 t=170s
tikitaka: s0 upd 680 rew/step=-0.0013 pi=-0.001 v=0.003 ent=6.684 t=172s
tikitaka: s0 upd 690 rew/step=0.0016 pi=-0.002 v=0.004 ent=6.662 t=175s
tikitaka: s0 upd 700 rew/step=0.0026 pi=-0.002 v=0.011 ent=6.696 t=177s
tikitaka: s0 upd 710 rew/step=0.0013 pi=-0.002 v=0.011 ent=6.692 t=180s
tikitaka: s0 upd 720 rew/step=0.0007 pi=-0.003 v=0.001 ent=6.667 t=182s
tikitaka: [s0:motor:u720] score=0.671 poss=1.00 pass/min=0.0 realpass=0.00 ownT/O=0.00 crowd=0.08 gkbox=0.00 push/min=5.7 shots/min=5.5 gd/ep=0.00
export: wrote training/checkpoints/latest_best.bin (1336980 bytes), parity skipped
tikitaka: NEW BEST score=0.671 -> training/checkpoints/latest_best.bin
tikitaka: s0 upd 730 rew/step=-0.0007 pi=-0.002 v=0.000 ent=6.693 t=186s
tikitaka: s0 upd 740 rew/step=-0.0005 pi=-0.001 v=0.006 ent=6.668 t=189s
tikitaka: s0 upd 750 rew/step=0.0021 pi=-0.005 v=0.008 ent=6.627 t=191s
tikitaka: s0 upd 760 rew/step=-0.0002 pi=-0.001 v=0.004 ent=6.670 t=193s
tikitaka: s0 upd 770 rew/step=0.0015 pi=-0.008 v=0.004 ent=6.568 t=196s
tikitaka: s0 upd 780 rew/step=0.0026 pi=-0.006 v=0.008 ent=6.607 t=198s
tikitaka: s0 upd 790 rew/step=-0.0004 pi=-0.001 v=0.000 ent=6.687 t=201s
tikitaka: s0 upd 800 rew/step=-0.0005 pi=-0.002 v=0.005 ent=6.649 t=203s
export: wrote training/snapshots/snap_s0_00800.bin (1336980 bytes), parity skipped
tikitaka: + snapshot training/snapshots/snap_s0_00800.bin (total 4)
tikitaka: s0 upd 810 rew/step=0.0007 pi=-0.004 v=0.005 ent=6.647 t=206s
tikitaka: s0 upd 820 rew/step=0.0028 pi=-0.005 v=0.011 ent=6.640 t=209s
tikitaka: s0 upd 830 rew/step=0.0028 pi=-0.002 v=0.011 ent=6.652 t=211s
tikitaka: s0 upd 840 rew/step=0.0000 pi=-0.004 v=0.002 ent=6.661 t=214s
tikitaka: [s0:motor:u840] score=0.392 poss=0.00 pass/min=0.0 realpass=0.00 ownT/O=0.00 crowd=0.09 gkbox=0.00 push/min=5.7 shots/min=7.5 gd/ep=0.04
tikitaka: s0 upd 850 rew/step=-0.0007 pi=-0.002 v=0.000 ent=6.710 t=217s
tikitaka: s0 upd 860 rew/step=0.0014 pi=-0.005 v=0.005 ent=6.660 t=219s
tikitaka: s0 upd 870 rew/step=0.0020 pi=-0.004 v=0.007 ent=6.658 t=222s
tikitaka: s0 upd 880 rew/step=0.0021 pi=-0.003 v=0.008 ent=6.661 t=224s
tikitaka: s0 upd 890 rew/step=0.0054 pi=-0.003 v=0.021 ent=6.684 t=227s
tikitaka: s0 upd 900 rew/step=0.0011 pi=-0.001 v=0.008 ent=6.690 t=229s
tikitaka: s0 upd 910 rew/step=-0.0010 pi=-0.001 v=0.004 ent=6.726 t=231s
tikitaka: s0 upd 920 rew/step=-0.0008 pi=-0.002 v=0.001 ent=6.708 t=234s
tikitaka: s0 upd 930 rew/step=-0.0001 pi=-0.003 v=0.001 ent=6.735 t=236s
tikitaka: s0 upd 940 rew/step=0.0004 pi=-0.002 v=0.007 ent=6.718 t=239s
tikitaka: s0 upd 950 rew/step=0.0014 pi=-0.004 v=0.004 ent=6.709 t=241s
tikitaka: s0 upd 960 rew/step=0.0032 pi=-0.002 v=0.012 ent=6.724 t=243s
tikitaka: [s0:motor:u960] score=0.398 poss=0.00 pass/min=0.0 realpass=0.00 ownT/O=0.00 crowd=0.06 gkbox=0.00 push/min=4.6 shots/min=8.3 gd/ep=0.29
tikitaka: s0 upd 970 rew/step=0.0001 pi=-0.000 v=0.003 ent=6.744 t=247s
tikitaka: s0 upd 980 rew/step=-0.0007 pi=-0.001 v=0.006 ent=6.741 t=249s
tikitaka: s0 upd 990 rew/step=0.0012 pi=-0.002 v=0.011 ent=6.713 t=251s
tikitaka: s0 upd 1000 rew/step=0.0014 pi=-0.003 v=0.004 ent=6.717 t=254s
export: wrote training/snapshots/snap_s0_01000.bin (1336980 bytes), parity skipped
tikitaka: + snapshot training/snapshots/snap_s0_01000.bin (total 5)
tikitaka: s0 upd 1010 rew/step=0.0000 pi=-0.001 v=0.002 ent=6.712 t=257s
tikitaka: s0 upd 1020 rew/step=0.0003 pi=-0.002 v=0.009 ent=6.674 t=260s
tikitaka: s0 upd 1030 rew/step=-0.0004 pi=-0.002 v=0.000 ent=6.678 t=262s
tikitaka: s0 upd 1040 rew/step=-0.0013 pi=-0.001 v=0.004 ent=6.679 t=265s
tikitaka: s0 upd 1050 rew/step=-0.0015 pi=-0.001 v=0.010 ent=6.705 t=267s
tikitaka: s0 upd 1060 rew/step=0.0029 pi=-0.004 v=0.010 ent=6.638 t=269s
tikitaka: s0 upd 1070 rew/step=0.0006 pi=-0.002 v=0.006 ent=6.595 t=272s
tikitaka: s0 upd 1080 rew/step=0.0015 pi=-0.003 v=0.005 ent=6.639 t=274s
tikitaka: [s0:motor:u1080] score=0.391 poss=0.00 pass/min=0.0 realpass=0.00 ownT/O=0.00 crowd=0.04 gkbox=0.00 push/min=4.6 shots/min=8.1 gd/ep=0.00
tikitaka: s0 upd 1090 rew/step=-0.0031 pi=-0.001 v=0.013 ent=6.718 t=277s
tikitaka: s0 upd 1100 rew/step=0.0040 pi=-0.002 v=0.014 ent=6.680 t=280s
tikitaka: s0 upd 1110 rew/step=-0.0008 pi=-0.002 v=0.008 ent=6.674 t=282s
tikitaka: s0 upd 1120 rew/step=0.0005 pi=-0.002 v=0.009 ent=6.634 t=285s
tikitaka: s0 upd 1130 rew/step=0.0023 pi=-0.006 v=0.008 ent=6.636 t=287s
tikitaka: s0 upd 1140 rew/step=0.0028 pi=-0.004 v=0.018 ent=6.662 t=289s
tikitaka: s0 upd 1150 rew/step=-0.0010 pi=-0.003 v=0.004 ent=6.735 t=292s
tikitaka: s0 upd 1160 rew/step=-0.0022 pi=-0.001 v=0.007 ent=6.664 t=294s
tikitaka: s0 upd 1170 rew/step=0.0010 pi=-0.009 v=0.003 ent=6.649 t=297s
tikitaka: s0 upd 1180 rew/step=0.0021 pi=-0.011 v=0.007 ent=6.631 t=299s
tikitaka: s0 upd 1190 rew/step=0.0005 pi=-0.005 v=0.008 ent=6.554 t=301s
tikitaka: s0 upd 1200 rew/step=0.0023 pi=-0.002 v=0.008 ent=6.686 t=304s
export: wrote training/snapshots/snap_s0_01200.bin (1336980 bytes), parity skipped
tikitaka: + snapshot training/snapshots/snap_s0_01200.bin (total 6)
tikitaka: [s0:motor:u1200] score=0.393 poss=0.00 pass/min=0.0 realpass=0.00 ownT/O=0.00 crowd=0.08 gkbox=0.00 push/min=5.2 shots/min=7.0 gd/ep=0.07
export: wrote internal/policy/weights/neural_v1.bin (1336980 bytes), internal/policy/testdata/golden_forward.bin (12 parity vectors)
tikitaka: stage 0 end -> embedded internal/policy/weights/neural_v1.bin (with parity)
tikitaka: STAGE 1 'rondo' ent=0.015 B=49 apx=[3, 4, 3, 4, 3, 4, 3, 4, 3, 4, 3, 4, 3, 4] selfplay=False snaps=6
tikitaka: s1 upd 10 rew/step=0.0044 pi=-0.002 v=0.004 ent=6.737 t=312s
tikitaka: s1 upd 20 rew/step=0.0020 pi=-0.001 v=0.015 ent=6.630 t=314s
tikitaka: s1 upd 30 rew/step=0.0040 pi=-0.003 v=0.004 ent=6.669 t=317s
tikitaka: s1 upd 40 rew/step=0.0044 pi=-0.001 v=0.011 ent=6.697 t=320s
tikitaka: s1 upd 50 rew/step=0.0032 pi=-0.003 v=0.016 ent=6.619 t=323s
tikitaka: s1 upd 60 rew/step=0.0060 pi=-0.002 v=0.012 ent=6.682 t=325s
tikitaka: s1 upd 70 rew/step=0.0004 pi=-0.002 v=0.020 ent=6.594 t=328s
tikitaka: s1 upd 80 rew/step=0.0031 pi=-0.001 v=0.007 ent=6.707 t=331s
tikitaka: s1 upd 90 rew/step=0.0030 pi=-0.002 v=0.017 ent=6.705 t=334s
tikitaka: s1 upd 100 rew/step=0.0015 pi=-0.001 v=0.012 ent=6.698 t=336s
tikitaka: s1 upd 110 rew/step=0.0037 pi=-0.001 v=0.011 ent=6.670 t=339s
tikitaka: s1 upd 120 rew/step=0.0065 pi=-0.001 v=0.011 ent=6.671 t=342s
tikitaka: [s1:rondo:u120] score=0.369 poss=0.00 pass/min=0.0 realpass=0.00 ownT/O=0.00 crowd=0.16 gkbox=0.00 push/min=6.4 shots/min=0.8 gd/ep=0.04
export: wrote training/checkpoints/latest_best.bin (1336980 bytes), parity skipped
tikitaka: NEW BEST score=0.369 -> training/checkpoints/latest_best.bin
tikitaka: s1 upd 130 rew/step=0.0061 pi=-0.002 v=0.011 ent=6.671 t=346s
tikitaka: s1 upd 140 rew/step=0.0042 pi=-0.002 v=0.014 ent=6.604 t=349s
tikitaka: s1 upd 150 rew/step=0.0058 pi=-0.001 v=0.012 ent=6.642 t=352s
tikitaka: s1 upd 160 rew/step=0.0041 pi=-0.002 v=0.013 ent=6.677 t=354s
tikitaka: s1 upd 170 rew/step=0.0015 pi=-0.001 v=0.016 ent=6.646 t=357s
tikitaka: s1 upd 180 rew/step=0.0044 pi=-0.001 v=0.009 ent=6.662 t=360s
tikitaka: s1 upd 190 rew/step=0.0043 pi=-0.001 v=0.010 ent=6.687 t=363s
tikitaka: s1 upd 200 rew/step=0.0040 pi=-0.000 v=0.013 ent=6.671 t=365s
export: wrote training/snapshots/snap_s1_00200.bin (1336980 bytes), parity skipped
tikitaka: + snapshot training/snapshots/snap_s1_00200.bin (total 7)
tikitaka: s1 upd 210 rew/step=0.0031 pi=-0.001 v=0.013 ent=6.688 t=369s
tikitaka: s1 upd 220 rew/step=0.0034 pi=-0.001 v=0.011 ent=6.718 t=372s
tikitaka: s1 upd 230 rew/step=0.0077 pi=-0.001 v=0.008 ent=6.722 t=374s
tikitaka: s1 upd 240 rew/step=0.0034 pi=-0.003 v=0.014 ent=6.689 t=377s
tikitaka: [s1:rondo:u240] score=0.362 poss=0.00 pass/min=0.0 realpass=0.00 ownT/O=0.00 crowd=0.15 gkbox=0.00 push/min=6.7 shots/min=0.4 gd/ep=0.04
tikitaka: s1 upd 250 rew/step=0.0054 pi=-0.002 v=0.010 ent=6.663 t=381s
tikitaka: s1 upd 260 rew/step=0.0001 pi=-0.001 v=0.013 ent=6.697 t=383s
tikitaka: s1 upd 270 rew/step=0.0031 pi=-0.002 v=0.014 ent=6.735 t=386s
tikitaka: s1 upd 280 rew/step=0.0037 pi=-0.001 v=0.012 ent=6.693 t=389s
tikitaka: s1 upd 290 rew/step=0.0060 pi=-0.002 v=0.009 ent=6.631 t=392s
tikitaka: s1 upd 300 rew/step=0.0020 pi=-0.001 v=0.008 ent=6.671 t=394s
tikitaka: s1 upd 310 rew/step=0.0089 pi=-0.001 v=0.012 ent=6.689 t=397s
tikitaka: s1 upd 320 rew/step=-0.0014 pi=-0.001 v=0.015 ent=6.737 t=400s
tikitaka: s1 upd 330 rew/step=0.0052 pi=-0.001 v=0.012 ent=6.721 t=403s
tikitaka: s1 upd 340 rew/step=0.0038 pi=-0.001 v=0.015 ent=6.698 t=405s
tikitaka: s1 upd 350 rew/step=0.0041 pi=-0.001 v=0.016 ent=6.678 t=408s
tikitaka: s1 upd 360 rew/step=0.0068 pi=-0.001 v=0.006 ent=6.699 t=411s
tikitaka: [s1:rondo:u360] score=0.352 poss=0.00 pass/min=0.0 realpass=0.00 ownT/O=0.00 crowd=0.18 gkbox=0.02 push/min=6.2 shots/min=0.1 gd/ep=-0.11
tikitaka: s1 upd 370 rew/step=0.0059 pi=-0.001 v=0.012 ent=6.721 t=414s
tikitaka: s1 upd 380 rew/step=0.0071 pi=-0.002 v=0.007 ent=6.667 t=417s
tikitaka: s1 upd 390 rew/step=0.0035 pi=-0.001 v=0.006 ent=6.693 t=420s
tikitaka: s1 upd 400 rew/step=0.0032 pi=-0.001 v=0.012 ent=6.724 t=422s
export: wrote training/snapshots/snap_s1_00400.bin (1336980 bytes), parity skipped
tikitaka: + snapshot training/snapshots/snap_s1_00400.bin (total 8)
tikitaka: s1 upd 410 rew/step=0.0049 pi=-0.000 v=0.018 ent=6.724 t=426s
tikitaka: s1 upd 420 rew/step=0.0046 pi=-0.001 v=0.013 ent=6.710 t=429s
tikitaka: s1 upd 430 rew/step=0.0035 pi=-0.001 v=0.013 ent=6.704 t=431s
tikitaka: s1 upd 440 rew/step=0.0014 pi=-0.001 v=0.018 ent=6.710 t=434s
tikitaka: s1 upd 450 rew/step=0.0006 pi=-0.001 v=0.015 ent=6.673 t=437s
tikitaka: s1 upd 460 rew/step=0.0033 pi=-0.002 v=0.012 ent=6.624 t=440s
tikitaka: s1 upd 470 rew/step=0.0028 pi=-0.002 v=0.011 ent=6.589 t=442s
tikitaka: s1 upd 480 rew/step=0.0025 pi=-0.001 v=0.009 ent=6.577 t=445s
tikitaka: [s1:rondo:u480] score=0.357 poss=0.01 pass/min=0.0 realpass=0.00 ownT/O=0.00 crowd=0.18 gkbox=0.08 push/min=6.6 shots/min=0.1 gd/ep=0.04
tikitaka: s1 upd 490 rew/step=0.0003 pi=-0.002 v=0.017 ent=6.651 t=449s
tikitaka: s1 upd 500 rew/step=0.0037 pi=-0.002 v=0.014 ent=6.683 t=451s
tikitaka: s1 upd 510 rew/step=0.0076 pi=-0.002 v=0.009 ent=6.709 t=454s
tikitaka: s1 upd 520 rew/step=0.0022 pi=-0.004 v=0.013 ent=6.573 t=457s
tikitaka: s1 upd 530 rew/step=0.0039 pi=-0.002 v=0.008 ent=6.682 t=459s
tikitaka: s1 upd 540 rew/step=0.0019 pi=-0.003 v=0.010 ent=6.626 t=462s
tikitaka: s1 upd 550 rew/step=0.0041 pi=-0.001 v=0.007 ent=6.720 t=465s
tikitaka: s1 upd 560 rew/step=0.0039 pi=-0.001 v=0.013 ent=6.715 t=468s
tikitaka: s1 upd 570 rew/step=0.0027 pi=-0.001 v=0.013 ent=6.698 t=470s
tikitaka: s1 upd 580 rew/step=0.0058 pi=-0.002 v=0.018 ent=6.660 t=473s
tikitaka: s1 upd 590 rew/step=0.0040 pi=-0.001 v=0.006 ent=6.633 t=476s
tikitaka: s1 upd 600 rew/step=0.0031 pi=-0.003 v=0.014 ent=6.366 t=478s
export: wrote training/snapshots/snap_s1_00600.bin (1336980 bytes), parity skipped
tikitaka: + snapshot training/snapshots/snap_s1_00600.bin (total 9)
tikitaka: [s1:rondo:u600] score=0.346 poss=0.00 pass/min=0.0 realpass=0.00 ownT/O=0.00 crowd=0.20 gkbox=0.14 push/min=6.8 shots/min=0.0 gd/ep=-0.14
tikitaka: s1 upd 610 rew/step=0.0028 pi=-0.004 v=0.016 ent=6.545 t=483s
tikitaka: s1 upd 620 rew/step=0.0027 pi=-0.001 v=0.010 ent=6.680 t=486s
tikitaka: s1 upd 630 rew/step=0.0026 pi=-0.001 v=0.015 ent=6.709 t=488s
tikitaka: s1 upd 640 rew/step=0.0046 pi=-0.001 v=0.008 ent=6.723 t=491s
tikitaka: s1 upd 650 rew/step=0.0054 pi=-0.001 v=0.008 ent=6.711 t=494s
tikitaka: s1 upd 660 rew/step=-0.0014 pi=-0.001 v=0.016 ent=6.712 t=496s
tikitaka: s1 upd 670 rew/step=0.0030 pi=-0.001 v=0.008 ent=6.692 t=499s
tikitaka: s1 upd 680 rew/step=0.0049 pi=-0.001 v=0.015 ent=6.713 t=502s
tikitaka: s1 upd 690 rew/step=0.0047 pi=-0.001 v=0.015 ent=6.711 t=504s
tikitaka: s1 upd 700 rew/step=0.0002 pi=-0.001 v=0.015 ent=6.714 t=507s
tikitaka: s1 upd 710 rew/step=0.0046 pi=-0.001 v=0.014 ent=6.707 t=510s
tikitaka: s1 upd 720 rew/step=0.0049 pi=-0.002 v=0.012 ent=6.683 t=513s
tikitaka: [s1:rondo:u720] score=0.356 poss=0.00 pass/min=0.0 realpass=0.00 ownT/O=0.00 crowd=0.17 gkbox=0.04 push/min=5.9 shots/min=0.4 gd/ep=-0.14
tikitaka: s1 upd 730 rew/step=0.0042 pi=-0.001 v=0.011 ent=6.704 t=516s
tikitaka: s1 upd 740 rew/step=0.0047 pi=-0.001 v=0.011 ent=6.695 t=519s
tikitaka: s1 upd 750 rew/step=0.0041 pi=-0.001 v=0.008 ent=6.688 t=522s
tikitaka: s1 upd 760 rew/step=0.0027 pi=-0.002 v=0.004 ent=6.688 t=524s
tikitaka: s1 upd 770 rew/step=0.0067 pi=-0.001 v=0.009 ent=6.684 t=527s
tikitaka: s1 upd 780 rew/step=0.0073 pi=-0.001 v=0.007 ent=6.702 t=530s
tikitaka: s1 upd 790 rew/step=0.0036 pi=-0.001 v=0.011 ent=6.687 t=533s
tikitaka: s1 upd 800 rew/step=0.0061 pi=-0.002 v=0.009 ent=6.662 t=535s
export: wrote training/snapshots/snap_s1_00800.bin (1336980 bytes), parity skipped
tikitaka: + snapshot training/snapshots/snap_s1_00800.bin (total 10)
tikitaka: s1 upd 810 rew/step=0.0037 pi=-0.002 v=0.015 ent=6.692 t=539s
tikitaka: s1 upd 820 rew/step=0.0045 pi=-0.003 v=0.005 ent=6.658 t=542s
tikitaka: s1 upd 830 rew/step=0.0022 pi=-0.002 v=0.015 ent=6.603 t=544s
tikitaka: s1 upd 840 rew/step=0.0032 pi=-0.001 v=0.014 ent=6.660 t=547s
tikitaka: [s1:rondo:u840] score=0.365 poss=0.00 pass/min=0.0 realpass=0.00 ownT/O=0.00 crowd=0.16 gkbox=0.02 push/min=7.1 shots/min=0.5 gd/ep=0.07
tikitaka: s1 upd 850 rew/step=0.0044 pi=-0.001 v=0.007 ent=6.667 t=551s
tikitaka: s1 upd 860 rew/step=0.0005 pi=-0.002 v=0.017 ent=6.667 t=553s
tikitaka: s1 upd 870 rew/step=0.0020 pi=-0.001 v=0.013 ent=6.689 t=556s
tikitaka: s1 upd 880 rew/step=0.0022 pi=-0.002 v=0.012 ent=6.700 t=559s
tikitaka: s1 upd 890 rew/step=0.0073 pi=-0.001 v=0.011 ent=6.676 t=562s
tikitaka: s1 upd 900 rew/step=0.0049 pi=-0.001 v=0.007 ent=6.699 t=564s
tikitaka: s1 upd 910 rew/step=0.0048 pi=-0.001 v=0.009 ent=6.708 t=567s
tikitaka: s1 upd 920 rew/step=0.0012 pi=-0.001 v=0.010 ent=6.707 t=570s
tikitaka: s1 upd 930 rew/step=0.0041 pi=-0.001 v=0.013 ent=6.695 t=573s
tikitaka: s1 upd 940 rew/step=0.0073 pi=-0.001 v=0.015 ent=6.708 t=575s
tikitaka: s1 upd 950 rew/step=0.0045 pi=-0.001 v=0.010 ent=6.702 t=578s
tikitaka: s1 upd 960 rew/step=0.0028 pi=-0.001 v=0.015 ent=6.683 t=581s
tikitaka: [s1:rondo:u960] score=0.352 poss=0.00 pass/min=0.0 realpass=0.00 ownT/O=0.00 crowd=0.18 gkbox=0.01 push/min=7.0 shots/min=0.1 gd/ep=-0.18
tikitaka: s1 upd 970 rew/step=0.0045 pi=-0.001 v=0.008 ent=6.687 t=584s
tikitaka: s1 upd 980 rew/step=0.0048 pi=-0.001 v=0.012 ent=6.697 t=587s
tikitaka: s1 upd 990 rew/step=0.0019 pi=-0.001 v=0.013 ent=6.695 t=590s
tikitaka: s1 upd 1000 rew/step=0.0036 pi=-0.002 v=0.014 ent=6.703 t=593s
export: wrote training/snapshots/snap_s1_01000.bin (1336980 bytes), parity skipped
tikitaka: + snapshot training/snapshots/snap_s1_01000.bin (total 11)
tikitaka: s1 upd 1010 rew/step=0.0015 pi=-0.001 v=0.012 ent=6.690 t=596s
tikitaka: s1 upd 1020 rew/step=0.0054 pi=-0.001 v=0.012 ent=6.645 t=599s
tikitaka: s1 upd 1030 rew/step=0.0018 pi=-0.001 v=0.014 ent=6.696 t=602s
tikitaka: s1 upd 1040 rew/step=0.0023 pi=-0.002 v=0.014 ent=6.675 t=604s
tikitaka: s1 upd 1050 rew/step=0.0033 pi=-0.002 v=0.012 ent=6.678 t=607s
tikitaka: s1 upd 1060 rew/step=0.0035 pi=-0.003 v=0.012 ent=6.695 t=610s
tikitaka: s1 upd 1070 rew/step=0.0071 pi=-0.002 v=0.011 ent=6.682 t=613s
tikitaka: s1 upd 1080 rew/step=0.0041 pi=-0.001 v=0.016 ent=6.672 t=615s
tikitaka: [s1:rondo:u1080] score=0.359 poss=0.00 pass/min=0.0 realpass=0.00 ownT/O=0.00 crowd=0.17 gkbox=0.02 push/min=6.4 shots/min=0.4 gd/ep=-0.11
tikitaka: s1 upd 1090 rew/step=0.0038 pi=-0.001 v=0.009 ent=6.707 t=619s
tikitaka: s1 upd 1100 rew/step=0.0056 pi=-0.001 v=0.020 ent=6.715 t=622s
tikitaka: s1 upd 1110 rew/step=0.0022 pi=-0.001 v=0.005 ent=6.719 t=624s
tikitaka: s1 upd 1120 rew/step=0.0030 pi=-0.001 v=0.009 ent=6.723 t=627s
tikitaka: s1 upd 1130 rew/step=0.0070 pi=-0.001 v=0.009 ent=6.700 t=630s
tikitaka: s1 upd 1140 rew/step=0.0040 pi=-0.001 v=0.013 ent=6.723 t=633s
tikitaka: s1 upd 1150 rew/step=0.0049 pi=-0.001 v=0.011 ent=6.715 t=635s
tikitaka: s1 upd 1160 rew/step=0.0028 pi=-0.001 v=0.021 ent=6.730 t=638s
tikitaka: s1 upd 1170 rew/step=0.0068 pi=-0.001 v=0.007 ent=6.719 t=641s
tikitaka: s1 upd 1180 rew/step=0.0027 pi=-0.001 v=0.013 ent=6.722 t=643s
tikitaka: s1 upd 1190 rew/step=0.0059 pi=-0.001 v=0.012 ent=6.713 t=646s
tikitaka: s1 upd 1200 rew/step=0.0025 pi=-0.001 v=0.011 ent=6.713 t=649s
export: wrote training/snapshots/snap_s1_01200.bin (1336980 bytes), parity skipped
tikitaka: + snapshot training/snapshots/snap_s1_01200.bin (total 12)
tikitaka: [s1:rondo:u1200] score=0.366 poss=0.04 pass/min=0.0 realpass=0.00 ownT/O=0.00 crowd=0.16 gkbox=0.00 push/min=5.2 shots/min=0.3 gd/ep=-0.18
tikitaka: s1 upd 1210 rew/step=0.0070 pi=-0.001 v=0.008 ent=6.693 t=653s
tikitaka: s1 upd 1220 rew/step=0.0014 pi=-0.001 v=0.013 ent=6.696 t=656s
tikitaka: s1 upd 1230 rew/step=0.0033 pi=-0.001 v=0.012 ent=6.712 t=659s
tikitaka: s1 upd 1240 rew/step=0.0033 pi=-0.001 v=0.011 ent=6.716 t=661s
tikitaka: s1 upd 1250 rew/step=0.0059 pi=-0.001 v=0.005 ent=6.732 t=664s
tikitaka: s1 upd 1260 rew/step=0.0059 pi=-0.001 v=0.011 ent=6.729 t=667s
tikitaka: s1 upd 1270 rew/step=0.0020 pi=-0.001 v=0.008 ent=6.724 t=670s
tikitaka: s1 upd 1280 rew/step=0.0094 pi=-0.002 v=0.009 ent=6.712 t=672s
tikitaka: s1 upd 1290 rew/step=0.0031 pi=-0.001 v=0.017 ent=6.707 t=675s
tikitaka: s1 upd 1300 rew/step=0.0057 pi=-0.001 v=0.013 ent=6.696 t=678s
tikitaka: s1 upd 1310 rew/step=0.0054 pi=-0.001 v=0.009 ent=6.677 t=681s
tikitaka: s1 upd 1320 rew/step=0.0018 pi=-0.001 v=0.014 ent=6.691 t=683s
tikitaka: [s1:rondo:u1320] score=0.361 poss=0.00 pass/min=0.0 realpass=0.00 ownT/O=0.00 crowd=0.18 gkbox=0.03 push/min=7.5 shots/min=0.5 gd/ep=-0.07
tikitaka: s1 upd 1330 rew/step=0.0028 pi=-0.001 v=0.013 ent=6.717 t=687s
tikitaka: s1 upd 1340 rew/step=0.0017 pi=-0.001 v=0.008 ent=6.722 t=690s
tikitaka: s1 upd 1350 rew/step=0.0013 pi=-0.001 v=0.015 ent=6.730 t=692s
tikitaka: s1 upd 1360 rew/step=0.0006 pi=-0.001 v=0.015 ent=6.717 t=695s
tikitaka: s1 upd 1370 rew/step=0.0022 pi=-0.001 v=0.010 ent=6.710 t=698s
tikitaka: s1 upd 1380 rew/step=0.0046 pi=-0.001 v=0.013 ent=6.699 t=700s
tikitaka: s1 upd 1390 rew/step=0.0040 pi=-0.001 v=0.005 ent=6.685 t=703s
tikitaka: s1 upd 1400 rew/step=0.0020 pi=-0.001 v=0.018 ent=6.706 t=706s
export: wrote training/snapshots/snap_s1_01400.bin (1336980 bytes), parity skipped
tikitaka: + snapshot training/snapshots/snap_s1_01400.bin (total 13)
tikitaka: s1 upd 1410 rew/step=0.0026 pi=-0.001 v=0.012 ent=6.732 t=709s
tikitaka: s1 upd 1420 rew/step=0.0031 pi=-0.001 v=0.011 ent=6.732 t=712s
tikitaka: s1 upd 1430 rew/step=0.0062 pi=-0.001 v=0.005 ent=6.718 t=715s
tikitaka: s1 upd 1440 rew/step=0.0027 pi=-0.001 v=0.015 ent=6.711 t=718s
tikitaka: [s1:rondo:u1440] score=0.353 poss=0.00 pass/min=0.0 realpass=0.00 ownT/O=0.00 crowd=0.19 gkbox=0.02 push/min=6.0 shots/min=0.1 gd/ep=-0.11
tikitaka: s1 upd 1450 rew/step=0.0027 pi=-0.001 v=0.007 ent=6.709 t=721s
tikitaka: s1 upd 1460 rew/step=0.0031 pi=-0.002 v=0.008 ent=6.707 t=724s
tikitaka: s1 upd 1470 rew/step=0.0048 pi=-0.002 v=0.013 ent=6.656 t=727s
tikitaka: s1 upd 1480 rew/step=0.0055 pi=-0.001 v=0.010 ent=6.698 t=729s
tikitaka: s1 upd 1490 rew/step=0.0041 pi=-0.001 v=0.006 ent=6.716 t=732s
tikitaka: s1 upd 1500 rew/step=0.0026 pi=-0.001 v=0.012 ent=6.718 t=735s
tikitaka: s1 upd 1510 rew/step=0.0059 pi=-0.000 v=0.006 ent=6.719 t=738s
tikitaka: s1 upd 1520 rew/step=0.0047 pi=-0.001 v=0.011 ent=6.732 t=740s
tikitaka: s1 upd 1530 rew/step=0.0021 pi=-0.001 v=0.009 ent=6.732 t=743s
tikitaka: s1 upd 1540 rew/step=0.0023 pi=-0.001 v=0.007 ent=6.717 t=746s
tikitaka: s1 upd 1550 rew/step=0.0010 pi=-0.001 v=0.012 ent=6.741 t=748s
tikitaka: s1 upd 1560 rew/step=0.0033 pi=-0.001 v=0.008 ent=6.730 t=751s
tikitaka: [s1:rondo:u1560] score=0.353 poss=0.00 pass/min=0.0 realpass=0.00 ownT/O=0.00 crowd=0.20 gkbox=0.00 push/min=5.6 shots/min=0.0 gd/ep=-0.04
tikitaka: s1 upd 1570 rew/step=0.0004 pi=-0.001 v=0.020 ent=6.723 t=755s
tikitaka: s1 upd 1580 rew/step=0.0049 pi=-0.001 v=0.016 ent=6.738 t=757s
tikitaka: s1 upd 1590 rew/step=0.0027 pi=-0.001 v=0.014 ent=6.730 t=760s
tikitaka: s1 upd 1600 rew/step=0.0048 pi=-0.001 v=0.017 ent=6.727 t=763s
export: wrote training/snapshots/snap_s1_01600.bin (1336980 bytes), parity skipped
tikitaka: + snapshot training/snapshots/snap_s1_01600.bin (total 14)
tikitaka: s1 upd 1610 rew/step=0.0062 pi=-0.001 v=0.007 ent=6.710 t=766s
tikitaka: s1 upd 1620 rew/step=0.0063 pi=-0.001 v=0.015 ent=6.700 t=769s
tikitaka: s1 upd 1630 rew/step=0.0024 pi=-0.001 v=0.010 ent=6.711 t=772s
tikitaka: s1 upd 1640 rew/step=0.0064 pi=-0.001 v=0.009 ent=6.712 t=775s
tikitaka: s1 upd 1650 rew/step=0.0027 pi=-0.001 v=0.014 ent=6.708 t=777s
tikitaka: s1 upd 1660 rew/step=0.0054 pi=-0.001 v=0.016 ent=6.709 t=780s
tikitaka: s1 upd 1670 rew/step=0.0027 pi=-0.001 v=0.016 ent=6.700 t=783s
tikitaka: s1 upd 1680 rew/step=0.0017 pi=-0.001 v=0.008 ent=6.719 t=785s
tikitaka: [s1:rondo:u1680] score=0.354 poss=0.00 pass/min=0.0 realpass=0.00 ownT/O=0.00 crowd=0.15 gkbox=0.04 push/min=5.5 shots/min=0.0 gd/ep=0.04
tikitaka: s1 upd 1690 rew/step=0.0038 pi=-0.001 v=0.006 ent=6.709 t=789s
tikitaka: s1 upd 1700 rew/step=0.0053 pi=-0.001 v=0.008 ent=6.710 t=792s
tikitaka: s1 upd 1710 rew/step=0.0023 pi=-0.001 v=0.019 ent=6.717 t=794s
tikitaka: s1 upd 1720 rew/step=0.0028 pi=-0.001 v=0.018 ent=6.729 t=797s
tikitaka: s1 upd 1730 rew/step=0.0018 pi=-0.001 v=0.010 ent=6.731 t=800s
tikitaka: s1 upd 1740 rew/step=0.0028 pi=-0.001 v=0.006 ent=6.728 t=803s
tikitaka: s1 upd 1750 rew/step=-0.0009 pi=-0.001 v=0.014 ent=6.736 t=805s
tikitaka: s1 upd 1760 rew/step=0.0039 pi=-0.001 v=0.011 ent=6.720 t=808s
tikitaka: s1 upd 1770 rew/step=0.0035 pi=-0.001 v=0.010 ent=6.719 t=811s
tikitaka: s1 upd 1780 rew/step=0.0038 pi=-0.001 v=0.007 ent=6.716 t=814s
tikitaka: s1 upd 1790 rew/step=0.0030 pi=-0.001 v=0.014 ent=6.723 t=816s
tikitaka: s1 upd 1800 rew/step=0.0023 pi=-0.001 v=0.011 ent=6.723 t=819s
export: wrote training/snapshots/snap_s1_01800.bin (1336980 bytes), parity skipped
tikitaka: + snapshot training/snapshots/snap_s1_01800.bin (total 15)
tikitaka: [s1:rondo:u1800] score=0.358 poss=0.00 pass/min=0.0 realpass=0.00 ownT/O=0.00 crowd=0.16 gkbox=0.01 push/min=6.0 shots/min=0.3 gd/ep=-0.04
tikitaka: s1 upd 1810 rew/step=0.0014 pi=-0.001 v=0.013 ent=6.722 t=824s
tikitaka: s1 upd 1820 rew/step=0.0035 pi=-0.001 v=0.009 ent=6.706 t=826s
tikitaka: s1 upd 1830 rew/step=0.0071 pi=-0.001 v=0.015 ent=6.704 t=829s
tikitaka: s1 upd 1840 rew/step=0.0020 pi=-0.001 v=0.013 ent=6.706 t=832s
tikitaka: s1 upd 1850 rew/step=0.0019 pi=-0.001 v=0.010 ent=6.716 t=834s
tikitaka: s1 upd 1860 rew/step=0.0037 pi=-0.001 v=0.008 ent=6.709 t=837s
tikitaka: s1 upd 1870 rew/step=0.0039 pi=-0.001 v=0.008 ent=6.714 t=840s
tikitaka: s1 upd 1880 rew/step=0.0042 pi=-0.001 v=0.012 ent=6.693 t=843s
tikitaka: s1 upd 1890 rew/step=0.0025 pi=-0.001 v=0.012 ent=6.661 t=845s
tikitaka: s1 upd 1900 rew/step=0.0063 pi=-0.001 v=0.007 ent=6.656 t=848s
tikitaka: s1 upd 1910 rew/step=0.0067 pi=-0.001 v=0.009 ent=6.635 t=851s
tikitaka: s1 upd 1920 rew/step=0.0020 pi=-0.001 v=0.010 ent=6.657 t=853s
tikitaka: [s1:rondo:u1920] score=0.353 poss=0.00 pass/min=0.0 realpass=0.00 ownT/O=0.00 crowd=0.18 gkbox=0.05 push/min=6.2 shots/min=0.0 gd/ep=0.04
tikitaka: s1 upd 1930 rew/step=-0.0013 pi=-0.001 v=0.014 ent=6.692 t=857s
tikitaka: s1 upd 1940 rew/step=0.0011 pi=-0.001 v=0.014 ent=6.685 t=860s
tikitaka: s1 upd 1950 rew/step=0.0035 pi=-0.001 v=0.016 ent=6.670 t=862s
tikitaka: s1 upd 1960 rew/step=0.0019 pi=-0.002 v=0.014 ent=6.654 t=865s
tikitaka: s1 upd 1970 rew/step=0.0031 pi=-0.001 v=0.018 ent=6.659 t=868s
tikitaka: s1 upd 1980 rew/step=0.0026 pi=-0.001 v=0.006 ent=6.631 t=871s
tikitaka: s1 upd 1990 rew/step=0.0064 pi=-0.001 v=0.009 ent=6.572 t=873s
tikitaka: s1 upd 2000 rew/step=0.0029 pi=-0.001 v=0.012 ent=6.601 t=876s
export: wrote training/snapshots/snap_s1_02000.bin (1336980 bytes), parity skipped
tikitaka: + snapshot training/snapshots/snap_s1_02000.bin (total 16)
tikitaka: s1 upd 2010 rew/step=0.0013 pi=-0.001 v=0.009 ent=6.709 t=880s
tikitaka: s1 upd 2020 rew/step=0.0073 pi=-0.001 v=0.015 ent=6.689 t=882s
tikitaka: s1 upd 2030 rew/step=0.0005 pi=-0.001 v=0.011 ent=6.715 t=885s
tikitaka: s1 upd 2040 rew/step=0.0070 pi=-0.001 v=0.006 ent=6.708 t=888s
tikitaka: [s1:rondo:u2040] score=0.359 poss=0.00 pass/min=0.0 realpass=0.00 ownT/O=0.00 crowd=0.18 gkbox=0.02 push/min=5.9 shots/min=0.3 gd/ep=0.04
tikitaka: s1 upd 2050 rew/step=0.0034 pi=-0.001 v=0.014 ent=6.704 t=891s
tikitaka: s1 upd 2060 rew/step=0.0051 pi=-0.001 v=0.012 ent=6.684 t=894s
tikitaka: s1 upd 2070 rew/step=0.0042 pi=-0.001 v=0.004 ent=6.700 t=897s
tikitaka: s1 upd 2080 rew/step=0.0039 pi=-0.001 v=0.010 ent=6.693 t=899s
tikitaka: s1 upd 2090 rew/step=0.0035 pi=-0.001 v=0.017 ent=6.693 t=902s
tikitaka: s1 upd 2100 rew/step=0.0021 pi=-0.001 v=0.018 ent=6.651 t=905s
tikitaka: s1 upd 2110 rew/step=0.0050 pi=-0.001 v=0.007 ent=6.643 t=908s
tikitaka: s1 upd 2120 rew/step=0.0059 pi=-0.002 v=0.011 ent=6.614 t=910s
tikitaka: s1 upd 2130 rew/step=0.0038 pi=-0.002 v=0.011 ent=6.648 t=913s
tikitaka: s1 upd 2140 rew/step=0.0027 pi=-0.002 v=0.011 ent=6.652 t=916s
tikitaka: s1 upd 2150 rew/step=0.0021 pi=-0.001 v=0.013 ent=6.638 t=919s
tikitaka: s1 upd 2160 rew/step=0.0042 pi=-0.001 v=0.015 ent=6.669 t=921s
tikitaka: [s1:rondo:u2160] score=0.363 poss=0.00 pass/min=0.0 realpass=0.00 ownT/O=0.00 crowd=0.17 gkbox=0.04 push/min=6.3 shots/min=0.4 gd/ep=0.14
tikitaka: s1 upd 2170 rew/step=0.0034 pi=-0.002 v=0.010 ent=6.649 t=925s
tikitaka: s1 upd 2180 rew/step=0.0037 pi=-0.001 v=0.009 ent=6.631 t=928s
tikitaka: s1 upd 2190 rew/step=0.0031 pi=-0.002 v=0.013 ent=6.669 t=930s
tikitaka: s1 upd 2200 rew/step=0.0039 pi=-0.001 v=0.022 ent=6.677 t=933s
export: wrote training/snapshots/snap_s1_02200.bin (1336980 bytes), parity skipped
tikitaka: + snapshot training/snapshots/snap_s1_02200.bin (total 17)
tikitaka: s1 upd 2210 rew/step=0.0043 pi=-0.002 v=0.013 ent=6.673 t=937s
tikitaka: s1 upd 2220 rew/step=0.0044 pi=-0.001 v=0.012 ent=6.661 t=939s
tikitaka: s1 upd 2230 rew/step=0.0049 pi=-0.001 v=0.005 ent=6.692 t=942s
tikitaka: s1 upd 2240 rew/step=0.0022 pi=-0.001 v=0.010 ent=6.683 t=945s
tikitaka: s1 upd 2250 rew/step=0.0015 pi=-0.001 v=0.012 ent=6.629 t=947s
tikitaka: s1 upd 2260 rew/step=0.0076 pi=-0.001 v=0.008 ent=6.661 t=950s
tikitaka: s1 upd 2270 rew/step=0.0056 pi=-0.000 v=0.005 ent=6.693 t=953s
tikitaka: s1 upd 2280 rew/step=0.0045 pi=-0.001 v=0.009 ent=6.695 t=956s
tikitaka: [s1:rondo:u2280] score=0.354 poss=0.00 pass/min=0.0 realpass=0.00 ownT/O=0.00 crowd=0.17 gkbox=0.04 push/min=5.4 shots/min=0.1 gd/ep=-0.04
tikitaka: s1 upd 2290 rew/step=0.0028 pi=-0.001 v=0.012 ent=6.717 t=959s
tikitaka: s1 upd 2300 rew/step=0.0059 pi=-0.001 v=0.013 ent=6.682 t=962s
tikitaka: s1 upd 2310 rew/step=0.0059 pi=-0.002 v=0.012 ent=6.684 t=965s
tikitaka: s1 upd 2320 rew/step=0.0040 pi=-0.003 v=0.014 ent=6.640 t=968s
tikitaka: s1 upd 2330 rew/step=-0.0011 pi=-0.002 v=0.018 ent=6.675 t=971s
tikitaka: s1 upd 2340 rew/step=0.0042 pi=-0.002 v=0.008 ent=6.661 t=973s
tikitaka: s1 upd 2350 rew/step=0.0040 pi=-0.003 v=0.018 ent=6.605 t=976s
tikitaka: s1 upd 2360 rew/step=0.0032 pi=-0.002 v=0.019 ent=6.551 t=979s
tikitaka: s1 upd 2370 rew/step=0.0056 pi=-0.001 v=0.007 ent=6.686 t=982s
tikitaka: s1 upd 2380 rew/step=0.0031 pi=-0.001 v=0.006 ent=6.702 t=985s
tikitaka: s1 upd 2390 rew/step=0.0023 pi=-0.001 v=0.017 ent=6.697 t=988s
tikitaka: s1 upd 2400 rew/step=0.0069 pi=-0.001 v=0.016 ent=6.684 t=991s
export: wrote training/snapshots/snap_s1_02400.bin (1336980 bytes), parity skipped
tikitaka: + snapshot training/snapshots/snap_s1_02400.bin (total 18)
tikitaka: [s1:rondo:u2400] score=0.349 poss=0.00 pass/min=0.0 realpass=0.00 ownT/O=0.00 crowd=0.16 gkbox=0.07 push/min=5.5 shots/min=0.0 gd/ep=-0.07
tikitaka: s1 upd 2410 rew/step=0.0060 pi=-0.001 v=0.008 ent=6.666 t=995s
tikitaka: s1 upd 2420 rew/step=0.0047 pi=-0.001 v=0.009 ent=6.670 t=998s
tikitaka: s1 upd 2430 rew/step=0.0046 pi=-0.001 v=0.007 ent=6.690 t=1001s
tikitaka: s1 upd 2440 rew/step=0.0050 pi=-0.001 v=0.009 ent=6.710 t=1004s
tikitaka: s1 upd 2450 rew/step=0.0056 pi=-0.001 v=0.009 ent=6.712 t=1007s
tikitaka: s1 upd 2460 rew/step=0.0030 pi=-0.001 v=0.006 ent=6.722 t=1010s
tikitaka: s1 upd 2470 rew/step=0.0032 pi=-0.001 v=0.007 ent=6.703 t=1013s
tikitaka: s1 upd 2480 rew/step=0.0033 pi=-0.002 v=0.013 ent=6.681 t=1016s
tikitaka: s1 upd 2490 rew/step=0.0073 pi=-0.001 v=0.007 ent=6.656 t=1019s
tikitaka: s1 upd 2500 rew/step=0.0037 pi=-0.002 v=0.010 ent=6.674 t=1022s
tikitaka: s1 upd 2510 rew/step=0.0047 pi=-0.001 v=0.008 ent=6.705 t=1025s
tikitaka: s1 upd 2520 rew/step=0.0055 pi=-0.002 v=0.008 ent=6.704 t=1027s
tikitaka: [s1:rondo:u2520] score=0.364 poss=0.00 pass/min=0.0 realpass=0.00 ownT/O=0.00 crowd=0.18 gkbox=0.01 push/min=5.5 shots/min=0.5 gd/ep=0.04
tikitaka: s1 upd 2530 rew/step=0.0002 pi=-0.002 v=0.016 ent=6.685 t=1031s
tikitaka: s1 upd 2540 rew/step=0.0029 pi=-0.002 v=0.007 ent=6.701 t=1034s
tikitaka: s1 upd 2550 rew/step=0.0035 pi=-0.001 v=0.015 ent=6.701 t=1037s
tikitaka: s1 upd 2560 rew/step=0.0032 pi=-0.001 v=0.007 ent=6.683 t=1040s
tikitaka: s1 upd 2570 rew/step=0.0058 pi=-0.002 v=0.011 ent=6.689 t=1043s
tikitaka: s1 upd 2580 rew/step=0.0065 pi=-0.002 v=0.011 ent=6.688 t=1046s
tikitaka: s1 upd 2590 rew/step=0.0012 pi=-0.001 v=0.017 ent=6.694 t=1049s
tikitaka: s1 upd 2600 rew/step=0.0055 pi=-0.002 v=0.007 ent=6.627 t=1052s
export: wrote training/snapshots/snap_s1_02600.bin (1336980 bytes), parity skipped
tikitaka: + snapshot training/snapshots/snap_s1_02600.bin (total 19)
tikitaka: s1 upd 2610 rew/step=0.0034 pi=-0.001 v=0.017 ent=6.692 t=1055s
tikitaka: s1 upd 2620 rew/step=0.0031 pi=-0.001 v=0.011 ent=6.699 t=1058s
tikitaka: s1 upd 2630 rew/step=0.0012 pi=-0.001 v=0.022 ent=6.698 t=1061s
tikitaka: s1 upd 2640 rew/step=0.0055 pi=-0.001 v=0.007 ent=6.684 t=1064s
tikitaka: [s1:rondo:u2640] score=0.357 poss=0.00 pass/min=0.0 realpass=0.00 ownT/O=0.00 crowd=0.17 gkbox=0.04 push/min=6.2 shots/min=0.3 gd/ep=-0.04
tikitaka: s1 upd 2650 rew/step=0.0062 pi=-0.001 v=0.012 ent=6.646 t=1068s
tikitaka: s1 upd 2660 rew/step=0.0037 pi=-0.001 v=0.012 ent=6.676 t=1071s
tikitaka: s1 upd 2670 rew/step=0.0054 pi=-0.001 v=0.008 ent=6.686 t=1074s
tikitaka: s1 upd 2680 rew/step=0.0054 pi=-0.001 v=0.007 ent=6.656 t=1077s
tikitaka: s1 upd 2690 rew/step=0.0025 pi=-0.001 v=0.015 ent=6.709 t=1080s
tikitaka: s1 upd 2700 rew/step=0.0019 pi=-0.001 v=0.013 ent=6.683 t=1083s
tikitaka: s1 upd 2710 rew/step=0.0017 pi=-0.001 v=0.016 ent=6.702 t=1085s
tikitaka: s1 upd 2720 rew/step=0.0008 pi=-0.001 v=0.009 ent=6.712 t=1088s
tikitaka: s1 upd 2730 rew/step=0.0050 pi=-0.001 v=0.006 ent=6.714 t=1091s
tikitaka: s1 upd 2740 rew/step=0.0024 pi=-0.001 v=0.014 ent=6.717 t=1094s
tikitaka: s1 upd 2750 rew/step=0.0045 pi=-0.002 v=0.009 ent=6.709 t=1097s
tikitaka: s1 upd 2760 rew/step=0.0029 pi=-0.001 v=0.009 ent=6.719 t=1100s
tikitaka: [s1:rondo:u2760] score=0.353 poss=0.00 pass/min=0.0 realpass=0.00 ownT/O=0.00 crowd=0.16 gkbox=0.00 push/min=6.0 shots/min=0.1 gd/ep=-0.14
tikitaka: s1 upd 2770 rew/step=0.0001 pi=-0.001 v=0.010 ent=6.732 t=1104s
tikitaka: s1 upd 2780 rew/step=0.0018 pi=-0.001 v=0.025 ent=6.727 t=1107s
tikitaka: s1 upd 2790 rew/step=0.0026 pi=-0.001 v=0.005 ent=6.723 t=1110s
tikitaka: s1 upd 2800 rew/step=0.0011 pi=-0.001 v=0.013 ent=6.707 t=1112s
export: wrote training/snapshots/snap_s1_02800.bin (1336980 bytes), parity skipped
tikitaka: + snapshot training/snapshots/snap_s1_02800.bin (total 20)
tikitaka: s1 upd 2810 rew/step=0.0050 pi=-0.002 v=0.014 ent=6.680 t=1116s
tikitaka: s1 upd 2820 rew/step=0.0032 pi=-0.001 v=0.016 ent=6.704 t=1119s
tikitaka: s1 upd 2830 rew/step=0.0028 pi=-0.001 v=0.018 ent=6.713 t=1122s
tikitaka: s1 upd 2840 rew/step=0.0017 pi=-0.001 v=0.010 ent=6.703 t=1125s
tikitaka: s1 upd 2850 rew/step=-0.0006 pi=-0.001 v=0.015 ent=6.700 t=1127s
tikitaka: s1 upd 2860 rew/step=0.0045 pi=-0.001 v=0.006 ent=6.707 t=1130s
tikitaka: s1 upd 2870 rew/step=0.0017 pi=-0.001 v=0.020 ent=6.708 t=1133s
tikitaka: s1 upd 2880 rew/step=0.0056 pi=-0.001 v=0.018 ent=6.698 t=1136s
tikitaka: [s1:rondo:u2880] score=0.357 poss=0.00 pass/min=0.0 realpass=0.00 ownT/O=0.00 crowd=0.14 gkbox=0.00 push/min=5.1 shots/min=0.1 gd/ep=0.04
tikitaka: s1 upd 2890 rew/step=0.0060 pi=-0.002 v=0.012 ent=6.707 t=1139s
tikitaka: s1 upd 2900 rew/step=0.0006 pi=-0.002 v=0.017 ent=6.692 t=1142s
tikitaka: s1 upd 2910 rew/step=0.0056 pi=-0.002 v=0.007 ent=6.701 t=1145s
tikitaka: s1 upd 2920 rew/step=0.0026 pi=-0.002 v=0.008 ent=6.659 t=1147s
tikitaka: s1 upd 2930 rew/step=0.0038 pi=-0.001 v=0.016 ent=6.680 t=1150s
tikitaka: s1 upd 2940 rew/step=0.0057 pi=-0.001 v=0.007 ent=6.675 t=1153s
tikitaka: s1 upd 2950 rew/step=0.0048 pi=-0.002 v=0.018 ent=6.687 t=1156s
tikitaka: s1 upd 2960 rew/step=0.0044 pi=-0.002 v=0.010 ent=6.677 t=1158s
tikitaka: s1 upd 2970 rew/step=0.0017 pi=-0.002 v=0.011 ent=6.657 t=1161s
tikitaka: s1 upd 2980 rew/step=0.0075 pi=-0.002 v=0.011 ent=6.662 t=1164s
tikitaka: s1 upd 2990 rew/step=0.0053 pi=-0.003 v=0.015 ent=6.605 t=1166s
tikitaka: s1 upd 3000 rew/step=0.0061 pi=-0.002 v=0.010 ent=6.623 t=1169s
export: wrote training/snapshots/snap_s1_03000.bin (1336980 bytes), parity skipped
tikitaka: + snapshot training/snapshots/snap_s1_03000.bin (total 21)
tikitaka: [s1:rondo:u3000] score=0.358 poss=0.00 pass/min=0.0 realpass=0.00 ownT/O=0.00 crowd=0.14 gkbox=0.04 push/min=5.5 shots/min=0.3 gd/ep=0.04
export: wrote internal/policy/weights/neural_v1.bin (1336980 bytes), internal/policy/testdata/golden_forward.bin (12 parity vectors)
tikitaka: stage 1 end -> embedded internal/policy/weights/neural_v1.bin (with parity)
tikitaka: STAGE 2 'possession' ent=0.01 B=70 apx=[4, 6, 4, 6, 4, 6, 4, 6, 4, 6, 4, 6, 4, 6] selfplay=True snaps=21
tikitaka: s2 upd 10 rew/step=0.0093 pi=-0.002 v=0.005 ent=6.533 t=1200s
tikitaka: s2 upd 20 rew/step=0.0101 pi=-0.003 v=0.005 ent=6.588 t=1225s
tikitaka: s2 upd 30 rew/step=0.0087 pi=-0.000 v=0.010 ent=6.660 t=1250s
tikitaka: s2 upd 40 rew/step=0.0108 pi=-0.001 v=0.004 ent=6.652 t=1276s
tikitaka: s2 upd 50 rew/step=0.0098 pi=-0.001 v=0.007 ent=6.614 t=1301s
tikitaka: s2 upd 60 rew/step=0.0088 pi=-0.001 v=0.005 ent=6.663 t=1326s
tikitaka: s2 upd 70 rew/step=0.0088 pi=-0.001 v=0.006 ent=6.644 t=1352s
tikitaka: s2 upd 80 rew/step=0.0103 pi=-0.001 v=0.002 ent=6.640 t=1377s
tikitaka: s2 upd 90 rew/step=0.0110 pi=-0.001 v=0.002 ent=6.648 t=1402s
tikitaka: s2 upd 100 rew/step=0.0086 pi=-0.001 v=0.010 ent=6.703 t=1428s
tikitaka: s2 upd 110 rew/step=0.0109 pi=-0.000 v=0.002 ent=6.707 t=1453s
tikitaka: s2 upd 120 rew/step=0.0040 pi=-0.001 v=0.012 ent=6.687 t=1478s
tikitaka: [s2:possession:u120] score=0.416 poss=0.00 pass/min=0.0 realpass=0.00 ownT/O=0.00 crowd=0.02 gkbox=0.04 push/min=3.9 shots/min=3.6 gd/ep=0.00
export: wrote training/checkpoints/latest_best.bin (1336980 bytes), parity skipped
tikitaka: NEW BEST score=0.416 -> training/checkpoints/latest_best.bin
tikitaka: s2 upd 130 rew/step=0.0088 pi=-0.001 v=0.006 ent=6.694 t=1511s
tikitaka: s2 upd 140 rew/step=0.0114 pi=-0.000 v=0.002 ent=6.691 t=1536s
tikitaka: s2 upd 150 rew/step=0.0064 pi=-0.001 v=0.009 ent=6.693 t=1562s
tikitaka: s2 upd 160 rew/step=0.0083 pi=-0.001 v=0.003 ent=6.681 t=1587s
tikitaka: s2 upd 170 rew/step=0.0098 pi=-0.001 v=0.003 ent=6.680 t=1612s
tikitaka: s2 upd 180 rew/step=0.0108 pi=-0.001 v=0.003 ent=6.696 t=1637s
tikitaka: s2 upd 190 rew/step=0.0114 pi=-0.001 v=0.002 ent=6.692 t=1663s
tikitaka: s2 upd 200 rew/step=0.0100 pi=-0.000 v=0.004 ent=6.683 t=1688s
export: wrote training/snapshots/snap_s2_00200.bin (1336980 bytes), parity skipped
tikitaka: + snapshot training/snapshots/snap_s2_00200.bin (total 22)
tikitaka: s2 upd 210 rew/step=0.0085 pi=-0.001 v=0.004 ent=6.689 t=1715s
tikitaka: s2 upd 220 rew/step=0.0114 pi=-0.001 v=0.001 ent=6.675 t=1740s
tikitaka: s2 upd 230 rew/step=0.0106 pi=-0.001 v=0.002 ent=6.678 t=1765s
tikitaka: s2 upd 240 rew/step=0.0101 pi=-0.001 v=0.002 ent=6.679 t=1790s
tikitaka: [s2:possession:u240] score=0.418 poss=0.00 pass/min=0.0 realpass=0.00 ownT/O=0.00 crowd=0.02 gkbox=0.00 push/min=3.8 shots/min=3.8 gd/ep=0.00
export: wrote training/checkpoints/latest_best.bin (1336980 bytes), parity skipped
tikitaka: NEW BEST score=0.418 -> training/checkpoints/latest_best.bin
tikitaka: s2 upd 250 rew/step=0.0107 pi=-0.001 v=0.001 ent=6.660 t=1823s
tikitaka: s2 upd 260 rew/step=0.0110 pi=-0.001 v=0.001 ent=6.672 t=1848s
tikitaka: s2 upd 270 rew/step=0.0055 pi=-0.001 v=0.013 ent=6.685 t=1873s
tikitaka: s2 upd 280 rew/step=0.0102 pi=-0.001 v=0.004 ent=6.687 t=1899s
tikitaka: s2 upd 290 rew/step=0.0114 pi=-0.000 v=0.002 ent=6.690 t=1924s
tikitaka: s2 upd 300 rew/step=0.0108 pi=-0.001 v=0.002 ent=6.692 t=1949s
tikitaka: s2 upd 310 rew/step=0.0103 pi=-0.001 v=0.003 ent=6.692 t=1974s
tikitaka: s2 upd 320 rew/step=0.0096 pi=-0.001 v=0.004 ent=6.678 t=1999s
tikitaka: s2 upd 330 rew/step=0.0066 pi=-0.001 v=0.008 ent=6.682 t=2025s
tikitaka: s2 upd 340 rew/step=0.0035 pi=-0.002 v=0.019 ent=6.712 t=2050s
tikitaka: s2 upd 350 rew/step=0.0109 pi=-0.002 v=0.004 ent=6.685 t=2075s
tikitaka: s2 upd 360 rew/step=0.0114 pi=-0.001 v=0.001 ent=6.666 t=2100s
tikitaka: [s2:possession:u360] score=0.417 poss=0.00 pass/min=0.0 realpass=0.00 ownT/O=0.00 crowd=0.03 gkbox=0.04 push/min=3.8 shots/min=3.8 gd/ep=0.00
tikitaka: s2 upd 370 rew/step=0.0091 pi=-0.001 v=0.008 ent=6.672 t=2132s
tikitaka: s2 upd 380 rew/step=0.0070 pi=-0.001 v=0.008 ent=6.671 t=2157s
tikitaka: s2 upd 390 rew/step=0.0108 pi=-0.001 v=0.002 ent=6.661 t=2182s
tikitaka: s2 upd 400 rew/step=0.0114 pi=-0.000 v=0.002 ent=6.685 t=2208s
export: wrote training/snapshots/snap_s2_00400.bin (1336980 bytes), parity skipped
tikitaka: + snapshot training/snapshots/snap_s2_00400.bin (total 23)
tikitaka: s2 upd 410 rew/step=0.0098 pi=-0.000 v=0.005 ent=6.667 t=2234s
tikitaka: s2 upd 420 rew/step=0.0107 pi=-0.000 v=0.001 ent=6.658 t=2260s
tikitaka: s2 upd 430 rew/step=0.0086 pi=-0.001 v=0.005 ent=6.646 t=2285s
tikitaka: s2 upd 440 rew/step=0.0114 pi=-0.001 v=0.002 ent=6.628 t=2310s
tikitaka: s2 upd 450 rew/step=0.0114 pi=-0.001 v=0.001 ent=6.638 t=2335s
tikitaka: s2 upd 460 rew/step=0.0110 pi=-0.001 v=0.002 ent=6.640 t=2360s
tikitaka: s2 upd 470 rew/step=0.0114 pi=-0.001 v=0.001 ent=6.650 t=2385s
tikitaka: s2 upd 480 rew/step=0.0107 pi=-0.000 v=0.002 ent=6.645 t=2411s
tikitaka: [s2:possession:u480] score=0.418 poss=0.00 pass/min=0.0 realpass=0.00 ownT/O=0.00 crowd=0.02 gkbox=0.00 push/min=3.8 shots/min=3.8 gd/ep=0.00
export: wrote training/checkpoints/latest_best.bin (1336980 bytes), parity skipped
tikitaka: NEW BEST score=0.418 -> training/checkpoints/latest_best.bin
tikitaka: s2 upd 490 rew/step=0.0107 pi=-0.000 v=0.002 ent=6.646 t=2443s
tikitaka: s2 upd 500 rew/step=0.0099 pi=-0.001 v=0.005 ent=6.669 t=2468s
tikitaka: s2 upd 510 rew/step=0.0104 pi=-0.001 v=0.002 ent=6.669 t=2494s
tikitaka: s2 upd 520 rew/step=0.0110 pi=-0.001 v=0.001 ent=6.686 t=2519s
tikitaka: s2 upd 530 rew/step=0.0114 pi=-0.001 v=0.001 ent=6.696 t=2545s
tikitaka: s2 upd 540 rew/step=0.0098 pi=-0.002 v=0.004 ent=6.687 t=2570s
tikitaka: s2 upd 550 rew/step=0.0114 pi=-0.001 v=0.001 ent=6.719 t=2596s
