tikitaka: device=cuda params=334595 flat=355 heads=[9, 3, 16, 4, 2]
tikitaka: STAGE 0 'motor' ent=0.012 B=14 apx=[1, 1, 1, 1, 1, 1, 1, 1, 1, 1, 1, 1, 1, 1] selfplay=False snaps=0
tikitaka: s0 upd 10 rew/step=-0.0014 pi=-0.004 v=0.000 ent=6.752 t=3s
tikitaka: s0 upd 20 rew/step=-0.0002 pi=-0.002 v=0.004 ent=6.683 t=5s
tikitaka: s0 upd 30 rew/step=0.0009 pi=-0.004 v=0.007 ent=6.564 t=8s
tikitaka: s0 upd 40 rew/step=0.0003 pi=-0.004 v=0.004 ent=6.627 t=10s
tikitaka: s0 upd 50 rew/step=-0.0003 pi=-0.003 v=0.001 ent=6.671 t=12s
tikitaka: s0 upd 60 rew/step=0.0005 pi=-0.005 v=0.004 ent=6.636 t=15s
tikitaka: s0 upd 70 rew/step=-0.0018 pi=-0.003 v=0.003 ent=6.676 t=17s
tikitaka: s0 upd 80 rew/step=-0.0012 pi=-0.005 v=0.000 ent=6.600 t=20s
tikitaka: s0 upd 90 rew/step=0.0008 pi=-0.002 v=0.009 ent=6.710 t=22s
tikitaka: s0 upd 100 rew/step=-0.0006 pi=-0.003 v=0.000 ent=6.733 t=25s
tikitaka: s0 upd 110 rew/step=0.0003 pi=-0.003 v=0.004 ent=6.776 t=27s
tikitaka: s0 upd 120 rew/step=0.0006 pi=-0.003 v=0.004 ent=6.757 t=30s
tikitaka: [s0:motor:u120] score=0.427 poss=0.12 pass/min=0.0 realpass=0.00 ownT/O=0.00 crowd=0.07 gkbox=0.00 push/min=4.8 shots/min=4.3 gd/ep=0.07
export: wrote training/checkpoints/latest_best.bin (1336980 bytes), parity skipped
tikitaka: NEW BEST score=0.427 -> training/checkpoints/latest_best.bin
tikitaka: s0 upd 130 rew/step=-0.0014 pi=-0.001 v=0.000 ent=6.735 t=33s
tikitaka: s0 upd 140 rew/step=-0.0012 pi=-0.001 v=0.000 ent=6.737 t=36s
tikitaka: s0 upd 150 rew/step=-0.0005 pi=-0.003 v=0.000 ent=6.754 t=38s
tikitaka: s0 upd 160 rew/step=-0.0010 pi=-0.002 v=0.004 ent=6.758 t=41s
tikitaka: s0 upd 170 rew/step=0.0011 pi=-0.001 v=0.008 ent=6.773 t=43s
tikitaka: s0 upd 180 rew/step=-0.0001 pi=-0.003 v=0.001 ent=6.721 t=46s
tikitaka: s0 upd 190 rew/step=-0.0010 pi=-0.002 v=0.000 ent=6.731 t=48s
tikitaka: s0 upd 200 rew/step=-0.0014 pi=-0.007 v=0.000 ent=6.684 t=51s
export: wrote training/snapshots/snap_s0_00200.bin (1336980 bytes), parity skipped
tikitaka: + snapshot training/snapshots/snap_s0_00200.bin (total 1)
tikitaka: s0 upd 210 rew/step=-0.0006 pi=-0.004 v=0.004 ent=6.330 t=54s
tikitaka: s0 upd 220 rew/step=0.0003 pi=-0.008 v=0.004 ent=6.436 t=57s
tikitaka: s0 upd 230 rew/step=-0.0004 pi=-0.005 v=0.001 ent=6.581 t=59s
tikitaka: s0 upd 240 rew/step=-0.0003 pi=-0.003 v=0.000 ent=6.400 t=62s
tikitaka: [s0:motor:u240] score=0.594 poss=1.00 pass/min=0.0 realpass=0.00 ownT/O=0.00 crowd=0.50 gkbox=0.00 push/min=3.4 shots/min=0.2 gd/ep=0.00
export: wrote training/checkpoints/latest_best.bin (1336980 bytes), parity skipped
tikitaka: NEW BEST score=0.594 -> training/checkpoints/latest_best.bin
tikitaka: s0 upd 250 rew/step=-0.0014 pi=-0.005 v=0.000 ent=6.500 t=65s
tikitaka: s0 upd 260 rew/step=0.0018 pi=-0.005 v=0.011 ent=6.360 t=68s
tikitaka: s0 upd 270 rew/step=-0.0004 pi=-0.005 v=0.001 ent=6.253 t=70s
tikitaka: s0 upd 280 rew/step=0.0009 pi=-0.004 v=0.008 ent=6.588 t=73s
tikitaka: s0 upd 290 rew/step=0.0004 pi=-0.006 v=0.004 ent=6.618 t=75s
tikitaka: s0 upd 300 rew/step=0.0009 pi=-0.002 v=0.004 ent=6.705 t=78s
tikitaka: s0 upd 310 rew/step=-0.0010 pi=-0.004 v=0.000 ent=6.443 t=80s
tikitaka: s0 upd 320 rew/step=-0.0013 pi=-0.003 v=0.000 ent=6.316 t=82s
tikitaka: s0 upd 330 rew/step=-0.0013 pi=-0.009 v=0.000 ent=5.877 t=85s
tikitaka: s0 upd 340 rew/step=0.0010 pi=-0.008 v=0.007 ent=6.360 t=87s
tikitaka: s0 upd 350 rew/step=-0.0005 pi=-0.006 v=0.000 ent=6.422 t=90s
tikitaka: s0 upd 360 rew/step=0.0004 pi=-0.005 v=0.004 ent=6.478 t=92s
tikitaka: [s0:motor:u360] score=0.577 poss=0.92 pass/min=0.0 realpass=0.00 ownT/O=0.00 crowd=0.23 gkbox=0.00 push/min=4.1 shots/min=0.0 gd/ep=0.00
tikitaka: s0 upd 370 rew/step=-0.0015 pi=-0.005 v=0.000 ent=6.508 t=95s
tikitaka: s0 upd 380 rew/step=-0.0015 pi=-0.006 v=0.001 ent=6.401 t=98s
tikitaka: s0 upd 390 rew/step=0.0001 pi=-0.002 v=0.004 ent=6.464 t=100s
tikitaka: s0 upd 400 rew/step=-0.0005 pi=-0.004 v=0.000 ent=6.523 t=103s
export: wrote training/snapshots/snap_s0_00400.bin (1336980 bytes), parity skipped
tikitaka: + snapshot training/snapshots/snap_s0_00400.bin (total 2)
tikitaka: s0 upd 410 rew/step=0.0009 pi=-0.004 v=0.004 ent=6.557 t=106s
tikitaka: s0 upd 420 rew/step=-0.0000 pi=-0.003 v=0.000 ent=6.680 t=108s
tikitaka: s0 upd 430 rew/step=-0.0011 pi=-0.001 v=0.000 ent=6.723 t=111s
tikitaka: s0 upd 440 rew/step=-0.0014 pi=-0.002 v=0.000 ent=6.703 t=113s
tikitaka: s0 upd 450 rew/step=-0.0000 pi=-0.002 v=0.005 ent=6.626 t=116s
tikitaka: s0 upd 460 rew/step=0.0010 pi=-0.003 v=0.007 ent=6.667 t=118s
tikitaka: s0 upd 470 rew/step=0.0010 pi=-0.006 v=0.008 ent=6.682 t=121s
tikitaka: s0 upd 480 rew/step=-0.0001 pi=-0.003 v=0.001 ent=6.732 t=123s
tikitaka: [s0:motor:u480] score=0.665 poss=0.98 pass/min=0.0 realpass=0.00 ownT/O=0.00 crowd=0.03 gkbox=0.00 push/min=4.3 shots/min=4.3 gd/ep=0.00
export: wrote training/checkpoints/latest_best.bin (1336980 bytes), parity skipped
tikitaka: NEW BEST score=0.665 -> training/checkpoints/latest_best.bin
tikitaka: s0 upd 490 rew/step=-0.0007 pi=-0.005 v=0.003 ent=6.683 t=127s
tikitaka: s0 upd 500 rew/step=0.0007 pi=-0.004 v=0.007 ent=6.569 t=129s
tikitaka: s0 upd 510 rew/step=0.0004 pi=-0.005 v=0.004 ent=6.531 t=132s
tikitaka: s0 upd 520 rew/step=-0.0002 pi=-0.003 v=0.001 ent=6.552 t=134s
tikitaka: s0 upd 530 rew/step=0.0007 pi=-0.003 v=0.005 ent=6.570 t=137s
tikitaka: s0 upd 540 rew/step=0.0001 pi=-0.006 v=0.001 ent=6.600 t=139s
tikitaka: s0 upd 550 rew/step=-0.0010 pi=-0.005 v=0.001 ent=6.675 t=142s
tikitaka: s0 upd 560 rew/step=-0.0014 pi=-0.003 v=0.000 ent=6.613 t=144s
tikitaka: s0 upd 570 rew/step=-0.0004 pi=-0.002 v=0.003 ent=6.599 t=147s
tikitaka: s0 upd 580 rew/step=0.0004 pi=-0.006 v=0.004 ent=6.642 t=149s
tikitaka: s0 upd 590 rew/step=0.0007 pi=-0.002 v=0.004 ent=6.687 t=152s
tikitaka: s0 upd 600 rew/step=0.0014 pi=-0.005 v=0.007 ent=6.662 t=154s
export: wrote training/snapshots/snap_s0_00600.bin (1336980 bytes), parity skipped
tikitaka: + snapshot training/snapshots/snap_s0_00600.bin (total 3)
tikitaka: [s0:motor:u600] score=0.632 poss=0.85 pass/min=0.0 realpass=0.00 ownT/O=0.00 crowd=0.09 gkbox=0.00 push/min=4.3 shots/min=4.3 gd/ep=0.10
tikitaka: s0 upd 610 rew/step=-0.0008 pi=-0.003 v=0.003 ent=6.660 t=158s
tikitaka: s0 upd 620 rew/step=0.0014 pi=-0.004 v=0.008 ent=6.652 t=160s
tikitaka: s0 upd 630 rew/step=0.0013 pi=-0.004 v=0.008 ent=6.690 t=163s
tikitaka: s0 upd 640 rew/step=0.0052 pi=-0.001 v=0.023 ent=6.669 t=165s
tikitaka: s0 upd 650 rew/step=0.0015 pi=-0.004 v=0.007 ent=6.670 t=168s
tikitaka: s0 upd 660 rew/step=-0.0000 pi=-0.001 v=0.001 ent=6.703 t=170s
tikitaka: s0 upd 670 rew/step=-0.0011 pi=-0.002 v=0.001 ent=6.705 t=173s
tikitaka: s0 upd 680 rew/step=-0.0015 pi=-0.003 v=0.000 ent=6.648 t=175s
tikitaka: s0 upd 690 rew/step=0.0007 pi=-0.003 v=0.005 ent=6.708 t=178s
tikitaka: s0 upd 700 rew/step=-0.0003 pi=-0.006 v=0.001 ent=6.651 t=180s
tikitaka: s0 upd 710 rew/step=0.0003 pi=-0.002 v=0.004 ent=6.571 t=182s
tikitaka: s0 upd 720 rew/step=0.0005 pi=-0.005 v=0.004 ent=6.646 t=185s
tikitaka: [s0:motor:u720] score=0.643 poss=0.91 pass/min=0.0 realpass=0.00 ownT/O=0.00 crowd=0.10 gkbox=0.00 push/min=4.6 shots/min=7.9 gd/ep=-0.17
tikitaka: s0 upd 730 rew/step=-0.0013 pi=-0.003 v=0.000 ent=6.598 t=188s
tikitaka: s0 upd 740 rew/step=0.0000 pi=-0.003 v=0.005 ent=6.633 t=190s
tikitaka: s0 upd 750 rew/step=0.0021 pi=-0.004 v=0.011 ent=6.649 t=193s
tikitaka: s0 upd 760 rew/step=-0.0003 pi=-0.005 v=0.001 ent=6.696 t=195s
tikitaka: s0 upd 770 rew/step=-0.0005 pi=-0.003 v=0.001 ent=6.658 t=198s
tikitaka: s0 upd 780 rew/step=0.0012 pi=-0.003 v=0.006 ent=6.640 t=200s
tikitaka: s0 upd 790 rew/step=-0.0001 pi=-0.002 v=0.004 ent=6.632 t=203s
tikitaka: s0 upd 800 rew/step=-0.0014 pi=-0.006 v=0.000 ent=6.611 t=205s
export: wrote training/snapshots/snap_s0_00800.bin (1336980 bytes), parity skipped
tikitaka: + snapshot training/snapshots/snap_s0_00800.bin (total 4)
tikitaka: s0 upd 810 rew/step=-0.0015 pi=-0.002 v=0.001 ent=6.637 t=208s
tikitaka: s0 upd 820 rew/step=0.0022 pi=-0.005 v=0.010 ent=6.578 t=211s
tikitaka: s0 upd 830 rew/step=0.0012 pi=-0.004 v=0.007 ent=6.503 t=213s
tikitaka: s0 upd 840 rew/step=0.0003 pi=-0.005 v=0.002 ent=6.589 t=216s
tikitaka: [s0:motor:u840] score=0.629 poss=0.86 pass/min=0.0 realpass=0.00 ownT/O=0.00 crowd=0.08 gkbox=0.00 push/min=5.1 shots/min=8.4 gd/ep=-0.14
tikitaka: s0 upd 850 rew/step=-0.0013 pi=-0.003 v=0.000 ent=6.623 t=219s
tikitaka: s0 upd 860 rew/step=0.0026 pi=-0.002 v=0.009 ent=6.594 t=221s
tikitaka: s0 upd 870 rew/step=-0.0002 pi=-0.003 v=0.007 ent=6.488 t=224s
tikitaka: s0 upd 880 rew/step=0.0013 pi=-0.007 v=0.007 ent=6.441 t=226s
tikitaka: s0 upd 890 rew/step=0.0026 pi=-0.004 v=0.012 ent=6.439 t=229s
tikitaka: s0 upd 900 rew/step=0.0038 pi=-0.004 v=0.013 ent=6.403 t=231s
tikitaka: s0 upd 910 rew/step=-0.0004 pi=-0.003 v=0.001 ent=6.493 t=233s
tikitaka: s0 upd 920 rew/step=-0.0019 pi=-0.002 v=0.004 ent=6.540 t=236s
tikitaka: s0 upd 930 rew/step=0.0008 pi=-0.006 v=0.006 ent=6.478 t=238s
tikitaka: s0 upd 940 rew/step=-0.0003 pi=-0.004 v=0.000 ent=6.553 t=241s
tikitaka: s0 upd 950 rew/step=-0.0001 pi=-0.005 v=0.003 ent=6.589 t=243s
tikitaka: s0 upd 960 rew/step=0.0049 pi=-0.003 v=0.019 ent=6.622 t=246s
tikitaka: [s0:motor:u960] score=0.625 poss=0.83 pass/min=0.0 realpass=0.00 ownT/O=0.00 crowd=0.02 gkbox=0.00 push/min=4.3 shots/min=8.6 gd/ep=0.02
tikitaka: s0 upd 970 rew/step=-0.0014 pi=-0.004 v=0.001 ent=6.664 t=249s
tikitaka: s0 upd 980 rew/step=-0.0015 pi=-0.005 v=0.006 ent=6.601 t=251s
tikitaka: s0 upd 990 rew/step=0.0005 pi=-0.005 v=0.004 ent=6.517 t=254s
tikitaka: s0 upd 1000 rew/step=0.0010 pi=-0.003 v=0.005 ent=6.506 t=256s
export: wrote training/snapshots/snap_s0_01000.bin (1336980 bytes), parity skipped
tikitaka: + snapshot training/snapshots/snap_s0_01000.bin (total 5)
tikitaka: s0 upd 1010 rew/step=0.0049 pi=-0.006 v=0.019 ent=6.387 t=260s
tikitaka: s0 upd 1020 rew/step=0.0006 pi=-0.005 v=0.006 ent=6.499 t=262s
tikitaka: s0 upd 1030 rew/step=-0.0008 pi=-0.002 v=0.001 ent=6.589 t=264s
tikitaka: s0 upd 1040 rew/step=-0.0016 pi=-0.003 v=0.001 ent=6.641 t=267s
tikitaka: s0 upd 1050 rew/step=-0.0011 pi=-0.003 v=0.004 ent=6.564 t=269s
tikitaka: s0 upd 1060 rew/step=-0.0009 pi=-0.003 v=0.005 ent=6.522 t=272s
tikitaka: s0 upd 1070 rew/step=0.0043 pi=-0.003 v=0.026 ent=6.563 t=274s
tikitaka: s0 upd 1080 rew/step=0.0000 pi=-0.002 v=0.014 ent=6.635 t=277s
tikitaka: [s0:motor:u1080] score=0.449 poss=0.16 pass/min=0.0 realpass=0.00 ownT/O=0.00 crowd=0.03 gkbox=0.00 push/min=4.3 shots/min=8.6 gd/ep=0.57
tikitaka: stage 'motor' GATE met at upd 1080
export: wrote internal/policy/weights/neural_v1.bin (1336980 bytes), internal/policy/testdata/golden_forward.bin (12 parity vectors)
tikitaka: stage 0 end -> embedded internal/policy/weights/neural_v1.bin (with parity)
tikitaka: STAGE 1 'rondo' ent=0.01 B=49 apx=[3, 4, 3, 4, 3, 4, 3, 4, 3, 4, 3, 4, 3, 4] selfplay=False snaps=5
tikitaka: s1 upd 10 rew/step=0.0013 pi=-0.002 v=0.013 ent=6.671 t=283s
tikitaka: s1 upd 20 rew/step=0.0044 pi=-0.003 v=0.012 ent=6.571 t=286s
tikitaka: s1 upd 30 rew/step=0.0032 pi=-0.005 v=0.012 ent=6.447 t=289s
tikitaka: s1 upd 40 rew/step=0.0033 pi=-0.002 v=0.011 ent=6.443 t=292s
tikitaka: s1 upd 50 rew/step=0.0050 pi=-0.004 v=0.011 ent=6.628 t=294s
tikitaka: s1 upd 60 rew/step=0.0064 pi=-0.002 v=0.014 ent=6.609 t=297s
tikitaka: s1 upd 70 rew/step=0.0052 pi=-0.002 v=0.014 ent=6.391 t=300s
tikitaka: s1 upd 80 rew/step=0.0058 pi=-0.003 v=0.017 ent=6.544 t=303s
tikitaka: s1 upd 90 rew/step=0.0040 pi=-0.002 v=0.009 ent=6.641 t=305s
tikitaka: s1 upd 100 rew/step=0.0052 pi=-0.002 v=0.007 ent=6.658 t=308s
tikitaka: s1 upd 110 rew/step=0.0021 pi=-0.001 v=0.008 ent=6.651 t=311s
tikitaka: s1 upd 120 rew/step=0.0021 pi=-0.002 v=0.007 ent=6.541 t=314s
tikitaka: [s1:rondo:u120] score=0.421 poss=0.24 pass/min=0.0 realpass=0.00 ownT/O=0.13 crowd=0.20 gkbox=0.00 push/min=0.3 shots/min=3.8 gd/ep=-0.07
export: wrote training/checkpoints/latest_best.bin (1336980 bytes), parity skipped
tikitaka: NEW BEST score=0.421 -> training/checkpoints/latest_best.bin
tikitaka: s1 upd 130 rew/step=0.0056 pi=-0.001 v=0.010 ent=6.531 t=318s
tikitaka: s1 upd 140 rew/step=0.0037 pi=-0.003 v=0.009 ent=6.500 t=321s
tikitaka: s1 upd 150 rew/step=0.0036 pi=-0.002 v=0.015 ent=6.492 t=324s
tikitaka: s1 upd 160 rew/step=0.0035 pi=-0.002 v=0.010 ent=6.594 t=327s
tikitaka: s1 upd 170 rew/step=0.0055 pi=-0.003 v=0.015 ent=6.559 t=330s
tikitaka: s1 upd 180 rew/step=-0.0022 pi=-0.002 v=0.016 ent=6.503 t=332s
tikitaka: s1 upd 190 rew/step=-0.0023 pi=-0.002 v=0.010 ent=6.470 t=335s
tikitaka: s1 upd 200 rew/step=0.0023 pi=-0.002 v=0.016 ent=6.645 t=338s
export: wrote training/snapshots/snap_s1_00200.bin (1336980 bytes), parity skipped
tikitaka: + snapshot training/snapshots/snap_s1_00200.bin (total 6)
tikitaka: s1 upd 210 rew/step=-0.0017 pi=-0.001 v=0.012 ent=6.665 t=342s
tikitaka: s1 upd 220 rew/step=0.0039 pi=-0.003 v=0.008 ent=6.623 t=345s
tikitaka: s1 upd 230 rew/step=0.0004 pi=-0.001 v=0.010 ent=6.639 t=348s
tikitaka: s1 upd 240 rew/step=0.0003 pi=-0.001 v=0.022 ent=6.553 t=351s
tikitaka: [s1:rondo:u240] score=0.453 poss=0.37 pass/min=0.0 realpass=0.00 ownT/O=0.12 crowd=0.17 gkbox=0.09 push/min=0.1 shots/min=3.8 gd/ep=-0.14
export: wrote training/checkpoints/latest_best.bin (1336980 bytes), parity skipped
tikitaka: NEW BEST score=0.453 -> training/checkpoints/latest_best.bin
tikitaka: s1 upd 250 rew/step=-0.0001 pi=-0.001 v=0.016 ent=6.607 t=355s
tikitaka: s1 upd 260 rew/step=0.0002 pi=-0.001 v=0.017 ent=6.682 t=358s
tikitaka: s1 upd 270 rew/step=0.0005 pi=-0.002 v=0.021 ent=6.677 t=361s
tikitaka: s1 upd 280 rew/step=0.0021 pi=-0.001 v=0.007 ent=6.672 t=364s
tikitaka: s1 upd 290 rew/step=-0.0006 pi=-0.002 v=0.012 ent=6.627 t=367s
tikitaka: s1 upd 300 rew/step=-0.0005 pi=-0.001 v=0.009 ent=6.688 t=370s
tikitaka: s1 upd 310 rew/step=-0.0021 pi=-0.001 v=0.010 ent=6.673 t=373s
tikitaka: s1 upd 320 rew/step=0.0009 pi=-0.001 v=0.014 ent=6.709 t=376s
tikitaka: s1 upd 330 rew/step=0.0023 pi=-0.002 v=0.012 ent=6.700 t=378s
tikitaka: s1 upd 340 rew/step=-0.0028 pi=-0.002 v=0.012 ent=6.667 t=381s
tikitaka: s1 upd 350 rew/step=-0.0027 pi=-0.003 v=0.011 ent=6.599 t=384s
tikitaka: s1 upd 360 rew/step=-0.0014 pi=-0.001 v=0.009 ent=6.668 t=387s
tikitaka: [s1:rondo:u360] score=0.453 poss=0.35 pass/min=0.0 realpass=0.00 ownT/O=0.10 crowd=0.20 gkbox=0.15 push/min=0.2 shots/min=3.8 gd/ep=-0.05
tikitaka: s1 upd 370 rew/step=-0.0033 pi=-0.001 v=0.013 ent=6.689 t=391s
tikitaka: s1 upd 380 rew/step=-0.0054 pi=-0.001 v=0.012 ent=6.673 t=394s
tikitaka: s1 upd 390 rew/step=-0.0018 pi=-0.000 v=0.015 ent=6.696 t=397s
tikitaka: s1 upd 400 rew/step=-0.0031 pi=-0.001 v=0.012 ent=6.695 t=400s
export: wrote training/snapshots/snap_s1_00400.bin (1336980 bytes), parity skipped
tikitaka: + snapshot training/snapshots/snap_s1_00400.bin (total 7)
tikitaka: s1 upd 410 rew/step=-0.0034 pi=-0.001 v=0.015 ent=6.698 t=403s
tikitaka: s1 upd 420 rew/step=-0.0010 pi=-0.002 v=0.008 ent=6.626 t=406s
tikitaka: s1 upd 430 rew/step=-0.0022 pi=-0.002 v=0.021 ent=6.526 t=409s
tikitaka: s1 upd 440 rew/step=-0.0013 pi=-0.001 v=0.009 ent=6.661 t=412s
tikitaka: s1 upd 450 rew/step=-0.0034 pi=-0.001 v=0.010 ent=6.636 t=414s
tikitaka: s1 upd 460 rew/step=-0.0024 pi=-0.001 v=0.013 ent=6.650 t=417s
tikitaka: s1 upd 470 rew/step=-0.0014 pi=-0.001 v=0.006 ent=6.605 t=420s
tikitaka: s1 upd 480 rew/step=0.0001 pi=-0.001 v=0.008 ent=6.507 t=423s
tikitaka: [s1:rondo:u480] score=0.401 poss=0.24 pass/min=0.0 realpass=0.00 ownT/O=0.25 crowd=0.23 gkbox=0.10 push/min=0.2 shots/min=3.8 gd/ep=-0.14
tikitaka: s1 upd 490 rew/step=-0.0029 pi=-0.001 v=0.014 ent=6.574 t=426s
tikitaka: s1 upd 500 rew/step=-0.0044 pi=-0.003 v=0.014 ent=6.557 t=429s
tikitaka: s1 upd 510 rew/step=-0.0008 pi=-0.001 v=0.010 ent=6.574 t=432s
tikitaka: s1 upd 520 rew/step=-0.0034 pi=-0.002 v=0.011 ent=6.541 t=434s
tikitaka: s1 upd 530 rew/step=-0.0035 pi=-0.001 v=0.007 ent=6.615 t=437s
tikitaka: s1 upd 540 rew/step=-0.0015 pi=-0.002 v=0.009 ent=6.531 t=440s
tikitaka: s1 upd 550 rew/step=-0.0018 pi=-0.001 v=0.010 ent=6.640 t=443s
tikitaka: s1 upd 560 rew/step=-0.0014 pi=-0.001 v=0.013 ent=6.636 t=446s
tikitaka: s1 upd 570 rew/step=-0.0015 pi=-0.001 v=0.011 ent=6.626 t=448s
tikitaka: s1 upd 580 rew/step=0.0029 pi=-0.003 v=0.010 ent=6.534 t=451s
tikitaka: s1 upd 590 rew/step=0.0033 pi=-0.002 v=0.009 ent=6.513 t=454s
tikitaka: s1 upd 600 rew/step=-0.0008 pi=-0.001 v=0.012 ent=6.630 t=456s
export: wrote training/snapshots/snap_s1_00600.bin (1336980 bytes), parity skipped
tikitaka: + snapshot training/snapshots/snap_s1_00600.bin (total 8)
tikitaka: [s1:rondo:u600] score=0.433 poss=0.25 pass/min=0.3 realpass=1.00 ownT/O=0.02 crowd=0.16 gkbox=0.00 push/min=0.1 shots/min=3.8 gd/ep=-0.48
tikitaka: s1 upd 610 rew/step=0.0014 pi=-0.001 v=0.011 ent=6.670 t=461s
tikitaka: s1 upd 620 rew/step=0.0008 pi=-0.001 v=0.007 ent=6.611 t=464s
tikitaka: s1 upd 630 rew/step=-0.0038 pi=-0.001 v=0.022 ent=6.543 t=466s
tikitaka: s1 upd 640 rew/step=0.0013 pi=-0.001 v=0.006 ent=6.529 t=469s
tikitaka: s1 upd 650 rew/step=-0.0004 pi=-0.001 v=0.009 ent=6.628 t=472s
tikitaka: s1 upd 660 rew/step=0.0014 pi=-0.001 v=0.010 ent=6.622 t=475s
tikitaka: s1 upd 670 rew/step=-0.0015 pi=-0.001 v=0.008 ent=6.649 t=478s
tikitaka: s1 upd 680 rew/step=-0.0021 pi=-0.001 v=0.016 ent=6.613 t=481s
tikitaka: s1 upd 690 rew/step=-0.0005 pi=-0.000 v=0.007 ent=6.619 t=484s
tikitaka: s1 upd 700 rew/step=-0.0004 pi=-0.001 v=0.010 ent=6.625 t=487s
tikitaka: s1 upd 710 rew/step=-0.0001 pi=-0.001 v=0.010 ent=6.654 t=490s
tikitaka: s1 upd 720 rew/step=-0.0032 pi=-0.001 v=0.011 ent=6.607 t=492s
tikitaka: [s1:rondo:u720] score=0.474 poss=0.35 pass/min=0.1 realpass=1.00 ownT/O=0.02 crowd=0.15 gkbox=0.00 push/min=1.1 shots/min=3.8 gd/ep=-0.33
export: wrote training/checkpoints/latest_best.bin (1336980 bytes), parity skipped
tikitaka: NEW BEST score=0.474 -> training/checkpoints/latest_best.bin
tikitaka: s1 upd 730 rew/step=-0.0024 pi=-0.001 v=0.009 ent=6.636 t=497s
tikitaka: s1 upd 740 rew/step=-0.0001 pi=-0.001 v=0.006 ent=6.617 t=500s
tikitaka: s1 upd 750 rew/step=-0.0033 pi=-0.001 v=0.007 ent=6.647 t=503s
tikitaka: s1 upd 760 rew/step=-0.0007 pi=-0.001 v=0.006 ent=6.566 t=506s
tikitaka: s1 upd 770 rew/step=-0.0004 pi=-0.001 v=0.010 ent=6.610 t=509s
tikitaka: s1 upd 780 rew/step=0.0019 pi=-0.001 v=0.008 ent=6.567 t=511s
tikitaka: s1 upd 790 rew/step=0.0039 pi=-0.001 v=0.012 ent=6.545 t=514s
tikitaka: s1 upd 800 rew/step=0.0022 pi=-0.001 v=0.020 ent=6.536 t=517s
export: wrote training/snapshots/snap_s1_00800.bin (1336980 bytes), parity skipped
tikitaka: + snapshot training/snapshots/snap_s1_00800.bin (total 9)
tikitaka: s1 upd 810 rew/step=0.0046 pi=-0.002 v=0.005 ent=6.605 t=521s
tikitaka: s1 upd 820 rew/step=0.0026 pi=-0.002 v=0.010 ent=6.637 t=524s
tikitaka: s1 upd 830 rew/step=-0.0028 pi=-0.001 v=0.007 ent=6.614 t=527s
tikitaka: s1 upd 840 rew/step=0.0046 pi=-0.001 v=0.019 ent=6.657 t=530s
tikitaka: [s1:rondo:u840] score=0.436 poss=0.24 pass/min=0.0 realpass=0.00 ownT/O=0.02 crowd=0.14 gkbox=0.06 push/min=0.4 shots/min=3.8 gd/ep=-0.14
tikitaka: s1 upd 850 rew/step=-0.0024 pi=-0.001 v=0.017 ent=6.658 t=533s
tikitaka: s1 upd 860 rew/step=-0.0015 pi=-0.001 v=0.015 ent=6.655 t=536s
tikitaka: s1 upd 870 rew/step=-0.0034 pi=-0.001 v=0.009 ent=6.646 t=539s
tikitaka: s1 upd 880 rew/step=0.0014 pi=-0.001 v=0.012 ent=6.666 t=541s
tikitaka: s1 upd 890 rew/step=-0.0002 pi=-0.001 v=0.007 ent=6.670 t=544s
tikitaka: s1 upd 900 rew/step=-0.0058 pi=-0.001 v=0.018 ent=6.671 t=547s
tikitaka: s1 upd 910 rew/step=-0.0028 pi=-0.001 v=0.014 ent=6.685 t=550s
tikitaka: s1 upd 920 rew/step=-0.0028 pi=-0.000 v=0.013 ent=6.660 t=553s
tikitaka: s1 upd 930 rew/step=0.0001 pi=-0.001 v=0.010 ent=6.643 t=555s
tikitaka: s1 upd 940 rew/step=-0.0012 pi=-0.001 v=0.011 ent=6.665 t=558s
tikitaka: s1 upd 950 rew/step=0.0018 pi=-0.001 v=0.009 ent=6.633 t=561s
tikitaka: s1 upd 960 rew/step=-0.0003 pi=-0.001 v=0.011 ent=6.682 t=564s
tikitaka: [s1:rondo:u960] score=0.450 poss=0.33 pass/min=0.1 realpass=1.00 ownT/O=0.18 crowd=0.17 gkbox=0.09 push/min=1.0 shots/min=3.8 gd/ep=-0.07
tikitaka: s1 upd 970 rew/step=-0.0033 pi=-0.001 v=0.014 ent=6.689 t=567s
tikitaka: s1 upd 980 rew/step=-0.0032 pi=-0.001 v=0.014 ent=6.658 t=570s
tikitaka: s1 upd 990 rew/step=-0.0022 pi=-0.002 v=0.020 ent=6.642 t=573s
tikitaka: s1 upd 1000 rew/step=0.0006 pi=-0.003 v=0.007 ent=6.544 t=575s
export: wrote training/snapshots/snap_s1_01000.bin (1336980 bytes), parity skipped
tikitaka: + snapshot training/snapshots/snap_s1_01000.bin (total 10)
tikitaka: s1 upd 1010 rew/step=-0.0000 pi=-0.002 v=0.012 ent=6.516 t=579s
tikitaka: s1 upd 1020 rew/step=-0.0005 pi=-0.002 v=0.023 ent=6.644 t=582s
tikitaka: s1 upd 1030 rew/step=-0.0019 pi=-0.001 v=0.019 ent=6.585 t=585s
tikitaka: s1 upd 1040 rew/step=-0.0011 pi=-0.002 v=0.007 ent=6.594 t=587s
tikitaka: s1 upd 1050 rew/step=-0.0011 pi=-0.001 v=0.014 ent=6.614 t=590s
tikitaka: s1 upd 1060 rew/step=-0.0023 pi=-0.001 v=0.005 ent=6.656 t=593s
tikitaka: s1 upd 1070 rew/step=0.0003 pi=-0.001 v=0.011 ent=6.677 t=596s
tikitaka: s1 upd 1080 rew/step=0.0024 pi=-0.002 v=0.015 ent=6.654 t=599s
tikitaka: [s1:rondo:u1080] score=0.460 poss=0.29 pass/min=0.0 realpass=0.00 ownT/O=0.11 crowd=0.17 gkbox=0.00 push/min=1.5 shots/min=3.9 gd/ep=0.00
tikitaka: s1 upd 1090 rew/step=-0.0030 pi=-0.002 v=0.010 ent=6.656 t=602s
tikitaka: s1 upd 1100 rew/step=-0.0042 pi=-0.001 v=0.011 ent=6.658 t=605s
tikitaka: s1 upd 1110 rew/step=-0.0017 pi=-0.002 v=0.011 ent=6.640 t=608s
tikitaka: s1 upd 1120 rew/step=-0.0073 pi=-0.003 v=0.014 ent=6.435 t=610s
tikitaka: s1 upd 1130 rew/step=0.0020 pi=-0.001 v=0.010 ent=6.609 t=613s
tikitaka: s1 upd 1140 rew/step=-0.0009 pi=-0.001 v=0.008 ent=6.617 t=616s
tikitaka: s1 upd 1150 rew/step=-0.0046 pi=-0.001 v=0.019 ent=6.644 t=619s
tikitaka: s1 upd 1160 rew/step=-0.0039 pi=-0.001 v=0.020 ent=6.650 t=622s
tikitaka: s1 upd 1170 rew/step=-0.0016 pi=-0.001 v=0.011 ent=6.633 t=625s
tikitaka: s1 upd 1180 rew/step=0.0015 pi=-0.001 v=0.016 ent=6.628 t=628s
tikitaka: s1 upd 1190 rew/step=-0.0034 pi=-0.001 v=0.017 ent=6.644 t=631s
tikitaka: s1 upd 1200 rew/step=-0.0013 pi=-0.001 v=0.009 ent=6.647 t=633s
export: wrote training/snapshots/snap_s1_01200.bin (1336980 bytes), parity skipped
tikitaka: + snapshot training/snapshots/snap_s1_01200.bin (total 11)
tikitaka: [s1:rondo:u1200] score=0.443 poss=0.31 pass/min=0.0 realpass=0.00 ownT/O=0.20 crowd=0.17 gkbox=0.10 push/min=1.3 shots/min=3.8 gd/ep=-0.07
tikitaka: s1 upd 1210 rew/step=-0.0025 pi=-0.001 v=0.017 ent=6.609 t=638s
tikitaka: s1 upd 1220 rew/step=0.0007 pi=-0.001 v=0.010 ent=6.653 t=641s
tikitaka: s1 upd 1230 rew/step=-0.0004 pi=-0.001 v=0.009 ent=6.650 t=644s
tikitaka: s1 upd 1240 rew/step=-0.0010 pi=-0.001 v=0.010 ent=6.625 t=646s
tikitaka: s1 upd 1250 rew/step=-0.0044 pi=-0.001 v=0.014 ent=6.622 t=649s
tikitaka: s1 upd 1260 rew/step=-0.0054 pi=-0.001 v=0.010 ent=6.543 t=652s
tikitaka: s1 upd 1270 rew/step=0.0006 pi=-0.002 v=0.009 ent=6.430 t=655s
tikitaka: s1 upd 1280 rew/step=-0.0041 pi=-0.001 v=0.011 ent=6.554 t=658s
tikitaka: s1 upd 1290 rew/step=-0.0017 pi=-0.001 v=0.019 ent=6.566 t=661s
tikitaka: s1 upd 1300 rew/step=-0.0038 pi=-0.002 v=0.022 ent=6.554 t=664s
tikitaka: s1 upd 1310 rew/step=-0.0048 pi=-0.001 v=0.012 ent=6.528 t=667s
tikitaka: s1 upd 1320 rew/step=-0.0011 pi=-0.002 v=0.022 ent=6.574 t=670s
tikitaka: [s1:rondo:u1320] score=0.444 poss=0.24 pass/min=0.0 realpass=0.00 ownT/O=0.02 crowd=0.17 gkbox=0.00 push/min=0.8 shots/min=3.8 gd/ep=-0.05
tikitaka: s1 upd 1330 rew/step=-0.0023 pi=-0.001 v=0.014 ent=6.551 t=673s
tikitaka: s1 upd 1340 rew/step=-0.0055 pi=-0.001 v=0.012 ent=6.609 t=676s
tikitaka: s1 upd 1350 rew/step=-0.0038 pi=-0.001 v=0.018 ent=6.622 t=679s
tikitaka: s1 upd 1360 rew/step=-0.0014 pi=-0.001 v=0.008 ent=6.586 t=682s
tikitaka: s1 upd 1370 rew/step=-0.0024 pi=-0.001 v=0.009 ent=6.533 t=685s
tikitaka: s1 upd 1380 rew/step=-0.0008 pi=-0.001 v=0.020 ent=6.578 t=688s
tikitaka: s1 upd 1390 rew/step=-0.0020 pi=-0.001 v=0.020 ent=6.647 t=690s
tikitaka: s1 upd 1400 rew/step=0.0009 pi=-0.001 v=0.014 ent=6.630 t=693s
export: wrote training/snapshots/snap_s1_01400.bin (1336980 bytes), parity skipped
tikitaka: + snapshot training/snapshots/snap_s1_01400.bin (total 12)
tikitaka: s1 upd 1410 rew/step=0.0001 pi=-0.001 v=0.013 ent=6.679 t=697s
tikitaka: s1 upd 1420 rew/step=-0.0043 pi=-0.001 v=0.018 ent=6.644 t=700s
tikitaka: s1 upd 1430 rew/step=-0.0063 pi=-0.002 v=0.014 ent=6.623 t=703s
tikitaka: s1 upd 1440 rew/step=-0.0028 pi=-0.002 v=0.017 ent=6.603 t=706s
tikitaka: [s1:rondo:u1440] score=0.464 poss=0.33 pass/min=0.0 realpass=0.00 ownT/O=0.08 crowd=0.18 gkbox=0.15 push/min=1.4 shots/min=4.4 gd/ep=-0.17
tikitaka: s1 upd 1450 rew/step=0.0032 pi=-0.002 v=0.012 ent=6.608 t=709s
tikitaka: s1 upd 1460 rew/step=-0.0012 pi=-0.001 v=0.004 ent=6.634 t=712s
tikitaka: s1 upd 1470 rew/step=0.0027 pi=-0.001 v=0.013 ent=6.623 t=715s
tikitaka: s1 upd 1480 rew/step=-0.0028 pi=-0.001 v=0.010 ent=6.662 t=718s
tikitaka: s1 upd 1490 rew/step=-0.0009 pi=-0.001 v=0.017 ent=6.649 t=720s
tikitaka: s1 upd 1500 rew/step=-0.0044 pi=-0.001 v=0.006 ent=6.684 t=723s
tikitaka: s1 upd 1510 rew/step=-0.0041 pi=-0.001 v=0.013 ent=6.683 t=726s
tikitaka: s1 upd 1520 rew/step=-0.0019 pi=-0.001 v=0.010 ent=6.680 t=729s
tikitaka: s1 upd 1530 rew/step=-0.0033 pi=-0.001 v=0.008 ent=6.682 t=732s
tikitaka: s1 upd 1540 rew/step=-0.0062 pi=-0.001 v=0.012 ent=6.655 t=734s
tikitaka: s1 upd 1550 rew/step=-0.0025 pi=-0.001 v=0.011 ent=6.678 t=737s
tikitaka: s1 upd 1560 rew/step=-0.0069 pi=-0.001 v=0.008 ent=6.625 t=740s
tikitaka: [s1:rondo:u1560] score=0.481 poss=0.27 pass/min=0.5 realpass=0.67 ownT/O=0.18 crowd=0.24 gkbox=0.00 push/min=6.6 shots/min=4.2 gd/ep=-0.12
export: wrote training/checkpoints/latest_best.bin (1336980 bytes), parity skipped
tikitaka: NEW BEST score=0.481 -> training/checkpoints/latest_best.bin
tikitaka: s1 upd 1570 rew/step=-0.0040 pi=-0.002 v=0.010 ent=6.611 t=744s
tikitaka: s1 upd 1580 rew/step=-0.0054 pi=-0.002 v=0.012 ent=6.555 t=747s
tikitaka: s1 upd 1590 rew/step=-0.0036 pi=-0.001 v=0.008 ent=6.556 t=750s
tikitaka: s1 upd 1600 rew/step=-0.0047 pi=-0.001 v=0.017 ent=6.516 t=753s
export: wrote training/snapshots/snap_s1_01600.bin (1336980 bytes), parity skipped
tikitaka: + snapshot training/snapshots/snap_s1_01600.bin (total 13)
tikitaka: s1 upd 1610 rew/step=-0.0016 pi=-0.002 v=0.008 ent=6.567 t=757s
tikitaka: s1 upd 1620 rew/step=-0.0058 pi=-0.001 v=0.008 ent=6.576 t=759s
tikitaka: s1 upd 1630 rew/step=-0.0047 pi=-0.002 v=0.013 ent=6.636 t=762s
tikitaka: s1 upd 1640 rew/step=-0.0028 pi=-0.002 v=0.008 ent=6.654 t=765s
tikitaka: s1 upd 1650 rew/step=-0.0049 pi=-0.002 v=0.014 ent=6.633 t=768s
tikitaka: s1 upd 1660 rew/step=-0.0058 pi=-0.001 v=0.018 ent=6.617 t=771s
tikitaka: s1 upd 1670 rew/step=-0.0044 pi=-0.001 v=0.006 ent=6.639 t=774s
tikitaka: s1 upd 1680 rew/step=-0.0050 pi=-0.002 v=0.016 ent=6.543 t=776s
tikitaka: [s1:rondo:u1680] score=0.437 poss=0.25 pass/min=0.0 realpass=0.00 ownT/O=0.13 crowd=0.16 gkbox=0.09 push/min=1.5 shots/min=3.8 gd/ep=-0.05
tikitaka: s1 upd 1690 rew/step=-0.0045 pi=-0.001 v=0.016 ent=6.535 t=780s
tikitaka: s1 upd 1700 rew/step=-0.0031 pi=-0.001 v=0.009 ent=6.597 t=783s
tikitaka: s1 upd 1710 rew/step=-0.0054 pi=-0.001 v=0.012 ent=6.645 t=785s
tikitaka: s1 upd 1720 rew/step=-0.0021 pi=-0.000 v=0.012 ent=6.623 t=788s
tikitaka: s1 upd 1730 rew/step=-0.0049 pi=-0.001 v=0.010 ent=6.622 t=791s
tikitaka: s1 upd 1740 rew/step=-0.0036 pi=-0.001 v=0.006 ent=6.603 t=794s
tikitaka: s1 upd 1750 rew/step=-0.0039 pi=-0.001 v=0.013 ent=6.600 t=796s
tikitaka: s1 upd 1760 rew/step=-0.0041 pi=-0.001 v=0.012 ent=6.582 t=799s
tikitaka: s1 upd 1770 rew/step=-0.0019 pi=-0.001 v=0.013 ent=6.511 t=802s
tikitaka: s1 upd 1780 rew/step=-0.0064 pi=-0.002 v=0.015 ent=6.564 t=805s
tikitaka: s1 upd 1790 rew/step=-0.0036 pi=-0.002 v=0.012 ent=6.504 t=807s
tikitaka: s1 upd 1800 rew/step=-0.0043 pi=-0.002 v=0.013 ent=6.597 t=810s
export: wrote training/snapshots/snap_s1_01800.bin (1336980 bytes), parity skipped
tikitaka: + snapshot training/snapshots/snap_s1_01800.bin (total 14)
tikitaka: [s1:rondo:u1800] score=0.437 poss=0.34 pass/min=0.1 realpass=1.00 ownT/O=0.19 crowd=0.21 gkbox=0.17 push/min=0.8 shots/min=3.8 gd/ep=-0.33
tikitaka: s1 upd 1810 rew/step=-0.0027 pi=-0.002 v=0.010 ent=6.598 t=815s
tikitaka: s1 upd 1820 rew/step=-0.0045 pi=-0.001 v=0.010 ent=6.613 t=817s
tikitaka: s1 upd 1830 rew/step=-0.0049 pi=-0.002 v=0.016 ent=6.603 t=820s
tikitaka: s1 upd 1840 rew/step=-0.0041 pi=-0.003 v=0.010 ent=6.596 t=823s
tikitaka: s1 upd 1850 rew/step=-0.0051 pi=-0.004 v=0.014 ent=6.563 t=826s
tikitaka: s1 upd 1860 rew/step=-0.0025 pi=-0.003 v=0.013 ent=6.610 t=828s
tikitaka: s1 upd 1870 rew/step=-0.0061 pi=-0.002 v=0.016 ent=6.539 t=831s
tikitaka: s1 upd 1880 rew/step=-0.0024 pi=-0.004 v=0.011 ent=6.443 t=834s
tikitaka: s1 upd 1890 rew/step=-0.0052 pi=-0.003 v=0.016 ent=6.096 t=837s
tikitaka: s1 upd 1900 rew/step=-0.0014 pi=-0.002 v=0.018 ent=6.401 t=840s
tikitaka: s1 upd 1910 rew/step=-0.0060 pi=-0.003 v=0.015 ent=6.356 t=842s
tikitaka: s1 upd 1920 rew/step=-0.0054 pi=-0.002 v=0.008 ent=6.317 t=845s
tikitaka: [s1:rondo:u1920] score=0.400 poss=0.09 pass/min=0.1 realpass=1.00 ownT/O=0.00 crowd=0.23 gkbox=0.00 push/min=0.5 shots/min=3.9 gd/ep=0.00
tikitaka: s1 upd 1930 rew/step=-0.0046 pi=-0.002 v=0.010 ent=6.282 t=849s
tikitaka: s1 upd 1940 rew/step=-0.0044 pi=-0.002 v=0.010 ent=6.308 t=851s
tikitaka: s1 upd 1950 rew/step=-0.0053 pi=-0.001 v=0.008 ent=6.444 t=854s
tikitaka: s1 upd 1960 rew/step=-0.0051 pi=-0.001 v=0.008 ent=6.507 t=857s
tikitaka: s1 upd 1970 rew/step=-0.0037 pi=-0.002 v=0.017 ent=6.421 t=860s
tikitaka: s1 upd 1980 rew/step=-0.0042 pi=-0.002 v=0.013 ent=6.385 t=863s
tikitaka: s1 upd 1990 rew/step=-0.0062 pi=-0.002 v=0.012 ent=6.390 t=865s
tikitaka: s1 upd 2000 rew/step=-0.0054 pi=-0.001 v=0.020 ent=6.395 t=868s
export: wrote training/snapshots/snap_s1_02000.bin (1336980 bytes), parity skipped
tikitaka: + snapshot training/snapshots/snap_s1_02000.bin (total 15)
tikitaka: s1 upd 2010 rew/step=-0.0055 pi=-0.002 v=0.012 ent=6.503 t=872s
tikitaka: s1 upd 2020 rew/step=-0.0033 pi=-0.002 v=0.013 ent=6.414 t=875s
tikitaka: s1 upd 2030 rew/step=-0.0065 pi=-0.002 v=0.012 ent=6.102 t=877s
tikitaka: s1 upd 2040 rew/step=-0.0045 pi=-0.002 v=0.017 ent=6.260 t=880s
tikitaka: [s1:rondo:u2040] score=0.389 poss=0.09 pass/min=0.0 realpass=0.00 ownT/O=0.00 crowd=0.26 gkbox=0.00 push/min=0.0 shots/min=3.8 gd/ep=0.00
tikitaka: s1 upd 2050 rew/step=-0.0055 pi=-0.003 v=0.010 ent=6.096 t=884s
tikitaka: s1 upd 2060 rew/step=-0.0028 pi=-0.002 v=0.010 ent=6.176 t=886s
tikitaka: s1 upd 2070 rew/step=-0.0047 pi=-0.002 v=0.010 ent=6.153 t=889s
tikitaka: s1 upd 2080 rew/step=-0.0016 pi=-0.002 v=0.015 ent=6.465 t=892s
tikitaka: s1 upd 2090 rew/step=-0.0014 pi=-0.001 v=0.012 ent=6.553 t=895s
tikitaka: s1 upd 2100 rew/step=-0.0036 pi=-0.001 v=0.011 ent=6.578 t=897s
tikitaka: s1 upd 2110 rew/step=-0.0017 pi=-0.002 v=0.009 ent=6.604 t=900s
tikitaka: s1 upd 2120 rew/step=-0.0050 pi=-0.002 v=0.008 ent=6.551 t=903s
tikitaka: s1 upd 2130 rew/step=-0.0015 pi=-0.002 v=0.014 ent=6.428 t=906s
tikitaka: s1 upd 2140 rew/step=-0.0051 pi=-0.003 v=0.009 ent=6.386 t=909s
tikitaka: s1 upd 2150 rew/step=-0.0030 pi=-0.002 v=0.016 ent=6.377 t=911s
